[2024-11-23T12:04:21.365+0000] {local_task_job_runner.py:123} INFO - ::group::Pre task execution logs
[2024-11-23T12:04:21.384+0000] {taskinstance.py:2613} INFO - Dependencies all met for dep_context=non-requeueable deps ti=<TaskInstance: interpark_to_s3.extract scheduled__2024-11-21T00:00:00+00:00 [queued]>
[2024-11-23T12:04:21.398+0000] {taskinstance.py:2613} INFO - Dependencies all met for dep_context=requeueable deps ti=<TaskInstance: interpark_to_s3.extract scheduled__2024-11-21T00:00:00+00:00 [queued]>
[2024-11-23T12:04:21.398+0000] {taskinstance.py:2866} INFO - Starting attempt 2 of 3
[2024-11-23T12:04:21.424+0000] {taskinstance.py:2889} INFO - Executing <Task(PythonVirtualenvOperator): extract> on 2024-11-21 00:00:00+00:00
[2024-11-23T12:04:21.433+0000] {warnings.py:112} WARNING - /home/***/.local/lib/python3.12/site-packages/***/task/task_runner/standard_task_runner.py:70: DeprecationWarning: This process (pid=184) is multi-threaded, use of fork() may lead to deadlocks in the child.
  pid = os.fork()

[2024-11-23T12:04:21.435+0000] {standard_task_runner.py:72} INFO - Started process 186 to run task
[2024-11-23T12:04:21.436+0000] {standard_task_runner.py:104} INFO - Running: ['***', 'tasks', 'run', 'interpark_to_s3', 'extract', 'scheduled__2024-11-21T00:00:00+00:00', '--job-id', '9', '--raw', '--subdir', 'DAGS_FOLDER/test.py', '--cfg-path', '/tmp/tmpd35btds1']
[2024-11-23T12:04:21.437+0000] {standard_task_runner.py:105} INFO - Job 9: Subtask extract
[2024-11-23T12:04:21.498+0000] {task_command.py:467} INFO - Running <TaskInstance: interpark_to_s3.extract scheduled__2024-11-21T00:00:00+00:00 [running]> on host c00384863d89
[2024-11-23T12:04:21.596+0000] {taskinstance.py:3132} INFO - Exporting env vars: AIRFLOW_CTX_DAG_OWNER='***' AIRFLOW_CTX_DAG_ID='interpark_to_s3' AIRFLOW_CTX_TASK_ID='extract' AIRFLOW_CTX_EXECUTION_DATE='2024-11-21T00:00:00+00:00' AIRFLOW_CTX_TRY_NUMBER='2' AIRFLOW_CTX_DAG_RUN_ID='scheduled__2024-11-21T00:00:00+00:00'
[2024-11-23T12:04:21.604+0000] {taskinstance.py:731} INFO - ::endgroup::
[2024-11-23T12:04:21.626+0000] {baseoperator.py:416} WARNING - PythonVirtualenvOperator.execute cannot be called outside TaskInstance!
[2024-11-23T12:04:21.628+0000] {process_utils.py:186} INFO - Executing cmd: /home/***/.local/bin/python -m virtualenv /tmp/venvj98ifo9e --python=python
[2024-11-23T12:04:21.630+0000] {process_utils.py:190} INFO - Output:
[2024-11-23T12:04:22.563+0000] {process_utils.py:194} INFO - created virtual environment CPython3.12.7.final.0-64 in 212ms
[2024-11-23T12:04:22.563+0000] {process_utils.py:194} INFO -   creator CPython3Posix(dest=/tmp/venvj98ifo9e, clear=False, no_vcs_ignore=False, global=False)
[2024-11-23T12:04:22.564+0000] {process_utils.py:194} INFO -   seeder FromAppData(download=False, pip=bundle, via=copy, app_data_dir=/home/***/.local/share/virtualenv)
[2024-11-23T12:04:22.564+0000] {process_utils.py:194} INFO -     added seed packages: pip==24.3.1
[2024-11-23T12:04:22.564+0000] {process_utils.py:194} INFO -   activators BashActivator,CShellActivator,FishActivator,NushellActivator,PowerShellActivator,PythonActivator
[2024-11-23T12:04:22.616+0000] {process_utils.py:186} INFO - Executing cmd: /tmp/venvj98ifo9e/bin/pip install -r /tmp/venvj98ifo9e/requirements.txt
[2024-11-23T12:04:22.617+0000] {process_utils.py:190} INFO - Output:
[2024-11-23T12:04:21.658+0000] {process_utils.py:194} INFO - Collecting git+https://github.com/hahahellooo/interpark.git@0.3/new_crawling (from -r /tmp/venvj98ifo9e/requirements.txt (line 1))
[2024-11-23T12:04:21.659+0000] {process_utils.py:194} INFO -   Cloning https://github.com/hahahellooo/interpark.git (to revision 0.3/new_crawling) to /tmp/pip-req-build-9q3oehmp
[2024-11-23T12:04:21.662+0000] {process_utils.py:194} INFO -   Running command git clone --filter=blob:none --quiet https://github.com/hahahellooo/interpark.git /tmp/pip-req-build-9q3oehmp
[2024-11-23T12:04:23.329+0000] {process_utils.py:194} INFO -   Running command git checkout -b 0.3/new_crawling --track origin/0.3/new_crawling
[2024-11-23T12:04:23.913+0000] {process_utils.py:194} INFO -   Switched to a new branch '0.3/new_crawling'
[2024-11-23T12:04:23.914+0000] {process_utils.py:194} INFO -   branch '0.3/new_crawling' set up to track 'origin/0.3/new_crawling'.
[2024-11-23T12:04:23.914+0000] {process_utils.py:194} INFO -   Resolved https://github.com/hahahellooo/interpark.git to commit d2ab75a632be9f578ac04be0e85d884befd10f87
[2024-11-23T12:04:23.921+0000] {process_utils.py:194} INFO -   Installing build dependencies: started
[2024-11-23T12:04:27.407+0000] {process_utils.py:194} INFO -   Installing build dependencies: finished with status 'done'
[2024-11-23T12:04:27.408+0000] {process_utils.py:194} INFO -   Getting requirements to build wheel: started
[2024-11-23T12:04:28.314+0000] {process_utils.py:194} INFO -   Getting requirements to build wheel: finished with status 'done'
[2024-11-23T12:04:28.316+0000] {process_utils.py:194} INFO -   Preparing metadata (pyproject.toml): started
[2024-11-23T12:04:29.160+0000] {process_utils.py:194} INFO -   Preparing metadata (pyproject.toml): finished with status 'done'
[2024-11-23T12:04:29.314+0000] {process_utils.py:194} INFO - Collecting selenium>=4.26.1 (from interpark==0.1.2->-r /tmp/venvj98ifo9e/requirements.txt (line 1))
[2024-11-23T12:04:29.366+0000] {process_utils.py:194} INFO -   Downloading selenium-4.26.1-py3-none-any.whl.metadata (7.1 kB)
[2024-11-23T12:04:29.437+0000] {process_utils.py:194} INFO - Collecting beautifulsoup4>=4.12.3 (from interpark==0.1.2->-r /tmp/venvj98ifo9e/requirements.txt (line 1))
[2024-11-23T12:04:29.449+0000] {process_utils.py:194} INFO -   Downloading beautifulsoup4-4.12.3-py3-none-any.whl.metadata (3.8 kB)
[2024-11-23T12:04:29.526+0000] {process_utils.py:194} INFO - Collecting soupsieve>1.2 (from beautifulsoup4>=4.12.3->interpark==0.1.2->-r /tmp/venvj98ifo9e/requirements.txt (line 1))
[2024-11-23T12:04:29.536+0000] {process_utils.py:194} INFO -   Downloading soupsieve-2.6-py3-none-any.whl.metadata (4.6 kB)
[2024-11-23T12:04:29.657+0000] {process_utils.py:194} INFO - Collecting urllib3<3,>=1.26 (from urllib3[socks]<3,>=1.26->selenium>=4.26.1->interpark==0.1.2->-r /tmp/venvj98ifo9e/requirements.txt (line 1))
[2024-11-23T12:04:29.667+0000] {process_utils.py:194} INFO -   Downloading urllib3-2.2.3-py3-none-any.whl.metadata (6.5 kB)
[2024-11-23T12:04:29.739+0000] {process_utils.py:194} INFO - Collecting trio~=0.17 (from selenium>=4.26.1->interpark==0.1.2->-r /tmp/venvj98ifo9e/requirements.txt (line 1))
[2024-11-23T12:04:29.750+0000] {process_utils.py:194} INFO -   Downloading trio-0.27.0-py3-none-any.whl.metadata (8.6 kB)
[2024-11-23T12:04:29.829+0000] {process_utils.py:194} INFO - Collecting trio-websocket~=0.9 (from selenium>=4.26.1->interpark==0.1.2->-r /tmp/venvj98ifo9e/requirements.txt (line 1))
[2024-11-23T12:04:29.837+0000] {process_utils.py:194} INFO -   Downloading trio_websocket-0.11.1-py3-none-any.whl.metadata (4.7 kB)
[2024-11-23T12:04:29.935+0000] {process_utils.py:194} INFO - Collecting certifi>=2021.10.8 (from selenium>=4.26.1->interpark==0.1.2->-r /tmp/venvj98ifo9e/requirements.txt (line 1))
[2024-11-23T12:04:29.945+0000] {process_utils.py:194} INFO -   Downloading certifi-2024.8.30-py3-none-any.whl.metadata (2.2 kB)
[2024-11-23T12:04:30.041+0000] {process_utils.py:194} INFO - Collecting typing_extensions~=4.9 (from selenium>=4.26.1->interpark==0.1.2->-r /tmp/venvj98ifo9e/requirements.txt (line 1))
[2024-11-23T12:04:30.051+0000] {process_utils.py:194} INFO -   Downloading typing_extensions-4.12.2-py3-none-any.whl.metadata (3.0 kB)
[2024-11-23T12:04:30.143+0000] {process_utils.py:194} INFO - Collecting websocket-client~=1.8 (from selenium>=4.26.1->interpark==0.1.2->-r /tmp/venvj98ifo9e/requirements.txt (line 1))
[2024-11-23T12:04:30.154+0000] {process_utils.py:194} INFO -   Downloading websocket_client-1.8.0-py3-none-any.whl.metadata (8.0 kB)
[2024-11-23T12:04:30.229+0000] {process_utils.py:194} INFO - Collecting attrs>=23.2.0 (from trio~=0.17->selenium>=4.26.1->interpark==0.1.2->-r /tmp/venvj98ifo9e/requirements.txt (line 1))
[2024-11-23T12:04:30.237+0000] {process_utils.py:194} INFO -   Downloading attrs-24.2.0-py3-none-any.whl.metadata (11 kB)
[2024-11-23T12:04:30.317+0000] {process_utils.py:194} INFO - Collecting sortedcontainers (from trio~=0.17->selenium>=4.26.1->interpark==0.1.2->-r /tmp/venvj98ifo9e/requirements.txt (line 1))
[2024-11-23T12:04:30.324+0000] {process_utils.py:194} INFO -   Downloading sortedcontainers-2.4.0-py2.py3-none-any.whl.metadata (10 kB)
[2024-11-23T12:04:30.398+0000] {process_utils.py:194} INFO - Collecting idna (from trio~=0.17->selenium>=4.26.1->interpark==0.1.2->-r /tmp/venvj98ifo9e/requirements.txt (line 1))
[2024-11-23T12:04:30.412+0000] {process_utils.py:194} INFO -   Downloading idna-3.10-py3-none-any.whl.metadata (10 kB)
[2024-11-23T12:04:30.488+0000] {process_utils.py:194} INFO - Collecting outcome (from trio~=0.17->selenium>=4.26.1->interpark==0.1.2->-r /tmp/venvj98ifo9e/requirements.txt (line 1))
[2024-11-23T12:04:30.498+0000] {process_utils.py:194} INFO -   Downloading outcome-1.3.0.post0-py2.py3-none-any.whl.metadata (2.6 kB)
[2024-11-23T12:04:30.582+0000] {process_utils.py:194} INFO - Collecting sniffio>=1.3.0 (from trio~=0.17->selenium>=4.26.1->interpark==0.1.2->-r /tmp/venvj98ifo9e/requirements.txt (line 1))
[2024-11-23T12:04:30.591+0000] {process_utils.py:194} INFO -   Downloading sniffio-1.3.1-py3-none-any.whl.metadata (3.9 kB)
[2024-11-23T12:04:30.689+0000] {process_utils.py:194} INFO - Collecting wsproto>=0.14 (from trio-websocket~=0.9->selenium>=4.26.1->interpark==0.1.2->-r /tmp/venvj98ifo9e/requirements.txt (line 1))
[2024-11-23T12:04:30.698+0000] {process_utils.py:194} INFO -   Downloading wsproto-1.2.0-py3-none-any.whl.metadata (5.6 kB)
[2024-11-23T12:04:30.795+0000] {process_utils.py:194} INFO - Collecting pysocks!=1.5.7,<2.0,>=1.5.6 (from urllib3[socks]<3,>=1.26->selenium>=4.26.1->interpark==0.1.2->-r /tmp/venvj98ifo9e/requirements.txt (line 1))
[2024-11-23T12:04:30.805+0000] {process_utils.py:194} INFO -   Downloading PySocks-1.7.1-py3-none-any.whl.metadata (13 kB)
[2024-11-23T12:04:30.891+0000] {process_utils.py:194} INFO - Collecting h11<1,>=0.9.0 (from wsproto>=0.14->trio-websocket~=0.9->selenium>=4.26.1->interpark==0.1.2->-r /tmp/venvj98ifo9e/requirements.txt (line 1))
[2024-11-23T12:04:30.900+0000] {process_utils.py:194} INFO -   Downloading h11-0.14.0-py3-none-any.whl.metadata (8.2 kB)
[2024-11-23T12:04:30.961+0000] {process_utils.py:194} INFO - Downloading beautifulsoup4-4.12.3-py3-none-any.whl (147 kB)
[2024-11-23T12:04:31.047+0000] {process_utils.py:194} INFO - Downloading selenium-4.26.1-py3-none-any.whl (9.7 MB)
[2024-11-23T12:04:33.383+0000] {process_utils.py:194} INFO -    ━━━━━━━━━━━━━━━━━━━━━━━━━━━━━━━━━━━━━━━━ 9.7/9.7 MB 4.2 MB/s eta 0:00:00
[2024-11-23T12:04:33.386+0000] {process_utils.py:194} INFO - Using cached certifi-2024.8.30-py3-none-any.whl (167 kB)
[2024-11-23T12:04:33.389+0000] {process_utils.py:194} INFO - Using cached soupsieve-2.6-py3-none-any.whl (36 kB)
[2024-11-23T12:04:33.392+0000] {process_utils.py:194} INFO - Using cached trio-0.27.0-py3-none-any.whl (481 kB)
[2024-11-23T12:04:33.395+0000] {process_utils.py:194} INFO - Using cached trio_websocket-0.11.1-py3-none-any.whl (17 kB)
[2024-11-23T12:04:33.397+0000] {process_utils.py:194} INFO - Using cached typing_extensions-4.12.2-py3-none-any.whl (37 kB)
[2024-11-23T12:04:33.398+0000] {process_utils.py:194} INFO - Using cached urllib3-2.2.3-py3-none-any.whl (126 kB)
[2024-11-23T12:04:33.400+0000] {process_utils.py:194} INFO - Using cached websocket_client-1.8.0-py3-none-any.whl (58 kB)
[2024-11-23T12:04:33.402+0000] {process_utils.py:194} INFO - Using cached attrs-24.2.0-py3-none-any.whl (63 kB)
[2024-11-23T12:04:33.405+0000] {process_utils.py:194} INFO - Using cached PySocks-1.7.1-py3-none-any.whl (16 kB)
[2024-11-23T12:04:33.408+0000] {process_utils.py:194} INFO - Using cached sniffio-1.3.1-py3-none-any.whl (10 kB)
[2024-11-23T12:04:33.409+0000] {process_utils.py:194} INFO - Using cached wsproto-1.2.0-py3-none-any.whl (24 kB)
[2024-11-23T12:04:33.412+0000] {process_utils.py:194} INFO - Using cached idna-3.10-py3-none-any.whl (70 kB)
[2024-11-23T12:04:33.422+0000] {process_utils.py:194} INFO - Downloading outcome-1.3.0.post0-py2.py3-none-any.whl (10 kB)
[2024-11-23T12:04:33.461+0000] {process_utils.py:194} INFO - Downloading sortedcontainers-2.4.0-py2.py3-none-any.whl (29 kB)
[2024-11-23T12:04:33.509+0000] {process_utils.py:194} INFO - Downloading h11-0.14.0-py3-none-any.whl (58 kB)
[2024-11-23T12:04:33.583+0000] {process_utils.py:194} INFO - Building wheels for collected packages: interpark
[2024-11-23T12:04:33.587+0000] {process_utils.py:194} INFO -   Building wheel for interpark (pyproject.toml): started
[2024-11-23T12:04:34.499+0000] {process_utils.py:194} INFO -   Building wheel for interpark (pyproject.toml): finished with status 'done'
[2024-11-23T12:04:34.500+0000] {process_utils.py:194} INFO -   Created wheel for interpark: filename=interpark-0.1.2-py3-none-any.whl size=17701 sha256=cc58a0b9df8c0a56a8229cdaa94480a033e79000d24ad14b8ba61bf56b076433
[2024-11-23T12:04:34.500+0000] {process_utils.py:194} INFO -   Stored in directory: /tmp/pip-ephem-wheel-cache-ruc1_nc2/wheels/3b/e3/3f/2198c53e48ab1c477124eda1522aad636d2590cc0e6349feda
[2024-11-23T12:04:34.502+0000] {process_utils.py:194} INFO - Successfully built interpark
[2024-11-23T12:04:34.542+0000] {process_utils.py:194} INFO - Installing collected packages: sortedcontainers, websocket-client, urllib3, typing_extensions, soupsieve, sniffio, pysocks, idna, h11, certifi, attrs, wsproto, outcome, beautifulsoup4, trio, trio-websocket, selenium, interpark
[2024-11-23T12:04:37.510+0000] {process_utils.py:194} INFO - Successfully installed attrs-24.2.0 beautifulsoup4-4.12.3 certifi-2024.8.30 h11-0.14.0 idna-3.10 interpark-0.1.2 outcome-1.3.0.post0 pysocks-1.7.1 selenium-4.26.1 sniffio-1.3.1 sortedcontainers-2.4.0 soupsieve-2.6 trio-0.27.0 trio-websocket-0.11.1 typing_extensions-4.12.2 urllib3-2.2.3 websocket-client-1.8.0 wsproto-1.2.0
[2024-11-23T12:04:37.908+0000] {process_utils.py:186} INFO - Executing cmd: /tmp/venvj98ifo9e/bin/python /tmp/venv-callcgwc1_83/script.py /tmp/venv-callcgwc1_83/script.in /tmp/venv-callcgwc1_83/script.out /tmp/venv-callcgwc1_83/string_args.txt /tmp/venv-callcgwc1_83/termination.log
[2024-11-23T12:04:37.909+0000] {process_utils.py:190} INFO - Output:
[2024-11-23T12:04:38.772+0000] {process_utils.py:194} INFO - <function extract_container_html at 0x7f0099770ae0>
[2024-11-23T12:04:38.883+0000] {python.py:240} INFO - Done. Returned value was: None
[2024-11-23T12:04:38.895+0000] {taskinstance.py:340} INFO - ::group::Post task execution logs
[2024-11-23T12:04:38.896+0000] {taskinstance.py:352} INFO - Marking task as SUCCESS. dag_id=interpark_to_s3, task_id=extract, run_id=scheduled__2024-11-21T00:00:00+00:00, execution_date=20241121T000000, start_date=20241123T120421, end_date=20241123T120438
[2024-11-23T12:04:38.942+0000] {local_task_job_runner.py:266} INFO - Task exited with return code 0
[2024-11-23T12:04:38.961+0000] {taskinstance.py:3895} INFO - 0 downstream tasks scheduled from follow-on schedule check
[2024-11-23T12:04:38.966+0000] {local_task_job_runner.py:245} INFO - ::endgroup::
