[2024-11-23T12:04:21.362+0000] {local_task_job_runner.py:123} INFO - ::group::Pre task execution logs
[2024-11-23T12:04:21.381+0000] {taskinstance.py:2613} INFO - Dependencies all met for dep_context=non-requeueable deps ti=<TaskInstance: interpark_to_s3.extract scheduled__2024-11-22T00:00:00+00:00 [queued]>
[2024-11-23T12:04:21.394+0000] {taskinstance.py:2613} INFO - Dependencies all met for dep_context=requeueable deps ti=<TaskInstance: interpark_to_s3.extract scheduled__2024-11-22T00:00:00+00:00 [queued]>
[2024-11-23T12:04:21.395+0000] {taskinstance.py:2866} INFO - Starting attempt 2 of 3
[2024-11-23T12:04:21.421+0000] {taskinstance.py:2889} INFO - Executing <Task(PythonVirtualenvOperator): extract> on 2024-11-22 00:00:00+00:00
[2024-11-23T12:04:21.427+0000] {warnings.py:112} WARNING - /home/***/.local/lib/python3.12/site-packages/***/task/task_runner/standard_task_runner.py:70: DeprecationWarning: This process (pid=183) is multi-threaded, use of fork() may lead to deadlocks in the child.
  pid = os.fork()

[2024-11-23T12:04:21.430+0000] {standard_task_runner.py:72} INFO - Started process 185 to run task
[2024-11-23T12:04:21.430+0000] {standard_task_runner.py:104} INFO - Running: ['***', 'tasks', 'run', 'interpark_to_s3', 'extract', 'scheduled__2024-11-22T00:00:00+00:00', '--job-id', '8', '--raw', '--subdir', 'DAGS_FOLDER/test.py', '--cfg-path', '/tmp/tmpuj1di1qo']
[2024-11-23T12:04:21.432+0000] {standard_task_runner.py:105} INFO - Job 8: Subtask extract
[2024-11-23T12:04:21.490+0000] {task_command.py:467} INFO - Running <TaskInstance: interpark_to_s3.extract scheduled__2024-11-22T00:00:00+00:00 [running]> on host c00384863d89
[2024-11-23T12:04:21.593+0000] {taskinstance.py:3132} INFO - Exporting env vars: AIRFLOW_CTX_DAG_OWNER='***' AIRFLOW_CTX_DAG_ID='interpark_to_s3' AIRFLOW_CTX_TASK_ID='extract' AIRFLOW_CTX_EXECUTION_DATE='2024-11-22T00:00:00+00:00' AIRFLOW_CTX_TRY_NUMBER='2' AIRFLOW_CTX_DAG_RUN_ID='scheduled__2024-11-22T00:00:00+00:00'
[2024-11-23T12:04:21.594+0000] {taskinstance.py:731} INFO - ::endgroup::
[2024-11-23T12:04:21.629+0000] {baseoperator.py:416} WARNING - PythonVirtualenvOperator.execute cannot be called outside TaskInstance!
[2024-11-23T12:04:21.631+0000] {process_utils.py:186} INFO - Executing cmd: /home/***/.local/bin/python -m virtualenv /tmp/venvs4nzlgne --python=python
[2024-11-23T12:04:21.632+0000] {process_utils.py:190} INFO - Output:
[2024-11-23T12:04:22.578+0000] {process_utils.py:194} INFO - created virtual environment CPython3.12.7.final.0-64 in 235ms
[2024-11-23T12:04:22.579+0000] {process_utils.py:194} INFO -   creator CPython3Posix(dest=/tmp/venvs4nzlgne, clear=False, no_vcs_ignore=False, global=False)
[2024-11-23T12:04:22.580+0000] {process_utils.py:194} INFO -   seeder FromAppData(download=False, pip=bundle, via=copy, app_data_dir=/home/***/.local/share/virtualenv)
[2024-11-23T12:04:22.580+0000] {process_utils.py:194} INFO -     added seed packages: pip==24.3.1
[2024-11-23T12:04:22.580+0000] {process_utils.py:194} INFO -   activators BashActivator,CShellActivator,FishActivator,NushellActivator,PowerShellActivator,PythonActivator
[2024-11-23T12:04:22.631+0000] {process_utils.py:186} INFO - Executing cmd: /tmp/venvs4nzlgne/bin/pip install -r /tmp/venvs4nzlgne/requirements.txt
[2024-11-23T12:04:22.633+0000] {process_utils.py:190} INFO - Output:
[2024-11-23T12:04:21.618+0000] {process_utils.py:194} INFO - Collecting git+https://github.com/hahahellooo/interpark.git@0.3/new_crawling (from -r /tmp/venvs4nzlgne/requirements.txt (line 1))
[2024-11-23T12:04:21.619+0000] {process_utils.py:194} INFO -   Cloning https://github.com/hahahellooo/interpark.git (to revision 0.3/new_crawling) to /tmp/pip-req-build-fvx1t_au
[2024-11-23T12:04:21.639+0000] {process_utils.py:194} INFO -   Running command git clone --filter=blob:none --quiet https://github.com/hahahellooo/interpark.git /tmp/pip-req-build-fvx1t_au
[2024-11-23T12:04:23.321+0000] {process_utils.py:194} INFO -   Running command git checkout -b 0.3/new_crawling --track origin/0.3/new_crawling
[2024-11-23T12:04:23.909+0000] {process_utils.py:194} INFO -   Switched to a new branch '0.3/new_crawling'
[2024-11-23T12:04:23.910+0000] {process_utils.py:194} INFO -   branch '0.3/new_crawling' set up to track 'origin/0.3/new_crawling'.
[2024-11-23T12:04:23.910+0000] {process_utils.py:194} INFO -   Resolved https://github.com/hahahellooo/interpark.git to commit d2ab75a632be9f578ac04be0e85d884befd10f87
[2024-11-23T12:04:23.917+0000] {process_utils.py:194} INFO -   Installing build dependencies: started
[2024-11-23T12:04:27.401+0000] {process_utils.py:194} INFO -   Installing build dependencies: finished with status 'done'
[2024-11-23T12:04:27.403+0000] {process_utils.py:194} INFO -   Getting requirements to build wheel: started
[2024-11-23T12:04:28.285+0000] {process_utils.py:194} INFO -   Getting requirements to build wheel: finished with status 'done'
[2024-11-23T12:04:28.288+0000] {process_utils.py:194} INFO -   Preparing metadata (pyproject.toml): started
[2024-11-23T12:04:29.141+0000] {process_utils.py:194} INFO -   Preparing metadata (pyproject.toml): finished with status 'done'
[2024-11-23T12:04:29.295+0000] {process_utils.py:194} INFO - Collecting selenium>=4.26.1 (from interpark==0.1.2->-r /tmp/venvs4nzlgne/requirements.txt (line 1))
[2024-11-23T12:04:29.350+0000] {process_utils.py:194} INFO -   Downloading selenium-4.26.1-py3-none-any.whl.metadata (7.1 kB)
[2024-11-23T12:04:29.417+0000] {process_utils.py:194} INFO - Collecting beautifulsoup4>=4.12.3 (from interpark==0.1.2->-r /tmp/venvs4nzlgne/requirements.txt (line 1))
[2024-11-23T12:04:29.427+0000] {process_utils.py:194} INFO -   Downloading beautifulsoup4-4.12.3-py3-none-any.whl.metadata (3.8 kB)
[2024-11-23T12:04:29.509+0000] {process_utils.py:194} INFO - Collecting soupsieve>1.2 (from beautifulsoup4>=4.12.3->interpark==0.1.2->-r /tmp/venvs4nzlgne/requirements.txt (line 1))
[2024-11-23T12:04:29.519+0000] {process_utils.py:194} INFO -   Downloading soupsieve-2.6-py3-none-any.whl.metadata (4.6 kB)
[2024-11-23T12:04:29.641+0000] {process_utils.py:194} INFO - Collecting urllib3<3,>=1.26 (from urllib3[socks]<3,>=1.26->selenium>=4.26.1->interpark==0.1.2->-r /tmp/venvs4nzlgne/requirements.txt (line 1))
[2024-11-23T12:04:29.649+0000] {process_utils.py:194} INFO -   Downloading urllib3-2.2.3-py3-none-any.whl.metadata (6.5 kB)
[2024-11-23T12:04:29.722+0000] {process_utils.py:194} INFO - Collecting trio~=0.17 (from selenium>=4.26.1->interpark==0.1.2->-r /tmp/venvs4nzlgne/requirements.txt (line 1))
[2024-11-23T12:04:29.730+0000] {process_utils.py:194} INFO -   Downloading trio-0.27.0-py3-none-any.whl.metadata (8.6 kB)
[2024-11-23T12:04:29.810+0000] {process_utils.py:194} INFO - Collecting trio-websocket~=0.9 (from selenium>=4.26.1->interpark==0.1.2->-r /tmp/venvs4nzlgne/requirements.txt (line 1))
[2024-11-23T12:04:29.822+0000] {process_utils.py:194} INFO -   Downloading trio_websocket-0.11.1-py3-none-any.whl.metadata (4.7 kB)
[2024-11-23T12:04:29.920+0000] {process_utils.py:194} INFO - Collecting certifi>=2021.10.8 (from selenium>=4.26.1->interpark==0.1.2->-r /tmp/venvs4nzlgne/requirements.txt (line 1))
[2024-11-23T12:04:29.930+0000] {process_utils.py:194} INFO -   Downloading certifi-2024.8.30-py3-none-any.whl.metadata (2.2 kB)
[2024-11-23T12:04:30.019+0000] {process_utils.py:194} INFO - Collecting typing_extensions~=4.9 (from selenium>=4.26.1->interpark==0.1.2->-r /tmp/venvs4nzlgne/requirements.txt (line 1))
[2024-11-23T12:04:30.028+0000] {process_utils.py:194} INFO -   Downloading typing_extensions-4.12.2-py3-none-any.whl.metadata (3.0 kB)
[2024-11-23T12:04:30.122+0000] {process_utils.py:194} INFO - Collecting websocket-client~=1.8 (from selenium>=4.26.1->interpark==0.1.2->-r /tmp/venvs4nzlgne/requirements.txt (line 1))
[2024-11-23T12:04:30.131+0000] {process_utils.py:194} INFO -   Downloading websocket_client-1.8.0-py3-none-any.whl.metadata (8.0 kB)
[2024-11-23T12:04:30.216+0000] {process_utils.py:194} INFO - Collecting attrs>=23.2.0 (from trio~=0.17->selenium>=4.26.1->interpark==0.1.2->-r /tmp/venvs4nzlgne/requirements.txt (line 1))
[2024-11-23T12:04:30.224+0000] {process_utils.py:194} INFO -   Downloading attrs-24.2.0-py3-none-any.whl.metadata (11 kB)
[2024-11-23T12:04:30.293+0000] {process_utils.py:194} INFO - Collecting sortedcontainers (from trio~=0.17->selenium>=4.26.1->interpark==0.1.2->-r /tmp/venvs4nzlgne/requirements.txt (line 1))
[2024-11-23T12:04:30.301+0000] {process_utils.py:194} INFO -   Downloading sortedcontainers-2.4.0-py2.py3-none-any.whl.metadata (10 kB)
[2024-11-23T12:04:30.380+0000] {process_utils.py:194} INFO - Collecting idna (from trio~=0.17->selenium>=4.26.1->interpark==0.1.2->-r /tmp/venvs4nzlgne/requirements.txt (line 1))
[2024-11-23T12:04:30.390+0000] {process_utils.py:194} INFO -   Downloading idna-3.10-py3-none-any.whl.metadata (10 kB)
[2024-11-23T12:04:30.463+0000] {process_utils.py:194} INFO - Collecting outcome (from trio~=0.17->selenium>=4.26.1->interpark==0.1.2->-r /tmp/venvs4nzlgne/requirements.txt (line 1))
[2024-11-23T12:04:30.472+0000] {process_utils.py:194} INFO -   Downloading outcome-1.3.0.post0-py2.py3-none-any.whl.metadata (2.6 kB)
[2024-11-23T12:04:30.574+0000] {process_utils.py:194} INFO - Collecting sniffio>=1.3.0 (from trio~=0.17->selenium>=4.26.1->interpark==0.1.2->-r /tmp/venvs4nzlgne/requirements.txt (line 1))
[2024-11-23T12:04:30.582+0000] {process_utils.py:194} INFO -   Downloading sniffio-1.3.1-py3-none-any.whl.metadata (3.9 kB)
[2024-11-23T12:04:30.682+0000] {process_utils.py:194} INFO - Collecting wsproto>=0.14 (from trio-websocket~=0.9->selenium>=4.26.1->interpark==0.1.2->-r /tmp/venvs4nzlgne/requirements.txt (line 1))
[2024-11-23T12:04:30.692+0000] {process_utils.py:194} INFO -   Downloading wsproto-1.2.0-py3-none-any.whl.metadata (5.6 kB)
[2024-11-23T12:04:30.785+0000] {process_utils.py:194} INFO - Collecting pysocks!=1.5.7,<2.0,>=1.5.6 (from urllib3[socks]<3,>=1.26->selenium>=4.26.1->interpark==0.1.2->-r /tmp/venvs4nzlgne/requirements.txt (line 1))
[2024-11-23T12:04:30.794+0000] {process_utils.py:194} INFO -   Downloading PySocks-1.7.1-py3-none-any.whl.metadata (13 kB)
[2024-11-23T12:04:30.883+0000] {process_utils.py:194} INFO - Collecting h11<1,>=0.9.0 (from wsproto>=0.14->trio-websocket~=0.9->selenium>=4.26.1->interpark==0.1.2->-r /tmp/venvs4nzlgne/requirements.txt (line 1))
[2024-11-23T12:04:30.891+0000] {process_utils.py:194} INFO -   Downloading h11-0.14.0-py3-none-any.whl.metadata (8.2 kB)
[2024-11-23T12:04:30.948+0000] {process_utils.py:194} INFO - Downloading beautifulsoup4-4.12.3-py3-none-any.whl (147 kB)
[2024-11-23T12:04:31.014+0000] {process_utils.py:194} INFO - Downloading selenium-4.26.1-py3-none-any.whl (9.7 MB)
[2024-11-23T12:04:32.601+0000] {process_utils.py:194} INFO -    ━━━━━━━━━━━━━━━━━━━━━━━━━━━━━━━━━━━━━━━━ 9.7/9.7 MB 6.1 MB/s eta 0:00:00
[2024-11-23T12:04:32.617+0000] {process_utils.py:194} INFO - Downloading certifi-2024.8.30-py3-none-any.whl (167 kB)
[2024-11-23T12:04:32.675+0000] {process_utils.py:194} INFO - Downloading soupsieve-2.6-py3-none-any.whl (36 kB)
[2024-11-23T12:04:32.734+0000] {process_utils.py:194} INFO - Downloading trio-0.27.0-py3-none-any.whl (481 kB)
[2024-11-23T12:04:32.841+0000] {process_utils.py:194} INFO - Downloading trio_websocket-0.11.1-py3-none-any.whl (17 kB)
[2024-11-23T12:04:32.873+0000] {process_utils.py:194} INFO - Downloading typing_extensions-4.12.2-py3-none-any.whl (37 kB)
[2024-11-23T12:04:32.926+0000] {process_utils.py:194} INFO - Downloading urllib3-2.2.3-py3-none-any.whl (126 kB)
[2024-11-23T12:04:33.001+0000] {process_utils.py:194} INFO - Downloading websocket_client-1.8.0-py3-none-any.whl (58 kB)
[2024-11-23T12:04:33.058+0000] {process_utils.py:194} INFO - Downloading attrs-24.2.0-py3-none-any.whl (63 kB)
[2024-11-23T12:04:33.112+0000] {process_utils.py:194} INFO - Downloading PySocks-1.7.1-py3-none-any.whl (16 kB)
[2024-11-23T12:04:33.154+0000] {process_utils.py:194} INFO - Downloading sniffio-1.3.1-py3-none-any.whl (10 kB)
[2024-11-23T12:04:33.191+0000] {process_utils.py:194} INFO - Downloading wsproto-1.2.0-py3-none-any.whl (24 kB)
[2024-11-23T12:04:33.350+0000] {process_utils.py:194} INFO - Downloading idna-3.10-py3-none-any.whl (70 kB)
[2024-11-23T12:04:33.402+0000] {process_utils.py:194} INFO - Downloading outcome-1.3.0.post0-py2.py3-none-any.whl (10 kB)
[2024-11-23T12:04:33.437+0000] {process_utils.py:194} INFO - Downloading sortedcontainers-2.4.0-py2.py3-none-any.whl (29 kB)
[2024-11-23T12:04:33.488+0000] {process_utils.py:194} INFO - Downloading h11-0.14.0-py3-none-any.whl (58 kB)
[2024-11-23T12:04:33.567+0000] {process_utils.py:194} INFO - Building wheels for collected packages: interpark
[2024-11-23T12:04:33.572+0000] {process_utils.py:194} INFO -   Building wheel for interpark (pyproject.toml): started
[2024-11-23T12:04:34.459+0000] {process_utils.py:194} INFO -   Building wheel for interpark (pyproject.toml): finished with status 'done'
[2024-11-23T12:04:34.460+0000] {process_utils.py:194} INFO -   Created wheel for interpark: filename=interpark-0.1.2-py3-none-any.whl size=17701 sha256=cc58a0b9df8c0a56a8229cdaa94480a033e79000d24ad14b8ba61bf56b076433
[2024-11-23T12:04:34.461+0000] {process_utils.py:194} INFO -   Stored in directory: /tmp/pip-ephem-wheel-cache-ejvke5ig/wheels/3b/e3/3f/2198c53e48ab1c477124eda1522aad636d2590cc0e6349feda
[2024-11-23T12:04:34.463+0000] {process_utils.py:194} INFO - Successfully built interpark
[2024-11-23T12:04:34.508+0000] {process_utils.py:194} INFO - Installing collected packages: sortedcontainers, websocket-client, urllib3, typing_extensions, soupsieve, sniffio, pysocks, idna, h11, certifi, attrs, wsproto, outcome, beautifulsoup4, trio, trio-websocket, selenium, interpark
[2024-11-23T12:04:37.783+0000] {process_utils.py:194} INFO - Successfully installed attrs-24.2.0 beautifulsoup4-4.12.3 certifi-2024.8.30 h11-0.14.0 idna-3.10 interpark-0.1.2 outcome-1.3.0.post0 pysocks-1.7.1 selenium-4.26.1 sniffio-1.3.1 sortedcontainers-2.4.0 soupsieve-2.6 trio-0.27.0 trio-websocket-0.11.1 typing_extensions-4.12.2 urllib3-2.2.3 websocket-client-1.8.0 wsproto-1.2.0
[2024-11-23T12:04:38.213+0000] {process_utils.py:186} INFO - Executing cmd: /tmp/venvs4nzlgne/bin/python /tmp/venv-callkfwd3_ya/script.py /tmp/venv-callkfwd3_ya/script.in /tmp/venv-callkfwd3_ya/script.out /tmp/venv-callkfwd3_ya/string_args.txt /tmp/venv-callkfwd3_ya/termination.log
[2024-11-23T12:04:38.215+0000] {process_utils.py:190} INFO - Output:
[2024-11-23T12:04:38.995+0000] {process_utils.py:194} INFO - <function extract_container_html at 0x7f79f371cae0>
[2024-11-23T12:04:39.112+0000] {python.py:240} INFO - Done. Returned value was: None
[2024-11-23T12:04:39.124+0000] {taskinstance.py:340} INFO - ::group::Post task execution logs
[2024-11-23T12:04:39.124+0000] {taskinstance.py:352} INFO - Marking task as SUCCESS. dag_id=interpark_to_s3, task_id=extract, run_id=scheduled__2024-11-22T00:00:00+00:00, execution_date=20241122T000000, start_date=20241123T120421, end_date=20241123T120439
[2024-11-23T12:04:39.184+0000] {local_task_job_runner.py:266} INFO - Task exited with return code 0
[2024-11-23T12:04:39.201+0000] {taskinstance.py:3895} INFO - 0 downstream tasks scheduled from follow-on schedule check
[2024-11-23T12:04:39.207+0000] {local_task_job_runner.py:245} INFO - ::endgroup::
