[2024-11-26T00:00:01.571+0000] {local_task_job_runner.py:123} INFO - ::group::Pre task execution logs
[2024-11-26T00:00:01.590+0000] {taskinstance.py:2613} INFO - Dependencies all met for dep_context=non-requeueable deps ti=<TaskInstance: interpark_to_s3.extract scheduled__2024-11-25T00:00:00+00:00 [queued]>
[2024-11-26T00:00:01.599+0000] {taskinstance.py:2613} INFO - Dependencies all met for dep_context=requeueable deps ti=<TaskInstance: interpark_to_s3.extract scheduled__2024-11-25T00:00:00+00:00 [queued]>
[2024-11-26T00:00:01.600+0000] {taskinstance.py:2866} INFO - Starting attempt 1 of 2
[2024-11-26T00:00:01.618+0000] {taskinstance.py:2889} INFO - Executing <Task(PythonVirtualenvOperator): extract> on 2024-11-25 00:00:00+00:00
[2024-11-26T00:00:01.624+0000] {warnings.py:112} WARNING - /home/***/.local/lib/python3.12/site-packages/***/task/task_runner/standard_task_runner.py:70: DeprecationWarning: This process (pid=6960) is multi-threaded, use of fork() may lead to deadlocks in the child.
  pid = os.fork()

[2024-11-26T00:00:01.626+0000] {standard_task_runner.py:72} INFO - Started process 6963 to run task
[2024-11-26T00:00:01.627+0000] {standard_task_runner.py:104} INFO - Running: ['***', 'tasks', 'run', 'interpark_to_s3', 'extract', 'scheduled__2024-11-25T00:00:00+00:00', '--job-id', '229', '--raw', '--subdir', 'DAGS_FOLDER/test.py', '--cfg-path', '/tmp/tmpjjmm4bg6']
[2024-11-26T00:00:01.628+0000] {standard_task_runner.py:105} INFO - Job 229: Subtask extract
[2024-11-26T00:00:01.676+0000] {task_command.py:467} INFO - Running <TaskInstance: interpark_to_s3.extract scheduled__2024-11-25T00:00:00+00:00 [running]> on host 55a330cfd6d6
[2024-11-26T00:00:01.771+0000] {taskinstance.py:3132} INFO - Exporting env vars: AIRFLOW_CTX_DAG_OWNER='***' AIRFLOW_CTX_DAG_ID='interpark_to_s3' AIRFLOW_CTX_TASK_ID='extract' AIRFLOW_CTX_EXECUTION_DATE='2024-11-25T00:00:00+00:00' AIRFLOW_CTX_TRY_NUMBER='1' AIRFLOW_CTX_DAG_RUN_ID='scheduled__2024-11-25T00:00:00+00:00'
[2024-11-26T00:00:01.772+0000] {taskinstance.py:731} INFO - ::endgroup::
[2024-11-26T00:00:01.788+0000] {baseoperator.py:416} WARNING - PythonVirtualenvOperator.execute cannot be called outside TaskInstance!
[2024-11-26T00:00:01.789+0000] {process_utils.py:186} INFO - Executing cmd: /home/***/.local/bin/python -m virtualenv /tmp/venvrpqmu1yu --system-site-packages --python=python
[2024-11-26T00:00:01.790+0000] {process_utils.py:190} INFO - Output:
[2024-11-26T00:00:03.320+0000] {process_utils.py:194} INFO - created virtual environment CPython3.12.7.final.0-64 in 614ms
[2024-11-26T00:00:03.321+0000] {process_utils.py:194} INFO -   creator CPython3Posix(dest=/tmp/venvrpqmu1yu, clear=False, no_vcs_ignore=False, global=True)
[2024-11-26T00:00:03.321+0000] {process_utils.py:194} INFO -   seeder FromAppData(download=False, pip=bundle, via=copy, app_data_dir=/home/***/.local/share/virtualenv)
[2024-11-26T00:00:03.322+0000] {process_utils.py:194} INFO -     added seed packages: pip==24.3.1
[2024-11-26T00:00:03.322+0000] {process_utils.py:194} INFO -   activators BashActivator,CShellActivator,FishActivator,NushellActivator,PowerShellActivator,PythonActivator
[2024-11-26T00:00:03.373+0000] {process_utils.py:186} INFO - Executing cmd: /tmp/venvrpqmu1yu/bin/pip install -r /tmp/venvrpqmu1yu/requirements.txt
[2024-11-26T00:00:03.373+0000] {process_utils.py:190} INFO - Output:
[2024-11-26T00:00:05.320+0000] {process_utils.py:194} INFO - Collecting git+https://github.com/hahahellooo/interpark.git@0.3/new_crawling (from -r /tmp/venvrpqmu1yu/requirements.txt (line 1))
[2024-11-26T00:00:05.321+0000] {process_utils.py:194} INFO -   Cloning https://github.com/hahahellooo/interpark.git (to revision 0.3/new_crawling) to /tmp/pip-req-build-dzbw10yw
[2024-11-26T00:00:05.343+0000] {process_utils.py:194} INFO -   Running command git clone --filter=blob:none --quiet https://github.com/hahahellooo/interpark.git /tmp/pip-req-build-dzbw10yw
[2024-11-26T00:00:06.992+0000] {process_utils.py:194} INFO -   Running command git checkout -b 0.3/new_crawling --track origin/0.3/new_crawling
[2024-11-26T00:00:07.696+0000] {process_utils.py:194} INFO -   Switched to a new branch '0.3/new_crawling'
[2024-11-26T00:00:07.697+0000] {process_utils.py:194} INFO -   branch '0.3/new_crawling' set up to track 'origin/0.3/new_crawling'.
[2024-11-26T00:00:07.697+0000] {process_utils.py:194} INFO -   Resolved https://github.com/hahahellooo/interpark.git to commit f94514f9eb33342877b4349b4f94a5aeb4daf454
[2024-11-26T00:00:07.703+0000] {process_utils.py:194} INFO -   Installing build dependencies: started
[2024-11-26T00:00:10.756+0000] {process_utils.py:194} INFO -   Installing build dependencies: finished with status 'done'
[2024-11-26T00:00:10.757+0000] {process_utils.py:194} INFO -   Getting requirements to build wheel: started
[2024-11-26T00:00:11.502+0000] {process_utils.py:194} INFO -   Getting requirements to build wheel: finished with status 'done'
[2024-11-26T00:00:11.503+0000] {process_utils.py:194} INFO -   Preparing metadata (pyproject.toml): started
[2024-11-26T00:00:12.326+0000] {process_utils.py:194} INFO -   Preparing metadata (pyproject.toml): finished with status 'done'
[2024-11-26T00:00:12.440+0000] {process_utils.py:194} INFO - Collecting selenium>=4.26.1 (from interpark==0.2.0->-r /tmp/venvrpqmu1yu/requirements.txt (line 1))
[2024-11-26T00:00:12.442+0000] {process_utils.py:194} INFO -   Using cached selenium-4.27.0-py3-none-any.whl.metadata (7.1 kB)
[2024-11-26T00:00:12.445+0000] {process_utils.py:194} INFO - Requirement already satisfied: beautifulsoup4>=4.12.3 in /home/***/.local/lib/python3.12/site-packages (from interpark==0.2.0->-r /tmp/venvrpqmu1yu/requirements.txt (line 1)) (4.12.3)
[2024-11-26T00:00:12.481+0000] {process_utils.py:194} INFO - Collecting webdriver-manager>=4.0.2 (from interpark==0.2.0->-r /tmp/venvrpqmu1yu/requirements.txt (line 1))
[2024-11-26T00:00:12.483+0000] {process_utils.py:194} INFO -   Using cached webdriver_manager-4.0.2-py2.py3-none-any.whl.metadata (12 kB)
[2024-11-26T00:00:12.877+0000] {process_utils.py:194} INFO - Collecting pymongo>=4.10.1 (from interpark==0.2.0->-r /tmp/venvrpqmu1yu/requirements.txt (line 1))
[2024-11-26T00:00:12.878+0000] {process_utils.py:194} INFO -   Using cached pymongo-4.10.1-cp312-cp312-manylinux_2_17_x86_64.manylinux2014_x86_64.whl.metadata (22 kB)
[2024-11-26T00:00:12.990+0000] {process_utils.py:194} INFO - Collecting apache-***-providers-amazon>=9.1.0 (from interpark==0.2.0->-r /tmp/venvrpqmu1yu/requirements.txt (line 1))
[2024-11-26T00:00:12.992+0000] {process_utils.py:194} INFO -   Using cached apache_***_providers_amazon-9.1.0-py3-none-any.whl.metadata (10 kB)
[2024-11-26T00:00:13.028+0000] {process_utils.py:194} INFO - Collecting chromedriver-autoinstaller>=0.6.4 (from interpark==0.2.0->-r /tmp/venvrpqmu1yu/requirements.txt (line 1))
[2024-11-26T00:00:13.029+0000] {process_utils.py:194} INFO -   Using cached chromedriver_autoinstaller-0.6.4-py3-none-any.whl.metadata (2.1 kB)
[2024-11-26T00:00:13.034+0000] {process_utils.py:194} INFO - Requirement already satisfied: PyAthena>=3.0.10 in /home/***/.local/lib/python3.12/site-packages (from apache-***-providers-amazon>=9.1.0->interpark==0.2.0->-r /tmp/venvrpqmu1yu/requirements.txt (line 1)) (3.9.0)
[2024-11-26T00:00:13.035+0000] {process_utils.py:194} INFO - Requirement already satisfied: apache-***-providers-common-compat>=1.2.1 in /home/***/.local/lib/python3.12/site-packages (from apache-***-providers-amazon>=9.1.0->interpark==0.2.0->-r /tmp/venvrpqmu1yu/requirements.txt (line 1)) (1.2.1)
[2024-11-26T00:00:13.093+0000] {process_utils.py:194} INFO - Collecting apache-***-providers-common-sql>=1.20.0 (from apache-***-providers-amazon>=9.1.0->interpark==0.2.0->-r /tmp/venvrpqmu1yu/requirements.txt (line 1))
[2024-11-26T00:00:13.095+0000] {process_utils.py:194} INFO -   Using cached apache_***_providers_common_sql-1.20.0-py3-none-any.whl.metadata (6.2 kB)
[2024-11-26T00:00:13.098+0000] {process_utils.py:194} INFO - Requirement already satisfied: apache-***-providers-http in /home/***/.local/lib/python3.12/site-packages (from apache-***-providers-amazon>=9.1.0->interpark==0.2.0->-r /tmp/venvrpqmu1yu/requirements.txt (line 1)) (4.13.2)
[2024-11-26T00:00:13.099+0000] {process_utils.py:194} INFO - Requirement already satisfied: apache-***>=2.8.0 in /home/***/.local/lib/python3.12/site-packages (from apache-***-providers-amazon>=9.1.0->interpark==0.2.0->-r /tmp/venvrpqmu1yu/requirements.txt (line 1)) (2.10.3)
[2024-11-26T00:00:13.099+0000] {process_utils.py:194} INFO - Requirement already satisfied: asgiref>=2.3.0 in /home/***/.local/lib/python3.12/site-packages (from apache-***-providers-amazon>=9.1.0->interpark==0.2.0->-r /tmp/venvrpqmu1yu/requirements.txt (line 1)) (3.8.1)
[2024-11-26T00:00:13.100+0000] {process_utils.py:194} INFO - Requirement already satisfied: boto3>=1.34.90 in /home/***/.local/lib/python3.12/site-packages (from apache-***-providers-amazon>=9.1.0->interpark==0.2.0->-r /tmp/venvrpqmu1yu/requirements.txt (line 1)) (1.35.36)
[2024-11-26T00:00:13.100+0000] {process_utils.py:194} INFO - Requirement already satisfied: botocore>=1.34.90 in /home/***/.local/lib/python3.12/site-packages (from apache-***-providers-amazon>=9.1.0->interpark==0.2.0->-r /tmp/venvrpqmu1yu/requirements.txt (line 1)) (1.35.36)
[2024-11-26T00:00:13.101+0000] {process_utils.py:194} INFO - Requirement already satisfied: inflection>=0.5.1 in /home/***/.local/lib/python3.12/site-packages (from apache-***-providers-amazon>=9.1.0->interpark==0.2.0->-r /tmp/venvrpqmu1yu/requirements.txt (line 1)) (0.5.1)
[2024-11-26T00:00:13.101+0000] {process_utils.py:194} INFO - Requirement already satisfied: jmespath>=0.7.0 in /home/***/.local/lib/python3.12/site-packages (from apache-***-providers-amazon>=9.1.0->interpark==0.2.0->-r /tmp/venvrpqmu1yu/requirements.txt (line 1)) (0.10.0)
[2024-11-26T00:00:13.102+0000] {process_utils.py:194} INFO - Requirement already satisfied: jsonpath_ng>=1.5.3 in /home/***/.local/lib/python3.12/site-packages (from apache-***-providers-amazon>=9.1.0->interpark==0.2.0->-r /tmp/venvrpqmu1yu/requirements.txt (line 1)) (1.7.0)
[2024-11-26T00:00:13.102+0000] {process_utils.py:194} INFO - Requirement already satisfied: python3-saml>=1.16.0 in /home/***/.local/lib/python3.12/site-packages (from apache-***-providers-amazon>=9.1.0->interpark==0.2.0->-r /tmp/venvrpqmu1yu/requirements.txt (line 1)) (1.16.0)
[2024-11-26T00:00:13.103+0000] {process_utils.py:194} INFO - Requirement already satisfied: redshift_connector>=2.0.918 in /home/***/.local/lib/python3.12/site-packages (from apache-***-providers-amazon>=9.1.0->interpark==0.2.0->-r /tmp/venvrpqmu1yu/requirements.txt (line 1)) (2.1.3)
[2024-11-26T00:00:13.103+0000] {process_utils.py:194} INFO - Requirement already satisfied: watchtower!=3.3.0,<4,>=3.0.0 in /home/***/.local/lib/python3.12/site-packages (from apache-***-providers-amazon>=9.1.0->interpark==0.2.0->-r /tmp/venvrpqmu1yu/requirements.txt (line 1)) (3.3.1)
[2024-11-26T00:00:13.105+0000] {process_utils.py:194} INFO - Requirement already satisfied: soupsieve>1.2 in /home/***/.local/lib/python3.12/site-packages (from beautifulsoup4>=4.12.3->interpark==0.2.0->-r /tmp/venvrpqmu1yu/requirements.txt (line 1)) (2.6)
[2024-11-26T00:00:13.106+0000] {process_utils.py:194} INFO - Requirement already satisfied: packaging>=23.1 in /home/***/.local/lib/python3.12/site-packages (from chromedriver-autoinstaller>=0.6.4->interpark==0.2.0->-r /tmp/venvrpqmu1yu/requirements.txt (line 1)) (24.1)
[2024-11-26T00:00:13.108+0000] {process_utils.py:194} INFO - Requirement already satisfied: dnspython<3.0.0,>=1.16.0 in /home/***/.local/lib/python3.12/site-packages (from pymongo>=4.10.1->interpark==0.2.0->-r /tmp/venvrpqmu1yu/requirements.txt (line 1)) (2.7.0)
[2024-11-26T00:00:13.110+0000] {process_utils.py:194} INFO - Requirement already satisfied: urllib3<3,>=1.26 in /home/***/.local/lib/python3.12/site-packages (from urllib3[socks]<3,>=1.26->selenium>=4.26.1->interpark==0.2.0->-r /tmp/venvrpqmu1yu/requirements.txt (line 1)) (2.2.3)
[2024-11-26T00:00:13.144+0000] {process_utils.py:194} INFO - Collecting trio~=0.17 (from selenium>=4.26.1->interpark==0.2.0->-r /tmp/venvrpqmu1yu/requirements.txt (line 1))
[2024-11-26T00:00:13.147+0000] {process_utils.py:194} INFO -   Using cached trio-0.27.0-py3-none-any.whl.metadata (8.6 kB)
[2024-11-26T00:00:13.177+0000] {process_utils.py:194} INFO - Collecting trio-websocket~=0.9 (from selenium>=4.26.1->interpark==0.2.0->-r /tmp/venvrpqmu1yu/requirements.txt (line 1))
[2024-11-26T00:00:13.179+0000] {process_utils.py:194} INFO -   Using cached trio_websocket-0.11.1-py3-none-any.whl.metadata (4.7 kB)
[2024-11-26T00:00:13.182+0000] {process_utils.py:194} INFO - Requirement already satisfied: certifi>=2021.10.8 in /home/***/.local/lib/python3.12/site-packages (from selenium>=4.26.1->interpark==0.2.0->-r /tmp/venvrpqmu1yu/requirements.txt (line 1)) (2024.8.30)
[2024-11-26T00:00:13.182+0000] {process_utils.py:194} INFO - Requirement already satisfied: typing_extensions~=4.9 in /home/***/.local/lib/python3.12/site-packages (from selenium>=4.26.1->interpark==0.2.0->-r /tmp/venvrpqmu1yu/requirements.txt (line 1)) (4.12.2)
[2024-11-26T00:00:13.183+0000] {process_utils.py:194} INFO - Requirement already satisfied: websocket-client~=1.8 in /home/***/.local/lib/python3.12/site-packages (from selenium>=4.26.1->interpark==0.2.0->-r /tmp/venvrpqmu1yu/requirements.txt (line 1)) (1.8.0)
[2024-11-26T00:00:13.184+0000] {process_utils.py:194} INFO - Requirement already satisfied: requests in /home/***/.local/lib/python3.12/site-packages (from webdriver-manager>=4.0.2->interpark==0.2.0->-r /tmp/venvrpqmu1yu/requirements.txt (line 1)) (2.32.3)
[2024-11-26T00:00:13.185+0000] {process_utils.py:194} INFO - Requirement already satisfied: python-dotenv in /home/***/.local/lib/python3.12/site-packages (from webdriver-manager>=4.0.2->interpark==0.2.0->-r /tmp/venvrpqmu1yu/requirements.txt (line 1)) (1.0.1)
[2024-11-26T00:00:13.236+0000] {process_utils.py:194} INFO - Requirement already satisfied: alembic<2.0,>=1.13.1 in /home/***/.local/lib/python3.12/site-packages (from apache-***>=2.8.0->apache-***-providers-amazon>=9.1.0->interpark==0.2.0->-r /tmp/venvrpqmu1yu/requirements.txt (line 1)) (1.14.0)
[2024-11-26T00:00:13.237+0000] {process_utils.py:194} INFO - Requirement already satisfied: argcomplete>=1.10 in /home/***/.local/lib/python3.12/site-packages (from apache-***>=2.8.0->apache-***-providers-amazon>=9.1.0->interpark==0.2.0->-r /tmp/venvrpqmu1yu/requirements.txt (line 1)) (3.5.1)
[2024-11-26T00:00:13.238+0000] {process_utils.py:194} INFO - Requirement already satisfied: attrs>=22.1.0 in /home/***/.local/lib/python3.12/site-packages (from apache-***>=2.8.0->apache-***-providers-amazon>=9.1.0->interpark==0.2.0->-r /tmp/venvrpqmu1yu/requirements.txt (line 1)) (24.2.0)
[2024-11-26T00:00:13.238+0000] {process_utils.py:194} INFO - Requirement already satisfied: blinker>=1.6.2 in /home/***/.local/lib/python3.12/site-packages (from apache-***>=2.8.0->apache-***-providers-amazon>=9.1.0->interpark==0.2.0->-r /tmp/venvrpqmu1yu/requirements.txt (line 1)) (1.8.2)
[2024-11-26T00:00:13.239+0000] {process_utils.py:194} INFO - Requirement already satisfied: colorlog>=6.8.2 in /home/***/.local/lib/python3.12/site-packages (from apache-***>=2.8.0->apache-***-providers-amazon>=9.1.0->interpark==0.2.0->-r /tmp/venvrpqmu1yu/requirements.txt (line 1)) (6.9.0)
[2024-11-26T00:00:13.239+0000] {process_utils.py:194} INFO - Requirement already satisfied: configupdater>=3.1.1 in /home/***/.local/lib/python3.12/site-packages (from apache-***>=2.8.0->apache-***-providers-amazon>=9.1.0->interpark==0.2.0->-r /tmp/venvrpqmu1yu/requirements.txt (line 1)) (3.2)
[2024-11-26T00:00:13.240+0000] {process_utils.py:194} INFO - Requirement already satisfied: connexion<3.0,>=2.14.2 in /home/***/.local/lib/python3.12/site-packages (from connexion[flask]<3.0,>=2.14.2->apache-***>=2.8.0->apache-***-providers-amazon>=9.1.0->interpark==0.2.0->-r /tmp/venvrpqmu1yu/requirements.txt (line 1)) (2.14.2)
[2024-11-26T00:00:13.241+0000] {process_utils.py:194} INFO - Requirement already satisfied: cron-descriptor>=1.2.24 in /home/***/.local/lib/python3.12/site-packages (from apache-***>=2.8.0->apache-***-providers-amazon>=9.1.0->interpark==0.2.0->-r /tmp/venvrpqmu1yu/requirements.txt (line 1)) (1.4.5)
[2024-11-26T00:00:13.241+0000] {process_utils.py:194} INFO - Requirement already satisfied: croniter>=2.0.2 in /home/***/.local/lib/python3.12/site-packages (from apache-***>=2.8.0->apache-***-providers-amazon>=9.1.0->interpark==0.2.0->-r /tmp/venvrpqmu1yu/requirements.txt (line 1)) (5.0.1)
[2024-11-26T00:00:13.242+0000] {process_utils.py:194} INFO - Requirement already satisfied: cryptography>=41.0.0 in /home/***/.local/lib/python3.12/site-packages (from apache-***>=2.8.0->apache-***-providers-amazon>=9.1.0->interpark==0.2.0->-r /tmp/venvrpqmu1yu/requirements.txt (line 1)) (42.0.8)
[2024-11-26T00:00:13.242+0000] {process_utils.py:194} INFO - Requirement already satisfied: deprecated>=1.2.13 in /home/***/.local/lib/python3.12/site-packages (from apache-***>=2.8.0->apache-***-providers-amazon>=9.1.0->interpark==0.2.0->-r /tmp/venvrpqmu1yu/requirements.txt (line 1)) (1.2.14)
[2024-11-26T00:00:13.243+0000] {process_utils.py:194} INFO - Requirement already satisfied: dill>=0.2.2 in /home/***/.local/lib/python3.12/site-packages (from apache-***>=2.8.0->apache-***-providers-amazon>=9.1.0->interpark==0.2.0->-r /tmp/venvrpqmu1yu/requirements.txt (line 1)) (0.3.9)
[2024-11-26T00:00:13.243+0000] {process_utils.py:194} INFO - Requirement already satisfied: flask-caching>=2.0.0 in /home/***/.local/lib/python3.12/site-packages (from apache-***>=2.8.0->apache-***-providers-amazon>=9.1.0->interpark==0.2.0->-r /tmp/venvrpqmu1yu/requirements.txt (line 1)) (2.3.0)
[2024-11-26T00:00:13.244+0000] {process_utils.py:194} INFO - Requirement already satisfied: flask-session<0.6,>=0.4.0 in /home/***/.local/lib/python3.12/site-packages (from apache-***>=2.8.0->apache-***-providers-amazon>=9.1.0->interpark==0.2.0->-r /tmp/venvrpqmu1yu/requirements.txt (line 1)) (0.5.0)
[2024-11-26T00:00:13.244+0000] {process_utils.py:194} INFO - Requirement already satisfied: flask-wtf>=1.1.0 in /home/***/.local/lib/python3.12/site-packages (from apache-***>=2.8.0->apache-***-providers-amazon>=9.1.0->interpark==0.2.0->-r /tmp/venvrpqmu1yu/requirements.txt (line 1)) (1.2.2)
[2024-11-26T00:00:13.244+0000] {process_utils.py:194} INFO - Requirement already satisfied: flask<2.3,>=2.2.1 in /home/***/.local/lib/python3.12/site-packages (from apache-***>=2.8.0->apache-***-providers-amazon>=9.1.0->interpark==0.2.0->-r /tmp/venvrpqmu1yu/requirements.txt (line 1)) (2.2.5)
[2024-11-26T00:00:13.245+0000] {process_utils.py:194} INFO - Requirement already satisfied: fsspec>=2023.10.0 in /home/***/.local/lib/python3.12/site-packages (from apache-***>=2.8.0->apache-***-providers-amazon>=9.1.0->interpark==0.2.0->-r /tmp/venvrpqmu1yu/requirements.txt (line 1)) (2024.10.0)
[2024-11-26T00:00:13.246+0000] {process_utils.py:194} INFO - Requirement already satisfied: google-re2>=1.1 in /home/***/.local/lib/python3.12/site-packages (from apache-***>=2.8.0->apache-***-providers-amazon>=9.1.0->interpark==0.2.0->-r /tmp/venvrpqmu1yu/requirements.txt (line 1)) (1.1.20240702)
[2024-11-26T00:00:13.247+0000] {process_utils.py:194} INFO - Requirement already satisfied: gunicorn>=20.1.0 in /home/***/.local/lib/python3.12/site-packages (from apache-***>=2.8.0->apache-***-providers-amazon>=9.1.0->interpark==0.2.0->-r /tmp/venvrpqmu1yu/requirements.txt (line 1)) (23.0.0)
[2024-11-26T00:00:13.248+0000] {process_utils.py:194} INFO - Requirement already satisfied: httpx>=0.25.0 in /home/***/.local/lib/python3.12/site-packages (from apache-***>=2.8.0->apache-***-providers-amazon>=9.1.0->interpark==0.2.0->-r /tmp/venvrpqmu1yu/requirements.txt (line 1)) (0.27.0)
[2024-11-26T00:00:13.248+0000] {process_utils.py:194} INFO - Requirement already satisfied: itsdangerous>=2.0 in /home/***/.local/lib/python3.12/site-packages (from apache-***>=2.8.0->apache-***-providers-amazon>=9.1.0->interpark==0.2.0->-r /tmp/venvrpqmu1yu/requirements.txt (line 1)) (2.2.0)
[2024-11-26T00:00:13.249+0000] {process_utils.py:194} INFO - Requirement already satisfied: jinja2>=3.0.0 in /home/***/.local/lib/python3.12/site-packages (from apache-***>=2.8.0->apache-***-providers-amazon>=9.1.0->interpark==0.2.0->-r /tmp/venvrpqmu1yu/requirements.txt (line 1)) (3.1.4)
[2024-11-26T00:00:13.249+0000] {process_utils.py:194} INFO - Requirement already satisfied: jsonschema>=4.18.0 in /home/***/.local/lib/python3.12/site-packages (from apache-***>=2.8.0->apache-***-providers-amazon>=9.1.0->interpark==0.2.0->-r /tmp/venvrpqmu1yu/requirements.txt (line 1)) (4.23.0)
[2024-11-26T00:00:13.249+0000] {process_utils.py:194} INFO - Requirement already satisfied: lazy-object-proxy>=1.2.0 in /home/***/.local/lib/python3.12/site-packages (from apache-***>=2.8.0->apache-***-providers-amazon>=9.1.0->interpark==0.2.0->-r /tmp/venvrpqmu1yu/requirements.txt (line 1)) (1.10.0)
[2024-11-26T00:00:13.250+0000] {process_utils.py:194} INFO - Requirement already satisfied: linkify-it-py>=2.0.0 in /home/***/.local/lib/python3.12/site-packages (from apache-***>=2.8.0->apache-***-providers-amazon>=9.1.0->interpark==0.2.0->-r /tmp/venvrpqmu1yu/requirements.txt (line 1)) (2.0.3)
[2024-11-26T00:00:13.250+0000] {process_utils.py:194} INFO - Requirement already satisfied: lockfile>=0.12.2 in /home/***/.local/lib/python3.12/site-packages (from apache-***>=2.8.0->apache-***-providers-amazon>=9.1.0->interpark==0.2.0->-r /tmp/venvrpqmu1yu/requirements.txt (line 1)) (0.12.2)
[2024-11-26T00:00:13.251+0000] {process_utils.py:194} INFO - Requirement already satisfied: markdown-it-py>=2.1.0 in /home/***/.local/lib/python3.12/site-packages (from apache-***>=2.8.0->apache-***-providers-amazon>=9.1.0->interpark==0.2.0->-r /tmp/venvrpqmu1yu/requirements.txt (line 1)) (3.0.0)
[2024-11-26T00:00:13.251+0000] {process_utils.py:194} INFO - Requirement already satisfied: markupsafe>=1.1.1 in /home/***/.local/lib/python3.12/site-packages (from apache-***>=2.8.0->apache-***-providers-amazon>=9.1.0->interpark==0.2.0->-r /tmp/venvrpqmu1yu/requirements.txt (line 1)) (3.0.2)
[2024-11-26T00:00:13.252+0000] {process_utils.py:194} INFO - Requirement already satisfied: marshmallow-oneofschema>=2.0.1 in /home/***/.local/lib/python3.12/site-packages (from apache-***>=2.8.0->apache-***-providers-amazon>=9.1.0->interpark==0.2.0->-r /tmp/venvrpqmu1yu/requirements.txt (line 1)) (3.1.1)
[2024-11-26T00:00:13.252+0000] {process_utils.py:194} INFO - Requirement already satisfied: mdit-py-plugins>=0.3.0 in /home/***/.local/lib/python3.12/site-packages (from apache-***>=2.8.0->apache-***-providers-amazon>=9.1.0->interpark==0.2.0->-r /tmp/venvrpqmu1yu/requirements.txt (line 1)) (0.4.2)
[2024-11-26T00:00:13.253+0000] {process_utils.py:194} INFO - Requirement already satisfied: methodtools>=0.4.7 in /home/***/.local/lib/python3.12/site-packages (from apache-***>=2.8.0->apache-***-providers-amazon>=9.1.0->interpark==0.2.0->-r /tmp/venvrpqmu1yu/requirements.txt (line 1)) (0.4.7)
[2024-11-26T00:00:13.253+0000] {process_utils.py:194} INFO - Requirement already satisfied: opentelemetry-api>=1.15.0 in /home/***/.local/lib/python3.12/site-packages (from apache-***>=2.8.0->apache-***-providers-amazon>=9.1.0->interpark==0.2.0->-r /tmp/venvrpqmu1yu/requirements.txt (line 1)) (1.27.0)
[2024-11-26T00:00:13.253+0000] {process_utils.py:194} INFO - Requirement already satisfied: opentelemetry-exporter-otlp>=1.15.0 in /home/***/.local/lib/python3.12/site-packages (from apache-***>=2.8.0->apache-***-providers-amazon>=9.1.0->interpark==0.2.0->-r /tmp/venvrpqmu1yu/requirements.txt (line 1)) (1.27.0)
[2024-11-26T00:00:13.254+0000] {process_utils.py:194} INFO - Requirement already satisfied: pathspec>=0.9.0 in /home/***/.local/lib/python3.12/site-packages (from apache-***>=2.8.0->apache-***-providers-amazon>=9.1.0->interpark==0.2.0->-r /tmp/venvrpqmu1yu/requirements.txt (line 1)) (0.12.1)
[2024-11-26T00:00:13.255+0000] {process_utils.py:194} INFO - Requirement already satisfied: pendulum<4.0,>=3.0.0 in /home/***/.local/lib/python3.12/site-packages (from apache-***>=2.8.0->apache-***-providers-amazon>=9.1.0->interpark==0.2.0->-r /tmp/venvrpqmu1yu/requirements.txt (line 1)) (3.0.0)
[2024-11-26T00:00:13.255+0000] {process_utils.py:194} INFO - Requirement already satisfied: pluggy>=1.5.0 in /home/***/.local/lib/python3.12/site-packages (from apache-***>=2.8.0->apache-***-providers-amazon>=9.1.0->interpark==0.2.0->-r /tmp/venvrpqmu1yu/requirements.txt (line 1)) (1.5.0)
[2024-11-26T00:00:13.256+0000] {process_utils.py:194} INFO - Requirement already satisfied: psutil>=5.8.0 in /home/***/.local/lib/python3.12/site-packages (from apache-***>=2.8.0->apache-***-providers-amazon>=9.1.0->interpark==0.2.0->-r /tmp/venvrpqmu1yu/requirements.txt (line 1)) (6.1.0)
[2024-11-26T00:00:13.256+0000] {process_utils.py:194} INFO - Requirement already satisfied: pygments>=2.0.1 in /home/***/.local/lib/python3.12/site-packages (from apache-***>=2.8.0->apache-***-providers-amazon>=9.1.0->interpark==0.2.0->-r /tmp/venvrpqmu1yu/requirements.txt (line 1)) (2.18.0)
[2024-11-26T00:00:13.257+0000] {process_utils.py:194} INFO - Requirement already satisfied: pyjwt>=2.0.0 in /home/***/.local/lib/python3.12/site-packages (from apache-***>=2.8.0->apache-***-providers-amazon>=9.1.0->interpark==0.2.0->-r /tmp/venvrpqmu1yu/requirements.txt (line 1)) (2.9.0)
[2024-11-26T00:00:13.258+0000] {process_utils.py:194} INFO - Requirement already satisfied: python-daemon>=3.0.0 in /home/***/.local/lib/python3.12/site-packages (from apache-***>=2.8.0->apache-***-providers-amazon>=9.1.0->interpark==0.2.0->-r /tmp/venvrpqmu1yu/requirements.txt (line 1)) (3.1.0)
[2024-11-26T00:00:13.258+0000] {process_utils.py:194} INFO - Requirement already satisfied: python-dateutil>=2.7.0 in /home/***/.local/lib/python3.12/site-packages (from apache-***>=2.8.0->apache-***-providers-amazon>=9.1.0->interpark==0.2.0->-r /tmp/venvrpqmu1yu/requirements.txt (line 1)) (2.9.0.post0)
[2024-11-26T00:00:13.259+0000] {process_utils.py:194} INFO - Requirement already satisfied: python-nvd3>=0.15.0 in /home/***/.local/lib/python3.12/site-packages (from apache-***>=2.8.0->apache-***-providers-amazon>=9.1.0->interpark==0.2.0->-r /tmp/venvrpqmu1yu/requirements.txt (line 1)) (0.16.0)
[2024-11-26T00:00:13.259+0000] {process_utils.py:194} INFO - Requirement already satisfied: python-slugify>=5.0 in /home/***/.local/lib/python3.12/site-packages (from apache-***>=2.8.0->apache-***-providers-amazon>=9.1.0->interpark==0.2.0->-r /tmp/venvrpqmu1yu/requirements.txt (line 1)) (8.0.4)
[2024-11-26T00:00:13.260+0000] {process_utils.py:194} INFO - Requirement already satisfied: requests-toolbelt>=0.4.0 in /home/***/.local/lib/python3.12/site-packages (from apache-***>=2.8.0->apache-***-providers-amazon>=9.1.0->interpark==0.2.0->-r /tmp/venvrpqmu1yu/requirements.txt (line 1)) (1.0.0)
[2024-11-26T00:00:13.261+0000] {process_utils.py:194} INFO - Requirement already satisfied: rfc3339-validator>=0.1.4 in /home/***/.local/lib/python3.12/site-packages (from apache-***>=2.8.0->apache-***-providers-amazon>=9.1.0->interpark==0.2.0->-r /tmp/venvrpqmu1yu/requirements.txt (line 1)) (0.1.4)
[2024-11-26T00:00:13.262+0000] {process_utils.py:194} INFO - Requirement already satisfied: rich-argparse>=1.0.0 in /home/***/.local/lib/python3.12/site-packages (from apache-***>=2.8.0->apache-***-providers-amazon>=9.1.0->interpark==0.2.0->-r /tmp/venvrpqmu1yu/requirements.txt (line 1)) (1.6.0)
[2024-11-26T00:00:13.262+0000] {process_utils.py:194} INFO - Requirement already satisfied: rich>=12.4.4 in /home/***/.local/lib/python3.12/site-packages (from apache-***>=2.8.0->apache-***-providers-amazon>=9.1.0->interpark==0.2.0->-r /tmp/venvrpqmu1yu/requirements.txt (line 1)) (13.9.4)
[2024-11-26T00:00:13.262+0000] {process_utils.py:194} INFO - Requirement already satisfied: setproctitle>=1.3.3 in /home/***/.local/lib/python3.12/site-packages (from apache-***>=2.8.0->apache-***-providers-amazon>=9.1.0->interpark==0.2.0->-r /tmp/venvrpqmu1yu/requirements.txt (line 1)) (1.3.3)
[2024-11-26T00:00:13.263+0000] {process_utils.py:194} INFO - Requirement already satisfied: sqlalchemy<2.0,>=1.4.36 in /home/***/.local/lib/python3.12/site-packages (from apache-***>=2.8.0->apache-***-providers-amazon>=9.1.0->interpark==0.2.0->-r /tmp/venvrpqmu1yu/requirements.txt (line 1)) (1.4.54)
[2024-11-26T00:00:13.263+0000] {process_utils.py:194} INFO - Requirement already satisfied: sqlalchemy-jsonfield>=1.0 in /home/***/.local/lib/python3.12/site-packages (from apache-***>=2.8.0->apache-***-providers-amazon>=9.1.0->interpark==0.2.0->-r /tmp/venvrpqmu1yu/requirements.txt (line 1)) (1.0.2)
[2024-11-26T00:00:13.264+0000] {process_utils.py:194} INFO - Requirement already satisfied: tabulate>=0.7.5 in /home/***/.local/lib/python3.12/site-packages (from apache-***>=2.8.0->apache-***-providers-amazon>=9.1.0->interpark==0.2.0->-r /tmp/venvrpqmu1yu/requirements.txt (line 1)) (0.9.0)
[2024-11-26T00:00:13.264+0000] {process_utils.py:194} INFO - Requirement already satisfied: tenacity!=8.2.0,>=8.0.0 in /home/***/.local/lib/python3.12/site-packages (from apache-***>=2.8.0->apache-***-providers-amazon>=9.1.0->interpark==0.2.0->-r /tmp/venvrpqmu1yu/requirements.txt (line 1)) (8.5.0)
[2024-11-26T00:00:13.265+0000] {process_utils.py:194} INFO - Requirement already satisfied: termcolor>=1.1.0 in /home/***/.local/lib/python3.12/site-packages (from apache-***>=2.8.0->apache-***-providers-amazon>=9.1.0->interpark==0.2.0->-r /tmp/venvrpqmu1yu/requirements.txt (line 1)) (2.5.0)
[2024-11-26T00:00:13.265+0000] {process_utils.py:194} INFO - Requirement already satisfied: universal-pathlib!=0.2.4,>=0.2.2 in /home/***/.local/lib/python3.12/site-packages (from apache-***>=2.8.0->apache-***-providers-amazon>=9.1.0->interpark==0.2.0->-r /tmp/venvrpqmu1yu/requirements.txt (line 1)) (0.2.5)
[2024-11-26T00:00:13.265+0000] {process_utils.py:194} INFO - Requirement already satisfied: werkzeug<3,>=2.0 in /home/***/.local/lib/python3.12/site-packages (from apache-***>=2.8.0->apache-***-providers-amazon>=9.1.0->interpark==0.2.0->-r /tmp/venvrpqmu1yu/requirements.txt (line 1)) (2.2.3)
[2024-11-26T00:00:13.266+0000] {process_utils.py:194} INFO - Requirement already satisfied: apache-***-providers-common-io in /home/***/.local/lib/python3.12/site-packages (from apache-***>=2.8.0->apache-***-providers-amazon>=9.1.0->interpark==0.2.0->-r /tmp/venvrpqmu1yu/requirements.txt (line 1)) (1.4.2)
[2024-11-26T00:00:13.266+0000] {process_utils.py:194} INFO - Requirement already satisfied: apache-***-providers-fab>=1.0.2 in /home/***/.local/lib/python3.12/site-packages (from apache-***>=2.8.0->apache-***-providers-amazon>=9.1.0->interpark==0.2.0->-r /tmp/venvrpqmu1yu/requirements.txt (line 1)) (1.5.0)
[2024-11-26T00:00:13.267+0000] {process_utils.py:194} INFO - Requirement already satisfied: apache-***-providers-ftp in /home/***/.local/lib/python3.12/site-packages (from apache-***>=2.8.0->apache-***-providers-amazon>=9.1.0->interpark==0.2.0->-r /tmp/venvrpqmu1yu/requirements.txt (line 1)) (3.11.1)
[2024-11-26T00:00:13.267+0000] {process_utils.py:194} INFO - Requirement already satisfied: apache-***-providers-imap in /home/***/.local/lib/python3.12/site-packages (from apache-***>=2.8.0->apache-***-providers-amazon>=9.1.0->interpark==0.2.0->-r /tmp/venvrpqmu1yu/requirements.txt (line 1)) (3.7.0)
[2024-11-26T00:00:13.268+0000] {process_utils.py:194} INFO - Requirement already satisfied: apache-***-providers-smtp in /home/***/.local/lib/python3.12/site-packages (from apache-***>=2.8.0->apache-***-providers-amazon>=9.1.0->interpark==0.2.0->-r /tmp/venvrpqmu1yu/requirements.txt (line 1)) (1.8.0)
[2024-11-26T00:00:13.268+0000] {process_utils.py:194} INFO - Requirement already satisfied: apache-***-providers-sqlite in /home/***/.local/lib/python3.12/site-packages (from apache-***>=2.8.0->apache-***-providers-amazon>=9.1.0->interpark==0.2.0->-r /tmp/venvrpqmu1yu/requirements.txt (line 1)) (3.9.0)
[2024-11-26T00:00:13.273+0000] {process_utils.py:194} INFO - Requirement already satisfied: more-itertools>=9.0.0 in /home/***/.local/lib/python3.12/site-packages (from apache-***-providers-common-sql>=1.20.0->apache-***-providers-amazon>=9.1.0->interpark==0.2.0->-r /tmp/venvrpqmu1yu/requirements.txt (line 1)) (10.5.0)
[2024-11-26T00:00:13.273+0000] {process_utils.py:194} INFO - Requirement already satisfied: sqlparse>=0.5.1 in /home/***/.local/lib/python3.12/site-packages (from apache-***-providers-common-sql>=1.20.0->apache-***-providers-amazon>=9.1.0->interpark==0.2.0->-r /tmp/venvrpqmu1yu/requirements.txt (line 1)) (0.5.1)
[2024-11-26T00:00:13.280+0000] {process_utils.py:194} INFO - Requirement already satisfied: s3transfer<0.11.0,>=0.10.0 in /home/***/.local/lib/python3.12/site-packages (from boto3>=1.34.90->apache-***-providers-amazon>=9.1.0->interpark==0.2.0->-r /tmp/venvrpqmu1yu/requirements.txt (line 1)) (0.10.3)
[2024-11-26T00:00:13.302+0000] {process_utils.py:194} INFO - Requirement already satisfied: ply in /home/***/.local/lib/python3.12/site-packages (from jsonpath_ng>=1.5.3->apache-***-providers-amazon>=9.1.0->interpark==0.2.0->-r /tmp/venvrpqmu1yu/requirements.txt (line 1)) (3.11)
[2024-11-26T00:00:13.310+0000] {process_utils.py:194} INFO - Requirement already satisfied: lxml!=4.7.0,>=4.6.5 in /home/***/.local/lib/python3.12/site-packages (from python3-saml>=1.16.0->apache-***-providers-amazon>=9.1.0->interpark==0.2.0->-r /tmp/venvrpqmu1yu/requirements.txt (line 1)) (5.3.0)
[2024-11-26T00:00:13.311+0000] {process_utils.py:194} INFO - Requirement already satisfied: isodate>=0.6.1 in /home/***/.local/lib/python3.12/site-packages (from python3-saml>=1.16.0->apache-***-providers-amazon>=9.1.0->interpark==0.2.0->-r /tmp/venvrpqmu1yu/requirements.txt (line 1)) (0.7.2)
[2024-11-26T00:00:13.311+0000] {process_utils.py:194} INFO - Requirement already satisfied: xmlsec>=1.3.9 in /home/***/.local/lib/python3.12/site-packages (from python3-saml>=1.16.0->apache-***-providers-amazon>=9.1.0->interpark==0.2.0->-r /tmp/venvrpqmu1yu/requirements.txt (line 1)) (1.3.14)
[2024-11-26T00:00:13.316+0000] {process_utils.py:194} INFO - Requirement already satisfied: scramp<1.5.0,>=1.2.0 in /home/***/.local/lib/python3.12/site-packages (from redshift_connector>=2.0.918->apache-***-providers-amazon>=9.1.0->interpark==0.2.0->-r /tmp/venvrpqmu1yu/requirements.txt (line 1)) (1.4.5)
[2024-11-26T00:00:13.317+0000] {process_utils.py:194} INFO - Requirement already satisfied: pytz>=2020.1 in /home/***/.local/lib/python3.12/site-packages (from redshift_connector>=2.0.918->apache-***-providers-amazon>=9.1.0->interpark==0.2.0->-r /tmp/venvrpqmu1yu/requirements.txt (line 1)) (2024.2)
[2024-11-26T00:00:13.318+0000] {process_utils.py:194} INFO - Requirement already satisfied: setuptools in /home/***/.local/lib/python3.12/site-packages (from redshift_connector>=2.0.918->apache-***-providers-amazon>=9.1.0->interpark==0.2.0->-r /tmp/venvrpqmu1yu/requirements.txt (line 1)) (75.3.0)
[2024-11-26T00:00:13.322+0000] {process_utils.py:194} INFO - Requirement already satisfied: charset-normalizer<4,>=2 in /home/***/.local/lib/python3.12/site-packages (from requests->webdriver-manager>=4.0.2->interpark==0.2.0->-r /tmp/venvrpqmu1yu/requirements.txt (line 1)) (3.4.0)
[2024-11-26T00:00:13.323+0000] {process_utils.py:194} INFO - Requirement already satisfied: idna<4,>=2.5 in /home/***/.local/lib/python3.12/site-packages (from requests->webdriver-manager>=4.0.2->interpark==0.2.0->-r /tmp/venvrpqmu1yu/requirements.txt (line 1)) (3.10)
[2024-11-26T00:00:13.328+0000] {process_utils.py:194} INFO - Requirement already satisfied: sortedcontainers in /home/***/.local/lib/python3.12/site-packages (from trio~=0.17->selenium>=4.26.1->interpark==0.2.0->-r /tmp/venvrpqmu1yu/requirements.txt (line 1)) (2.4.0)
[2024-11-26T00:00:13.352+0000] {process_utils.py:194} INFO - Collecting outcome (from trio~=0.17->selenium>=4.26.1->interpark==0.2.0->-r /tmp/venvrpqmu1yu/requirements.txt (line 1))
[2024-11-26T00:00:13.355+0000] {process_utils.py:194} INFO -   Using cached outcome-1.3.0.post0-py2.py3-none-any.whl.metadata (2.6 kB)
[2024-11-26T00:00:13.359+0000] {process_utils.py:194} INFO - Requirement already satisfied: sniffio>=1.3.0 in /home/***/.local/lib/python3.12/site-packages (from trio~=0.17->selenium>=4.26.1->interpark==0.2.0->-r /tmp/venvrpqmu1yu/requirements.txt (line 1)) (1.3.1)
[2024-11-26T00:00:13.399+0000] {process_utils.py:194} INFO - Collecting wsproto>=0.14 (from trio-websocket~=0.9->selenium>=4.26.1->interpark==0.2.0->-r /tmp/venvrpqmu1yu/requirements.txt (line 1))
[2024-11-26T00:00:13.401+0000] {process_utils.py:194} INFO -   Using cached wsproto-1.2.0-py3-none-any.whl.metadata (5.6 kB)
[2024-11-26T00:00:13.439+0000] {process_utils.py:194} INFO - Collecting pysocks!=1.5.7,<2.0,>=1.5.6 (from urllib3[socks]<3,>=1.26->selenium>=4.26.1->interpark==0.2.0->-r /tmp/venvrpqmu1yu/requirements.txt (line 1))
[2024-11-26T00:00:13.441+0000] {process_utils.py:194} INFO -   Using cached PySocks-1.7.1-py3-none-any.whl.metadata (13 kB)
[2024-11-26T00:00:13.460+0000] {process_utils.py:194} INFO - Requirement already satisfied: aiohttp>=3.9.2 in /home/***/.local/lib/python3.12/site-packages (from apache-***-providers-http->apache-***-providers-amazon>=9.1.0->interpark==0.2.0->-r /tmp/venvrpqmu1yu/requirements.txt (line 1)) (3.10.10)
[2024-11-26T00:00:13.470+0000] {process_utils.py:194} INFO - Requirement already satisfied: aiohappyeyeballs>=2.3.0 in /home/***/.local/lib/python3.12/site-packages (from aiohttp>=3.9.2->apache-***-providers-http->apache-***-providers-amazon>=9.1.0->interpark==0.2.0->-r /tmp/venvrpqmu1yu/requirements.txt (line 1)) (2.4.3)
[2024-11-26T00:00:13.471+0000] {process_utils.py:194} INFO - Requirement already satisfied: aiosignal>=1.1.2 in /home/***/.local/lib/python3.12/site-packages (from aiohttp>=3.9.2->apache-***-providers-http->apache-***-providers-amazon>=9.1.0->interpark==0.2.0->-r /tmp/venvrpqmu1yu/requirements.txt (line 1)) (1.3.1)
[2024-11-26T00:00:13.472+0000] {process_utils.py:194} INFO - Requirement already satisfied: frozenlist>=1.1.1 in /home/***/.local/lib/python3.12/site-packages (from aiohttp>=3.9.2->apache-***-providers-http->apache-***-providers-amazon>=9.1.0->interpark==0.2.0->-r /tmp/venvrpqmu1yu/requirements.txt (line 1)) (1.5.0)
[2024-11-26T00:00:13.473+0000] {process_utils.py:194} INFO - Requirement already satisfied: multidict<7.0,>=4.5 in /home/***/.local/lib/python3.12/site-packages (from aiohttp>=3.9.2->apache-***-providers-http->apache-***-providers-amazon>=9.1.0->interpark==0.2.0->-r /tmp/venvrpqmu1yu/requirements.txt (line 1)) (6.1.0)
[2024-11-26T00:00:13.474+0000] {process_utils.py:194} INFO - Requirement already satisfied: yarl<2.0,>=1.12.0 in /home/***/.local/lib/python3.12/site-packages (from aiohttp>=3.9.2->apache-***-providers-http->apache-***-providers-amazon>=9.1.0->interpark==0.2.0->-r /tmp/venvrpqmu1yu/requirements.txt (line 1)) (1.17.1)
[2024-11-26T00:00:13.481+0000] {process_utils.py:194} INFO - Requirement already satisfied: Mako in /home/***/.local/lib/python3.12/site-packages (from alembic<2.0,>=1.13.1->apache-***>=2.8.0->apache-***-providers-amazon>=9.1.0->interpark==0.2.0->-r /tmp/venvrpqmu1yu/requirements.txt (line 1)) (1.3.6)
[2024-11-26T00:00:13.489+0000] {process_utils.py:194} INFO - Requirement already satisfied: flask-appbuilder==4.5.2 in /home/***/.local/lib/python3.12/site-packages (from apache-***-providers-fab>=1.0.2->apache-***>=2.8.0->apache-***-providers-amazon>=9.1.0->interpark==0.2.0->-r /tmp/venvrpqmu1yu/requirements.txt (line 1)) (4.5.2)
[2024-11-26T00:00:13.490+0000] {process_utils.py:194} INFO - Requirement already satisfied: flask-login>=0.6.2 in /home/***/.local/lib/python3.12/site-packages (from apache-***-providers-fab>=1.0.2->apache-***>=2.8.0->apache-***-providers-amazon>=9.1.0->interpark==0.2.0->-r /tmp/venvrpqmu1yu/requirements.txt (line 1)) (0.6.3)
[2024-11-26T00:00:13.503+0000] {process_utils.py:194} INFO - Requirement already satisfied: apispec<7,>=6.0.0 in /home/***/.local/lib/python3.12/site-packages (from apispec[yaml]<7,>=6.0.0->flask-appbuilder==4.5.2->apache-***-providers-fab>=1.0.2->apache-***>=2.8.0->apache-***-providers-amazon>=9.1.0->interpark==0.2.0->-r /tmp/venvrpqmu1yu/requirements.txt (line 1)) (6.7.1)
[2024-11-26T00:00:13.505+0000] {process_utils.py:194} INFO - Requirement already satisfied: colorama<1,>=0.3.9 in /home/***/.local/lib/python3.12/site-packages (from flask-appbuilder==4.5.2->apache-***-providers-fab>=1.0.2->apache-***>=2.8.0->apache-***-providers-amazon>=9.1.0->interpark==0.2.0->-r /tmp/venvrpqmu1yu/requirements.txt (line 1)) (0.4.6)
[2024-11-26T00:00:13.505+0000] {process_utils.py:194} INFO - Requirement already satisfied: click<9,>=8 in /home/***/.local/lib/python3.12/site-packages (from flask-appbuilder==4.5.2->apache-***-providers-fab>=1.0.2->apache-***>=2.8.0->apache-***-providers-amazon>=9.1.0->interpark==0.2.0->-r /tmp/venvrpqmu1yu/requirements.txt (line 1)) (8.1.7)
[2024-11-26T00:00:13.506+0000] {process_utils.py:194} INFO - Requirement already satisfied: email-validator>=1.0.5 in /home/***/.local/lib/python3.12/site-packages (from flask-appbuilder==4.5.2->apache-***-providers-fab>=1.0.2->apache-***>=2.8.0->apache-***-providers-amazon>=9.1.0->interpark==0.2.0->-r /tmp/venvrpqmu1yu/requirements.txt (line 1)) (2.2.0)
[2024-11-26T00:00:13.507+0000] {process_utils.py:194} INFO - Requirement already satisfied: Flask-Babel<3,>=1 in /home/***/.local/lib/python3.12/site-packages (from flask-appbuilder==4.5.2->apache-***-providers-fab>=1.0.2->apache-***>=2.8.0->apache-***-providers-amazon>=9.1.0->interpark==0.2.0->-r /tmp/venvrpqmu1yu/requirements.txt (line 1)) (2.0.0)
[2024-11-26T00:00:13.508+0000] {process_utils.py:194} INFO - Requirement already satisfied: Flask-Limiter<4,>3 in /home/***/.local/lib/python3.12/site-packages (from flask-appbuilder==4.5.2->apache-***-providers-fab>=1.0.2->apache-***>=2.8.0->apache-***-providers-amazon>=9.1.0->interpark==0.2.0->-r /tmp/venvrpqmu1yu/requirements.txt (line 1)) (3.8.0)
[2024-11-26T00:00:13.509+0000] {process_utils.py:194} INFO - Requirement already satisfied: Flask-SQLAlchemy<3,>=2.4 in /home/***/.local/lib/python3.12/site-packages (from flask-appbuilder==4.5.2->apache-***-providers-fab>=1.0.2->apache-***>=2.8.0->apache-***-providers-amazon>=9.1.0->interpark==0.2.0->-r /tmp/venvrpqmu1yu/requirements.txt (line 1)) (2.5.1)
[2024-11-26T00:00:13.510+0000] {process_utils.py:194} INFO - Requirement already satisfied: Flask-JWT-Extended<5.0.0,>=4.0.0 in /home/***/.local/lib/python3.12/site-packages (from flask-appbuilder==4.5.2->apache-***-providers-fab>=1.0.2->apache-***>=2.8.0->apache-***-providers-amazon>=9.1.0->interpark==0.2.0->-r /tmp/venvrpqmu1yu/requirements.txt (line 1)) (4.6.0)
[2024-11-26T00:00:13.511+0000] {process_utils.py:194} INFO - Requirement already satisfied: marshmallow<4,>=3.18.0 in /home/***/.local/lib/python3.12/site-packages (from flask-appbuilder==4.5.2->apache-***-providers-fab>=1.0.2->apache-***>=2.8.0->apache-***-providers-amazon>=9.1.0->interpark==0.2.0->-r /tmp/venvrpqmu1yu/requirements.txt (line 1)) (3.23.1)
[2024-11-26T00:00:13.511+0000] {process_utils.py:194} INFO - Requirement already satisfied: marshmallow-sqlalchemy<0.29.0,>=0.22.0 in /home/***/.local/lib/python3.12/site-packages (from flask-appbuilder==4.5.2->apache-***-providers-fab>=1.0.2->apache-***>=2.8.0->apache-***-providers-amazon>=9.1.0->interpark==0.2.0->-r /tmp/venvrpqmu1yu/requirements.txt (line 1)) (0.28.2)
[2024-11-26T00:00:13.512+0000] {process_utils.py:194} INFO - Requirement already satisfied: prison<1.0.0,>=0.2.1 in /home/***/.local/lib/python3.12/site-packages (from flask-appbuilder==4.5.2->apache-***-providers-fab>=1.0.2->apache-***>=2.8.0->apache-***-providers-amazon>=9.1.0->interpark==0.2.0->-r /tmp/venvrpqmu1yu/requirements.txt (line 1)) (0.2.1)
[2024-11-26T00:00:13.514+0000] {process_utils.py:194} INFO - Requirement already satisfied: sqlalchemy-utils<1,>=0.32.21 in /home/***/.local/lib/python3.12/site-packages (from flask-appbuilder==4.5.2->apache-***-providers-fab>=1.0.2->apache-***>=2.8.0->apache-***-providers-amazon>=9.1.0->interpark==0.2.0->-r /tmp/venvrpqmu1yu/requirements.txt (line 1)) (0.41.2)
[2024-11-26T00:00:13.514+0000] {process_utils.py:194} INFO - Requirement already satisfied: WTForms<4 in /home/***/.local/lib/python3.12/site-packages (from flask-appbuilder==4.5.2->apache-***-providers-fab>=1.0.2->apache-***>=2.8.0->apache-***-providers-amazon>=9.1.0->interpark==0.2.0->-r /tmp/venvrpqmu1yu/requirements.txt (line 1)) (3.2.1)
[2024-11-26T00:00:13.572+0000] {process_utils.py:194} INFO - Requirement already satisfied: clickclick<21,>=1.2 in /home/***/.local/lib/python3.12/site-packages (from connexion<3.0,>=2.14.2->connexion[flask]<3.0,>=2.14.2->apache-***>=2.8.0->apache-***-providers-amazon>=9.1.0->interpark==0.2.0->-r /tmp/venvrpqmu1yu/requirements.txt (line 1)) (20.10.2)
[2024-11-26T00:00:13.573+0000] {process_utils.py:194} INFO - Requirement already satisfied: PyYAML<7,>=5.1 in /home/***/.local/lib/python3.12/site-packages (from connexion<3.0,>=2.14.2->connexion[flask]<3.0,>=2.14.2->apache-***>=2.8.0->apache-***-providers-amazon>=9.1.0->interpark==0.2.0->-r /tmp/venvrpqmu1yu/requirements.txt (line 1)) (6.0.2)
[2024-11-26T00:00:13.609+0000] {process_utils.py:194} INFO - Requirement already satisfied: cffi>=1.12 in /home/***/.local/lib/python3.12/site-packages (from cryptography>=41.0.0->apache-***>=2.8.0->apache-***-providers-amazon>=9.1.0->interpark==0.2.0->-r /tmp/venvrpqmu1yu/requirements.txt (line 1)) (1.17.1)
[2024-11-26T00:00:13.616+0000] {process_utils.py:194} INFO - Requirement already satisfied: wrapt<2,>=1.10 in /home/***/.local/lib/python3.12/site-packages (from deprecated>=1.2.13->apache-***>=2.8.0->apache-***-providers-amazon>=9.1.0->interpark==0.2.0->-r /tmp/venvrpqmu1yu/requirements.txt (line 1)) (1.16.0)
[2024-11-26T00:00:13.637+0000] {process_utils.py:194} INFO - Requirement already satisfied: cachelib<0.10.0,>=0.9.0 in /home/***/.local/lib/python3.12/site-packages (from flask-caching>=2.0.0->apache-***>=2.8.0->apache-***-providers-amazon>=9.1.0->interpark==0.2.0->-r /tmp/venvrpqmu1yu/requirements.txt (line 1)) (0.9.0)
[2024-11-26T00:00:13.698+0000] {process_utils.py:194} INFO - Requirement already satisfied: anyio in /home/***/.local/lib/python3.12/site-packages (from httpx>=0.25.0->apache-***>=2.8.0->apache-***-providers-amazon>=9.1.0->interpark==0.2.0->-r /tmp/venvrpqmu1yu/requirements.txt (line 1)) (4.6.2.post1)
[2024-11-26T00:00:13.699+0000] {process_utils.py:194} INFO - Requirement already satisfied: httpcore==1.* in /home/***/.local/lib/python3.12/site-packages (from httpx>=0.25.0->apache-***>=2.8.0->apache-***-providers-amazon>=9.1.0->interpark==0.2.0->-r /tmp/venvrpqmu1yu/requirements.txt (line 1)) (1.0.6)
[2024-11-26T00:00:13.707+0000] {process_utils.py:194} INFO - Requirement already satisfied: h11<0.15,>=0.13 in /home/***/.local/lib/python3.12/site-packages (from httpcore==1.*->httpx>=0.25.0->apache-***>=2.8.0->apache-***-providers-amazon>=9.1.0->interpark==0.2.0->-r /tmp/venvrpqmu1yu/requirements.txt (line 1)) (0.14.0)
[2024-11-26T00:00:13.744+0000] {process_utils.py:194} INFO - Requirement already satisfied: jsonschema-specifications>=2023.03.6 in /home/***/.local/lib/python3.12/site-packages (from jsonschema>=4.18.0->apache-***>=2.8.0->apache-***-providers-amazon>=9.1.0->interpark==0.2.0->-r /tmp/venvrpqmu1yu/requirements.txt (line 1)) (2023.12.1)
[2024-11-26T00:00:13.745+0000] {process_utils.py:194} INFO - Requirement already satisfied: referencing>=0.28.4 in /home/***/.local/lib/python3.12/site-packages (from jsonschema>=4.18.0->apache-***>=2.8.0->apache-***-providers-amazon>=9.1.0->interpark==0.2.0->-r /tmp/venvrpqmu1yu/requirements.txt (line 1)) (0.35.1)
[2024-11-26T00:00:13.746+0000] {process_utils.py:194} INFO - Requirement already satisfied: rpds-py>=0.7.1 in /home/***/.local/lib/python3.12/site-packages (from jsonschema>=4.18.0->apache-***>=2.8.0->apache-***-providers-amazon>=9.1.0->interpark==0.2.0->-r /tmp/venvrpqmu1yu/requirements.txt (line 1)) (0.20.1)
[2024-11-26T00:00:13.761+0000] {process_utils.py:194} INFO - Requirement already satisfied: uc-micro-py in /home/***/.local/lib/python3.12/site-packages (from linkify-it-py>=2.0.0->apache-***>=2.8.0->apache-***-providers-amazon>=9.1.0->interpark==0.2.0->-r /tmp/venvrpqmu1yu/requirements.txt (line 1)) (1.0.3)
[2024-11-26T00:00:13.787+0000] {process_utils.py:194} INFO - Requirement already satisfied: mdurl~=0.1 in /home/***/.local/lib/python3.12/site-packages (from markdown-it-py>=2.1.0->apache-***>=2.8.0->apache-***-providers-amazon>=9.1.0->interpark==0.2.0->-r /tmp/venvrpqmu1yu/requirements.txt (line 1)) (0.1.2)
[2024-11-26T00:00:13.809+0000] {process_utils.py:194} INFO - Requirement already satisfied: wirerope>=0.4.7 in /home/***/.local/lib/python3.12/site-packages (from methodtools>=0.4.7->apache-***>=2.8.0->apache-***-providers-amazon>=9.1.0->interpark==0.2.0->-r /tmp/venvrpqmu1yu/requirements.txt (line 1)) (0.4.7)
[2024-11-26T00:00:13.817+0000] {process_utils.py:194} INFO - Requirement already satisfied: importlib-metadata<=8.4.0,>=6.0 in /home/***/.local/lib/python3.12/site-packages (from opentelemetry-api>=1.15.0->apache-***>=2.8.0->apache-***-providers-amazon>=9.1.0->interpark==0.2.0->-r /tmp/venvrpqmu1yu/requirements.txt (line 1)) (6.11.0)
[2024-11-26T00:00:13.822+0000] {process_utils.py:194} INFO - Requirement already satisfied: opentelemetry-exporter-otlp-proto-grpc==1.27.0 in /home/***/.local/lib/python3.12/site-packages (from opentelemetry-exporter-otlp>=1.15.0->apache-***>=2.8.0->apache-***-providers-amazon>=9.1.0->interpark==0.2.0->-r /tmp/venvrpqmu1yu/requirements.txt (line 1)) (1.27.0)
[2024-11-26T00:00:13.823+0000] {process_utils.py:194} INFO - Requirement already satisfied: opentelemetry-exporter-otlp-proto-http==1.27.0 in /home/***/.local/lib/python3.12/site-packages (from opentelemetry-exporter-otlp>=1.15.0->apache-***>=2.8.0->apache-***-providers-amazon>=9.1.0->interpark==0.2.0->-r /tmp/venvrpqmu1yu/requirements.txt (line 1)) (1.27.0)
[2024-11-26T00:00:13.828+0000] {process_utils.py:194} INFO - Requirement already satisfied: googleapis-common-protos~=1.52 in /home/***/.local/lib/python3.12/site-packages (from opentelemetry-exporter-otlp-proto-grpc==1.27.0->opentelemetry-exporter-otlp>=1.15.0->apache-***>=2.8.0->apache-***-providers-amazon>=9.1.0->interpark==0.2.0->-r /tmp/venvrpqmu1yu/requirements.txt (line 1)) (1.65.0)
[2024-11-26T00:00:13.830+0000] {process_utils.py:194} INFO - Requirement already satisfied: grpcio<2.0.0,>=1.0.0 in /home/***/.local/lib/python3.12/site-packages (from opentelemetry-exporter-otlp-proto-grpc==1.27.0->opentelemetry-exporter-otlp>=1.15.0->apache-***>=2.8.0->apache-***-providers-amazon>=9.1.0->interpark==0.2.0->-r /tmp/venvrpqmu1yu/requirements.txt (line 1)) (1.67.1)
[2024-11-26T00:00:13.831+0000] {process_utils.py:194} INFO - Requirement already satisfied: opentelemetry-exporter-otlp-proto-common==1.27.0 in /home/***/.local/lib/python3.12/site-packages (from opentelemetry-exporter-otlp-proto-grpc==1.27.0->opentelemetry-exporter-otlp>=1.15.0->apache-***>=2.8.0->apache-***-providers-amazon>=9.1.0->interpark==0.2.0->-r /tmp/venvrpqmu1yu/requirements.txt (line 1)) (1.27.0)
[2024-11-26T00:00:13.831+0000] {process_utils.py:194} INFO - Requirement already satisfied: opentelemetry-proto==1.27.0 in /home/***/.local/lib/python3.12/site-packages (from opentelemetry-exporter-otlp-proto-grpc==1.27.0->opentelemetry-exporter-otlp>=1.15.0->apache-***>=2.8.0->apache-***-providers-amazon>=9.1.0->interpark==0.2.0->-r /tmp/venvrpqmu1yu/requirements.txt (line 1)) (1.27.0)
[2024-11-26T00:00:13.832+0000] {process_utils.py:194} INFO - Requirement already satisfied: opentelemetry-sdk~=1.27.0 in /home/***/.local/lib/python3.12/site-packages (from opentelemetry-exporter-otlp-proto-grpc==1.27.0->opentelemetry-exporter-otlp>=1.15.0->apache-***>=2.8.0->apache-***-providers-amazon>=9.1.0->interpark==0.2.0->-r /tmp/venvrpqmu1yu/requirements.txt (line 1)) (1.27.0)
[2024-11-26T00:00:13.850+0000] {process_utils.py:194} INFO - Requirement already satisfied: protobuf<5.0,>=3.19 in /home/***/.local/lib/python3.12/site-packages (from opentelemetry-proto==1.27.0->opentelemetry-exporter-otlp-proto-grpc==1.27.0->opentelemetry-exporter-otlp>=1.15.0->apache-***>=2.8.0->apache-***-providers-amazon>=9.1.0->interpark==0.2.0->-r /tmp/venvrpqmu1yu/requirements.txt (line 1)) (4.25.5)
[2024-11-26T00:00:13.860+0000] {process_utils.py:194} INFO - Requirement already satisfied: tzdata>=2020.1 in /home/***/.local/lib/python3.12/site-packages (from pendulum<4.0,>=3.0.0->apache-***>=2.8.0->apache-***-providers-amazon>=9.1.0->interpark==0.2.0->-r /tmp/venvrpqmu1yu/requirements.txt (line 1)) (2024.2)
[2024-11-26T00:00:13.861+0000] {process_utils.py:194} INFO - Requirement already satisfied: time-machine>=2.6.0 in /home/***/.local/lib/python3.12/site-packages (from pendulum<4.0,>=3.0.0->apache-***>=2.8.0->apache-***-providers-amazon>=9.1.0->interpark==0.2.0->-r /tmp/venvrpqmu1yu/requirements.txt (line 1)) (2.16.0)
[2024-11-26T00:00:13.894+0000] {process_utils.py:194} INFO - Requirement already satisfied: six>=1.5 in /home/***/.local/lib/python3.12/site-packages (from python-dateutil>=2.7.0->apache-***>=2.8.0->apache-***-providers-amazon>=9.1.0->interpark==0.2.0->-r /tmp/venvrpqmu1yu/requirements.txt (line 1)) (1.16.0)
[2024-11-26T00:00:13.904+0000] {process_utils.py:194} INFO - Requirement already satisfied: text-unidecode>=1.3 in /home/***/.local/lib/python3.12/site-packages (from python-slugify>=5.0->apache-***>=2.8.0->apache-***-providers-amazon>=9.1.0->interpark==0.2.0->-r /tmp/venvrpqmu1yu/requirements.txt (line 1)) (1.3)
[2024-11-26T00:00:13.938+0000] {process_utils.py:194} INFO - Requirement already satisfied: asn1crypto>=1.5.1 in /home/***/.local/lib/python3.12/site-packages (from scramp<1.5.0,>=1.2.0->redshift_connector>=2.0.918->apache-***-providers-amazon>=9.1.0->interpark==0.2.0->-r /tmp/venvrpqmu1yu/requirements.txt (line 1)) (1.5.1)
[2024-11-26T00:00:13.969+0000] {process_utils.py:194} INFO - Requirement already satisfied: greenlet!=0.4.17 in /home/***/.local/lib/python3.12/site-packages (from sqlalchemy<2.0,>=1.4.36->apache-***>=2.8.0->apache-***-providers-amazon>=9.1.0->interpark==0.2.0->-r /tmp/venvrpqmu1yu/requirements.txt (line 1)) (3.1.1)
[2024-11-26T00:00:14.121+0000] {process_utils.py:194} INFO - Requirement already satisfied: pycparser in /home/***/.local/lib/python3.12/site-packages (from cffi>=1.12->cryptography>=41.0.0->apache-***>=2.8.0->apache-***-providers-amazon>=9.1.0->interpark==0.2.0->-r /tmp/venvrpqmu1yu/requirements.txt (line 1)) (2.22)
[2024-11-26T00:00:14.166+0000] {process_utils.py:194} INFO - Requirement already satisfied: zipp>=0.5 in /home/***/.local/lib/python3.12/site-packages (from importlib-metadata<=8.4.0,>=6.0->opentelemetry-api>=1.15.0->apache-***>=2.8.0->apache-***-providers-amazon>=9.1.0->interpark==0.2.0->-r /tmp/venvrpqmu1yu/requirements.txt (line 1)) (3.20.2)
[2024-11-26T00:00:14.258+0000] {process_utils.py:194} INFO - Requirement already satisfied: propcache>=0.2.0 in /home/***/.local/lib/python3.12/site-packages (from yarl<2.0,>=1.12.0->aiohttp>=3.9.2->apache-***-providers-http->apache-***-providers-amazon>=9.1.0->interpark==0.2.0->-r /tmp/venvrpqmu1yu/requirements.txt (line 1)) (0.2.0)
[2024-11-26T00:00:14.335+0000] {process_utils.py:194} INFO - Requirement already satisfied: Babel>=2.3 in /home/***/.local/lib/python3.12/site-packages (from Flask-Babel<3,>=1->flask-appbuilder==4.5.2->apache-***-providers-fab>=1.0.2->apache-***>=2.8.0->apache-***-providers-amazon>=9.1.0->interpark==0.2.0->-r /tmp/venvrpqmu1yu/requirements.txt (line 1)) (2.16.0)
[2024-11-26T00:00:14.361+0000] {process_utils.py:194} INFO - Requirement already satisfied: limits>=3.13 in /home/***/.local/lib/python3.12/site-packages (from Flask-Limiter<4,>3->flask-appbuilder==4.5.2->apache-***-providers-fab>=1.0.2->apache-***>=2.8.0->apache-***-providers-amazon>=9.1.0->interpark==0.2.0->-r /tmp/venvrpqmu1yu/requirements.txt (line 1)) (3.13.0)
[2024-11-26T00:00:14.363+0000] {process_utils.py:194} INFO - Requirement already satisfied: ordered-set<5,>4 in /home/***/.local/lib/python3.12/site-packages (from Flask-Limiter<4,>3->flask-appbuilder==4.5.2->apache-***-providers-fab>=1.0.2->apache-***>=2.8.0->apache-***-providers-amazon>=9.1.0->interpark==0.2.0->-r /tmp/venvrpqmu1yu/requirements.txt (line 1)) (4.1.0)
[2024-11-26T00:00:14.405+0000] {process_utils.py:194} INFO - Requirement already satisfied: opentelemetry-semantic-conventions==0.48b0 in /home/***/.local/lib/python3.12/site-packages (from opentelemetry-sdk~=1.27.0->opentelemetry-exporter-otlp-proto-grpc==1.27.0->opentelemetry-exporter-otlp>=1.15.0->apache-***>=2.8.0->apache-***-providers-amazon>=9.1.0->interpark==0.2.0->-r /tmp/venvrpqmu1yu/requirements.txt (line 1)) (0.48b0)
[2024-11-26T00:00:14.469+0000] {process_utils.py:194} INFO - Requirement already satisfied: importlib-resources>=1.3 in /home/***/.local/lib/python3.12/site-packages (from limits>=3.13->Flask-Limiter<4,>3->flask-appbuilder==4.5.2->apache-***-providers-fab>=1.0.2->apache-***>=2.8.0->apache-***-providers-amazon>=9.1.0->interpark==0.2.0->-r /tmp/venvrpqmu1yu/requirements.txt (line 1)) (6.4.5)
[2024-11-26T00:00:14.496+0000] {process_utils.py:194} INFO - Using cached apache_***_providers_amazon-9.1.0-py3-none-any.whl (596 kB)
[2024-11-26T00:00:14.499+0000] {process_utils.py:194} INFO - Using cached chromedriver_autoinstaller-0.6.4-py3-none-any.whl (7.6 kB)
[2024-11-26T00:00:14.500+0000] {process_utils.py:194} INFO - Using cached pymongo-4.10.1-cp312-cp312-manylinux_2_17_x86_64.manylinux2014_x86_64.whl (1.9 MB)
[2024-11-26T00:00:14.503+0000] {process_utils.py:194} INFO - Using cached selenium-4.27.0-py3-none-any.whl (9.7 MB)
[2024-11-26T00:00:14.511+0000] {process_utils.py:194} INFO - Using cached webdriver_manager-4.0.2-py2.py3-none-any.whl (27 kB)
[2024-11-26T00:00:14.513+0000] {process_utils.py:194} INFO - Using cached apache_***_providers_common_sql-1.20.0-py3-none-any.whl (47 kB)
[2024-11-26T00:00:14.514+0000] {process_utils.py:194} INFO - Using cached trio-0.27.0-py3-none-any.whl (481 kB)
[2024-11-26T00:00:14.516+0000] {process_utils.py:194} INFO - Using cached trio_websocket-0.11.1-py3-none-any.whl (17 kB)
[2024-11-26T00:00:14.517+0000] {process_utils.py:194} INFO - Using cached PySocks-1.7.1-py3-none-any.whl (16 kB)
[2024-11-26T00:00:14.519+0000] {process_utils.py:194} INFO - Using cached wsproto-1.2.0-py3-none-any.whl (24 kB)
[2024-11-26T00:00:14.520+0000] {process_utils.py:194} INFO - Using cached outcome-1.3.0.post0-py2.py3-none-any.whl (10 kB)
[2024-11-26T00:00:14.554+0000] {process_utils.py:194} INFO - Building wheels for collected packages: interpark
[2024-11-26T00:00:14.560+0000] {process_utils.py:194} INFO -   Building wheel for interpark (pyproject.toml): started
[2024-11-26T00:00:15.371+0000] {process_utils.py:194} INFO -   Building wheel for interpark (pyproject.toml): finished with status 'done'
[2024-11-26T00:00:15.372+0000] {process_utils.py:194} INFO -   Created wheel for interpark: filename=interpark-0.2.0-py3-none-any.whl size=25791 sha256=eef97bc27025c640593231ec7c9f9fcc2fd10f2e78686aab6fb3d02afc2f1aac
[2024-11-26T00:00:15.373+0000] {process_utils.py:194} INFO -   Stored in directory: /tmp/pip-ephem-wheel-cache-al831ag8/wheels/3b/e3/3f/2198c53e48ab1c477124eda1522aad636d2590cc0e6349feda
[2024-11-26T00:00:15.375+0000] {process_utils.py:194} INFO - Successfully built interpark
[2024-11-26T00:00:15.889+0000] {process_utils.py:194} INFO - Installing collected packages: wsproto, pysocks, pymongo, outcome, chromedriver-autoinstaller, webdriver-manager, trio, trio-websocket, selenium, apache-***-providers-common-sql, apache-***-providers-amazon, interpark
[2024-11-26T00:00:18.068+0000] {process_utils.py:194} INFO -   Attempting uninstall: apache-***-providers-common-sql
[2024-11-26T00:00:18.083+0000] {process_utils.py:194} INFO -     Found existing installation: apache-***-providers-common-sql 1.19.0
[2024-11-26T00:00:18.084+0000] {process_utils.py:194} INFO -     Not uninstalling apache-***-providers-common-sql at /home/***/.local/lib/python3.12/site-packages, outside environment /tmp/venvrpqmu1yu
[2024-11-26T00:00:18.084+0000] {process_utils.py:194} INFO -     Can't uninstall 'apache-***-providers-common-sql'. No files were found to uninstall.
[2024-11-26T00:00:18.126+0000] {process_utils.py:194} INFO -   Attempting uninstall: apache-***-providers-amazon
[2024-11-26T00:00:18.132+0000] {process_utils.py:194} INFO -     Found existing installation: apache-***-providers-amazon 9.0.0
[2024-11-26T00:00:18.133+0000] {process_utils.py:194} INFO -     Not uninstalling apache-***-providers-amazon at /home/***/.local/lib/python3.12/site-packages, outside environment /tmp/venvrpqmu1yu
[2024-11-26T00:00:18.133+0000] {process_utils.py:194} INFO -     Can't uninstall 'apache-***-providers-amazon'. No files were found to uninstall.
[2024-11-26T00:00:18.582+0000] {process_utils.py:194} INFO - Successfully installed apache-***-providers-amazon-9.1.0 apache-***-providers-common-sql-1.20.0 chromedriver-autoinstaller-0.6.4 interpark-0.2.0 outcome-1.3.0.post0 pymongo-4.10.1 pysocks-1.7.1 selenium-4.27.0 trio-0.27.0 trio-websocket-0.11.1 webdriver-manager-4.0.2 wsproto-1.2.0
[2024-11-26T00:00:19.014+0000] {process_utils.py:186} INFO - Executing cmd: /tmp/venvrpqmu1yu/bin/python /tmp/venv-calldy3m_ijn/script.py /tmp/venv-calldy3m_ijn/script.in /tmp/venv-calldy3m_ijn/script.out /tmp/venv-calldy3m_ijn/string_args.txt /tmp/venv-calldy3m_ijn/termination.log
[2024-11-26T00:00:19.015+0000] {process_utils.py:190} INFO - Output:
[2024-11-26T00:00:21.789+0000] {process_utils.py:194} INFO - /home/***/.local/lib/python3.12/site-packages/***/configuration.py:859 FutureWarning: section/key [core/sql_alchemy_conn] has been deprecated, you should use[database/sql_alchemy_conn] instead. Please update your `conf.get*` call to use the new name
[2024-11-26T00:00:23.635+0000] {process_utils.py:194} INFO - [2024-11-26T00:00:23.632+0000] {logger.py:11} INFO - ====== WebDriver manager ======
[2024-11-26T00:00:23.937+0000] {process_utils.py:194} INFO - [2024-11-26T00:00:23.937+0000] {logger.py:11} INFO - Get LATEST chromedriver version for google-chrome
[2024-11-26T00:00:23.975+0000] {process_utils.py:194} INFO - [2024-11-26T00:00:23.974+0000] {logger.py:11} INFO - Get LATEST chromedriver version for google-chrome
[2024-11-26T00:00:24.005+0000] {process_utils.py:194} INFO - [2024-11-26T00:00:24.004+0000] {logger.py:11} INFO - Get LATEST chromedriver version for google-chrome
[2024-11-26T00:00:24.093+0000] {process_utils.py:194} INFO - [2024-11-26T00:00:24.092+0000] {logger.py:11} INFO - WebDriver version 131.0.6778.85 selected
[2024-11-26T00:00:24.096+0000] {process_utils.py:194} INFO - [2024-11-26T00:00:24.096+0000] {logger.py:11} INFO - Modern chrome version https://storage.googleapis.com/chrome-for-testing-public/131.0.6778.85/linux64/chromedriver-linux64.zip
[2024-11-26T00:00:24.097+0000] {process_utils.py:194} INFO - [2024-11-26T00:00:24.096+0000] {logger.py:11} INFO - About to download new driver from https://storage.googleapis.com/chrome-for-testing-public/131.0.6778.85/linux64/chromedriver-linux64.zip
[2024-11-26T00:00:24.168+0000] {process_utils.py:194} INFO - [2024-11-26T00:00:24.167+0000] {logger.py:11} INFO - Driver downloading response is 200
[2024-11-26T00:00:24.981+0000] {process_utils.py:194} INFO - [2024-11-26T00:00:24.980+0000] {logger.py:11} INFO - Get LATEST chromedriver version for google-chrome
[2024-11-26T00:00:25.023+0000] {process_utils.py:194} INFO - [2024-11-26T00:00:25.022+0000] {logger.py:11} INFO - Driver has been saved in cache [/home/***/.wdm/drivers/chromedriver/linux64/131.0.6778.85]
[2024-11-26T00:00:27.118+0000] {process_utils.py:194} INFO - https://tickets.interpark.com/goods/24016386?  ...
[2024-11-26T00:00:27.119+0000] {process_utils.py:194} INFO - container  HTML  
[2024-11-26T00:00:27.119+0000] {process_utils.py:194} INFO - <div id="container"><div class="leftWingWrapper"><ul></ul></div><div class="contents" style=""></div></div>
[2024-11-26T00:00:27.119+0000] {process_utils.py:194} INFO - [2024-11-26T00:00:27.117+0000] {base.py:84} INFO - Retrieving connection 'interpark'
[2024-11-26T00:00:27.120+0000] {process_utils.py:194} INFO - [2024-11-26T00:00:27.118+0000] {connection_wrapper.py:325} INFO - AWS Connection (conn_id='interpark', conn_type='aws') credentials retrieved from login and password.
[2024-11-26T00:00:27.522+0000] {process_utils.py:194} INFO - S3  : t1-tu-data/interpark/test.html
[2024-11-26T00:00:28.267+0000] {python.py:240} INFO - Done. Returned value was: None
[2024-11-26T00:00:28.275+0000] {taskinstance.py:340} INFO - ::group::Post task execution logs
[2024-11-26T00:00:28.276+0000] {taskinstance.py:352} INFO - Marking task as SUCCESS. dag_id=interpark_to_s3, task_id=extract, run_id=scheduled__2024-11-25T00:00:00+00:00, execution_date=20241125T000000, start_date=20241126T000001, end_date=20241126T000028
[2024-11-26T00:00:28.322+0000] {local_task_job_runner.py:266} INFO - Task exited with return code 0
[2024-11-26T00:00:28.343+0000] {taskinstance.py:3895} INFO - 0 downstream tasks scheduled from follow-on schedule check
[2024-11-26T00:00:28.351+0000] {local_task_job_runner.py:245} INFO - ::endgroup::
