[2024-11-25T10:57:16.289+0000] {processor.py:186} INFO - Started process (PID=1390) to work on /opt/airflow/dags/raw_ticket_s3.py
[2024-11-25T10:57:16.291+0000] {processor.py:914} INFO - Processing file /opt/airflow/dags/raw_ticket_s3.py for tasks to queue
[2024-11-25T10:57:16.294+0000] {logging_mixin.py:190} INFO - [2024-11-25T10:57:16.293+0000] {dagbag.py:588} INFO - Filling up the DagBag from /opt/airflow/dags/raw_ticket_s3.py
[2024-11-25T10:57:16.321+0000] {processor.py:925} INFO - DAG(s) 'open_interpark_to_S3' retrieved from /opt/airflow/dags/raw_ticket_s3.py
[2024-11-25T10:57:16.627+0000] {logging_mixin.py:190} INFO - [2024-11-25T10:57:16.626+0000] {dag.py:3239} INFO - Sync 1 DAGs
[2024-11-25T10:57:16.664+0000] {logging_mixin.py:190} INFO - [2024-11-25T10:57:16.663+0000] {dag.py:4180} INFO - Setting next_dagrun for open_interpark_to_S3 to 2024-11-25 00:00:00+00:00, run_after=2024-11-26 00:00:00+00:00
[2024-11-25T10:57:16.712+0000] {processor.py:208} INFO - Processing /opt/airflow/dags/raw_ticket_s3.py took 0.440 seconds
[2024-11-25T10:57:46.769+0000] {processor.py:186} INFO - Started process (PID=1394) to work on /opt/airflow/dags/raw_ticket_s3.py
[2024-11-25T10:57:46.771+0000] {processor.py:914} INFO - Processing file /opt/airflow/dags/raw_ticket_s3.py for tasks to queue
[2024-11-25T10:57:46.774+0000] {logging_mixin.py:190} INFO - [2024-11-25T10:57:46.773+0000] {dagbag.py:588} INFO - Filling up the DagBag from /opt/airflow/dags/raw_ticket_s3.py
[2024-11-25T10:57:46.805+0000] {processor.py:925} INFO - DAG(s) 'open_interpark_to_S3' retrieved from /opt/airflow/dags/raw_ticket_s3.py
[2024-11-25T10:57:46.864+0000] {logging_mixin.py:190} INFO - [2024-11-25T10:57:46.864+0000] {dag.py:3239} INFO - Sync 1 DAGs
[2024-11-25T10:57:46.910+0000] {logging_mixin.py:190} INFO - [2024-11-25T10:57:46.910+0000] {dag.py:4180} INFO - Setting next_dagrun for open_interpark_to_S3 to 2024-11-25 00:00:00+00:00, run_after=2024-11-26 00:00:00+00:00
[2024-11-25T10:57:46.959+0000] {processor.py:208} INFO - Processing /opt/airflow/dags/raw_ticket_s3.py took 0.202 seconds
[2024-11-25T10:58:17.314+0000] {processor.py:186} INFO - Started process (PID=1397) to work on /opt/airflow/dags/raw_ticket_s3.py
[2024-11-25T10:58:17.324+0000] {processor.py:914} INFO - Processing file /opt/airflow/dags/raw_ticket_s3.py for tasks to queue
[2024-11-25T10:58:17.325+0000] {logging_mixin.py:190} INFO - [2024-11-25T10:58:17.325+0000] {dagbag.py:588} INFO - Filling up the DagBag from /opt/airflow/dags/raw_ticket_s3.py
[2024-11-25T10:58:17.346+0000] {processor.py:925} INFO - DAG(s) 'open_interpark_to_S3' retrieved from /opt/airflow/dags/raw_ticket_s3.py
[2024-11-25T10:58:17.365+0000] {logging_mixin.py:190} INFO - [2024-11-25T10:58:17.365+0000] {dag.py:3239} INFO - Sync 1 DAGs
[2024-11-25T10:58:17.410+0000] {logging_mixin.py:190} INFO - [2024-11-25T10:58:17.410+0000] {dag.py:4180} INFO - Setting next_dagrun for open_interpark_to_S3 to 2024-11-25 00:00:00+00:00, run_after=2024-11-26 00:00:00+00:00
[2024-11-25T10:58:17.470+0000] {processor.py:208} INFO - Processing /opt/airflow/dags/raw_ticket_s3.py took 0.166 seconds
[2024-11-25T10:58:48.031+0000] {processor.py:186} INFO - Started process (PID=1401) to work on /opt/airflow/dags/raw_ticket_s3.py
[2024-11-25T10:58:48.033+0000] {processor.py:914} INFO - Processing file /opt/airflow/dags/raw_ticket_s3.py for tasks to queue
[2024-11-25T10:58:48.035+0000] {logging_mixin.py:190} INFO - [2024-11-25T10:58:48.034+0000] {dagbag.py:588} INFO - Filling up the DagBag from /opt/airflow/dags/raw_ticket_s3.py
[2024-11-25T10:58:48.066+0000] {processor.py:925} INFO - DAG(s) 'open_interpark_to_S3' retrieved from /opt/airflow/dags/raw_ticket_s3.py
[2024-11-25T10:58:48.295+0000] {logging_mixin.py:190} INFO - [2024-11-25T10:58:48.294+0000] {dag.py:3239} INFO - Sync 1 DAGs
[2024-11-25T10:58:48.330+0000] {logging_mixin.py:190} INFO - [2024-11-25T10:58:48.330+0000] {dag.py:4180} INFO - Setting next_dagrun for open_interpark_to_S3 to 2024-11-25 00:00:00+00:00, run_after=2024-11-26 00:00:00+00:00
[2024-11-25T10:58:48.377+0000] {processor.py:208} INFO - Processing /opt/airflow/dags/raw_ticket_s3.py took 0.362 seconds
[2024-11-25T10:59:18.741+0000] {processor.py:186} INFO - Started process (PID=1405) to work on /opt/airflow/dags/raw_ticket_s3.py
[2024-11-25T10:59:18.745+0000] {processor.py:914} INFO - Processing file /opt/airflow/dags/raw_ticket_s3.py for tasks to queue
[2024-11-25T10:59:18.747+0000] {logging_mixin.py:190} INFO - [2024-11-25T10:59:18.747+0000] {dagbag.py:588} INFO - Filling up the DagBag from /opt/airflow/dags/raw_ticket_s3.py
[2024-11-25T10:59:18.772+0000] {processor.py:925} INFO - DAG(s) 'open_interpark_to_S3' retrieved from /opt/airflow/dags/raw_ticket_s3.py
[2024-11-25T10:59:18.822+0000] {logging_mixin.py:190} INFO - [2024-11-25T10:59:18.821+0000] {dag.py:3239} INFO - Sync 1 DAGs
[2024-11-25T10:59:18.872+0000] {logging_mixin.py:190} INFO - [2024-11-25T10:59:18.872+0000] {dag.py:4180} INFO - Setting next_dagrun for open_interpark_to_S3 to 2024-11-25 00:00:00+00:00, run_after=2024-11-26 00:00:00+00:00
[2024-11-25T10:59:18.911+0000] {processor.py:208} INFO - Processing /opt/airflow/dags/raw_ticket_s3.py took 0.186 seconds
[2024-11-25T10:59:49.295+0000] {processor.py:186} INFO - Started process (PID=1409) to work on /opt/airflow/dags/raw_ticket_s3.py
[2024-11-25T10:59:49.306+0000] {processor.py:914} INFO - Processing file /opt/airflow/dags/raw_ticket_s3.py for tasks to queue
[2024-11-25T10:59:49.309+0000] {logging_mixin.py:190} INFO - [2024-11-25T10:59:49.308+0000] {dagbag.py:588} INFO - Filling up the DagBag from /opt/airflow/dags/raw_ticket_s3.py
[2024-11-25T10:59:49.333+0000] {processor.py:925} INFO - DAG(s) 'open_interpark_to_S3' retrieved from /opt/airflow/dags/raw_ticket_s3.py
[2024-11-25T10:59:49.353+0000] {logging_mixin.py:190} INFO - [2024-11-25T10:59:49.352+0000] {dag.py:3239} INFO - Sync 1 DAGs
[2024-11-25T10:59:49.401+0000] {logging_mixin.py:190} INFO - [2024-11-25T10:59:49.401+0000] {dag.py:4180} INFO - Setting next_dagrun for open_interpark_to_S3 to 2024-11-25 00:00:00+00:00, run_after=2024-11-26 00:00:00+00:00
[2024-11-25T10:59:49.454+0000] {processor.py:208} INFO - Processing /opt/airflow/dags/raw_ticket_s3.py took 0.170 seconds
[2024-11-25T11:00:20.011+0000] {processor.py:186} INFO - Started process (PID=1413) to work on /opt/airflow/dags/raw_ticket_s3.py
[2024-11-25T11:00:20.013+0000] {processor.py:914} INFO - Processing file /opt/airflow/dags/raw_ticket_s3.py for tasks to queue
[2024-11-25T11:00:20.016+0000] {logging_mixin.py:190} INFO - [2024-11-25T11:00:20.015+0000] {dagbag.py:588} INFO - Filling up the DagBag from /opt/airflow/dags/raw_ticket_s3.py
[2024-11-25T11:00:20.044+0000] {processor.py:925} INFO - DAG(s) 'open_interpark_to_S3' retrieved from /opt/airflow/dags/raw_ticket_s3.py
[2024-11-25T11:00:20.249+0000] {logging_mixin.py:190} INFO - [2024-11-25T11:00:20.248+0000] {dag.py:3239} INFO - Sync 1 DAGs
[2024-11-25T11:00:20.284+0000] {logging_mixin.py:190} INFO - [2024-11-25T11:00:20.284+0000] {dag.py:4180} INFO - Setting next_dagrun for open_interpark_to_S3 to 2024-11-25 00:00:00+00:00, run_after=2024-11-26 00:00:00+00:00
[2024-11-25T11:00:20.329+0000] {processor.py:208} INFO - Processing /opt/airflow/dags/raw_ticket_s3.py took 0.334 seconds
[2024-11-25T11:00:50.784+0000] {processor.py:186} INFO - Started process (PID=1417) to work on /opt/airflow/dags/raw_ticket_s3.py
[2024-11-25T11:00:50.786+0000] {processor.py:914} INFO - Processing file /opt/airflow/dags/raw_ticket_s3.py for tasks to queue
[2024-11-25T11:00:50.790+0000] {logging_mixin.py:190} INFO - [2024-11-25T11:00:50.787+0000] {dagbag.py:588} INFO - Filling up the DagBag from /opt/airflow/dags/raw_ticket_s3.py
[2024-11-25T11:00:50.809+0000] {processor.py:925} INFO - DAG(s) 'open_interpark_to_S3' retrieved from /opt/airflow/dags/raw_ticket_s3.py
[2024-11-25T11:00:50.852+0000] {logging_mixin.py:190} INFO - [2024-11-25T11:00:50.851+0000] {dag.py:3239} INFO - Sync 1 DAGs
[2024-11-25T11:00:50.895+0000] {logging_mixin.py:190} INFO - [2024-11-25T11:00:50.895+0000] {dag.py:4180} INFO - Setting next_dagrun for open_interpark_to_S3 to 2024-11-25 00:00:00+00:00, run_after=2024-11-26 00:00:00+00:00
[2024-11-25T11:00:50.946+0000] {processor.py:208} INFO - Processing /opt/airflow/dags/raw_ticket_s3.py took 0.173 seconds
[2024-11-25T11:01:21.309+0000] {processor.py:186} INFO - Started process (PID=1421) to work on /opt/airflow/dags/raw_ticket_s3.py
[2024-11-25T11:01:21.319+0000] {processor.py:914} INFO - Processing file /opt/airflow/dags/raw_ticket_s3.py for tasks to queue
[2024-11-25T11:01:21.322+0000] {logging_mixin.py:190} INFO - [2024-11-25T11:01:21.321+0000] {dagbag.py:588} INFO - Filling up the DagBag from /opt/airflow/dags/raw_ticket_s3.py
[2024-11-25T11:01:21.359+0000] {processor.py:925} INFO - DAG(s) 'open_interpark_to_S3' retrieved from /opt/airflow/dags/raw_ticket_s3.py
[2024-11-25T11:01:21.382+0000] {logging_mixin.py:190} INFO - [2024-11-25T11:01:21.381+0000] {dag.py:3239} INFO - Sync 1 DAGs
[2024-11-25T11:01:21.426+0000] {logging_mixin.py:190} INFO - [2024-11-25T11:01:21.426+0000] {dag.py:4180} INFO - Setting next_dagrun for open_interpark_to_S3 to 2024-11-25 00:00:00+00:00, run_after=2024-11-26 00:00:00+00:00
[2024-11-25T11:01:21.478+0000] {processor.py:208} INFO - Processing /opt/airflow/dags/raw_ticket_s3.py took 0.180 seconds
[2024-11-25T11:01:52.047+0000] {processor.py:186} INFO - Started process (PID=1425) to work on /opt/airflow/dags/raw_ticket_s3.py
[2024-11-25T11:01:52.049+0000] {processor.py:914} INFO - Processing file /opt/airflow/dags/raw_ticket_s3.py for tasks to queue
[2024-11-25T11:01:52.052+0000] {logging_mixin.py:190} INFO - [2024-11-25T11:01:52.051+0000] {dagbag.py:588} INFO - Filling up the DagBag from /opt/airflow/dags/raw_ticket_s3.py
[2024-11-25T11:01:52.073+0000] {processor.py:925} INFO - DAG(s) 'open_interpark_to_S3' retrieved from /opt/airflow/dags/raw_ticket_s3.py
[2024-11-25T11:01:52.276+0000] {logging_mixin.py:190} INFO - [2024-11-25T11:01:52.275+0000] {dag.py:3239} INFO - Sync 1 DAGs
[2024-11-25T11:01:52.317+0000] {logging_mixin.py:190} INFO - [2024-11-25T11:01:52.317+0000] {dag.py:4180} INFO - Setting next_dagrun for open_interpark_to_S3 to 2024-11-25 00:00:00+00:00, run_after=2024-11-26 00:00:00+00:00
[2024-11-25T11:01:52.372+0000] {processor.py:208} INFO - Processing /opt/airflow/dags/raw_ticket_s3.py took 0.338 seconds
[2024-11-25T11:02:22.787+0000] {processor.py:186} INFO - Started process (PID=1429) to work on /opt/airflow/dags/raw_ticket_s3.py
[2024-11-25T11:02:22.797+0000] {processor.py:914} INFO - Processing file /opt/airflow/dags/raw_ticket_s3.py for tasks to queue
[2024-11-25T11:02:22.801+0000] {logging_mixin.py:190} INFO - [2024-11-25T11:02:22.800+0000] {dagbag.py:588} INFO - Filling up the DagBag from /opt/airflow/dags/raw_ticket_s3.py
[2024-11-25T11:02:22.825+0000] {processor.py:925} INFO - DAG(s) 'open_interpark_to_S3' retrieved from /opt/airflow/dags/raw_ticket_s3.py
[2024-11-25T11:02:22.869+0000] {logging_mixin.py:190} INFO - [2024-11-25T11:02:22.868+0000] {dag.py:3239} INFO - Sync 1 DAGs
[2024-11-25T11:02:22.919+0000] {logging_mixin.py:190} INFO - [2024-11-25T11:02:22.918+0000] {dag.py:4180} INFO - Setting next_dagrun for open_interpark_to_S3 to 2024-11-25 00:00:00+00:00, run_after=2024-11-26 00:00:00+00:00
[2024-11-25T11:02:22.964+0000] {processor.py:208} INFO - Processing /opt/airflow/dags/raw_ticket_s3.py took 0.189 seconds
[2024-11-25T11:02:53.324+0000] {processor.py:186} INFO - Started process (PID=1433) to work on /opt/airflow/dags/raw_ticket_s3.py
[2024-11-25T11:02:53.336+0000] {processor.py:914} INFO - Processing file /opt/airflow/dags/raw_ticket_s3.py for tasks to queue
[2024-11-25T11:02:53.341+0000] {logging_mixin.py:190} INFO - [2024-11-25T11:02:53.340+0000] {dagbag.py:588} INFO - Filling up the DagBag from /opt/airflow/dags/raw_ticket_s3.py
[2024-11-25T11:02:53.376+0000] {processor.py:925} INFO - DAG(s) 'open_interpark_to_S3' retrieved from /opt/airflow/dags/raw_ticket_s3.py
[2024-11-25T11:02:53.395+0000] {logging_mixin.py:190} INFO - [2024-11-25T11:02:53.395+0000] {dag.py:3239} INFO - Sync 1 DAGs
[2024-11-25T11:02:53.436+0000] {logging_mixin.py:190} INFO - [2024-11-25T11:02:53.435+0000] {dag.py:4180} INFO - Setting next_dagrun for open_interpark_to_S3 to 2024-11-25 00:00:00+00:00, run_after=2024-11-26 00:00:00+00:00
[2024-11-25T11:02:53.471+0000] {processor.py:208} INFO - Processing /opt/airflow/dags/raw_ticket_s3.py took 0.161 seconds
[2024-11-25T11:03:23.960+0000] {processor.py:186} INFO - Started process (PID=1437) to work on /opt/airflow/dags/raw_ticket_s3.py
[2024-11-25T11:03:23.962+0000] {processor.py:914} INFO - Processing file /opt/airflow/dags/raw_ticket_s3.py for tasks to queue
[2024-11-25T11:03:23.963+0000] {logging_mixin.py:190} INFO - [2024-11-25T11:03:23.963+0000] {dagbag.py:588} INFO - Filling up the DagBag from /opt/airflow/dags/raw_ticket_s3.py
[2024-11-25T11:03:23.984+0000] {processor.py:925} INFO - DAG(s) 'open_interpark_to_S3' retrieved from /opt/airflow/dags/raw_ticket_s3.py
[2024-11-25T11:03:24.177+0000] {logging_mixin.py:190} INFO - [2024-11-25T11:03:24.175+0000] {dag.py:3239} INFO - Sync 1 DAGs
[2024-11-25T11:03:24.217+0000] {logging_mixin.py:190} INFO - [2024-11-25T11:03:24.217+0000] {dag.py:4180} INFO - Setting next_dagrun for open_interpark_to_S3 to 2024-11-25 00:00:00+00:00, run_after=2024-11-26 00:00:00+00:00
[2024-11-25T11:03:24.274+0000] {processor.py:208} INFO - Processing /opt/airflow/dags/raw_ticket_s3.py took 0.323 seconds
[2024-11-25T11:03:54.633+0000] {processor.py:186} INFO - Started process (PID=1441) to work on /opt/airflow/dags/raw_ticket_s3.py
[2024-11-25T11:03:54.634+0000] {processor.py:914} INFO - Processing file /opt/airflow/dags/raw_ticket_s3.py for tasks to queue
[2024-11-25T11:03:54.636+0000] {logging_mixin.py:190} INFO - [2024-11-25T11:03:54.636+0000] {dagbag.py:588} INFO - Filling up the DagBag from /opt/airflow/dags/raw_ticket_s3.py
[2024-11-25T11:03:54.662+0000] {processor.py:925} INFO - DAG(s) 'open_interpark_to_S3' retrieved from /opt/airflow/dags/raw_ticket_s3.py
[2024-11-25T11:03:54.706+0000] {logging_mixin.py:190} INFO - [2024-11-25T11:03:54.706+0000] {dag.py:3239} INFO - Sync 1 DAGs
[2024-11-25T11:03:54.754+0000] {logging_mixin.py:190} INFO - [2024-11-25T11:03:54.754+0000] {dag.py:4180} INFO - Setting next_dagrun for open_interpark_to_S3 to 2024-11-25 00:00:00+00:00, run_after=2024-11-26 00:00:00+00:00
[2024-11-25T11:03:54.798+0000] {processor.py:208} INFO - Processing /opt/airflow/dags/raw_ticket_s3.py took 0.180 seconds
[2024-11-25T11:04:25.142+0000] {processor.py:186} INFO - Started process (PID=1445) to work on /opt/airflow/dags/raw_ticket_s3.py
[2024-11-25T11:04:25.153+0000] {processor.py:914} INFO - Processing file /opt/airflow/dags/raw_ticket_s3.py for tasks to queue
[2024-11-25T11:04:25.157+0000] {logging_mixin.py:190} INFO - [2024-11-25T11:04:25.156+0000] {dagbag.py:588} INFO - Filling up the DagBag from /opt/airflow/dags/raw_ticket_s3.py
[2024-11-25T11:04:25.190+0000] {processor.py:925} INFO - DAG(s) 'open_interpark_to_S3' retrieved from /opt/airflow/dags/raw_ticket_s3.py
[2024-11-25T11:04:25.211+0000] {logging_mixin.py:190} INFO - [2024-11-25T11:04:25.211+0000] {dag.py:3239} INFO - Sync 1 DAGs
[2024-11-25T11:04:25.259+0000] {logging_mixin.py:190} INFO - [2024-11-25T11:04:25.259+0000] {dag.py:4180} INFO - Setting next_dagrun for open_interpark_to_S3 to 2024-11-25 00:00:00+00:00, run_after=2024-11-26 00:00:00+00:00
[2024-11-25T11:04:25.299+0000] {processor.py:208} INFO - Processing /opt/airflow/dags/raw_ticket_s3.py took 0.173 seconds
[2024-11-25T11:04:55.847+0000] {processor.py:186} INFO - Started process (PID=1449) to work on /opt/airflow/dags/raw_ticket_s3.py
[2024-11-25T11:04:55.858+0000] {processor.py:914} INFO - Processing file /opt/airflow/dags/raw_ticket_s3.py for tasks to queue
[2024-11-25T11:04:55.861+0000] {logging_mixin.py:190} INFO - [2024-11-25T11:04:55.859+0000] {dagbag.py:588} INFO - Filling up the DagBag from /opt/airflow/dags/raw_ticket_s3.py
[2024-11-25T11:04:55.882+0000] {processor.py:925} INFO - DAG(s) 'open_interpark_to_S3' retrieved from /opt/airflow/dags/raw_ticket_s3.py
[2024-11-25T11:04:56.082+0000] {logging_mixin.py:190} INFO - [2024-11-25T11:04:56.082+0000] {dag.py:3239} INFO - Sync 1 DAGs
[2024-11-25T11:04:56.130+0000] {logging_mixin.py:190} INFO - [2024-11-25T11:04:56.129+0000] {dag.py:4180} INFO - Setting next_dagrun for open_interpark_to_S3 to 2024-11-25 00:00:00+00:00, run_after=2024-11-26 00:00:00+00:00
[2024-11-25T11:04:56.180+0000] {processor.py:208} INFO - Processing /opt/airflow/dags/raw_ticket_s3.py took 0.342 seconds
[2024-11-25T11:05:26.526+0000] {processor.py:186} INFO - Started process (PID=1453) to work on /opt/airflow/dags/raw_ticket_s3.py
[2024-11-25T11:05:26.535+0000] {processor.py:914} INFO - Processing file /opt/airflow/dags/raw_ticket_s3.py for tasks to queue
[2024-11-25T11:05:26.537+0000] {logging_mixin.py:190} INFO - [2024-11-25T11:05:26.537+0000] {dagbag.py:588} INFO - Filling up the DagBag from /opt/airflow/dags/raw_ticket_s3.py
[2024-11-25T11:05:26.558+0000] {processor.py:925} INFO - DAG(s) 'open_interpark_to_S3' retrieved from /opt/airflow/dags/raw_ticket_s3.py
[2024-11-25T11:05:26.602+0000] {logging_mixin.py:190} INFO - [2024-11-25T11:05:26.602+0000] {dag.py:3239} INFO - Sync 1 DAGs
[2024-11-25T11:05:26.652+0000] {logging_mixin.py:190} INFO - [2024-11-25T11:05:26.651+0000] {dag.py:4180} INFO - Setting next_dagrun for open_interpark_to_S3 to 2024-11-25 00:00:00+00:00, run_after=2024-11-26 00:00:00+00:00
[2024-11-25T11:05:26.686+0000] {processor.py:208} INFO - Processing /opt/airflow/dags/raw_ticket_s3.py took 0.170 seconds
[2024-11-25T11:05:57.017+0000] {processor.py:186} INFO - Started process (PID=1457) to work on /opt/airflow/dags/raw_ticket_s3.py
[2024-11-25T11:05:57.028+0000] {processor.py:914} INFO - Processing file /opt/airflow/dags/raw_ticket_s3.py for tasks to queue
[2024-11-25T11:05:57.031+0000] {logging_mixin.py:190} INFO - [2024-11-25T11:05:57.030+0000] {dagbag.py:588} INFO - Filling up the DagBag from /opt/airflow/dags/raw_ticket_s3.py
[2024-11-25T11:05:57.054+0000] {processor.py:925} INFO - DAG(s) 'open_interpark_to_S3' retrieved from /opt/airflow/dags/raw_ticket_s3.py
[2024-11-25T11:05:57.077+0000] {logging_mixin.py:190} INFO - [2024-11-25T11:05:57.077+0000] {dag.py:3239} INFO - Sync 1 DAGs
[2024-11-25T11:05:57.125+0000] {logging_mixin.py:190} INFO - [2024-11-25T11:05:57.125+0000] {dag.py:4180} INFO - Setting next_dagrun for open_interpark_to_S3 to 2024-11-25 00:00:00+00:00, run_after=2024-11-26 00:00:00+00:00
[2024-11-25T11:05:57.162+0000] {processor.py:208} INFO - Processing /opt/airflow/dags/raw_ticket_s3.py took 0.155 seconds
[2024-11-25T11:06:27.695+0000] {processor.py:186} INFO - Started process (PID=1461) to work on /opt/airflow/dags/raw_ticket_s3.py
[2024-11-25T11:06:27.706+0000] {processor.py:914} INFO - Processing file /opt/airflow/dags/raw_ticket_s3.py for tasks to queue
[2024-11-25T11:06:27.709+0000] {logging_mixin.py:190} INFO - [2024-11-25T11:06:27.708+0000] {dagbag.py:588} INFO - Filling up the DagBag from /opt/airflow/dags/raw_ticket_s3.py
[2024-11-25T11:06:27.732+0000] {processor.py:925} INFO - DAG(s) 'open_interpark_to_S3' retrieved from /opt/airflow/dags/raw_ticket_s3.py
[2024-11-25T11:06:27.973+0000] {logging_mixin.py:190} INFO - [2024-11-25T11:06:27.973+0000] {dag.py:3239} INFO - Sync 1 DAGs
[2024-11-25T11:06:28.005+0000] {logging_mixin.py:190} INFO - [2024-11-25T11:06:28.005+0000] {dag.py:4180} INFO - Setting next_dagrun for open_interpark_to_S3 to 2024-11-25 00:00:00+00:00, run_after=2024-11-26 00:00:00+00:00
[2024-11-25T11:06:28.044+0000] {processor.py:208} INFO - Processing /opt/airflow/dags/raw_ticket_s3.py took 0.359 seconds
[2024-11-25T11:06:58.382+0000] {processor.py:186} INFO - Started process (PID=1465) to work on /opt/airflow/dags/raw_ticket_s3.py
[2024-11-25T11:06:58.393+0000] {processor.py:914} INFO - Processing file /opt/airflow/dags/raw_ticket_s3.py for tasks to queue
[2024-11-25T11:06:58.395+0000] {logging_mixin.py:190} INFO - [2024-11-25T11:06:58.394+0000] {dagbag.py:588} INFO - Filling up the DagBag from /opt/airflow/dags/raw_ticket_s3.py
[2024-11-25T11:06:58.422+0000] {processor.py:925} INFO - DAG(s) 'open_interpark_to_S3' retrieved from /opt/airflow/dags/raw_ticket_s3.py
[2024-11-25T11:06:58.472+0000] {logging_mixin.py:190} INFO - [2024-11-25T11:06:58.472+0000] {dag.py:3239} INFO - Sync 1 DAGs
[2024-11-25T11:06:58.516+0000] {logging_mixin.py:190} INFO - [2024-11-25T11:06:58.516+0000] {dag.py:4180} INFO - Setting next_dagrun for open_interpark_to_S3 to 2024-11-25 00:00:00+00:00, run_after=2024-11-26 00:00:00+00:00
[2024-11-25T11:06:58.557+0000] {processor.py:208} INFO - Processing /opt/airflow/dags/raw_ticket_s3.py took 0.187 seconds
[2024-11-25T11:07:29.001+0000] {processor.py:186} INFO - Started process (PID=1469) to work on /opt/airflow/dags/raw_ticket_s3.py
[2024-11-25T11:07:29.003+0000] {processor.py:914} INFO - Processing file /opt/airflow/dags/raw_ticket_s3.py for tasks to queue
[2024-11-25T11:07:29.005+0000] {logging_mixin.py:190} INFO - [2024-11-25T11:07:29.005+0000] {dagbag.py:588} INFO - Filling up the DagBag from /opt/airflow/dags/raw_ticket_s3.py
[2024-11-25T11:07:29.027+0000] {processor.py:925} INFO - DAG(s) 'open_interpark_to_S3' retrieved from /opt/airflow/dags/raw_ticket_s3.py
[2024-11-25T11:07:29.049+0000] {logging_mixin.py:190} INFO - [2024-11-25T11:07:29.049+0000] {dag.py:3239} INFO - Sync 1 DAGs
[2024-11-25T11:07:29.089+0000] {logging_mixin.py:190} INFO - [2024-11-25T11:07:29.089+0000] {dag.py:4180} INFO - Setting next_dagrun for open_interpark_to_S3 to 2024-11-25 00:00:00+00:00, run_after=2024-11-26 00:00:00+00:00
[2024-11-25T11:07:29.127+0000] {processor.py:208} INFO - Processing /opt/airflow/dags/raw_ticket_s3.py took 0.145 seconds
[2024-11-25T11:07:59.689+0000] {processor.py:186} INFO - Started process (PID=1473) to work on /opt/airflow/dags/raw_ticket_s3.py
[2024-11-25T11:07:59.700+0000] {processor.py:914} INFO - Processing file /opt/airflow/dags/raw_ticket_s3.py for tasks to queue
[2024-11-25T11:07:59.702+0000] {logging_mixin.py:190} INFO - [2024-11-25T11:07:59.702+0000] {dagbag.py:588} INFO - Filling up the DagBag from /opt/airflow/dags/raw_ticket_s3.py
[2024-11-25T11:07:59.726+0000] {processor.py:925} INFO - DAG(s) 'open_interpark_to_S3' retrieved from /opt/airflow/dags/raw_ticket_s3.py
[2024-11-25T11:07:59.983+0000] {logging_mixin.py:190} INFO - [2024-11-25T11:07:59.983+0000] {dag.py:3239} INFO - Sync 1 DAGs
[2024-11-25T11:08:00.019+0000] {logging_mixin.py:190} INFO - [2024-11-25T11:08:00.019+0000] {dag.py:4180} INFO - Setting next_dagrun for open_interpark_to_S3 to 2024-11-25 00:00:00+00:00, run_after=2024-11-26 00:00:00+00:00
[2024-11-25T11:08:00.062+0000] {processor.py:208} INFO - Processing /opt/airflow/dags/raw_ticket_s3.py took 0.385 seconds
[2024-11-25T11:08:30.381+0000] {processor.py:186} INFO - Started process (PID=1477) to work on /opt/airflow/dags/raw_ticket_s3.py
[2024-11-25T11:08:30.392+0000] {processor.py:914} INFO - Processing file /opt/airflow/dags/raw_ticket_s3.py for tasks to queue
[2024-11-25T11:08:30.395+0000] {logging_mixin.py:190} INFO - [2024-11-25T11:08:30.394+0000] {dagbag.py:588} INFO - Filling up the DagBag from /opt/airflow/dags/raw_ticket_s3.py
[2024-11-25T11:08:30.423+0000] {processor.py:925} INFO - DAG(s) 'open_interpark_to_S3' retrieved from /opt/airflow/dags/raw_ticket_s3.py
[2024-11-25T11:08:30.475+0000] {logging_mixin.py:190} INFO - [2024-11-25T11:08:30.474+0000] {dag.py:3239} INFO - Sync 1 DAGs
[2024-11-25T11:08:30.520+0000] {logging_mixin.py:190} INFO - [2024-11-25T11:08:30.520+0000] {dag.py:4180} INFO - Setting next_dagrun for open_interpark_to_S3 to 2024-11-25 00:00:00+00:00, run_after=2024-11-26 00:00:00+00:00
[2024-11-25T11:08:30.578+0000] {processor.py:208} INFO - Processing /opt/airflow/dags/raw_ticket_s3.py took 0.210 seconds
[2024-11-25T11:09:00.921+0000] {processor.py:186} INFO - Started process (PID=1481) to work on /opt/airflow/dags/raw_ticket_s3.py
[2024-11-25T11:09:00.923+0000] {processor.py:914} INFO - Processing file /opt/airflow/dags/raw_ticket_s3.py for tasks to queue
[2024-11-25T11:09:00.926+0000] {logging_mixin.py:190} INFO - [2024-11-25T11:09:00.925+0000] {dagbag.py:588} INFO - Filling up the DagBag from /opt/airflow/dags/raw_ticket_s3.py
[2024-11-25T11:09:00.950+0000] {processor.py:925} INFO - DAG(s) 'open_interpark_to_S3' retrieved from /opt/airflow/dags/raw_ticket_s3.py
[2024-11-25T11:09:00.972+0000] {logging_mixin.py:190} INFO - [2024-11-25T11:09:00.972+0000] {dag.py:3239} INFO - Sync 1 DAGs
[2024-11-25T11:09:01.026+0000] {logging_mixin.py:190} INFO - [2024-11-25T11:09:01.026+0000] {dag.py:4180} INFO - Setting next_dagrun for open_interpark_to_S3 to 2024-11-25 00:00:00+00:00, run_after=2024-11-26 00:00:00+00:00
[2024-11-25T11:09:01.079+0000] {processor.py:208} INFO - Processing /opt/airflow/dags/raw_ticket_s3.py took 0.171 seconds
[2024-11-25T11:09:31.637+0000] {processor.py:186} INFO - Started process (PID=1485) to work on /opt/airflow/dags/raw_ticket_s3.py
[2024-11-25T11:09:31.648+0000] {processor.py:914} INFO - Processing file /opt/airflow/dags/raw_ticket_s3.py for tasks to queue
[2024-11-25T11:09:31.651+0000] {logging_mixin.py:190} INFO - [2024-11-25T11:09:31.650+0000] {dagbag.py:588} INFO - Filling up the DagBag from /opt/airflow/dags/raw_ticket_s3.py
[2024-11-25T11:09:31.685+0000] {processor.py:925} INFO - DAG(s) 'open_interpark_to_S3' retrieved from /opt/airflow/dags/raw_ticket_s3.py
[2024-11-25T11:09:31.908+0000] {logging_mixin.py:190} INFO - [2024-11-25T11:09:31.908+0000] {dag.py:3239} INFO - Sync 1 DAGs
[2024-11-25T11:09:31.939+0000] {logging_mixin.py:190} INFO - [2024-11-25T11:09:31.939+0000] {dag.py:4180} INFO - Setting next_dagrun for open_interpark_to_S3 to 2024-11-25 00:00:00+00:00, run_after=2024-11-26 00:00:00+00:00
[2024-11-25T11:09:31.973+0000] {processor.py:208} INFO - Processing /opt/airflow/dags/raw_ticket_s3.py took 0.349 seconds
[2024-11-25T11:10:02.330+0000] {processor.py:186} INFO - Started process (PID=1489) to work on /opt/airflow/dags/raw_ticket_s3.py
[2024-11-25T11:10:02.339+0000] {processor.py:914} INFO - Processing file /opt/airflow/dags/raw_ticket_s3.py for tasks to queue
[2024-11-25T11:10:02.341+0000] {logging_mixin.py:190} INFO - [2024-11-25T11:10:02.340+0000] {dagbag.py:588} INFO - Filling up the DagBag from /opt/airflow/dags/raw_ticket_s3.py
[2024-11-25T11:10:02.363+0000] {processor.py:925} INFO - DAG(s) 'open_interpark_to_S3' retrieved from /opt/airflow/dags/raw_ticket_s3.py
[2024-11-25T11:10:02.408+0000] {logging_mixin.py:190} INFO - [2024-11-25T11:10:02.408+0000] {dag.py:3239} INFO - Sync 1 DAGs
[2024-11-25T11:10:02.459+0000] {logging_mixin.py:190} INFO - [2024-11-25T11:10:02.459+0000] {dag.py:4180} INFO - Setting next_dagrun for open_interpark_to_S3 to 2024-11-25 00:00:00+00:00, run_after=2024-11-26 00:00:00+00:00
[2024-11-25T11:10:02.506+0000] {processor.py:208} INFO - Processing /opt/airflow/dags/raw_ticket_s3.py took 0.185 seconds
[2024-11-25T11:10:32.841+0000] {processor.py:186} INFO - Started process (PID=1493) to work on /opt/airflow/dags/raw_ticket_s3.py
[2024-11-25T11:10:32.853+0000] {processor.py:914} INFO - Processing file /opt/airflow/dags/raw_ticket_s3.py for tasks to queue
[2024-11-25T11:10:32.855+0000] {logging_mixin.py:190} INFO - [2024-11-25T11:10:32.854+0000] {dagbag.py:588} INFO - Filling up the DagBag from /opt/airflow/dags/raw_ticket_s3.py
[2024-11-25T11:10:32.876+0000] {processor.py:925} INFO - DAG(s) 'open_interpark_to_S3' retrieved from /opt/airflow/dags/raw_ticket_s3.py
[2024-11-25T11:10:32.899+0000] {logging_mixin.py:190} INFO - [2024-11-25T11:10:32.898+0000] {dag.py:3239} INFO - Sync 1 DAGs
[2024-11-25T11:10:32.951+0000] {logging_mixin.py:190} INFO - [2024-11-25T11:10:32.951+0000] {dag.py:4180} INFO - Setting next_dagrun for open_interpark_to_S3 to 2024-11-25 00:00:00+00:00, run_after=2024-11-26 00:00:00+00:00
[2024-11-25T11:10:32.988+0000] {processor.py:208} INFO - Processing /opt/airflow/dags/raw_ticket_s3.py took 0.157 seconds
[2024-11-25T11:11:03.337+0000] {processor.py:186} INFO - Started process (PID=1497) to work on /opt/airflow/dags/raw_ticket_s3.py
[2024-11-25T11:11:03.348+0000] {processor.py:914} INFO - Processing file /opt/airflow/dags/raw_ticket_s3.py for tasks to queue
[2024-11-25T11:11:03.350+0000] {logging_mixin.py:190} INFO - [2024-11-25T11:11:03.349+0000] {dagbag.py:588} INFO - Filling up the DagBag from /opt/airflow/dags/raw_ticket_s3.py
[2024-11-25T11:11:03.376+0000] {processor.py:925} INFO - DAG(s) 'open_interpark_to_S3' retrieved from /opt/airflow/dags/raw_ticket_s3.py
[2024-11-25T11:11:03.563+0000] {logging_mixin.py:190} INFO - [2024-11-25T11:11:03.563+0000] {dag.py:3239} INFO - Sync 1 DAGs
[2024-11-25T11:11:03.598+0000] {logging_mixin.py:190} INFO - [2024-11-25T11:11:03.598+0000] {dag.py:4180} INFO - Setting next_dagrun for open_interpark_to_S3 to 2024-11-25 00:00:00+00:00, run_after=2024-11-26 00:00:00+00:00
[2024-11-25T11:11:03.646+0000] {processor.py:208} INFO - Processing /opt/airflow/dags/raw_ticket_s3.py took 0.322 seconds
[2024-11-25T11:11:34.034+0000] {processor.py:186} INFO - Started process (PID=1501) to work on /opt/airflow/dags/raw_ticket_s3.py
[2024-11-25T11:11:34.044+0000] {processor.py:914} INFO - Processing file /opt/airflow/dags/raw_ticket_s3.py for tasks to queue
[2024-11-25T11:11:34.048+0000] {logging_mixin.py:190} INFO - [2024-11-25T11:11:34.047+0000] {dagbag.py:588} INFO - Filling up the DagBag from /opt/airflow/dags/raw_ticket_s3.py
[2024-11-25T11:11:34.069+0000] {processor.py:925} INFO - DAG(s) 'open_interpark_to_S3' retrieved from /opt/airflow/dags/raw_ticket_s3.py
[2024-11-25T11:11:34.118+0000] {logging_mixin.py:190} INFO - [2024-11-25T11:11:34.117+0000] {dag.py:3239} INFO - Sync 1 DAGs
[2024-11-25T11:11:34.181+0000] {logging_mixin.py:190} INFO - [2024-11-25T11:11:34.180+0000] {dag.py:4180} INFO - Setting next_dagrun for open_interpark_to_S3 to 2024-11-25 00:00:00+00:00, run_after=2024-11-26 00:00:00+00:00
[2024-11-25T11:11:34.231+0000] {processor.py:208} INFO - Processing /opt/airflow/dags/raw_ticket_s3.py took 0.207 seconds
[2024-11-25T11:12:04.596+0000] {processor.py:186} INFO - Started process (PID=1505) to work on /opt/airflow/dags/raw_ticket_s3.py
[2024-11-25T11:12:04.598+0000] {processor.py:914} INFO - Processing file /opt/airflow/dags/raw_ticket_s3.py for tasks to queue
[2024-11-25T11:12:04.601+0000] {logging_mixin.py:190} INFO - [2024-11-25T11:12:04.600+0000] {dagbag.py:588} INFO - Filling up the DagBag from /opt/airflow/dags/raw_ticket_s3.py
[2024-11-25T11:12:04.630+0000] {processor.py:925} INFO - DAG(s) 'open_interpark_to_S3' retrieved from /opt/airflow/dags/raw_ticket_s3.py
[2024-11-25T11:12:04.655+0000] {logging_mixin.py:190} INFO - [2024-11-25T11:12:04.654+0000] {dag.py:3239} INFO - Sync 1 DAGs
[2024-11-25T11:12:04.700+0000] {logging_mixin.py:190} INFO - [2024-11-25T11:12:04.699+0000] {dag.py:4180} INFO - Setting next_dagrun for open_interpark_to_S3 to 2024-11-25 00:00:00+00:00, run_after=2024-11-26 00:00:00+00:00
[2024-11-25T11:12:04.738+0000] {processor.py:208} INFO - Processing /opt/airflow/dags/raw_ticket_s3.py took 0.152 seconds
[2024-11-25T11:12:35.294+0000] {processor.py:186} INFO - Started process (PID=1509) to work on /opt/airflow/dags/raw_ticket_s3.py
[2024-11-25T11:12:35.295+0000] {processor.py:914} INFO - Processing file /opt/airflow/dags/raw_ticket_s3.py for tasks to queue
[2024-11-25T11:12:35.298+0000] {logging_mixin.py:190} INFO - [2024-11-25T11:12:35.297+0000] {dagbag.py:588} INFO - Filling up the DagBag from /opt/airflow/dags/raw_ticket_s3.py
[2024-11-25T11:12:35.326+0000] {processor.py:925} INFO - DAG(s) 'open_interpark_to_S3' retrieved from /opt/airflow/dags/raw_ticket_s3.py
[2024-11-25T11:12:35.600+0000] {logging_mixin.py:190} INFO - [2024-11-25T11:12:35.599+0000] {dag.py:3239} INFO - Sync 1 DAGs
[2024-11-25T11:12:35.660+0000] {logging_mixin.py:190} INFO - [2024-11-25T11:12:35.659+0000] {dag.py:4180} INFO - Setting next_dagrun for open_interpark_to_S3 to 2024-11-25 00:00:00+00:00, run_after=2024-11-26 00:00:00+00:00
[2024-11-25T11:12:35.710+0000] {processor.py:208} INFO - Processing /opt/airflow/dags/raw_ticket_s3.py took 0.428 seconds
[2024-11-25T11:13:06.081+0000] {processor.py:186} INFO - Started process (PID=1513) to work on /opt/airflow/dags/raw_ticket_s3.py
[2024-11-25T11:13:06.083+0000] {processor.py:914} INFO - Processing file /opt/airflow/dags/raw_ticket_s3.py for tasks to queue
[2024-11-25T11:13:06.084+0000] {logging_mixin.py:190} INFO - [2024-11-25T11:13:06.084+0000] {dagbag.py:588} INFO - Filling up the DagBag from /opt/airflow/dags/raw_ticket_s3.py
[2024-11-25T11:13:06.106+0000] {processor.py:925} INFO - DAG(s) 'open_interpark_to_S3' retrieved from /opt/airflow/dags/raw_ticket_s3.py
[2024-11-25T11:13:06.145+0000] {logging_mixin.py:190} INFO - [2024-11-25T11:13:06.144+0000] {dag.py:3239} INFO - Sync 1 DAGs
[2024-11-25T11:13:06.183+0000] {logging_mixin.py:190} INFO - [2024-11-25T11:13:06.182+0000] {dag.py:4180} INFO - Setting next_dagrun for open_interpark_to_S3 to 2024-11-25 00:00:00+00:00, run_after=2024-11-26 00:00:00+00:00
[2024-11-25T11:13:06.213+0000] {processor.py:208} INFO - Processing /opt/airflow/dags/raw_ticket_s3.py took 0.144 seconds
[2024-11-25T11:13:36.602+0000] {processor.py:186} INFO - Started process (PID=1517) to work on /opt/airflow/dags/raw_ticket_s3.py
[2024-11-25T11:13:36.612+0000] {processor.py:914} INFO - Processing file /opt/airflow/dags/raw_ticket_s3.py for tasks to queue
[2024-11-25T11:13:36.617+0000] {logging_mixin.py:190} INFO - [2024-11-25T11:13:36.616+0000] {dagbag.py:588} INFO - Filling up the DagBag from /opt/airflow/dags/raw_ticket_s3.py
[2024-11-25T11:13:36.644+0000] {processor.py:925} INFO - DAG(s) 'open_interpark_to_S3' retrieved from /opt/airflow/dags/raw_ticket_s3.py
[2024-11-25T11:13:36.669+0000] {logging_mixin.py:190} INFO - [2024-11-25T11:13:36.668+0000] {dag.py:3239} INFO - Sync 1 DAGs
[2024-11-25T11:13:36.718+0000] {logging_mixin.py:190} INFO - [2024-11-25T11:13:36.718+0000] {dag.py:4180} INFO - Setting next_dagrun for open_interpark_to_S3 to 2024-11-25 00:00:00+00:00, run_after=2024-11-26 00:00:00+00:00
[2024-11-25T11:13:36.753+0000] {processor.py:208} INFO - Processing /opt/airflow/dags/raw_ticket_s3.py took 0.165 seconds
[2024-11-25T11:14:07.367+0000] {processor.py:186} INFO - Started process (PID=1521) to work on /opt/airflow/dags/raw_ticket_s3.py
[2024-11-25T11:14:07.370+0000] {processor.py:914} INFO - Processing file /opt/airflow/dags/raw_ticket_s3.py for tasks to queue
[2024-11-25T11:14:07.374+0000] {logging_mixin.py:190} INFO - [2024-11-25T11:14:07.371+0000] {dagbag.py:588} INFO - Filling up the DagBag from /opt/airflow/dags/raw_ticket_s3.py
[2024-11-25T11:14:07.435+0000] {processor.py:925} INFO - DAG(s) 'open_interpark_to_S3' retrieved from /opt/airflow/dags/raw_ticket_s3.py
[2024-11-25T11:14:07.824+0000] {logging_mixin.py:190} INFO - [2024-11-25T11:14:07.823+0000] {dag.py:3239} INFO - Sync 1 DAGs
[2024-11-25T11:14:07.879+0000] {logging_mixin.py:190} INFO - [2024-11-25T11:14:07.878+0000] {dag.py:4180} INFO - Setting next_dagrun for open_interpark_to_S3 to 2024-11-25 00:00:00+00:00, run_after=2024-11-26 00:00:00+00:00
[2024-11-25T11:14:07.939+0000] {processor.py:208} INFO - Processing /opt/airflow/dags/raw_ticket_s3.py took 0.594 seconds
[2024-11-25T11:14:38.201+0000] {processor.py:186} INFO - Started process (PID=1525) to work on /opt/airflow/dags/raw_ticket_s3.py
[2024-11-25T11:14:38.204+0000] {processor.py:914} INFO - Processing file /opt/airflow/dags/raw_ticket_s3.py for tasks to queue
[2024-11-25T11:14:38.206+0000] {logging_mixin.py:190} INFO - [2024-11-25T11:14:38.205+0000] {dagbag.py:588} INFO - Filling up the DagBag from /opt/airflow/dags/raw_ticket_s3.py
[2024-11-25T11:14:38.237+0000] {processor.py:925} INFO - DAG(s) 'open_interpark_to_S3' retrieved from /opt/airflow/dags/raw_ticket_s3.py
[2024-11-25T11:14:38.294+0000] {logging_mixin.py:190} INFO - [2024-11-25T11:14:38.293+0000] {dag.py:3239} INFO - Sync 1 DAGs
[2024-11-25T11:14:38.341+0000] {logging_mixin.py:190} INFO - [2024-11-25T11:14:38.340+0000] {dag.py:4180} INFO - Setting next_dagrun for open_interpark_to_S3 to 2024-11-25 00:00:00+00:00, run_after=2024-11-26 00:00:00+00:00
[2024-11-25T11:14:38.386+0000] {processor.py:208} INFO - Processing /opt/airflow/dags/raw_ticket_s3.py took 0.197 seconds
[2024-11-25T11:15:08.896+0000] {processor.py:186} INFO - Started process (PID=1529) to work on /opt/airflow/dags/raw_ticket_s3.py
[2024-11-25T11:15:08.907+0000] {processor.py:914} INFO - Processing file /opt/airflow/dags/raw_ticket_s3.py for tasks to queue
[2024-11-25T11:15:08.910+0000] {logging_mixin.py:190} INFO - [2024-11-25T11:15:08.909+0000] {dagbag.py:588} INFO - Filling up the DagBag from /opt/airflow/dags/raw_ticket_s3.py
[2024-11-25T11:15:08.933+0000] {processor.py:925} INFO - DAG(s) 'open_interpark_to_S3' retrieved from /opt/airflow/dags/raw_ticket_s3.py
[2024-11-25T11:15:08.953+0000] {logging_mixin.py:190} INFO - [2024-11-25T11:15:08.953+0000] {dag.py:3239} INFO - Sync 1 DAGs
[2024-11-25T11:15:09.011+0000] {logging_mixin.py:190} INFO - [2024-11-25T11:15:09.010+0000] {dag.py:4180} INFO - Setting next_dagrun for open_interpark_to_S3 to 2024-11-25 00:00:00+00:00, run_after=2024-11-26 00:00:00+00:00
[2024-11-25T11:15:09.048+0000] {processor.py:208} INFO - Processing /opt/airflow/dags/raw_ticket_s3.py took 0.161 seconds
[2024-11-25T11:15:39.561+0000] {processor.py:186} INFO - Started process (PID=1533) to work on /opt/airflow/dags/raw_ticket_s3.py
[2024-11-25T11:15:39.571+0000] {processor.py:914} INFO - Processing file /opt/airflow/dags/raw_ticket_s3.py for tasks to queue
[2024-11-25T11:15:39.574+0000] {logging_mixin.py:190} INFO - [2024-11-25T11:15:39.573+0000] {dagbag.py:588} INFO - Filling up the DagBag from /opt/airflow/dags/raw_ticket_s3.py
[2024-11-25T11:15:39.603+0000] {processor.py:925} INFO - DAG(s) 'open_interpark_to_S3' retrieved from /opt/airflow/dags/raw_ticket_s3.py
[2024-11-25T11:15:39.823+0000] {logging_mixin.py:190} INFO - [2024-11-25T11:15:39.823+0000] {dag.py:3239} INFO - Sync 1 DAGs
[2024-11-25T11:15:39.861+0000] {logging_mixin.py:190} INFO - [2024-11-25T11:15:39.861+0000] {dag.py:4180} INFO - Setting next_dagrun for open_interpark_to_S3 to 2024-11-25 00:00:00+00:00, run_after=2024-11-26 00:00:00+00:00
[2024-11-25T11:15:39.908+0000] {processor.py:208} INFO - Processing /opt/airflow/dags/raw_ticket_s3.py took 0.365 seconds
[2024-11-25T11:16:10.285+0000] {processor.py:186} INFO - Started process (PID=1537) to work on /opt/airflow/dags/raw_ticket_s3.py
[2024-11-25T11:16:10.295+0000] {processor.py:914} INFO - Processing file /opt/airflow/dags/raw_ticket_s3.py for tasks to queue
[2024-11-25T11:16:10.297+0000] {logging_mixin.py:190} INFO - [2024-11-25T11:16:10.297+0000] {dagbag.py:588} INFO - Filling up the DagBag from /opt/airflow/dags/raw_ticket_s3.py
[2024-11-25T11:16:10.318+0000] {processor.py:925} INFO - DAG(s) 'open_interpark_to_S3' retrieved from /opt/airflow/dags/raw_ticket_s3.py
[2024-11-25T11:16:10.364+0000] {logging_mixin.py:190} INFO - [2024-11-25T11:16:10.363+0000] {dag.py:3239} INFO - Sync 1 DAGs
[2024-11-25T11:16:10.406+0000] {logging_mixin.py:190} INFO - [2024-11-25T11:16:10.406+0000] {dag.py:4180} INFO - Setting next_dagrun for open_interpark_to_S3 to 2024-11-25 00:00:00+00:00, run_after=2024-11-26 00:00:00+00:00
[2024-11-25T11:16:10.451+0000] {processor.py:208} INFO - Processing /opt/airflow/dags/raw_ticket_s3.py took 0.177 seconds
[2024-11-25T11:16:40.791+0000] {processor.py:186} INFO - Started process (PID=1541) to work on /opt/airflow/dags/raw_ticket_s3.py
[2024-11-25T11:16:40.794+0000] {processor.py:914} INFO - Processing file /opt/airflow/dags/raw_ticket_s3.py for tasks to queue
[2024-11-25T11:16:40.797+0000] {logging_mixin.py:190} INFO - [2024-11-25T11:16:40.796+0000] {dagbag.py:588} INFO - Filling up the DagBag from /opt/airflow/dags/raw_ticket_s3.py
[2024-11-25T11:16:40.835+0000] {processor.py:925} INFO - DAG(s) 'open_interpark_to_S3' retrieved from /opt/airflow/dags/raw_ticket_s3.py
[2024-11-25T11:16:40.864+0000] {logging_mixin.py:190} INFO - [2024-11-25T11:16:40.864+0000] {dag.py:3239} INFO - Sync 1 DAGs
[2024-11-25T11:16:40.919+0000] {logging_mixin.py:190} INFO - [2024-11-25T11:16:40.919+0000] {dag.py:4180} INFO - Setting next_dagrun for open_interpark_to_S3 to 2024-11-25 00:00:00+00:00, run_after=2024-11-26 00:00:00+00:00
[2024-11-25T11:16:40.971+0000] {processor.py:208} INFO - Processing /opt/airflow/dags/raw_ticket_s3.py took 0.191 seconds
[2024-11-25T11:17:11.526+0000] {processor.py:186} INFO - Started process (PID=1545) to work on /opt/airflow/dags/raw_ticket_s3.py
[2024-11-25T11:17:11.529+0000] {processor.py:914} INFO - Processing file /opt/airflow/dags/raw_ticket_s3.py for tasks to queue
[2024-11-25T11:17:11.534+0000] {logging_mixin.py:190} INFO - [2024-11-25T11:17:11.533+0000] {dagbag.py:588} INFO - Filling up the DagBag from /opt/airflow/dags/raw_ticket_s3.py
[2024-11-25T11:17:11.561+0000] {processor.py:925} INFO - DAG(s) 'open_interpark_to_S3' retrieved from /opt/airflow/dags/raw_ticket_s3.py
[2024-11-25T11:17:11.762+0000] {logging_mixin.py:190} INFO - [2024-11-25T11:17:11.762+0000] {dag.py:3239} INFO - Sync 1 DAGs
[2024-11-25T11:17:11.799+0000] {logging_mixin.py:190} INFO - [2024-11-25T11:17:11.799+0000] {dag.py:4180} INFO - Setting next_dagrun for open_interpark_to_S3 to 2024-11-25 00:00:00+00:00, run_after=2024-11-26 00:00:00+00:00
[2024-11-25T11:17:11.835+0000] {processor.py:208} INFO - Processing /opt/airflow/dags/raw_ticket_s3.py took 0.329 seconds
[2024-11-25T11:17:42.274+0000] {processor.py:186} INFO - Started process (PID=1549) to work on /opt/airflow/dags/raw_ticket_s3.py
[2024-11-25T11:17:42.276+0000] {processor.py:914} INFO - Processing file /opt/airflow/dags/raw_ticket_s3.py for tasks to queue
[2024-11-25T11:17:42.278+0000] {logging_mixin.py:190} INFO - [2024-11-25T11:17:42.278+0000] {dagbag.py:588} INFO - Filling up the DagBag from /opt/airflow/dags/raw_ticket_s3.py
[2024-11-25T11:17:42.306+0000] {processor.py:925} INFO - DAG(s) 'open_interpark_to_S3' retrieved from /opt/airflow/dags/raw_ticket_s3.py
[2024-11-25T11:17:42.355+0000] {logging_mixin.py:190} INFO - [2024-11-25T11:17:42.354+0000] {dag.py:3239} INFO - Sync 1 DAGs
[2024-11-25T11:17:42.409+0000] {logging_mixin.py:190} INFO - [2024-11-25T11:17:42.408+0000] {dag.py:4180} INFO - Setting next_dagrun for open_interpark_to_S3 to 2024-11-25 00:00:00+00:00, run_after=2024-11-26 00:00:00+00:00
[2024-11-25T11:17:42.448+0000] {processor.py:208} INFO - Processing /opt/airflow/dags/raw_ticket_s3.py took 0.187 seconds
[2024-11-25T11:18:12.806+0000] {processor.py:186} INFO - Started process (PID=1553) to work on /opt/airflow/dags/raw_ticket_s3.py
[2024-11-25T11:18:12.815+0000] {processor.py:914} INFO - Processing file /opt/airflow/dags/raw_ticket_s3.py for tasks to queue
[2024-11-25T11:18:12.817+0000] {logging_mixin.py:190} INFO - [2024-11-25T11:18:12.816+0000] {dagbag.py:588} INFO - Filling up the DagBag from /opt/airflow/dags/raw_ticket_s3.py
[2024-11-25T11:18:12.843+0000] {processor.py:925} INFO - DAG(s) 'open_interpark_to_S3' retrieved from /opt/airflow/dags/raw_ticket_s3.py
[2024-11-25T11:18:12.871+0000] {logging_mixin.py:190} INFO - [2024-11-25T11:18:12.870+0000] {dag.py:3239} INFO - Sync 1 DAGs
[2024-11-25T11:18:12.918+0000] {logging_mixin.py:190} INFO - [2024-11-25T11:18:12.918+0000] {dag.py:4180} INFO - Setting next_dagrun for open_interpark_to_S3 to 2024-11-25 00:00:00+00:00, run_after=2024-11-26 00:00:00+00:00
[2024-11-25T11:18:12.956+0000] {processor.py:208} INFO - Processing /opt/airflow/dags/raw_ticket_s3.py took 0.161 seconds
[2024-11-25T11:18:43.327+0000] {processor.py:186} INFO - Started process (PID=1557) to work on /opt/airflow/dags/raw_ticket_s3.py
[2024-11-25T11:18:43.330+0000] {processor.py:914} INFO - Processing file /opt/airflow/dags/raw_ticket_s3.py for tasks to queue
[2024-11-25T11:18:43.333+0000] {logging_mixin.py:190} INFO - [2024-11-25T11:18:43.333+0000] {dagbag.py:588} INFO - Filling up the DagBag from /opt/airflow/dags/raw_ticket_s3.py
[2024-11-25T11:18:43.358+0000] {processor.py:925} INFO - DAG(s) 'open_interpark_to_S3' retrieved from /opt/airflow/dags/raw_ticket_s3.py
[2024-11-25T11:18:43.567+0000] {logging_mixin.py:190} INFO - [2024-11-25T11:18:43.566+0000] {dag.py:3239} INFO - Sync 1 DAGs
[2024-11-25T11:18:43.602+0000] {logging_mixin.py:190} INFO - [2024-11-25T11:18:43.602+0000] {dag.py:4180} INFO - Setting next_dagrun for open_interpark_to_S3 to 2024-11-25 00:00:00+00:00, run_after=2024-11-26 00:00:00+00:00
[2024-11-25T11:18:43.643+0000] {processor.py:208} INFO - Processing /opt/airflow/dags/raw_ticket_s3.py took 0.335 seconds
[2024-11-25T11:19:14.012+0000] {processor.py:186} INFO - Started process (PID=1561) to work on /opt/airflow/dags/raw_ticket_s3.py
[2024-11-25T11:19:14.022+0000] {processor.py:914} INFO - Processing file /opt/airflow/dags/raw_ticket_s3.py for tasks to queue
[2024-11-25T11:19:14.024+0000] {logging_mixin.py:190} INFO - [2024-11-25T11:19:14.024+0000] {dagbag.py:588} INFO - Filling up the DagBag from /opt/airflow/dags/raw_ticket_s3.py
[2024-11-25T11:19:14.052+0000] {processor.py:925} INFO - DAG(s) 'open_interpark_to_S3' retrieved from /opt/airflow/dags/raw_ticket_s3.py
[2024-11-25T11:19:14.099+0000] {logging_mixin.py:190} INFO - [2024-11-25T11:19:14.099+0000] {dag.py:3239} INFO - Sync 1 DAGs
[2024-11-25T11:19:14.145+0000] {logging_mixin.py:190} INFO - [2024-11-25T11:19:14.144+0000] {dag.py:4180} INFO - Setting next_dagrun for open_interpark_to_S3 to 2024-11-25 00:00:00+00:00, run_after=2024-11-26 00:00:00+00:00
[2024-11-25T11:19:14.181+0000] {processor.py:208} INFO - Processing /opt/airflow/dags/raw_ticket_s3.py took 0.182 seconds
[2024-11-25T11:19:44.518+0000] {processor.py:186} INFO - Started process (PID=1565) to work on /opt/airflow/dags/raw_ticket_s3.py
[2024-11-25T11:19:44.520+0000] {processor.py:914} INFO - Processing file /opt/airflow/dags/raw_ticket_s3.py for tasks to queue
[2024-11-25T11:19:44.524+0000] {logging_mixin.py:190} INFO - [2024-11-25T11:19:44.523+0000] {dagbag.py:588} INFO - Filling up the DagBag from /opt/airflow/dags/raw_ticket_s3.py
[2024-11-25T11:19:44.551+0000] {processor.py:925} INFO - DAG(s) 'open_interpark_to_S3' retrieved from /opt/airflow/dags/raw_ticket_s3.py
[2024-11-25T11:19:44.574+0000] {logging_mixin.py:190} INFO - [2024-11-25T11:19:44.573+0000] {dag.py:3239} INFO - Sync 1 DAGs
[2024-11-25T11:19:44.624+0000] {logging_mixin.py:190} INFO - [2024-11-25T11:19:44.623+0000] {dag.py:4180} INFO - Setting next_dagrun for open_interpark_to_S3 to 2024-11-25 00:00:00+00:00, run_after=2024-11-26 00:00:00+00:00
[2024-11-25T11:19:44.663+0000] {processor.py:208} INFO - Processing /opt/airflow/dags/raw_ticket_s3.py took 0.157 seconds
[2024-11-25T11:20:15.175+0000] {processor.py:186} INFO - Started process (PID=1569) to work on /opt/airflow/dags/raw_ticket_s3.py
[2024-11-25T11:20:15.176+0000] {processor.py:914} INFO - Processing file /opt/airflow/dags/raw_ticket_s3.py for tasks to queue
[2024-11-25T11:20:15.179+0000] {logging_mixin.py:190} INFO - [2024-11-25T11:20:15.178+0000] {dagbag.py:588} INFO - Filling up the DagBag from /opt/airflow/dags/raw_ticket_s3.py
[2024-11-25T11:20:15.218+0000] {processor.py:925} INFO - DAG(s) 'open_interpark_to_S3' retrieved from /opt/airflow/dags/raw_ticket_s3.py
[2024-11-25T11:20:15.468+0000] {logging_mixin.py:190} INFO - [2024-11-25T11:20:15.468+0000] {dag.py:3239} INFO - Sync 1 DAGs
[2024-11-25T11:20:15.503+0000] {logging_mixin.py:190} INFO - [2024-11-25T11:20:15.503+0000] {dag.py:4180} INFO - Setting next_dagrun for open_interpark_to_S3 to 2024-11-25 00:00:00+00:00, run_after=2024-11-26 00:00:00+00:00
[2024-11-25T11:20:15.538+0000] {processor.py:208} INFO - Processing /opt/airflow/dags/raw_ticket_s3.py took 0.380 seconds
[2024-11-25T11:20:45.848+0000] {processor.py:186} INFO - Started process (PID=1573) to work on /opt/airflow/dags/raw_ticket_s3.py
[2024-11-25T11:20:45.850+0000] {processor.py:914} INFO - Processing file /opt/airflow/dags/raw_ticket_s3.py for tasks to queue
[2024-11-25T11:20:45.851+0000] {logging_mixin.py:190} INFO - [2024-11-25T11:20:45.851+0000] {dagbag.py:588} INFO - Filling up the DagBag from /opt/airflow/dags/raw_ticket_s3.py
[2024-11-25T11:20:45.874+0000] {processor.py:925} INFO - DAG(s) 'open_interpark_to_S3' retrieved from /opt/airflow/dags/raw_ticket_s3.py
[2024-11-25T11:20:45.919+0000] {logging_mixin.py:190} INFO - [2024-11-25T11:20:45.918+0000] {dag.py:3239} INFO - Sync 1 DAGs
[2024-11-25T11:20:45.962+0000] {logging_mixin.py:190} INFO - [2024-11-25T11:20:45.961+0000] {dag.py:4180} INFO - Setting next_dagrun for open_interpark_to_S3 to 2024-11-25 00:00:00+00:00, run_after=2024-11-26 00:00:00+00:00
[2024-11-25T11:20:46.009+0000] {processor.py:208} INFO - Processing /opt/airflow/dags/raw_ticket_s3.py took 0.170 seconds
[2024-11-25T11:21:16.381+0000] {processor.py:186} INFO - Started process (PID=1577) to work on /opt/airflow/dags/raw_ticket_s3.py
[2024-11-25T11:21:16.393+0000] {processor.py:914} INFO - Processing file /opt/airflow/dags/raw_ticket_s3.py for tasks to queue
[2024-11-25T11:21:16.395+0000] {logging_mixin.py:190} INFO - [2024-11-25T11:21:16.395+0000] {dagbag.py:588} INFO - Filling up the DagBag from /opt/airflow/dags/raw_ticket_s3.py
[2024-11-25T11:21:16.419+0000] {processor.py:925} INFO - DAG(s) 'open_interpark_to_S3' retrieved from /opt/airflow/dags/raw_ticket_s3.py
[2024-11-25T11:21:16.441+0000] {logging_mixin.py:190} INFO - [2024-11-25T11:21:16.441+0000] {dag.py:3239} INFO - Sync 1 DAGs
[2024-11-25T11:21:16.485+0000] {logging_mixin.py:190} INFO - [2024-11-25T11:21:16.485+0000] {dag.py:4180} INFO - Setting next_dagrun for open_interpark_to_S3 to 2024-11-25 00:00:00+00:00, run_after=2024-11-26 00:00:00+00:00
[2024-11-25T11:21:16.521+0000] {processor.py:208} INFO - Processing /opt/airflow/dags/raw_ticket_s3.py took 0.151 seconds
[2024-11-25T11:21:47.015+0000] {processor.py:186} INFO - Started process (PID=1581) to work on /opt/airflow/dags/raw_ticket_s3.py
[2024-11-25T11:21:47.018+0000] {processor.py:914} INFO - Processing file /opt/airflow/dags/raw_ticket_s3.py for tasks to queue
[2024-11-25T11:21:47.020+0000] {logging_mixin.py:190} INFO - [2024-11-25T11:21:47.020+0000] {dagbag.py:588} INFO - Filling up the DagBag from /opt/airflow/dags/raw_ticket_s3.py
[2024-11-25T11:21:47.046+0000] {processor.py:925} INFO - DAG(s) 'open_interpark_to_S3' retrieved from /opt/airflow/dags/raw_ticket_s3.py
[2024-11-25T11:21:47.299+0000] {logging_mixin.py:190} INFO - [2024-11-25T11:21:47.298+0000] {dag.py:3239} INFO - Sync 1 DAGs
[2024-11-25T11:21:47.337+0000] {logging_mixin.py:190} INFO - [2024-11-25T11:21:47.337+0000] {dag.py:4180} INFO - Setting next_dagrun for open_interpark_to_S3 to 2024-11-25 00:00:00+00:00, run_after=2024-11-26 00:00:00+00:00
[2024-11-25T11:21:47.374+0000] {processor.py:208} INFO - Processing /opt/airflow/dags/raw_ticket_s3.py took 0.377 seconds
[2024-11-25T11:22:17.695+0000] {processor.py:186} INFO - Started process (PID=1585) to work on /opt/airflow/dags/raw_ticket_s3.py
[2024-11-25T11:22:17.705+0000] {processor.py:914} INFO - Processing file /opt/airflow/dags/raw_ticket_s3.py for tasks to queue
[2024-11-25T11:22:17.707+0000] {logging_mixin.py:190} INFO - [2024-11-25T11:22:17.706+0000] {dagbag.py:588} INFO - Filling up the DagBag from /opt/airflow/dags/raw_ticket_s3.py
[2024-11-25T11:22:17.729+0000] {processor.py:925} INFO - DAG(s) 'open_interpark_to_S3' retrieved from /opt/airflow/dags/raw_ticket_s3.py
[2024-11-25T11:22:17.773+0000] {logging_mixin.py:190} INFO - [2024-11-25T11:22:17.772+0000] {dag.py:3239} INFO - Sync 1 DAGs
[2024-11-25T11:22:17.816+0000] {logging_mixin.py:190} INFO - [2024-11-25T11:22:17.816+0000] {dag.py:4180} INFO - Setting next_dagrun for open_interpark_to_S3 to 2024-11-25 00:00:00+00:00, run_after=2024-11-26 00:00:00+00:00
[2024-11-25T11:22:17.853+0000] {processor.py:208} INFO - Processing /opt/airflow/dags/raw_ticket_s3.py took 0.170 seconds
[2024-11-25T11:22:48.235+0000] {processor.py:186} INFO - Started process (PID=1589) to work on /opt/airflow/dags/raw_ticket_s3.py
[2024-11-25T11:22:48.237+0000] {processor.py:914} INFO - Processing file /opt/airflow/dags/raw_ticket_s3.py for tasks to queue
[2024-11-25T11:22:48.238+0000] {logging_mixin.py:190} INFO - [2024-11-25T11:22:48.238+0000] {dagbag.py:588} INFO - Filling up the DagBag from /opt/airflow/dags/raw_ticket_s3.py
[2024-11-25T11:22:48.259+0000] {processor.py:925} INFO - DAG(s) 'open_interpark_to_S3' retrieved from /opt/airflow/dags/raw_ticket_s3.py
[2024-11-25T11:22:48.280+0000] {logging_mixin.py:190} INFO - [2024-11-25T11:22:48.280+0000] {dag.py:3239} INFO - Sync 1 DAGs
[2024-11-25T11:22:48.321+0000] {logging_mixin.py:190} INFO - [2024-11-25T11:22:48.320+0000] {dag.py:4180} INFO - Setting next_dagrun for open_interpark_to_S3 to 2024-11-25 00:00:00+00:00, run_after=2024-11-26 00:00:00+00:00
[2024-11-25T11:22:48.358+0000] {processor.py:208} INFO - Processing /opt/airflow/dags/raw_ticket_s3.py took 0.134 seconds
[2024-11-25T11:23:18.885+0000] {processor.py:186} INFO - Started process (PID=1593) to work on /opt/airflow/dags/raw_ticket_s3.py
[2024-11-25T11:23:18.896+0000] {processor.py:914} INFO - Processing file /opt/airflow/dags/raw_ticket_s3.py for tasks to queue
[2024-11-25T11:23:18.898+0000] {logging_mixin.py:190} INFO - [2024-11-25T11:23:18.898+0000] {dagbag.py:588} INFO - Filling up the DagBag from /opt/airflow/dags/raw_ticket_s3.py
[2024-11-25T11:23:18.927+0000] {processor.py:925} INFO - DAG(s) 'open_interpark_to_S3' retrieved from /opt/airflow/dags/raw_ticket_s3.py
[2024-11-25T11:23:19.135+0000] {logging_mixin.py:190} INFO - [2024-11-25T11:23:19.135+0000] {dag.py:3239} INFO - Sync 1 DAGs
[2024-11-25T11:23:19.174+0000] {logging_mixin.py:190} INFO - [2024-11-25T11:23:19.173+0000] {dag.py:4180} INFO - Setting next_dagrun for open_interpark_to_S3 to 2024-11-25 00:00:00+00:00, run_after=2024-11-26 00:00:00+00:00
[2024-11-25T11:23:19.209+0000] {processor.py:208} INFO - Processing /opt/airflow/dags/raw_ticket_s3.py took 0.336 seconds
[2024-11-25T11:23:49.658+0000] {processor.py:186} INFO - Started process (PID=1597) to work on /opt/airflow/dags/raw_ticket_s3.py
[2024-11-25T11:23:49.669+0000] {processor.py:914} INFO - Processing file /opt/airflow/dags/raw_ticket_s3.py for tasks to queue
[2024-11-25T11:23:49.672+0000] {logging_mixin.py:190} INFO - [2024-11-25T11:23:49.671+0000] {dagbag.py:588} INFO - Filling up the DagBag from /opt/airflow/dags/raw_ticket_s3.py
[2024-11-25T11:23:49.696+0000] {processor.py:925} INFO - DAG(s) 'open_interpark_to_S3' retrieved from /opt/airflow/dags/raw_ticket_s3.py
[2024-11-25T11:23:49.741+0000] {logging_mixin.py:190} INFO - [2024-11-25T11:23:49.741+0000] {dag.py:3239} INFO - Sync 1 DAGs
[2024-11-25T11:23:49.786+0000] {logging_mixin.py:190} INFO - [2024-11-25T11:23:49.786+0000] {dag.py:4180} INFO - Setting next_dagrun for open_interpark_to_S3 to 2024-11-25 00:00:00+00:00, run_after=2024-11-26 00:00:00+00:00
[2024-11-25T11:23:49.817+0000] {processor.py:208} INFO - Processing /opt/airflow/dags/raw_ticket_s3.py took 0.173 seconds
[2024-11-25T11:24:20.144+0000] {processor.py:186} INFO - Started process (PID=1601) to work on /opt/airflow/dags/raw_ticket_s3.py
[2024-11-25T11:24:20.156+0000] {processor.py:914} INFO - Processing file /opt/airflow/dags/raw_ticket_s3.py for tasks to queue
[2024-11-25T11:24:20.163+0000] {logging_mixin.py:190} INFO - [2024-11-25T11:24:20.162+0000] {dagbag.py:588} INFO - Filling up the DagBag from /opt/airflow/dags/raw_ticket_s3.py
[2024-11-25T11:24:20.193+0000] {processor.py:925} INFO - DAG(s) 'open_interpark_to_S3' retrieved from /opt/airflow/dags/raw_ticket_s3.py
[2024-11-25T11:24:20.218+0000] {logging_mixin.py:190} INFO - [2024-11-25T11:24:20.218+0000] {dag.py:3239} INFO - Sync 1 DAGs
[2024-11-25T11:24:20.269+0000] {logging_mixin.py:190} INFO - [2024-11-25T11:24:20.268+0000] {dag.py:4180} INFO - Setting next_dagrun for open_interpark_to_S3 to 2024-11-25 00:00:00+00:00, run_after=2024-11-26 00:00:00+00:00
[2024-11-25T11:24:20.305+0000] {processor.py:208} INFO - Processing /opt/airflow/dags/raw_ticket_s3.py took 0.175 seconds
[2024-11-25T11:24:50.829+0000] {processor.py:186} INFO - Started process (PID=1605) to work on /opt/airflow/dags/raw_ticket_s3.py
[2024-11-25T11:24:50.840+0000] {processor.py:914} INFO - Processing file /opt/airflow/dags/raw_ticket_s3.py for tasks to queue
[2024-11-25T11:24:50.842+0000] {logging_mixin.py:190} INFO - [2024-11-25T11:24:50.841+0000] {dagbag.py:588} INFO - Filling up the DagBag from /opt/airflow/dags/raw_ticket_s3.py
[2024-11-25T11:24:50.865+0000] {processor.py:925} INFO - DAG(s) 'open_interpark_to_S3' retrieved from /opt/airflow/dags/raw_ticket_s3.py
[2024-11-25T11:24:51.076+0000] {logging_mixin.py:190} INFO - [2024-11-25T11:24:51.075+0000] {dag.py:3239} INFO - Sync 1 DAGs
[2024-11-25T11:24:51.115+0000] {logging_mixin.py:190} INFO - [2024-11-25T11:24:51.114+0000] {dag.py:4180} INFO - Setting next_dagrun for open_interpark_to_S3 to 2024-11-25 00:00:00+00:00, run_after=2024-11-26 00:00:00+00:00
[2024-11-25T11:24:51.164+0000] {processor.py:208} INFO - Processing /opt/airflow/dags/raw_ticket_s3.py took 0.350 seconds
[2024-11-25T11:25:21.523+0000] {processor.py:186} INFO - Started process (PID=1609) to work on /opt/airflow/dags/raw_ticket_s3.py
[2024-11-25T11:25:21.534+0000] {processor.py:914} INFO - Processing file /opt/airflow/dags/raw_ticket_s3.py for tasks to queue
[2024-11-25T11:25:21.536+0000] {logging_mixin.py:190} INFO - [2024-11-25T11:25:21.535+0000] {dagbag.py:588} INFO - Filling up the DagBag from /opt/airflow/dags/raw_ticket_s3.py
[2024-11-25T11:25:21.564+0000] {processor.py:925} INFO - DAG(s) 'open_interpark_to_S3' retrieved from /opt/airflow/dags/raw_ticket_s3.py
[2024-11-25T11:25:21.618+0000] {logging_mixin.py:190} INFO - [2024-11-25T11:25:21.618+0000] {dag.py:3239} INFO - Sync 1 DAGs
[2024-11-25T11:25:21.681+0000] {logging_mixin.py:190} INFO - [2024-11-25T11:25:21.681+0000] {dag.py:4180} INFO - Setting next_dagrun for open_interpark_to_S3 to 2024-11-25 00:00:00+00:00, run_after=2024-11-26 00:00:00+00:00
[2024-11-25T11:25:21.721+0000] {processor.py:208} INFO - Processing /opt/airflow/dags/raw_ticket_s3.py took 0.212 seconds
[2024-11-25T11:25:52.069+0000] {processor.py:186} INFO - Started process (PID=1613) to work on /opt/airflow/dags/raw_ticket_s3.py
[2024-11-25T11:25:52.072+0000] {processor.py:914} INFO - Processing file /opt/airflow/dags/raw_ticket_s3.py for tasks to queue
[2024-11-25T11:25:52.074+0000] {logging_mixin.py:190} INFO - [2024-11-25T11:25:52.073+0000] {dagbag.py:588} INFO - Filling up the DagBag from /opt/airflow/dags/raw_ticket_s3.py
[2024-11-25T11:25:52.096+0000] {processor.py:925} INFO - DAG(s) 'open_interpark_to_S3' retrieved from /opt/airflow/dags/raw_ticket_s3.py
[2024-11-25T11:25:52.117+0000] {logging_mixin.py:190} INFO - [2024-11-25T11:25:52.117+0000] {dag.py:3239} INFO - Sync 1 DAGs
[2024-11-25T11:25:52.158+0000] {logging_mixin.py:190} INFO - [2024-11-25T11:25:52.158+0000] {dag.py:4180} INFO - Setting next_dagrun for open_interpark_to_S3 to 2024-11-25 00:00:00+00:00, run_after=2024-11-26 00:00:00+00:00
[2024-11-25T11:25:52.196+0000] {processor.py:208} INFO - Processing /opt/airflow/dags/raw_ticket_s3.py took 0.138 seconds
[2024-11-25T11:26:22.733+0000] {processor.py:186} INFO - Started process (PID=1617) to work on /opt/airflow/dags/raw_ticket_s3.py
[2024-11-25T11:26:22.742+0000] {processor.py:914} INFO - Processing file /opt/airflow/dags/raw_ticket_s3.py for tasks to queue
[2024-11-25T11:26:22.744+0000] {logging_mixin.py:190} INFO - [2024-11-25T11:26:22.743+0000] {dagbag.py:588} INFO - Filling up the DagBag from /opt/airflow/dags/raw_ticket_s3.py
[2024-11-25T11:26:22.766+0000] {processor.py:925} INFO - DAG(s) 'open_interpark_to_S3' retrieved from /opt/airflow/dags/raw_ticket_s3.py
[2024-11-25T11:26:23.005+0000] {logging_mixin.py:190} INFO - [2024-11-25T11:26:23.004+0000] {dag.py:3239} INFO - Sync 1 DAGs
[2024-11-25T11:26:23.043+0000] {logging_mixin.py:190} INFO - [2024-11-25T11:26:23.043+0000] {dag.py:4180} INFO - Setting next_dagrun for open_interpark_to_S3 to 2024-11-25 00:00:00+00:00, run_after=2024-11-26 00:00:00+00:00
[2024-11-25T11:26:23.084+0000] {processor.py:208} INFO - Processing /opt/airflow/dags/raw_ticket_s3.py took 0.362 seconds
[2024-11-25T11:26:53.436+0000] {processor.py:186} INFO - Started process (PID=1621) to work on /opt/airflow/dags/raw_ticket_s3.py
[2024-11-25T11:26:53.440+0000] {processor.py:914} INFO - Processing file /opt/airflow/dags/raw_ticket_s3.py for tasks to queue
[2024-11-25T11:26:53.445+0000] {logging_mixin.py:190} INFO - [2024-11-25T11:26:53.443+0000] {dagbag.py:588} INFO - Filling up the DagBag from /opt/airflow/dags/raw_ticket_s3.py
[2024-11-25T11:26:53.479+0000] {processor.py:925} INFO - DAG(s) 'open_interpark_to_S3' retrieved from /opt/airflow/dags/raw_ticket_s3.py
[2024-11-25T11:26:53.527+0000] {logging_mixin.py:190} INFO - [2024-11-25T11:26:53.526+0000] {dag.py:3239} INFO - Sync 1 DAGs
[2024-11-25T11:26:53.586+0000] {logging_mixin.py:190} INFO - [2024-11-25T11:26:53.586+0000] {dag.py:4180} INFO - Setting next_dagrun for open_interpark_to_S3 to 2024-11-25 00:00:00+00:00, run_after=2024-11-26 00:00:00+00:00
[2024-11-25T11:26:53.636+0000] {processor.py:208} INFO - Processing /opt/airflow/dags/raw_ticket_s3.py took 0.214 seconds
[2024-11-25T11:27:24.007+0000] {processor.py:186} INFO - Started process (PID=1625) to work on /opt/airflow/dags/raw_ticket_s3.py
[2024-11-25T11:27:24.011+0000] {processor.py:914} INFO - Processing file /opt/airflow/dags/raw_ticket_s3.py for tasks to queue
[2024-11-25T11:27:24.013+0000] {logging_mixin.py:190} INFO - [2024-11-25T11:27:24.013+0000] {dagbag.py:588} INFO - Filling up the DagBag from /opt/airflow/dags/raw_ticket_s3.py
[2024-11-25T11:27:24.038+0000] {processor.py:925} INFO - DAG(s) 'open_interpark_to_S3' retrieved from /opt/airflow/dags/raw_ticket_s3.py
[2024-11-25T11:27:24.065+0000] {logging_mixin.py:190} INFO - [2024-11-25T11:27:24.065+0000] {dag.py:3239} INFO - Sync 1 DAGs
[2024-11-25T11:27:24.119+0000] {logging_mixin.py:190} INFO - [2024-11-25T11:27:24.119+0000] {dag.py:4180} INFO - Setting next_dagrun for open_interpark_to_S3 to 2024-11-25 00:00:00+00:00, run_after=2024-11-26 00:00:00+00:00
[2024-11-25T11:27:24.182+0000] {processor.py:208} INFO - Processing /opt/airflow/dags/raw_ticket_s3.py took 0.185 seconds
[2024-11-25T11:27:54.760+0000] {processor.py:186} INFO - Started process (PID=1629) to work on /opt/airflow/dags/raw_ticket_s3.py
[2024-11-25T11:27:54.763+0000] {processor.py:914} INFO - Processing file /opt/airflow/dags/raw_ticket_s3.py for tasks to queue
[2024-11-25T11:27:54.766+0000] {logging_mixin.py:190} INFO - [2024-11-25T11:27:54.765+0000] {dagbag.py:588} INFO - Filling up the DagBag from /opt/airflow/dags/raw_ticket_s3.py
[2024-11-25T11:27:54.788+0000] {processor.py:925} INFO - DAG(s) 'open_interpark_to_S3' retrieved from /opt/airflow/dags/raw_ticket_s3.py
[2024-11-25T11:27:55.031+0000] {logging_mixin.py:190} INFO - [2024-11-25T11:27:55.031+0000] {dag.py:3239} INFO - Sync 1 DAGs
[2024-11-25T11:27:55.076+0000] {logging_mixin.py:190} INFO - [2024-11-25T11:27:55.075+0000] {dag.py:4180} INFO - Setting next_dagrun for open_interpark_to_S3 to 2024-11-25 00:00:00+00:00, run_after=2024-11-26 00:00:00+00:00
[2024-11-25T11:27:55.120+0000] {processor.py:208} INFO - Processing /opt/airflow/dags/raw_ticket_s3.py took 0.374 seconds
[2024-11-25T11:28:25.470+0000] {processor.py:186} INFO - Started process (PID=1633) to work on /opt/airflow/dags/raw_ticket_s3.py
[2024-11-25T11:28:25.480+0000] {processor.py:914} INFO - Processing file /opt/airflow/dags/raw_ticket_s3.py for tasks to queue
[2024-11-25T11:28:25.483+0000] {logging_mixin.py:190} INFO - [2024-11-25T11:28:25.482+0000] {dagbag.py:588} INFO - Filling up the DagBag from /opt/airflow/dags/raw_ticket_s3.py
[2024-11-25T11:28:25.508+0000] {processor.py:925} INFO - DAG(s) 'open_interpark_to_S3' retrieved from /opt/airflow/dags/raw_ticket_s3.py
[2024-11-25T11:28:25.547+0000] {logging_mixin.py:190} INFO - [2024-11-25T11:28:25.546+0000] {dag.py:3239} INFO - Sync 1 DAGs
[2024-11-25T11:28:25.585+0000] {logging_mixin.py:190} INFO - [2024-11-25T11:28:25.584+0000] {dag.py:4180} INFO - Setting next_dagrun for open_interpark_to_S3 to 2024-11-25 00:00:00+00:00, run_after=2024-11-26 00:00:00+00:00
[2024-11-25T11:28:25.630+0000] {processor.py:208} INFO - Processing /opt/airflow/dags/raw_ticket_s3.py took 0.169 seconds
[2024-11-25T11:28:55.996+0000] {processor.py:186} INFO - Started process (PID=1637) to work on /opt/airflow/dags/raw_ticket_s3.py
[2024-11-25T11:28:56.008+0000] {processor.py:914} INFO - Processing file /opt/airflow/dags/raw_ticket_s3.py for tasks to queue
[2024-11-25T11:28:56.014+0000] {logging_mixin.py:190} INFO - [2024-11-25T11:28:56.012+0000] {dagbag.py:588} INFO - Filling up the DagBag from /opt/airflow/dags/raw_ticket_s3.py
[2024-11-25T11:28:56.046+0000] {processor.py:925} INFO - DAG(s) 'open_interpark_to_S3' retrieved from /opt/airflow/dags/raw_ticket_s3.py
[2024-11-25T11:28:56.072+0000] {logging_mixin.py:190} INFO - [2024-11-25T11:28:56.070+0000] {dag.py:3239} INFO - Sync 1 DAGs
[2024-11-25T11:28:56.121+0000] {logging_mixin.py:190} INFO - [2024-11-25T11:28:56.121+0000] {dag.py:4180} INFO - Setting next_dagrun for open_interpark_to_S3 to 2024-11-25 00:00:00+00:00, run_after=2024-11-26 00:00:00+00:00
[2024-11-25T11:28:56.159+0000] {processor.py:208} INFO - Processing /opt/airflow/dags/raw_ticket_s3.py took 0.181 seconds
[2024-11-25T11:29:26.712+0000] {processor.py:186} INFO - Started process (PID=1641) to work on /opt/airflow/dags/raw_ticket_s3.py
[2024-11-25T11:29:26.713+0000] {processor.py:914} INFO - Processing file /opt/airflow/dags/raw_ticket_s3.py for tasks to queue
[2024-11-25T11:29:26.715+0000] {logging_mixin.py:190} INFO - [2024-11-25T11:29:26.715+0000] {dagbag.py:588} INFO - Filling up the DagBag from /opt/airflow/dags/raw_ticket_s3.py
[2024-11-25T11:29:26.748+0000] {processor.py:925} INFO - DAG(s) 'open_interpark_to_S3' retrieved from /opt/airflow/dags/raw_ticket_s3.py
[2024-11-25T11:29:26.957+0000] {logging_mixin.py:190} INFO - [2024-11-25T11:29:26.956+0000] {dag.py:3239} INFO - Sync 1 DAGs
[2024-11-25T11:29:27.000+0000] {logging_mixin.py:190} INFO - [2024-11-25T11:29:27.000+0000] {dag.py:4180} INFO - Setting next_dagrun for open_interpark_to_S3 to 2024-11-25 00:00:00+00:00, run_after=2024-11-26 00:00:00+00:00
[2024-11-25T11:29:27.064+0000] {processor.py:208} INFO - Processing /opt/airflow/dags/raw_ticket_s3.py took 0.368 seconds
[2024-11-25T11:29:57.409+0000] {processor.py:186} INFO - Started process (PID=1645) to work on /opt/airflow/dags/raw_ticket_s3.py
[2024-11-25T11:29:57.420+0000] {processor.py:914} INFO - Processing file /opt/airflow/dags/raw_ticket_s3.py for tasks to queue
[2024-11-25T11:29:57.422+0000] {logging_mixin.py:190} INFO - [2024-11-25T11:29:57.422+0000] {dagbag.py:588} INFO - Filling up the DagBag from /opt/airflow/dags/raw_ticket_s3.py
[2024-11-25T11:29:57.456+0000] {processor.py:925} INFO - DAG(s) 'open_interpark_to_S3' retrieved from /opt/airflow/dags/raw_ticket_s3.py
[2024-11-25T11:29:57.523+0000] {logging_mixin.py:190} INFO - [2024-11-25T11:29:57.522+0000] {dag.py:3239} INFO - Sync 1 DAGs
[2024-11-25T11:29:57.578+0000] {logging_mixin.py:190} INFO - [2024-11-25T11:29:57.578+0000] {dag.py:4180} INFO - Setting next_dagrun for open_interpark_to_S3 to 2024-11-25 00:00:00+00:00, run_after=2024-11-26 00:00:00+00:00
[2024-11-25T11:29:57.624+0000] {processor.py:208} INFO - Processing /opt/airflow/dags/raw_ticket_s3.py took 0.226 seconds
[2024-11-25T11:30:27.981+0000] {processor.py:186} INFO - Started process (PID=1649) to work on /opt/airflow/dags/raw_ticket_s3.py
[2024-11-25T11:30:27.991+0000] {processor.py:914} INFO - Processing file /opt/airflow/dags/raw_ticket_s3.py for tasks to queue
[2024-11-25T11:30:27.994+0000] {logging_mixin.py:190} INFO - [2024-11-25T11:30:27.993+0000] {dagbag.py:588} INFO - Filling up the DagBag from /opt/airflow/dags/raw_ticket_s3.py
[2024-11-25T11:30:28.014+0000] {processor.py:925} INFO - DAG(s) 'open_interpark_to_S3' retrieved from /opt/airflow/dags/raw_ticket_s3.py
[2024-11-25T11:30:28.036+0000] {logging_mixin.py:190} INFO - [2024-11-25T11:30:28.036+0000] {dag.py:3239} INFO - Sync 1 DAGs
[2024-11-25T11:30:28.078+0000] {logging_mixin.py:190} INFO - [2024-11-25T11:30:28.078+0000] {dag.py:4180} INFO - Setting next_dagrun for open_interpark_to_S3 to 2024-11-25 00:00:00+00:00, run_after=2024-11-26 00:00:00+00:00
[2024-11-25T11:30:28.116+0000] {processor.py:208} INFO - Processing /opt/airflow/dags/raw_ticket_s3.py took 0.145 seconds
[2024-11-25T11:30:58.652+0000] {processor.py:186} INFO - Started process (PID=1653) to work on /opt/airflow/dags/raw_ticket_s3.py
[2024-11-25T11:30:58.662+0000] {processor.py:914} INFO - Processing file /opt/airflow/dags/raw_ticket_s3.py for tasks to queue
[2024-11-25T11:30:58.664+0000] {logging_mixin.py:190} INFO - [2024-11-25T11:30:58.664+0000] {dagbag.py:588} INFO - Filling up the DagBag from /opt/airflow/dags/raw_ticket_s3.py
[2024-11-25T11:30:58.687+0000] {processor.py:925} INFO - DAG(s) 'open_interpark_to_S3' retrieved from /opt/airflow/dags/raw_ticket_s3.py
[2024-11-25T11:30:58.916+0000] {logging_mixin.py:190} INFO - [2024-11-25T11:30:58.915+0000] {dag.py:3239} INFO - Sync 1 DAGs
[2024-11-25T11:30:58.960+0000] {logging_mixin.py:190} INFO - [2024-11-25T11:30:58.959+0000] {dag.py:4180} INFO - Setting next_dagrun for open_interpark_to_S3 to 2024-11-25 00:00:00+00:00, run_after=2024-11-26 00:00:00+00:00
[2024-11-25T11:30:59.012+0000] {processor.py:208} INFO - Processing /opt/airflow/dags/raw_ticket_s3.py took 0.372 seconds
[2024-11-25T11:31:29.345+0000] {processor.py:186} INFO - Started process (PID=1657) to work on /opt/airflow/dags/raw_ticket_s3.py
[2024-11-25T11:31:29.355+0000] {processor.py:914} INFO - Processing file /opt/airflow/dags/raw_ticket_s3.py for tasks to queue
[2024-11-25T11:31:29.357+0000] {logging_mixin.py:190} INFO - [2024-11-25T11:31:29.357+0000] {dagbag.py:588} INFO - Filling up the DagBag from /opt/airflow/dags/raw_ticket_s3.py
[2024-11-25T11:31:29.387+0000] {processor.py:925} INFO - DAG(s) 'open_interpark_to_S3' retrieved from /opt/airflow/dags/raw_ticket_s3.py
[2024-11-25T11:31:29.437+0000] {logging_mixin.py:190} INFO - [2024-11-25T11:31:29.437+0000] {dag.py:3239} INFO - Sync 1 DAGs
[2024-11-25T11:31:29.485+0000] {logging_mixin.py:190} INFO - [2024-11-25T11:31:29.485+0000] {dag.py:4180} INFO - Setting next_dagrun for open_interpark_to_S3 to 2024-11-25 00:00:00+00:00, run_after=2024-11-26 00:00:00+00:00
[2024-11-25T11:31:29.531+0000] {processor.py:208} INFO - Processing /opt/airflow/dags/raw_ticket_s3.py took 0.197 seconds
[2024-11-25T11:31:59.876+0000] {processor.py:186} INFO - Started process (PID=1661) to work on /opt/airflow/dags/raw_ticket_s3.py
[2024-11-25T11:31:59.885+0000] {processor.py:914} INFO - Processing file /opt/airflow/dags/raw_ticket_s3.py for tasks to queue
[2024-11-25T11:31:59.887+0000] {logging_mixin.py:190} INFO - [2024-11-25T11:31:59.887+0000] {dagbag.py:588} INFO - Filling up the DagBag from /opt/airflow/dags/raw_ticket_s3.py
[2024-11-25T11:31:59.922+0000] {processor.py:925} INFO - DAG(s) 'open_interpark_to_S3' retrieved from /opt/airflow/dags/raw_ticket_s3.py
[2024-11-25T11:31:59.944+0000] {logging_mixin.py:190} INFO - [2024-11-25T11:31:59.943+0000] {dag.py:3239} INFO - Sync 1 DAGs
[2024-11-25T11:31:59.996+0000] {logging_mixin.py:190} INFO - [2024-11-25T11:31:59.995+0000] {dag.py:4180} INFO - Setting next_dagrun for open_interpark_to_S3 to 2024-11-25 00:00:00+00:00, run_after=2024-11-26 00:00:00+00:00
[2024-11-25T11:32:00.043+0000] {processor.py:208} INFO - Processing /opt/airflow/dags/raw_ticket_s3.py took 0.180 seconds
[2024-11-25T11:32:30.470+0000] {processor.py:186} INFO - Started process (PID=1665) to work on /opt/airflow/dags/raw_ticket_s3.py
[2024-11-25T11:32:30.480+0000] {processor.py:914} INFO - Processing file /opt/airflow/dags/raw_ticket_s3.py for tasks to queue
[2024-11-25T11:32:30.483+0000] {logging_mixin.py:190} INFO - [2024-11-25T11:32:30.482+0000] {dagbag.py:588} INFO - Filling up the DagBag from /opt/airflow/dags/raw_ticket_s3.py
[2024-11-25T11:32:30.505+0000] {processor.py:925} INFO - DAG(s) 'open_interpark_to_S3' retrieved from /opt/airflow/dags/raw_ticket_s3.py
[2024-11-25T11:32:30.732+0000] {logging_mixin.py:190} INFO - [2024-11-25T11:32:30.731+0000] {dag.py:3239} INFO - Sync 1 DAGs
[2024-11-25T11:32:30.763+0000] {logging_mixin.py:190} INFO - [2024-11-25T11:32:30.763+0000] {dag.py:4180} INFO - Setting next_dagrun for open_interpark_to_S3 to 2024-11-25 00:00:00+00:00, run_after=2024-11-26 00:00:00+00:00
[2024-11-25T11:32:30.801+0000] {processor.py:208} INFO - Processing /opt/airflow/dags/raw_ticket_s3.py took 0.344 seconds
[2024-11-25T11:33:01.193+0000] {processor.py:186} INFO - Started process (PID=1669) to work on /opt/airflow/dags/raw_ticket_s3.py
[2024-11-25T11:33:01.204+0000] {processor.py:914} INFO - Processing file /opt/airflow/dags/raw_ticket_s3.py for tasks to queue
[2024-11-25T11:33:01.205+0000] {logging_mixin.py:190} INFO - [2024-11-25T11:33:01.205+0000] {dagbag.py:588} INFO - Filling up the DagBag from /opt/airflow/dags/raw_ticket_s3.py
[2024-11-25T11:33:01.231+0000] {processor.py:925} INFO - DAG(s) 'open_interpark_to_S3' retrieved from /opt/airflow/dags/raw_ticket_s3.py
[2024-11-25T11:33:01.273+0000] {logging_mixin.py:190} INFO - [2024-11-25T11:33:01.273+0000] {dag.py:3239} INFO - Sync 1 DAGs
[2024-11-25T11:33:01.317+0000] {logging_mixin.py:190} INFO - [2024-11-25T11:33:01.317+0000] {dag.py:4180} INFO - Setting next_dagrun for open_interpark_to_S3 to 2024-11-25 00:00:00+00:00, run_after=2024-11-26 00:00:00+00:00
[2024-11-25T11:33:01.354+0000] {processor.py:208} INFO - Processing /opt/airflow/dags/raw_ticket_s3.py took 0.177 seconds
[2024-11-25T11:33:31.701+0000] {processor.py:186} INFO - Started process (PID=1673) to work on /opt/airflow/dags/raw_ticket_s3.py
[2024-11-25T11:33:31.706+0000] {processor.py:914} INFO - Processing file /opt/airflow/dags/raw_ticket_s3.py for tasks to queue
[2024-11-25T11:33:31.709+0000] {logging_mixin.py:190} INFO - [2024-11-25T11:33:31.708+0000] {dagbag.py:588} INFO - Filling up the DagBag from /opt/airflow/dags/raw_ticket_s3.py
[2024-11-25T11:33:31.747+0000] {processor.py:925} INFO - DAG(s) 'open_interpark_to_S3' retrieved from /opt/airflow/dags/raw_ticket_s3.py
[2024-11-25T11:33:31.774+0000] {logging_mixin.py:190} INFO - [2024-11-25T11:33:31.774+0000] {dag.py:3239} INFO - Sync 1 DAGs
[2024-11-25T11:33:31.828+0000] {logging_mixin.py:190} INFO - [2024-11-25T11:33:31.828+0000] {dag.py:4180} INFO - Setting next_dagrun for open_interpark_to_S3 to 2024-11-25 00:00:00+00:00, run_after=2024-11-26 00:00:00+00:00
[2024-11-25T11:33:31.871+0000] {processor.py:208} INFO - Processing /opt/airflow/dags/raw_ticket_s3.py took 0.181 seconds
[2024-11-25T11:34:02.422+0000] {processor.py:186} INFO - Started process (PID=1677) to work on /opt/airflow/dags/raw_ticket_s3.py
[2024-11-25T11:34:02.432+0000] {processor.py:914} INFO - Processing file /opt/airflow/dags/raw_ticket_s3.py for tasks to queue
[2024-11-25T11:34:02.435+0000] {logging_mixin.py:190} INFO - [2024-11-25T11:34:02.434+0000] {dagbag.py:588} INFO - Filling up the DagBag from /opt/airflow/dags/raw_ticket_s3.py
[2024-11-25T11:34:02.456+0000] {processor.py:925} INFO - DAG(s) 'open_interpark_to_S3' retrieved from /opt/airflow/dags/raw_ticket_s3.py
[2024-11-25T11:34:02.652+0000] {logging_mixin.py:190} INFO - [2024-11-25T11:34:02.652+0000] {dag.py:3239} INFO - Sync 1 DAGs
[2024-11-25T11:34:02.685+0000] {logging_mixin.py:190} INFO - [2024-11-25T11:34:02.684+0000] {dag.py:4180} INFO - Setting next_dagrun for open_interpark_to_S3 to 2024-11-25 00:00:00+00:00, run_after=2024-11-26 00:00:00+00:00
[2024-11-25T11:34:02.728+0000] {processor.py:208} INFO - Processing /opt/airflow/dags/raw_ticket_s3.py took 0.315 seconds
[2024-11-25T11:34:33.163+0000] {processor.py:186} INFO - Started process (PID=1681) to work on /opt/airflow/dags/raw_ticket_s3.py
[2024-11-25T11:34:33.167+0000] {processor.py:914} INFO - Processing file /opt/airflow/dags/raw_ticket_s3.py for tasks to queue
[2024-11-25T11:34:33.170+0000] {logging_mixin.py:190} INFO - [2024-11-25T11:34:33.169+0000] {dagbag.py:588} INFO - Filling up the DagBag from /opt/airflow/dags/raw_ticket_s3.py
[2024-11-25T11:34:33.193+0000] {processor.py:925} INFO - DAG(s) 'open_interpark_to_S3' retrieved from /opt/airflow/dags/raw_ticket_s3.py
[2024-11-25T11:34:33.239+0000] {logging_mixin.py:190} INFO - [2024-11-25T11:34:33.239+0000] {dag.py:3239} INFO - Sync 1 DAGs
[2024-11-25T11:34:33.284+0000] {logging_mixin.py:190} INFO - [2024-11-25T11:34:33.283+0000] {dag.py:4180} INFO - Setting next_dagrun for open_interpark_to_S3 to 2024-11-25 00:00:00+00:00, run_after=2024-11-26 00:00:00+00:00
[2024-11-25T11:34:33.337+0000] {processor.py:208} INFO - Processing /opt/airflow/dags/raw_ticket_s3.py took 0.189 seconds
