[2024-11-23T11:22:50.714+0000] {processor.py:186} INFO - Started process (PID=97) to work on /home/airflow/.local/lib/python3.12/site-packages/airflow/example_dags/example_branch_operator_decorator.py
[2024-11-23T11:22:50.715+0000] {processor.py:914} INFO - Processing file /home/airflow/.local/lib/python3.12/site-packages/airflow/example_dags/example_branch_operator_decorator.py for tasks to queue
[2024-11-23T11:22:50.717+0000] {logging_mixin.py:190} INFO - [2024-11-23T11:22:50.717+0000] {dagbag.py:588} INFO - Filling up the DagBag from /home/airflow/.local/lib/python3.12/site-packages/airflow/example_dags/example_branch_operator_decorator.py
[2024-11-23T11:22:50.744+0000] {processor.py:925} INFO - DAG(s) 'example_branch_python_operator_decorator' retrieved from /home/airflow/.local/lib/python3.12/site-packages/airflow/example_dags/example_branch_operator_decorator.py
[2024-11-23T11:22:50.875+0000] {logging_mixin.py:190} INFO - [2024-11-23T11:22:50.874+0000] {override.py:1911} INFO - Created Permission View: can edit on DAG:example_branch_python_operator_decorator
[2024-11-23T11:22:50.896+0000] {logging_mixin.py:190} INFO - [2024-11-23T11:22:50.895+0000] {override.py:1911} INFO - Created Permission View: can delete on DAG:example_branch_python_operator_decorator
[2024-11-23T11:22:50.912+0000] {logging_mixin.py:190} INFO - [2024-11-23T11:22:50.911+0000] {override.py:1911} INFO - Created Permission View: can read on DAG:example_branch_python_operator_decorator
[2024-11-23T11:22:50.939+0000] {logging_mixin.py:190} INFO - [2024-11-23T11:22:50.938+0000] {override.py:1911} INFO - Created Permission View: can delete on DAG Run:example_branch_python_operator_decorator
[2024-11-23T11:22:50.958+0000] {logging_mixin.py:190} INFO - [2024-11-23T11:22:50.958+0000] {override.py:1911} INFO - Created Permission View: can create on DAG Run:example_branch_python_operator_decorator
[2024-11-23T11:22:50.978+0000] {logging_mixin.py:190} INFO - [2024-11-23T11:22:50.977+0000] {override.py:1911} INFO - Created Permission View: can read on DAG Run:example_branch_python_operator_decorator
[2024-11-23T11:22:50.993+0000] {logging_mixin.py:190} INFO - [2024-11-23T11:22:50.993+0000] {override.py:1911} INFO - Created Permission View: menu access on DAG Run:example_branch_python_operator_decorator
[2024-11-23T11:22:50.994+0000] {logging_mixin.py:190} INFO - [2024-11-23T11:22:50.993+0000] {dag.py:3239} INFO - Sync 1 DAGs
[2024-11-23T11:22:51.012+0000] {logging_mixin.py:190} INFO - [2024-11-23T11:22:51.012+0000] {dag.py:3262} INFO - Creating ORM DAG for example_branch_python_operator_decorator
[2024-11-23T11:22:51.024+0000] {logging_mixin.py:190} INFO - [2024-11-23T11:22:51.024+0000] {dag.py:4180} INFO - Setting next_dagrun for example_branch_python_operator_decorator to 2024-11-22 00:00:00+00:00, run_after=2024-11-23 00:00:00+00:00
[2024-11-23T11:22:51.108+0000] {processor.py:208} INFO - Processing /home/airflow/.local/lib/python3.12/site-packages/airflow/example_dags/example_branch_operator_decorator.py took 0.402 seconds
[2024-11-23T11:23:21.521+0000] {processor.py:186} INFO - Started process (PID=160) to work on /home/airflow/.local/lib/python3.12/site-packages/airflow/example_dags/example_branch_operator_decorator.py
[2024-11-23T11:23:21.522+0000] {processor.py:914} INFO - Processing file /home/airflow/.local/lib/python3.12/site-packages/airflow/example_dags/example_branch_operator_decorator.py for tasks to queue
[2024-11-23T11:23:21.524+0000] {logging_mixin.py:190} INFO - [2024-11-23T11:23:21.524+0000] {dagbag.py:588} INFO - Filling up the DagBag from /home/airflow/.local/lib/python3.12/site-packages/airflow/example_dags/example_branch_operator_decorator.py
[2024-11-23T11:23:21.545+0000] {processor.py:925} INFO - DAG(s) 'example_branch_python_operator_decorator' retrieved from /home/airflow/.local/lib/python3.12/site-packages/airflow/example_dags/example_branch_operator_decorator.py
[2024-11-23T11:23:21.576+0000] {logging_mixin.py:190} INFO - [2024-11-23T11:23:21.576+0000] {dag.py:3239} INFO - Sync 1 DAGs
[2024-11-23T11:23:21.601+0000] {logging_mixin.py:190} INFO - [2024-11-23T11:23:21.601+0000] {dag.py:4180} INFO - Setting next_dagrun for example_branch_python_operator_decorator to 2024-11-22 00:00:00+00:00, run_after=2024-11-23 00:00:00+00:00
[2024-11-23T11:23:21.628+0000] {processor.py:208} INFO - Processing /home/airflow/.local/lib/python3.12/site-packages/airflow/example_dags/example_branch_operator_decorator.py took 0.114 seconds
