[2024-11-23T11:22:52.434+0000] {processor.py:186} INFO - Started process (PID=108) to work on /home/airflow/.local/lib/python3.12/site-packages/airflow/example_dags/example_task_group_decorator.py
[2024-11-23T11:22:52.435+0000] {processor.py:914} INFO - Processing file /home/airflow/.local/lib/python3.12/site-packages/airflow/example_dags/example_task_group_decorator.py for tasks to queue
[2024-11-23T11:22:52.437+0000] {logging_mixin.py:190} INFO - [2024-11-23T11:22:52.437+0000] {dagbag.py:588} INFO - Filling up the DagBag from /home/airflow/.local/lib/python3.12/site-packages/airflow/example_dags/example_task_group_decorator.py
[2024-11-23T11:22:52.457+0000] {processor.py:925} INFO - DAG(s) 'example_task_group_decorator' retrieved from /home/airflow/.local/lib/python3.12/site-packages/airflow/example_dags/example_task_group_decorator.py
[2024-11-23T11:22:52.588+0000] {logging_mixin.py:190} INFO - [2024-11-23T11:22:52.587+0000] {override.py:1911} INFO - Created Permission View: can edit on DAG:example_task_group_decorator
[2024-11-23T11:22:52.603+0000] {logging_mixin.py:190} INFO - [2024-11-23T11:22:52.603+0000] {override.py:1911} INFO - Created Permission View: can delete on DAG:example_task_group_decorator
[2024-11-23T11:22:52.614+0000] {logging_mixin.py:190} INFO - [2024-11-23T11:22:52.613+0000] {override.py:1911} INFO - Created Permission View: can read on DAG:example_task_group_decorator
[2024-11-23T11:22:52.630+0000] {logging_mixin.py:190} INFO - [2024-11-23T11:22:52.630+0000] {override.py:1911} INFO - Created Permission View: can delete on DAG Run:example_task_group_decorator
[2024-11-23T11:22:52.642+0000] {logging_mixin.py:190} INFO - [2024-11-23T11:22:52.641+0000] {override.py:1911} INFO - Created Permission View: can create on DAG Run:example_task_group_decorator
[2024-11-23T11:22:52.656+0000] {logging_mixin.py:190} INFO - [2024-11-23T11:22:52.655+0000] {override.py:1911} INFO - Created Permission View: can read on DAG Run:example_task_group_decorator
[2024-11-23T11:22:52.668+0000] {logging_mixin.py:190} INFO - [2024-11-23T11:22:52.667+0000] {override.py:1911} INFO - Created Permission View: menu access on DAG Run:example_task_group_decorator
[2024-11-23T11:22:52.668+0000] {logging_mixin.py:190} INFO - [2024-11-23T11:22:52.668+0000] {dag.py:3239} INFO - Sync 1 DAGs
[2024-11-23T11:22:52.684+0000] {logging_mixin.py:190} INFO - [2024-11-23T11:22:52.684+0000] {dag.py:3262} INFO - Creating ORM DAG for example_task_group_decorator
[2024-11-23T11:22:52.685+0000] {logging_mixin.py:190} INFO - [2024-11-23T11:22:52.685+0000] {dag.py:4180} INFO - Setting next_dagrun for example_task_group_decorator to None, run_after=None
[2024-11-23T11:22:52.710+0000] {processor.py:208} INFO - Processing /home/airflow/.local/lib/python3.12/site-packages/airflow/example_dags/example_task_group_decorator.py took 0.283 seconds
[2024-11-23T11:23:23.297+0000] {processor.py:186} INFO - Started process (PID=171) to work on /home/airflow/.local/lib/python3.12/site-packages/airflow/example_dags/example_task_group_decorator.py
[2024-11-23T11:23:23.299+0000] {processor.py:914} INFO - Processing file /home/airflow/.local/lib/python3.12/site-packages/airflow/example_dags/example_task_group_decorator.py for tasks to queue
[2024-11-23T11:23:23.302+0000] {logging_mixin.py:190} INFO - [2024-11-23T11:23:23.301+0000] {dagbag.py:588} INFO - Filling up the DagBag from /home/airflow/.local/lib/python3.12/site-packages/airflow/example_dags/example_task_group_decorator.py
[2024-11-23T11:23:23.326+0000] {processor.py:925} INFO - DAG(s) 'example_task_group_decorator' retrieved from /home/airflow/.local/lib/python3.12/site-packages/airflow/example_dags/example_task_group_decorator.py
[2024-11-23T11:23:23.356+0000] {logging_mixin.py:190} INFO - [2024-11-23T11:23:23.356+0000] {dag.py:3239} INFO - Sync 1 DAGs
[2024-11-23T11:23:23.374+0000] {logging_mixin.py:190} INFO - [2024-11-23T11:23:23.373+0000] {dag.py:4180} INFO - Setting next_dagrun for example_task_group_decorator to None, run_after=None
[2024-11-23T11:23:23.402+0000] {processor.py:208} INFO - Processing /home/airflow/.local/lib/python3.12/site-packages/airflow/example_dags/example_task_group_decorator.py took 0.111 seconds
