[2024-11-23T11:22:39.737+0000] {processor.py:186} INFO - Started process (PID=66) to work on /home/airflow/.local/lib/python3.12/site-packages/airflow/example_dags/example_short_circuit_decorator.py
[2024-11-23T11:22:39.739+0000] {processor.py:914} INFO - Processing file /home/airflow/.local/lib/python3.12/site-packages/airflow/example_dags/example_short_circuit_decorator.py for tasks to queue
[2024-11-23T11:22:39.742+0000] {logging_mixin.py:190} INFO - [2024-11-23T11:22:39.742+0000] {dagbag.py:588} INFO - Filling up the DagBag from /home/airflow/.local/lib/python3.12/site-packages/airflow/example_dags/example_short_circuit_decorator.py
[2024-11-23T11:22:39.757+0000] {processor.py:925} INFO - DAG(s) 'example_short_circuit_decorator' retrieved from /home/airflow/.local/lib/python3.12/site-packages/airflow/example_dags/example_short_circuit_decorator.py
[2024-11-23T11:22:39.968+0000] {logging_mixin.py:190} INFO - [2024-11-23T11:22:39.967+0000] {override.py:1911} INFO - Created Permission View: can edit on DAG:example_short_circuit_decorator
[2024-11-23T11:22:39.984+0000] {logging_mixin.py:190} INFO - [2024-11-23T11:22:39.984+0000] {override.py:1911} INFO - Created Permission View: can delete on DAG:example_short_circuit_decorator
[2024-11-23T11:22:39.995+0000] {logging_mixin.py:190} INFO - [2024-11-23T11:22:39.995+0000] {override.py:1911} INFO - Created Permission View: can read on DAG:example_short_circuit_decorator
[2024-11-23T11:22:40.011+0000] {logging_mixin.py:190} INFO - [2024-11-23T11:22:40.011+0000] {override.py:1911} INFO - Created Permission View: can delete on DAG Run:example_short_circuit_decorator
[2024-11-23T11:22:40.021+0000] {logging_mixin.py:190} INFO - [2024-11-23T11:22:40.021+0000] {override.py:1911} INFO - Created Permission View: can create on DAG Run:example_short_circuit_decorator
[2024-11-23T11:22:40.033+0000] {logging_mixin.py:190} INFO - [2024-11-23T11:22:40.032+0000] {override.py:1911} INFO - Created Permission View: can read on DAG Run:example_short_circuit_decorator
[2024-11-23T11:22:40.045+0000] {logging_mixin.py:190} INFO - [2024-11-23T11:22:40.045+0000] {override.py:1911} INFO - Created Permission View: menu access on DAG Run:example_short_circuit_decorator
[2024-11-23T11:22:40.046+0000] {logging_mixin.py:190} INFO - [2024-11-23T11:22:40.046+0000] {dag.py:3239} INFO - Sync 1 DAGs
[2024-11-23T11:22:40.075+0000] {logging_mixin.py:190} INFO - [2024-11-23T11:22:40.074+0000] {dag.py:3262} INFO - Creating ORM DAG for example_short_circuit_decorator
[2024-11-23T11:22:40.075+0000] {logging_mixin.py:190} INFO - [2024-11-23T11:22:40.075+0000] {dag.py:4180} INFO - Setting next_dagrun for example_short_circuit_decorator to None, run_after=None
[2024-11-23T11:22:40.095+0000] {processor.py:208} INFO - Processing /home/airflow/.local/lib/python3.12/site-packages/airflow/example_dags/example_short_circuit_decorator.py took 0.369 seconds
[2024-11-23T11:23:11.037+0000] {processor.py:186} INFO - Started process (PID=129) to work on /home/airflow/.local/lib/python3.12/site-packages/airflow/example_dags/example_short_circuit_decorator.py
[2024-11-23T11:23:11.105+0000] {processor.py:914} INFO - Processing file /home/airflow/.local/lib/python3.12/site-packages/airflow/example_dags/example_short_circuit_decorator.py for tasks to queue
[2024-11-23T11:23:11.108+0000] {logging_mixin.py:190} INFO - [2024-11-23T11:23:11.107+0000] {dagbag.py:588} INFO - Filling up the DagBag from /home/airflow/.local/lib/python3.12/site-packages/airflow/example_dags/example_short_circuit_decorator.py
[2024-11-23T11:23:11.118+0000] {processor.py:925} INFO - DAG(s) 'example_short_circuit_decorator' retrieved from /home/airflow/.local/lib/python3.12/site-packages/airflow/example_dags/example_short_circuit_decorator.py
[2024-11-23T11:23:11.145+0000] {logging_mixin.py:190} INFO - [2024-11-23T11:23:11.144+0000] {dag.py:3239} INFO - Sync 1 DAGs
[2024-11-23T11:23:11.160+0000] {logging_mixin.py:190} INFO - [2024-11-23T11:23:11.160+0000] {dag.py:4180} INFO - Setting next_dagrun for example_short_circuit_decorator to None, run_after=None
[2024-11-23T11:23:11.418+0000] {processor.py:208} INFO - Processing /home/airflow/.local/lib/python3.12/site-packages/airflow/example_dags/example_short_circuit_decorator.py took 0.389 seconds
