[2024-11-23T11:22:42.168+0000] {processor.py:186} INFO - Started process (PID=79) to work on /home/airflow/.local/lib/python3.12/site-packages/airflow/example_dags/example_params_trigger_ui.py
[2024-11-23T11:22:42.169+0000] {processor.py:914} INFO - Processing file /home/airflow/.local/lib/python3.12/site-packages/airflow/example_dags/example_params_trigger_ui.py for tasks to queue
[2024-11-23T11:22:42.171+0000] {logging_mixin.py:190} INFO - [2024-11-23T11:22:42.171+0000] {dagbag.py:588} INFO - Filling up the DagBag from /home/airflow/.local/lib/python3.12/site-packages/airflow/example_dags/example_params_trigger_ui.py
[2024-11-23T11:22:42.186+0000] {processor.py:925} INFO - DAG(s) 'example_params_trigger_ui' retrieved from /home/airflow/.local/lib/python3.12/site-packages/airflow/example_dags/example_params_trigger_ui.py
[2024-11-23T11:22:42.326+0000] {logging_mixin.py:190} INFO - [2024-11-23T11:22:42.326+0000] {override.py:1911} INFO - Created Permission View: can edit on DAG:example_params_trigger_ui
[2024-11-23T11:22:42.343+0000] {logging_mixin.py:190} INFO - [2024-11-23T11:22:42.343+0000] {override.py:1911} INFO - Created Permission View: can delete on DAG:example_params_trigger_ui
[2024-11-23T11:22:42.355+0000] {logging_mixin.py:190} INFO - [2024-11-23T11:22:42.354+0000] {override.py:1911} INFO - Created Permission View: can read on DAG:example_params_trigger_ui
[2024-11-23T11:22:42.371+0000] {logging_mixin.py:190} INFO - [2024-11-23T11:22:42.370+0000] {override.py:1911} INFO - Created Permission View: can delete on DAG Run:example_params_trigger_ui
[2024-11-23T11:22:42.384+0000] {logging_mixin.py:190} INFO - [2024-11-23T11:22:42.384+0000] {override.py:1911} INFO - Created Permission View: can create on DAG Run:example_params_trigger_ui
[2024-11-23T11:22:42.396+0000] {logging_mixin.py:190} INFO - [2024-11-23T11:22:42.395+0000] {override.py:1911} INFO - Created Permission View: can read on DAG Run:example_params_trigger_ui
[2024-11-23T11:22:42.407+0000] {logging_mixin.py:190} INFO - [2024-11-23T11:22:42.407+0000] {override.py:1911} INFO - Created Permission View: menu access on DAG Run:example_params_trigger_ui
[2024-11-23T11:22:42.408+0000] {logging_mixin.py:190} INFO - [2024-11-23T11:22:42.408+0000] {dag.py:3239} INFO - Sync 1 DAGs
[2024-11-23T11:22:42.423+0000] {logging_mixin.py:190} INFO - [2024-11-23T11:22:42.422+0000] {dag.py:3262} INFO - Creating ORM DAG for example_params_trigger_ui
[2024-11-23T11:22:42.424+0000] {logging_mixin.py:190} INFO - [2024-11-23T11:22:42.423+0000] {dag.py:4180} INFO - Setting next_dagrun for example_params_trigger_ui to None, run_after=None
[2024-11-23T11:22:42.450+0000] {processor.py:208} INFO - Processing /home/airflow/.local/lib/python3.12/site-packages/airflow/example_dags/example_params_trigger_ui.py took 0.288 seconds
[2024-11-23T11:23:12.569+0000] {processor.py:186} INFO - Started process (PID=142) to work on /home/airflow/.local/lib/python3.12/site-packages/airflow/example_dags/example_params_trigger_ui.py
[2024-11-23T11:23:12.598+0000] {processor.py:914} INFO - Processing file /home/airflow/.local/lib/python3.12/site-packages/airflow/example_dags/example_params_trigger_ui.py for tasks to queue
[2024-11-23T11:23:12.600+0000] {logging_mixin.py:190} INFO - [2024-11-23T11:23:12.600+0000] {dagbag.py:588} INFO - Filling up the DagBag from /home/airflow/.local/lib/python3.12/site-packages/airflow/example_dags/example_params_trigger_ui.py
[2024-11-23T11:23:12.617+0000] {processor.py:925} INFO - DAG(s) 'example_params_trigger_ui' retrieved from /home/airflow/.local/lib/python3.12/site-packages/airflow/example_dags/example_params_trigger_ui.py
[2024-11-23T11:23:12.672+0000] {logging_mixin.py:190} INFO - [2024-11-23T11:23:12.671+0000] {dag.py:3239} INFO - Sync 1 DAGs
[2024-11-23T11:23:12.686+0000] {logging_mixin.py:190} INFO - [2024-11-23T11:23:12.685+0000] {dag.py:4180} INFO - Setting next_dagrun for example_params_trigger_ui to None, run_after=None
[2024-11-23T11:23:12.708+0000] {processor.py:208} INFO - Processing /home/airflow/.local/lib/python3.12/site-packages/airflow/example_dags/example_params_trigger_ui.py took 0.144 seconds
