[2024-11-23T11:22:40.188+0000] {processor.py:186} INFO - Started process (PID=68) to work on /home/airflow/.local/lib/python3.12/site-packages/airflow/example_dags/example_setup_teardown.py
[2024-11-23T11:22:40.189+0000] {processor.py:914} INFO - Processing file /home/airflow/.local/lib/python3.12/site-packages/airflow/example_dags/example_setup_teardown.py for tasks to queue
[2024-11-23T11:22:40.192+0000] {logging_mixin.py:190} INFO - [2024-11-23T11:22:40.191+0000] {dagbag.py:588} INFO - Filling up the DagBag from /home/airflow/.local/lib/python3.12/site-packages/airflow/example_dags/example_setup_teardown.py
[2024-11-23T11:22:40.202+0000] {processor.py:925} INFO - DAG(s) 'example_setup_teardown' retrieved from /home/airflow/.local/lib/python3.12/site-packages/airflow/example_dags/example_setup_teardown.py
[2024-11-23T11:22:40.343+0000] {logging_mixin.py:190} INFO - [2024-11-23T11:22:40.342+0000] {override.py:1911} INFO - Created Permission View: can edit on DAG:example_setup_teardown
[2024-11-23T11:22:40.357+0000] {logging_mixin.py:190} INFO - [2024-11-23T11:22:40.357+0000] {override.py:1911} INFO - Created Permission View: can delete on DAG:example_setup_teardown
[2024-11-23T11:22:40.370+0000] {logging_mixin.py:190} INFO - [2024-11-23T11:22:40.369+0000] {override.py:1911} INFO - Created Permission View: can read on DAG:example_setup_teardown
[2024-11-23T11:22:40.389+0000] {logging_mixin.py:190} INFO - [2024-11-23T11:22:40.388+0000] {override.py:1911} INFO - Created Permission View: can delete on DAG Run:example_setup_teardown
[2024-11-23T11:22:40.400+0000] {logging_mixin.py:190} INFO - [2024-11-23T11:22:40.400+0000] {override.py:1911} INFO - Created Permission View: can create on DAG Run:example_setup_teardown
[2024-11-23T11:22:40.413+0000] {logging_mixin.py:190} INFO - [2024-11-23T11:22:40.413+0000] {override.py:1911} INFO - Created Permission View: can read on DAG Run:example_setup_teardown
[2024-11-23T11:22:40.427+0000] {logging_mixin.py:190} INFO - [2024-11-23T11:22:40.427+0000] {override.py:1911} INFO - Created Permission View: menu access on DAG Run:example_setup_teardown
[2024-11-23T11:22:40.427+0000] {logging_mixin.py:190} INFO - [2024-11-23T11:22:40.427+0000] {dag.py:3239} INFO - Sync 1 DAGs
[2024-11-23T11:22:40.443+0000] {logging_mixin.py:190} INFO - [2024-11-23T11:22:40.443+0000] {dag.py:3262} INFO - Creating ORM DAG for example_setup_teardown
[2024-11-23T11:22:40.443+0000] {logging_mixin.py:190} INFO - [2024-11-23T11:22:40.443+0000] {dag.py:4180} INFO - Setting next_dagrun for example_setup_teardown to None, run_after=None
[2024-11-23T11:22:40.466+0000] {processor.py:208} INFO - Processing /home/airflow/.local/lib/python3.12/site-packages/airflow/example_dags/example_setup_teardown.py took 0.285 seconds
[2024-11-23T11:23:11.715+0000] {processor.py:186} INFO - Started process (PID=131) to work on /home/airflow/.local/lib/python3.12/site-packages/airflow/example_dags/example_setup_teardown.py
[2024-11-23T11:23:11.721+0000] {processor.py:914} INFO - Processing file /home/airflow/.local/lib/python3.12/site-packages/airflow/example_dags/example_setup_teardown.py for tasks to queue
[2024-11-23T11:23:11.724+0000] {logging_mixin.py:190} INFO - [2024-11-23T11:23:11.724+0000] {dagbag.py:588} INFO - Filling up the DagBag from /home/airflow/.local/lib/python3.12/site-packages/airflow/example_dags/example_setup_teardown.py
[2024-11-23T11:23:11.734+0000] {processor.py:925} INFO - DAG(s) 'example_setup_teardown' retrieved from /home/airflow/.local/lib/python3.12/site-packages/airflow/example_dags/example_setup_teardown.py
[2024-11-23T11:23:11.756+0000] {logging_mixin.py:190} INFO - [2024-11-23T11:23:11.756+0000] {dag.py:3239} INFO - Sync 1 DAGs
[2024-11-23T11:23:11.771+0000] {logging_mixin.py:190} INFO - [2024-11-23T11:23:11.771+0000] {dag.py:4180} INFO - Setting next_dagrun for example_setup_teardown to None, run_after=None
[2024-11-23T11:23:12.029+0000] {processor.py:208} INFO - Processing /home/airflow/.local/lib/python3.12/site-packages/airflow/example_dags/example_setup_teardown.py took 0.320 seconds
