[2024-11-23T11:22:42.383+0000] {processor.py:186} INFO - Started process (PID=80) to work on /home/airflow/.local/lib/python3.12/site-packages/airflow/example_dags/example_outlet_event_extra.py
[2024-11-23T11:22:42.384+0000] {processor.py:914} INFO - Processing file /home/airflow/.local/lib/python3.12/site-packages/airflow/example_dags/example_outlet_event_extra.py for tasks to queue
[2024-11-23T11:22:42.386+0000] {logging_mixin.py:190} INFO - [2024-11-23T11:22:42.386+0000] {dagbag.py:588} INFO - Filling up the DagBag from /home/airflow/.local/lib/python3.12/site-packages/airflow/example_dags/example_outlet_event_extra.py
[2024-11-23T11:22:44.243+0000] {processor.py:925} INFO - DAG(s) 'dataset_with_extra_by_yield', 'dataset_with_extra_by_context', 'dataset_with_extra_from_classic_operator' retrieved from /home/airflow/.local/lib/python3.12/site-packages/airflow/example_dags/example_outlet_event_extra.py
[2024-11-23T11:22:44.361+0000] {logging_mixin.py:190} INFO - [2024-11-23T11:22:44.359+0000] {override.py:1911} INFO - Created Permission View: can edit on DAG:dataset_with_extra_by_yield
[2024-11-23T11:22:44.377+0000] {logging_mixin.py:190} INFO - [2024-11-23T11:22:44.376+0000] {override.py:1911} INFO - Created Permission View: can delete on DAG:dataset_with_extra_by_yield
[2024-11-23T11:22:44.391+0000] {logging_mixin.py:190} INFO - [2024-11-23T11:22:44.390+0000] {override.py:1911} INFO - Created Permission View: can read on DAG:dataset_with_extra_by_yield
[2024-11-23T11:22:44.410+0000] {logging_mixin.py:190} INFO - [2024-11-23T11:22:44.409+0000] {override.py:1911} INFO - Created Permission View: can delete on DAG Run:dataset_with_extra_by_yield
[2024-11-23T11:22:44.422+0000] {logging_mixin.py:190} INFO - [2024-11-23T11:22:44.422+0000] {override.py:1911} INFO - Created Permission View: can create on DAG Run:dataset_with_extra_by_yield
[2024-11-23T11:22:44.433+0000] {logging_mixin.py:190} INFO - [2024-11-23T11:22:44.433+0000] {override.py:1911} INFO - Created Permission View: can read on DAG Run:dataset_with_extra_by_yield
[2024-11-23T11:22:44.445+0000] {logging_mixin.py:190} INFO - [2024-11-23T11:22:44.445+0000] {override.py:1911} INFO - Created Permission View: menu access on DAG Run:dataset_with_extra_by_yield
[2024-11-23T11:22:44.476+0000] {logging_mixin.py:190} INFO - [2024-11-23T11:22:44.475+0000] {override.py:1911} INFO - Created Permission View: can edit on DAG:dataset_with_extra_by_context
[2024-11-23T11:22:44.489+0000] {logging_mixin.py:190} INFO - [2024-11-23T11:22:44.488+0000] {override.py:1911} INFO - Created Permission View: can delete on DAG:dataset_with_extra_by_context
[2024-11-23T11:22:44.500+0000] {logging_mixin.py:190} INFO - [2024-11-23T11:22:44.500+0000] {override.py:1911} INFO - Created Permission View: can read on DAG:dataset_with_extra_by_context
[2024-11-23T11:22:44.524+0000] {logging_mixin.py:190} INFO - [2024-11-23T11:22:44.523+0000] {override.py:1911} INFO - Created Permission View: can delete on DAG Run:dataset_with_extra_by_context
[2024-11-23T11:22:44.537+0000] {logging_mixin.py:190} INFO - [2024-11-23T11:22:44.537+0000] {override.py:1911} INFO - Created Permission View: can create on DAG Run:dataset_with_extra_by_context
[2024-11-23T11:22:44.554+0000] {logging_mixin.py:190} INFO - [2024-11-23T11:22:44.553+0000] {override.py:1911} INFO - Created Permission View: can read on DAG Run:dataset_with_extra_by_context
[2024-11-23T11:22:44.566+0000] {logging_mixin.py:190} INFO - [2024-11-23T11:22:44.565+0000] {override.py:1911} INFO - Created Permission View: menu access on DAG Run:dataset_with_extra_by_context
[2024-11-23T11:22:44.615+0000] {logging_mixin.py:190} INFO - [2024-11-23T11:22:44.614+0000] {override.py:1911} INFO - Created Permission View: can edit on DAG:dataset_with_extra_from_classic_operator
[2024-11-23T11:22:44.627+0000] {logging_mixin.py:190} INFO - [2024-11-23T11:22:44.626+0000] {override.py:1911} INFO - Created Permission View: can delete on DAG:dataset_with_extra_from_classic_operator
[2024-11-23T11:22:44.640+0000] {logging_mixin.py:190} INFO - [2024-11-23T11:22:44.639+0000] {override.py:1911} INFO - Created Permission View: can read on DAG:dataset_with_extra_from_classic_operator
[2024-11-23T11:22:44.659+0000] {logging_mixin.py:190} INFO - [2024-11-23T11:22:44.658+0000] {override.py:1911} INFO - Created Permission View: can delete on DAG Run:dataset_with_extra_from_classic_operator
[2024-11-23T11:22:44.672+0000] {logging_mixin.py:190} INFO - [2024-11-23T11:22:44.672+0000] {override.py:1911} INFO - Created Permission View: can create on DAG Run:dataset_with_extra_from_classic_operator
[2024-11-23T11:22:44.684+0000] {logging_mixin.py:190} INFO - [2024-11-23T11:22:44.683+0000] {override.py:1911} INFO - Created Permission View: can read on DAG Run:dataset_with_extra_from_classic_operator
[2024-11-23T11:22:44.697+0000] {logging_mixin.py:190} INFO - [2024-11-23T11:22:44.697+0000] {override.py:1911} INFO - Created Permission View: menu access on DAG Run:dataset_with_extra_from_classic_operator
[2024-11-23T11:22:44.698+0000] {logging_mixin.py:190} INFO - [2024-11-23T11:22:44.698+0000] {dag.py:3239} INFO - Sync 3 DAGs
[2024-11-23T11:22:44.714+0000] {logging_mixin.py:190} INFO - [2024-11-23T11:22:44.713+0000] {dag.py:3262} INFO - Creating ORM DAG for dataset_with_extra_by_yield
[2024-11-23T11:22:44.714+0000] {logging_mixin.py:190} INFO - [2024-11-23T11:22:44.714+0000] {dag.py:3262} INFO - Creating ORM DAG for dataset_with_extra_by_context
[2024-11-23T11:22:44.715+0000] {logging_mixin.py:190} INFO - [2024-11-23T11:22:44.714+0000] {dag.py:3262} INFO - Creating ORM DAG for dataset_with_extra_from_classic_operator
[2024-11-23T11:22:44.731+0000] {logging_mixin.py:190} INFO - [2024-11-23T11:22:44.730+0000] {dag.py:4180} INFO - Setting next_dagrun for dataset_with_extra_by_context to 2024-11-22 00:00:00+00:00, run_after=2024-11-23 00:00:00+00:00
[2024-11-23T11:22:44.733+0000] {logging_mixin.py:190} INFO - [2024-11-23T11:22:44.733+0000] {dag.py:4180} INFO - Setting next_dagrun for dataset_with_extra_by_yield to 2024-11-22 00:00:00+00:00, run_after=2024-11-23 00:00:00+00:00
[2024-11-23T11:22:44.736+0000] {logging_mixin.py:190} INFO - [2024-11-23T11:22:44.736+0000] {dag.py:4180} INFO - Setting next_dagrun for dataset_with_extra_from_classic_operator to 2024-11-22 00:00:00+00:00, run_after=2024-11-23 00:00:00+00:00
[2024-11-23T11:22:44.769+0000] {processor.py:208} INFO - Processing /home/airflow/.local/lib/python3.12/site-packages/airflow/example_dags/example_outlet_event_extra.py took 2.395 seconds
[2024-11-23T11:23:15.539+0000] {processor.py:186} INFO - Started process (PID=144) to work on /home/airflow/.local/lib/python3.12/site-packages/airflow/example_dags/example_outlet_event_extra.py
[2024-11-23T11:23:15.541+0000] {processor.py:914} INFO - Processing file /home/airflow/.local/lib/python3.12/site-packages/airflow/example_dags/example_outlet_event_extra.py for tasks to queue
[2024-11-23T11:23:15.545+0000] {logging_mixin.py:190} INFO - [2024-11-23T11:23:15.544+0000] {dagbag.py:588} INFO - Filling up the DagBag from /home/airflow/.local/lib/python3.12/site-packages/airflow/example_dags/example_outlet_event_extra.py
[2024-11-23T11:23:16.151+0000] {processor.py:925} INFO - DAG(s) 'dataset_with_extra_by_context', 'dataset_with_extra_by_yield', 'dataset_with_extra_from_classic_operator' retrieved from /home/airflow/.local/lib/python3.12/site-packages/airflow/example_dags/example_outlet_event_extra.py
[2024-11-23T11:23:16.183+0000] {logging_mixin.py:190} INFO - [2024-11-23T11:23:16.183+0000] {dag.py:3239} INFO - Sync 3 DAGs
[2024-11-23T11:23:16.208+0000] {logging_mixin.py:190} INFO - [2024-11-23T11:23:16.207+0000] {dag.py:4180} INFO - Setting next_dagrun for dataset_with_extra_by_context to 2024-11-22 00:00:00+00:00, run_after=2024-11-23 00:00:00+00:00
[2024-11-23T11:23:16.213+0000] {logging_mixin.py:190} INFO - [2024-11-23T11:23:16.213+0000] {dag.py:4180} INFO - Setting next_dagrun for dataset_with_extra_by_yield to 2024-11-22 00:00:00+00:00, run_after=2024-11-23 00:00:00+00:00
[2024-11-23T11:23:16.216+0000] {logging_mixin.py:190} INFO - [2024-11-23T11:23:16.216+0000] {dag.py:4180} INFO - Setting next_dagrun for dataset_with_extra_from_classic_operator to 2024-11-22 00:00:00+00:00, run_after=2024-11-23 00:00:00+00:00
[2024-11-23T11:23:16.240+0000] {processor.py:208} INFO - Processing /home/airflow/.local/lib/python3.12/site-packages/airflow/example_dags/example_outlet_event_extra.py took 0.710 seconds
