[2024-11-23T11:22:52.998+0000] {processor.py:186} INFO - Started process (PID=111) to work on /home/airflow/.local/lib/python3.12/site-packages/airflow/example_dags/example_display_name.py
[2024-11-23T11:22:52.999+0000] {processor.py:914} INFO - Processing file /home/airflow/.local/lib/python3.12/site-packages/airflow/example_dags/example_display_name.py for tasks to queue
[2024-11-23T11:22:53.002+0000] {logging_mixin.py:190} INFO - [2024-11-23T11:22:53.001+0000] {dagbag.py:588} INFO - Filling up the DagBag from /home/airflow/.local/lib/python3.12/site-packages/airflow/example_dags/example_display_name.py
[2024-11-23T11:22:53.011+0000] {processor.py:925} INFO - DAG(s) 'example_display_name' retrieved from /home/airflow/.local/lib/python3.12/site-packages/airflow/example_dags/example_display_name.py
[2024-11-23T11:22:53.135+0000] {logging_mixin.py:190} INFO - [2024-11-23T11:22:53.134+0000] {override.py:1911} INFO - Created Permission View: can edit on DAG:example_display_name
[2024-11-23T11:22:53.149+0000] {logging_mixin.py:190} INFO - [2024-11-23T11:22:53.148+0000] {override.py:1911} INFO - Created Permission View: can delete on DAG:example_display_name
[2024-11-23T11:22:53.160+0000] {logging_mixin.py:190} INFO - [2024-11-23T11:22:53.160+0000] {override.py:1911} INFO - Created Permission View: can read on DAG:example_display_name
[2024-11-23T11:22:53.177+0000] {logging_mixin.py:190} INFO - [2024-11-23T11:22:53.177+0000] {override.py:1911} INFO - Created Permission View: can delete on DAG Run:example_display_name
[2024-11-23T11:22:53.192+0000] {logging_mixin.py:190} INFO - [2024-11-23T11:22:53.192+0000] {override.py:1911} INFO - Created Permission View: can create on DAG Run:example_display_name
[2024-11-23T11:22:53.204+0000] {logging_mixin.py:190} INFO - [2024-11-23T11:22:53.204+0000] {override.py:1911} INFO - Created Permission View: can read on DAG Run:example_display_name
[2024-11-23T11:22:53.215+0000] {logging_mixin.py:190} INFO - [2024-11-23T11:22:53.215+0000] {override.py:1911} INFO - Created Permission View: menu access on DAG Run:example_display_name
[2024-11-23T11:22:53.216+0000] {logging_mixin.py:190} INFO - [2024-11-23T11:22:53.216+0000] {dag.py:3239} INFO - Sync 1 DAGs
[2024-11-23T11:22:53.231+0000] {logging_mixin.py:190} INFO - [2024-11-23T11:22:53.230+0000] {dag.py:3262} INFO - Creating ORM DAG for example_display_name
[2024-11-23T11:22:53.231+0000] {logging_mixin.py:190} INFO - [2024-11-23T11:22:53.231+0000] {dag.py:4180} INFO - Setting next_dagrun for example_display_name to None, run_after=None
[2024-11-23T11:22:53.251+0000] {processor.py:208} INFO - Processing /home/airflow/.local/lib/python3.12/site-packages/airflow/example_dags/example_display_name.py took 0.260 seconds
[2024-11-23T11:23:23.566+0000] {processor.py:186} INFO - Started process (PID=174) to work on /home/airflow/.local/lib/python3.12/site-packages/airflow/example_dags/example_display_name.py
[2024-11-23T11:23:23.568+0000] {processor.py:914} INFO - Processing file /home/airflow/.local/lib/python3.12/site-packages/airflow/example_dags/example_display_name.py for tasks to queue
[2024-11-23T11:23:23.572+0000] {logging_mixin.py:190} INFO - [2024-11-23T11:23:23.571+0000] {dagbag.py:588} INFO - Filling up the DagBag from /home/airflow/.local/lib/python3.12/site-packages/airflow/example_dags/example_display_name.py
[2024-11-23T11:23:23.583+0000] {processor.py:925} INFO - DAG(s) 'example_display_name' retrieved from /home/airflow/.local/lib/python3.12/site-packages/airflow/example_dags/example_display_name.py
[2024-11-23T11:23:23.610+0000] {logging_mixin.py:190} INFO - [2024-11-23T11:23:23.610+0000] {dag.py:3239} INFO - Sync 1 DAGs
[2024-11-23T11:23:23.631+0000] {logging_mixin.py:190} INFO - [2024-11-23T11:23:23.631+0000] {dag.py:4180} INFO - Setting next_dagrun for example_display_name to None, run_after=None
[2024-11-23T11:23:23.666+0000] {processor.py:208} INFO - Processing /home/airflow/.local/lib/python3.12/site-packages/airflow/example_dags/example_display_name.py took 0.110 seconds
