[2024-11-23T11:22:51.179+0000] {processor.py:186} INFO - Started process (PID=100) to work on /home/airflow/.local/lib/python3.12/site-packages/airflow/example_dags/example_latest_only_with_trigger.py
[2024-11-23T11:22:51.180+0000] {processor.py:914} INFO - Processing file /home/airflow/.local/lib/python3.12/site-packages/airflow/example_dags/example_latest_only_with_trigger.py for tasks to queue
[2024-11-23T11:22:51.182+0000] {logging_mixin.py:190} INFO - [2024-11-23T11:22:51.181+0000] {dagbag.py:588} INFO - Filling up the DagBag from /home/airflow/.local/lib/python3.12/site-packages/airflow/example_dags/example_latest_only_with_trigger.py
[2024-11-23T11:22:51.190+0000] {processor.py:925} INFO - DAG(s) 'latest_only_with_trigger' retrieved from /home/airflow/.local/lib/python3.12/site-packages/airflow/example_dags/example_latest_only_with_trigger.py
[2024-11-23T11:22:51.319+0000] {logging_mixin.py:190} INFO - [2024-11-23T11:22:51.317+0000] {override.py:1911} INFO - Created Permission View: can edit on DAG:latest_only_with_trigger
[2024-11-23T11:22:51.335+0000] {logging_mixin.py:190} INFO - [2024-11-23T11:22:51.335+0000] {override.py:1911} INFO - Created Permission View: can delete on DAG:latest_only_with_trigger
[2024-11-23T11:22:51.348+0000] {logging_mixin.py:190} INFO - [2024-11-23T11:22:51.348+0000] {override.py:1911} INFO - Created Permission View: can read on DAG:latest_only_with_trigger
[2024-11-23T11:22:51.365+0000] {logging_mixin.py:190} INFO - [2024-11-23T11:22:51.365+0000] {override.py:1911} INFO - Created Permission View: can delete on DAG Run:latest_only_with_trigger
[2024-11-23T11:22:51.379+0000] {logging_mixin.py:190} INFO - [2024-11-23T11:22:51.378+0000] {override.py:1911} INFO - Created Permission View: can create on DAG Run:latest_only_with_trigger
[2024-11-23T11:22:51.390+0000] {logging_mixin.py:190} INFO - [2024-11-23T11:22:51.390+0000] {override.py:1911} INFO - Created Permission View: can read on DAG Run:latest_only_with_trigger
[2024-11-23T11:22:51.402+0000] {logging_mixin.py:190} INFO - [2024-11-23T11:22:51.402+0000] {override.py:1911} INFO - Created Permission View: menu access on DAG Run:latest_only_with_trigger
[2024-11-23T11:22:51.402+0000] {logging_mixin.py:190} INFO - [2024-11-23T11:22:51.402+0000] {dag.py:3239} INFO - Sync 1 DAGs
[2024-11-23T11:22:51.421+0000] {logging_mixin.py:190} INFO - [2024-11-23T11:22:51.420+0000] {dag.py:3262} INFO - Creating ORM DAG for latest_only_with_trigger
[2024-11-23T11:22:51.432+0000] {logging_mixin.py:190} INFO - [2024-11-23T11:22:51.432+0000] {dag.py:4180} INFO - Setting next_dagrun for latest_only_with_trigger to 2024-11-23 04:00:00+00:00, run_after=2024-11-23 08:00:00+00:00
[2024-11-23T11:22:51.454+0000] {processor.py:208} INFO - Processing /home/airflow/.local/lib/python3.12/site-packages/airflow/example_dags/example_latest_only_with_trigger.py took 0.281 seconds
[2024-11-23T11:23:21.657+0000] {processor.py:186} INFO - Started process (PID=163) to work on /home/airflow/.local/lib/python3.12/site-packages/airflow/example_dags/example_latest_only_with_trigger.py
[2024-11-23T11:23:21.659+0000] {processor.py:914} INFO - Processing file /home/airflow/.local/lib/python3.12/site-packages/airflow/example_dags/example_latest_only_with_trigger.py for tasks to queue
[2024-11-23T11:23:21.661+0000] {logging_mixin.py:190} INFO - [2024-11-23T11:23:21.661+0000] {dagbag.py:588} INFO - Filling up the DagBag from /home/airflow/.local/lib/python3.12/site-packages/airflow/example_dags/example_latest_only_with_trigger.py
[2024-11-23T11:23:21.668+0000] {processor.py:925} INFO - DAG(s) 'latest_only_with_trigger' retrieved from /home/airflow/.local/lib/python3.12/site-packages/airflow/example_dags/example_latest_only_with_trigger.py
[2024-11-23T11:23:21.690+0000] {logging_mixin.py:190} INFO - [2024-11-23T11:23:21.689+0000] {dag.py:3239} INFO - Sync 1 DAGs
[2024-11-23T11:23:21.716+0000] {logging_mixin.py:190} INFO - [2024-11-23T11:23:21.716+0000] {dag.py:4180} INFO - Setting next_dagrun for latest_only_with_trigger to 2024-11-23 04:00:00+00:00, run_after=2024-11-23 08:00:00+00:00
[2024-11-23T11:23:21.743+0000] {processor.py:208} INFO - Processing /home/airflow/.local/lib/python3.12/site-packages/airflow/example_dags/example_latest_only_with_trigger.py took 0.093 seconds
