[2024-11-23T11:22:53.277+0000] {processor.py:186} INFO - Started process (PID=113) to work on /home/airflow/.local/lib/python3.12/site-packages/airflow/example_dags/example_dataset_alias_with_no_taskflow.py
[2024-11-23T11:22:53.278+0000] {processor.py:914} INFO - Processing file /home/airflow/.local/lib/python3.12/site-packages/airflow/example_dags/example_dataset_alias_with_no_taskflow.py for tasks to queue
[2024-11-23T11:22:53.281+0000] {logging_mixin.py:190} INFO - [2024-11-23T11:22:53.281+0000] {dagbag.py:588} INFO - Filling up the DagBag from /home/airflow/.local/lib/python3.12/site-packages/airflow/example_dags/example_dataset_alias_with_no_taskflow.py
[2024-11-23T11:22:53.872+0000] {processor.py:925} INFO - DAG(s) 'dataset_s3_bucket_producer_with_no_taskflow', 'dataset_alias_example_alias_producer_with_no_taskflow', 'dataset_s3_bucket_consumer_with_no_taskflow', 'dataset_alias_example_alias_consumer_with_no_taskflow' retrieved from /home/airflow/.local/lib/python3.12/site-packages/airflow/example_dags/example_dataset_alias_with_no_taskflow.py
[2024-11-23T11:22:53.975+0000] {logging_mixin.py:190} INFO - [2024-11-23T11:22:53.973+0000] {override.py:1911} INFO - Created Permission View: can edit on DAG:dataset_s3_bucket_producer_with_no_taskflow
[2024-11-23T11:22:53.991+0000] {logging_mixin.py:190} INFO - [2024-11-23T11:22:53.991+0000] {override.py:1911} INFO - Created Permission View: can delete on DAG:dataset_s3_bucket_producer_with_no_taskflow
[2024-11-23T11:22:54.004+0000] {logging_mixin.py:190} INFO - [2024-11-23T11:22:54.004+0000] {override.py:1911} INFO - Created Permission View: can read on DAG:dataset_s3_bucket_producer_with_no_taskflow
[2024-11-23T11:22:54.027+0000] {logging_mixin.py:190} INFO - [2024-11-23T11:22:54.026+0000] {override.py:1911} INFO - Created Permission View: can delete on DAG Run:dataset_s3_bucket_producer_with_no_taskflow
[2024-11-23T11:22:54.038+0000] {logging_mixin.py:190} INFO - [2024-11-23T11:22:54.037+0000] {override.py:1911} INFO - Created Permission View: can create on DAG Run:dataset_s3_bucket_producer_with_no_taskflow
[2024-11-23T11:22:54.051+0000] {logging_mixin.py:190} INFO - [2024-11-23T11:22:54.050+0000] {override.py:1911} INFO - Created Permission View: can read on DAG Run:dataset_s3_bucket_producer_with_no_taskflow
[2024-11-23T11:22:54.063+0000] {logging_mixin.py:190} INFO - [2024-11-23T11:22:54.063+0000] {override.py:1911} INFO - Created Permission View: menu access on DAG Run:dataset_s3_bucket_producer_with_no_taskflow
[2024-11-23T11:22:54.097+0000] {logging_mixin.py:190} INFO - [2024-11-23T11:22:54.097+0000] {override.py:1911} INFO - Created Permission View: can edit on DAG:dataset_alias_example_alias_producer_with_no_taskflow
[2024-11-23T11:22:54.111+0000] {logging_mixin.py:190} INFO - [2024-11-23T11:22:54.111+0000] {override.py:1911} INFO - Created Permission View: can delete on DAG:dataset_alias_example_alias_producer_with_no_taskflow
[2024-11-23T11:22:54.121+0000] {logging_mixin.py:190} INFO - [2024-11-23T11:22:54.121+0000] {override.py:1911} INFO - Created Permission View: can read on DAG:dataset_alias_example_alias_producer_with_no_taskflow
[2024-11-23T11:22:54.137+0000] {logging_mixin.py:190} INFO - [2024-11-23T11:22:54.137+0000] {override.py:1911} INFO - Created Permission View: can delete on DAG Run:dataset_alias_example_alias_producer_with_no_taskflow
[2024-11-23T11:22:54.152+0000] {logging_mixin.py:190} INFO - [2024-11-23T11:22:54.152+0000] {override.py:1911} INFO - Created Permission View: can create on DAG Run:dataset_alias_example_alias_producer_with_no_taskflow
[2024-11-23T11:22:54.163+0000] {logging_mixin.py:190} INFO - [2024-11-23T11:22:54.162+0000] {override.py:1911} INFO - Created Permission View: can read on DAG Run:dataset_alias_example_alias_producer_with_no_taskflow
[2024-11-23T11:22:54.176+0000] {logging_mixin.py:190} INFO - [2024-11-23T11:22:54.175+0000] {override.py:1911} INFO - Created Permission View: menu access on DAG Run:dataset_alias_example_alias_producer_with_no_taskflow
[2024-11-23T11:22:54.199+0000] {logging_mixin.py:190} INFO - [2024-11-23T11:22:54.199+0000] {override.py:1911} INFO - Created Permission View: can edit on DAG:dataset_s3_bucket_consumer_with_no_taskflow
[2024-11-23T11:22:54.212+0000] {logging_mixin.py:190} INFO - [2024-11-23T11:22:54.211+0000] {override.py:1911} INFO - Created Permission View: can delete on DAG:dataset_s3_bucket_consumer_with_no_taskflow
[2024-11-23T11:22:54.223+0000] {logging_mixin.py:190} INFO - [2024-11-23T11:22:54.223+0000] {override.py:1911} INFO - Created Permission View: can read on DAG:dataset_s3_bucket_consumer_with_no_taskflow
[2024-11-23T11:22:54.244+0000] {logging_mixin.py:190} INFO - [2024-11-23T11:22:54.244+0000] {override.py:1911} INFO - Created Permission View: can delete on DAG Run:dataset_s3_bucket_consumer_with_no_taskflow
[2024-11-23T11:22:54.259+0000] {logging_mixin.py:190} INFO - [2024-11-23T11:22:54.259+0000] {override.py:1911} INFO - Created Permission View: can create on DAG Run:dataset_s3_bucket_consumer_with_no_taskflow
[2024-11-23T11:22:54.272+0000] {logging_mixin.py:190} INFO - [2024-11-23T11:22:54.271+0000] {override.py:1911} INFO - Created Permission View: can read on DAG Run:dataset_s3_bucket_consumer_with_no_taskflow
[2024-11-23T11:22:54.284+0000] {logging_mixin.py:190} INFO - [2024-11-23T11:22:54.284+0000] {override.py:1911} INFO - Created Permission View: menu access on DAG Run:dataset_s3_bucket_consumer_with_no_taskflow
[2024-11-23T11:22:54.311+0000] {logging_mixin.py:190} INFO - [2024-11-23T11:22:54.310+0000] {override.py:1911} INFO - Created Permission View: can edit on DAG:dataset_alias_example_alias_consumer_with_no_taskflow
[2024-11-23T11:22:54.322+0000] {logging_mixin.py:190} INFO - [2024-11-23T11:22:54.321+0000] {override.py:1911} INFO - Created Permission View: can delete on DAG:dataset_alias_example_alias_consumer_with_no_taskflow
[2024-11-23T11:22:54.338+0000] {logging_mixin.py:190} INFO - [2024-11-23T11:22:54.337+0000] {override.py:1911} INFO - Created Permission View: can read on DAG:dataset_alias_example_alias_consumer_with_no_taskflow
[2024-11-23T11:22:54.362+0000] {logging_mixin.py:190} INFO - [2024-11-23T11:22:54.361+0000] {override.py:1911} INFO - Created Permission View: can delete on DAG Run:dataset_alias_example_alias_consumer_with_no_taskflow
[2024-11-23T11:22:54.377+0000] {logging_mixin.py:190} INFO - [2024-11-23T11:22:54.376+0000] {override.py:1911} INFO - Created Permission View: can create on DAG Run:dataset_alias_example_alias_consumer_with_no_taskflow
[2024-11-23T11:22:54.389+0000] {logging_mixin.py:190} INFO - [2024-11-23T11:22:54.389+0000] {override.py:1911} INFO - Created Permission View: can read on DAG Run:dataset_alias_example_alias_consumer_with_no_taskflow
[2024-11-23T11:22:54.402+0000] {logging_mixin.py:190} INFO - [2024-11-23T11:22:54.401+0000] {override.py:1911} INFO - Created Permission View: menu access on DAG Run:dataset_alias_example_alias_consumer_with_no_taskflow
[2024-11-23T11:22:54.403+0000] {logging_mixin.py:190} INFO - [2024-11-23T11:22:54.402+0000] {dag.py:3239} INFO - Sync 4 DAGs
[2024-11-23T11:22:54.416+0000] {logging_mixin.py:190} INFO - [2024-11-23T11:22:54.415+0000] {dag.py:3262} INFO - Creating ORM DAG for dataset_s3_bucket_producer_with_no_taskflow
[2024-11-23T11:22:54.417+0000] {logging_mixin.py:190} INFO - [2024-11-23T11:22:54.417+0000] {dag.py:3262} INFO - Creating ORM DAG for dataset_alias_example_alias_producer_with_no_taskflow
[2024-11-23T11:22:54.418+0000] {logging_mixin.py:190} INFO - [2024-11-23T11:22:54.418+0000] {dag.py:3262} INFO - Creating ORM DAG for dataset_alias_example_alias_consumer_with_no_taskflow
[2024-11-23T11:22:54.419+0000] {logging_mixin.py:190} INFO - [2024-11-23T11:22:54.418+0000] {dag.py:3262} INFO - Creating ORM DAG for dataset_s3_bucket_consumer_with_no_taskflow
[2024-11-23T11:22:54.432+0000] {logging_mixin.py:190} INFO - [2024-11-23T11:22:54.431+0000] {dag.py:4180} INFO - Setting next_dagrun for dataset_alias_example_alias_consumer_with_no_taskflow to None, run_after=None
[2024-11-23T11:22:54.433+0000] {logging_mixin.py:190} INFO - [2024-11-23T11:22:54.432+0000] {dag.py:4180} INFO - Setting next_dagrun for dataset_alias_example_alias_producer_with_no_taskflow to None, run_after=None
[2024-11-23T11:22:54.433+0000] {logging_mixin.py:190} INFO - [2024-11-23T11:22:54.433+0000] {dag.py:4180} INFO - Setting next_dagrun for dataset_s3_bucket_consumer_with_no_taskflow to None, run_after=None
[2024-11-23T11:22:54.434+0000] {logging_mixin.py:190} INFO - [2024-11-23T11:22:54.433+0000] {dag.py:4180} INFO - Setting next_dagrun for dataset_s3_bucket_producer_with_no_taskflow to None, run_after=None
[2024-11-23T11:22:54.473+0000] {processor.py:208} INFO - Processing /home/airflow/.local/lib/python3.12/site-packages/airflow/example_dags/example_dataset_alias_with_no_taskflow.py took 1.201 seconds
