[2024-11-23T11:22:41.421+0000] {processor.py:186} INFO - Started process (PID=74) to work on /home/airflow/.local/lib/python3.12/site-packages/airflow/example_dags/example_time_delta_sensor_async.py
[2024-11-23T11:22:41.422+0000] {processor.py:914} INFO - Processing file /home/airflow/.local/lib/python3.12/site-packages/airflow/example_dags/example_time_delta_sensor_async.py for tasks to queue
[2024-11-23T11:22:41.425+0000] {logging_mixin.py:190} INFO - [2024-11-23T11:22:41.424+0000] {dagbag.py:588} INFO - Filling up the DagBag from /home/airflow/.local/lib/python3.12/site-packages/airflow/example_dags/example_time_delta_sensor_async.py
[2024-11-23T11:22:41.433+0000] {processor.py:925} INFO - DAG(s) 'example_time_delta_sensor_async' retrieved from /home/airflow/.local/lib/python3.12/site-packages/airflow/example_dags/example_time_delta_sensor_async.py
[2024-11-23T11:22:41.574+0000] {logging_mixin.py:190} INFO - [2024-11-23T11:22:41.573+0000] {override.py:1911} INFO - Created Permission View: can edit on DAG:example_time_delta_sensor_async
[2024-11-23T11:22:41.588+0000] {logging_mixin.py:190} INFO - [2024-11-23T11:22:41.587+0000] {override.py:1911} INFO - Created Permission View: can delete on DAG:example_time_delta_sensor_async
[2024-11-23T11:22:41.599+0000] {logging_mixin.py:190} INFO - [2024-11-23T11:22:41.599+0000] {override.py:1911} INFO - Created Permission View: can read on DAG:example_time_delta_sensor_async
[2024-11-23T11:22:41.624+0000] {logging_mixin.py:190} INFO - [2024-11-23T11:22:41.623+0000] {override.py:1911} INFO - Created Permission View: can delete on DAG Run:example_time_delta_sensor_async
[2024-11-23T11:22:41.637+0000] {logging_mixin.py:190} INFO - [2024-11-23T11:22:41.636+0000] {override.py:1911} INFO - Created Permission View: can create on DAG Run:example_time_delta_sensor_async
[2024-11-23T11:22:41.655+0000] {logging_mixin.py:190} INFO - [2024-11-23T11:22:41.654+0000] {override.py:1911} INFO - Created Permission View: can read on DAG Run:example_time_delta_sensor_async
[2024-11-23T11:22:41.671+0000] {logging_mixin.py:190} INFO - [2024-11-23T11:22:41.671+0000] {override.py:1911} INFO - Created Permission View: menu access on DAG Run:example_time_delta_sensor_async
[2024-11-23T11:22:41.672+0000] {logging_mixin.py:190} INFO - [2024-11-23T11:22:41.671+0000] {dag.py:3239} INFO - Sync 1 DAGs
[2024-11-23T11:22:41.685+0000] {logging_mixin.py:190} INFO - [2024-11-23T11:22:41.685+0000] {dag.py:3262} INFO - Creating ORM DAG for example_time_delta_sensor_async
[2024-11-23T11:22:41.686+0000] {logging_mixin.py:190} INFO - [2024-11-23T11:22:41.686+0000] {dag.py:4180} INFO - Setting next_dagrun for example_time_delta_sensor_async to None, run_after=None
[2024-11-23T11:22:41.710+0000] {processor.py:208} INFO - Processing /home/airflow/.local/lib/python3.12/site-packages/airflow/example_dags/example_time_delta_sensor_async.py took 0.296 seconds
[2024-11-23T11:23:12.272+0000] {processor.py:186} INFO - Started process (PID=137) to work on /home/airflow/.local/lib/python3.12/site-packages/airflow/example_dags/example_time_delta_sensor_async.py
[2024-11-23T11:23:12.273+0000] {processor.py:914} INFO - Processing file /home/airflow/.local/lib/python3.12/site-packages/airflow/example_dags/example_time_delta_sensor_async.py for tasks to queue
[2024-11-23T11:23:12.275+0000] {logging_mixin.py:190} INFO - [2024-11-23T11:23:12.275+0000] {dagbag.py:588} INFO - Filling up the DagBag from /home/airflow/.local/lib/python3.12/site-packages/airflow/example_dags/example_time_delta_sensor_async.py
[2024-11-23T11:23:12.283+0000] {processor.py:925} INFO - DAG(s) 'example_time_delta_sensor_async' retrieved from /home/airflow/.local/lib/python3.12/site-packages/airflow/example_dags/example_time_delta_sensor_async.py
[2024-11-23T11:23:12.303+0000] {logging_mixin.py:190} INFO - [2024-11-23T11:23:12.303+0000] {dag.py:3239} INFO - Sync 1 DAGs
[2024-11-23T11:23:12.317+0000] {logging_mixin.py:190} INFO - [2024-11-23T11:23:12.316+0000] {dag.py:4180} INFO - Setting next_dagrun for example_time_delta_sensor_async to None, run_after=None
[2024-11-23T11:23:12.338+0000] {processor.py:208} INFO - Processing /home/airflow/.local/lib/python3.12/site-packages/airflow/example_dags/example_time_delta_sensor_async.py took 0.071 seconds
