[2024-11-23T11:22:51.484+0000] {processor.py:186} INFO - Started process (PID=102) to work on /home/airflow/.local/lib/python3.12/site-packages/airflow/example_dags/example_complex.py
[2024-11-23T11:22:51.485+0000] {processor.py:914} INFO - Processing file /home/airflow/.local/lib/python3.12/site-packages/airflow/example_dags/example_complex.py for tasks to queue
[2024-11-23T11:22:51.487+0000] {logging_mixin.py:190} INFO - [2024-11-23T11:22:51.487+0000] {dagbag.py:588} INFO - Filling up the DagBag from /home/airflow/.local/lib/python3.12/site-packages/airflow/example_dags/example_complex.py
[2024-11-23T11:22:51.500+0000] {processor.py:925} INFO - DAG(s) 'example_complex' retrieved from /home/airflow/.local/lib/python3.12/site-packages/airflow/example_dags/example_complex.py
[2024-11-23T11:22:51.622+0000] {logging_mixin.py:190} INFO - [2024-11-23T11:22:51.621+0000] {override.py:1911} INFO - Created Permission View: can edit on DAG:example_complex
[2024-11-23T11:22:51.636+0000] {logging_mixin.py:190} INFO - [2024-11-23T11:22:51.636+0000] {override.py:1911} INFO - Created Permission View: can delete on DAG:example_complex
[2024-11-23T11:22:51.648+0000] {logging_mixin.py:190} INFO - [2024-11-23T11:22:51.648+0000] {override.py:1911} INFO - Created Permission View: can read on DAG:example_complex
[2024-11-23T11:22:51.667+0000] {logging_mixin.py:190} INFO - [2024-11-23T11:22:51.667+0000] {override.py:1911} INFO - Created Permission View: can delete on DAG Run:example_complex
[2024-11-23T11:22:51.679+0000] {logging_mixin.py:190} INFO - [2024-11-23T11:22:51.679+0000] {override.py:1911} INFO - Created Permission View: can create on DAG Run:example_complex
[2024-11-23T11:22:51.690+0000] {logging_mixin.py:190} INFO - [2024-11-23T11:22:51.690+0000] {override.py:1911} INFO - Created Permission View: can read on DAG Run:example_complex
[2024-11-23T11:22:51.702+0000] {logging_mixin.py:190} INFO - [2024-11-23T11:22:51.702+0000] {override.py:1911} INFO - Created Permission View: menu access on DAG Run:example_complex
[2024-11-23T11:22:51.703+0000] {logging_mixin.py:190} INFO - [2024-11-23T11:22:51.702+0000] {dag.py:3239} INFO - Sync 1 DAGs
[2024-11-23T11:22:51.717+0000] {logging_mixin.py:190} INFO - [2024-11-23T11:22:51.716+0000] {dag.py:3262} INFO - Creating ORM DAG for example_complex
[2024-11-23T11:22:51.717+0000] {logging_mixin.py:190} INFO - [2024-11-23T11:22:51.717+0000] {dag.py:4180} INFO - Setting next_dagrun for example_complex to None, run_after=None
[2024-11-23T11:22:51.742+0000] {processor.py:208} INFO - Processing /home/airflow/.local/lib/python3.12/site-packages/airflow/example_dags/example_complex.py took 0.265 seconds
[2024-11-23T11:23:21.776+0000] {processor.py:186} INFO - Started process (PID=165) to work on /home/airflow/.local/lib/python3.12/site-packages/airflow/example_dags/example_complex.py
[2024-11-23T11:23:21.778+0000] {processor.py:914} INFO - Processing file /home/airflow/.local/lib/python3.12/site-packages/airflow/example_dags/example_complex.py for tasks to queue
[2024-11-23T11:23:21.780+0000] {logging_mixin.py:190} INFO - [2024-11-23T11:23:21.780+0000] {dagbag.py:588} INFO - Filling up the DagBag from /home/airflow/.local/lib/python3.12/site-packages/airflow/example_dags/example_complex.py
[2024-11-23T11:23:21.795+0000] {processor.py:925} INFO - DAG(s) 'example_complex' retrieved from /home/airflow/.local/lib/python3.12/site-packages/airflow/example_dags/example_complex.py
[2024-11-23T11:23:21.832+0000] {logging_mixin.py:190} INFO - [2024-11-23T11:23:21.832+0000] {dag.py:3239} INFO - Sync 1 DAGs
[2024-11-23T11:23:21.849+0000] {logging_mixin.py:190} INFO - [2024-11-23T11:23:21.849+0000] {dag.py:4180} INFO - Setting next_dagrun for example_complex to None, run_after=None
[2024-11-23T11:23:21.877+0000] {processor.py:208} INFO - Processing /home/airflow/.local/lib/python3.12/site-packages/airflow/example_dags/example_complex.py took 0.107 seconds
