[2024-11-23T11:22:50.447+0000] {processor.py:186} INFO - Started process (PID=96) to work on /home/airflow/.local/lib/python3.12/site-packages/airflow/example_dags/example_dag_decorator.py
[2024-11-23T11:22:50.448+0000] {processor.py:914} INFO - Processing file /home/airflow/.local/lib/python3.12/site-packages/airflow/example_dags/example_dag_decorator.py for tasks to queue
[2024-11-23T11:22:50.452+0000] {logging_mixin.py:190} INFO - [2024-11-23T11:22:50.451+0000] {dagbag.py:588} INFO - Filling up the DagBag from /home/airflow/.local/lib/python3.12/site-packages/airflow/example_dags/example_dag_decorator.py
[2024-11-23T11:22:50.471+0000] {processor.py:925} INFO - DAG(s) 'example_dag_decorator' retrieved from /home/airflow/.local/lib/python3.12/site-packages/airflow/example_dags/example_dag_decorator.py
[2024-11-23T11:22:50.611+0000] {logging_mixin.py:190} INFO - [2024-11-23T11:22:50.610+0000] {override.py:1911} INFO - Created Permission View: can edit on DAG:example_dag_decorator
[2024-11-23T11:22:50.627+0000] {logging_mixin.py:190} INFO - [2024-11-23T11:22:50.627+0000] {override.py:1911} INFO - Created Permission View: can delete on DAG:example_dag_decorator
[2024-11-23T11:22:50.639+0000] {logging_mixin.py:190} INFO - [2024-11-23T11:22:50.639+0000] {override.py:1911} INFO - Created Permission View: can read on DAG:example_dag_decorator
[2024-11-23T11:22:50.656+0000] {logging_mixin.py:190} INFO - [2024-11-23T11:22:50.656+0000] {override.py:1911} INFO - Created Permission View: can delete on DAG Run:example_dag_decorator
[2024-11-23T11:22:50.671+0000] {logging_mixin.py:190} INFO - [2024-11-23T11:22:50.671+0000] {override.py:1911} INFO - Created Permission View: can create on DAG Run:example_dag_decorator
[2024-11-23T11:22:50.683+0000] {logging_mixin.py:190} INFO - [2024-11-23T11:22:50.682+0000] {override.py:1911} INFO - Created Permission View: can read on DAG Run:example_dag_decorator
[2024-11-23T11:22:50.696+0000] {logging_mixin.py:190} INFO - [2024-11-23T11:22:50.695+0000] {override.py:1911} INFO - Created Permission View: menu access on DAG Run:example_dag_decorator
[2024-11-23T11:22:50.696+0000] {logging_mixin.py:190} INFO - [2024-11-23T11:22:50.696+0000] {dag.py:3239} INFO - Sync 1 DAGs
[2024-11-23T11:22:50.712+0000] {logging_mixin.py:190} INFO - [2024-11-23T11:22:50.711+0000] {dag.py:3262} INFO - Creating ORM DAG for example_dag_decorator
[2024-11-23T11:22:50.713+0000] {logging_mixin.py:190} INFO - [2024-11-23T11:22:50.713+0000] {dag.py:4180} INFO - Setting next_dagrun for example_dag_decorator to None, run_after=None
[2024-11-23T11:22:50.734+0000] {processor.py:208} INFO - Processing /home/airflow/.local/lib/python3.12/site-packages/airflow/example_dags/example_dag_decorator.py took 0.293 seconds
[2024-11-23T11:23:20.889+0000] {processor.py:186} INFO - Started process (PID=159) to work on /home/airflow/.local/lib/python3.12/site-packages/airflow/example_dags/example_dag_decorator.py
[2024-11-23T11:23:20.890+0000] {processor.py:914} INFO - Processing file /home/airflow/.local/lib/python3.12/site-packages/airflow/example_dags/example_dag_decorator.py for tasks to queue
[2024-11-23T11:23:20.907+0000] {logging_mixin.py:190} INFO - [2024-11-23T11:23:20.907+0000] {dagbag.py:588} INFO - Filling up the DagBag from /home/airflow/.local/lib/python3.12/site-packages/airflow/example_dags/example_dag_decorator.py
[2024-11-23T11:23:20.920+0000] {processor.py:925} INFO - DAG(s) 'example_dag_decorator' retrieved from /home/airflow/.local/lib/python3.12/site-packages/airflow/example_dags/example_dag_decorator.py
[2024-11-23T11:23:21.048+0000] {logging_mixin.py:190} INFO - [2024-11-23T11:23:21.048+0000] {dag.py:3239} INFO - Sync 1 DAGs
[2024-11-23T11:23:21.063+0000] {logging_mixin.py:190} INFO - [2024-11-23T11:23:21.063+0000] {dag.py:4180} INFO - Setting next_dagrun for example_dag_decorator to None, run_after=None
[2024-11-23T11:23:21.097+0000] {processor.py:208} INFO - Processing /home/airflow/.local/lib/python3.12/site-packages/airflow/example_dags/example_dag_decorator.py took 0.216 seconds
