[2024-11-23T11:22:45.060+0000] {processor.py:186} INFO - Started process (PID=84) to work on /home/airflow/.local/lib/python3.12/site-packages/airflow/example_dags/example_sensors.py
[2024-11-23T11:22:45.061+0000] {processor.py:914} INFO - Processing file /home/airflow/.local/lib/python3.12/site-packages/airflow/example_dags/example_sensors.py for tasks to queue
[2024-11-23T11:22:45.064+0000] {logging_mixin.py:190} INFO - [2024-11-23T11:22:45.063+0000] {dagbag.py:588} INFO - Filling up the DagBag from /home/airflow/.local/lib/python3.12/site-packages/airflow/example_dags/example_sensors.py
[2024-11-23T11:22:45.080+0000] {processor.py:925} INFO - DAG(s) 'example_sensors' retrieved from /home/airflow/.local/lib/python3.12/site-packages/airflow/example_dags/example_sensors.py
[2024-11-23T11:22:45.283+0000] {logging_mixin.py:190} INFO - [2024-11-23T11:22:45.282+0000] {override.py:1911} INFO - Created Permission View: can edit on DAG:example_sensors
[2024-11-23T11:22:45.357+0000] {logging_mixin.py:190} INFO - [2024-11-23T11:22:45.356+0000] {override.py:1911} INFO - Created Permission View: can delete on DAG:example_sensors
[2024-11-23T11:22:45.381+0000] {logging_mixin.py:190} INFO - [2024-11-23T11:22:45.380+0000] {override.py:1911} INFO - Created Permission View: can read on DAG:example_sensors
[2024-11-23T11:22:45.430+0000] {logging_mixin.py:190} INFO - [2024-11-23T11:22:45.429+0000] {override.py:1911} INFO - Created Permission View: can delete on DAG Run:example_sensors
[2024-11-23T11:22:45.450+0000] {logging_mixin.py:190} INFO - [2024-11-23T11:22:45.450+0000] {override.py:1911} INFO - Created Permission View: can create on DAG Run:example_sensors
[2024-11-23T11:22:45.462+0000] {logging_mixin.py:190} INFO - [2024-11-23T11:22:45.462+0000] {override.py:1911} INFO - Created Permission View: can read on DAG Run:example_sensors
[2024-11-23T11:22:45.481+0000] {logging_mixin.py:190} INFO - [2024-11-23T11:22:45.481+0000] {override.py:1911} INFO - Created Permission View: menu access on DAG Run:example_sensors
[2024-11-23T11:22:45.482+0000] {logging_mixin.py:190} INFO - [2024-11-23T11:22:45.482+0000] {dag.py:3239} INFO - Sync 1 DAGs
[2024-11-23T11:22:45.494+0000] {logging_mixin.py:190} INFO - [2024-11-23T11:22:45.494+0000] {dag.py:3262} INFO - Creating ORM DAG for example_sensors
[2024-11-23T11:22:45.495+0000] {logging_mixin.py:190} INFO - [2024-11-23T11:22:45.495+0000] {dag.py:4180} INFO - Setting next_dagrun for example_sensors to None, run_after=None
[2024-11-23T11:22:45.569+0000] {processor.py:208} INFO - Processing /home/airflow/.local/lib/python3.12/site-packages/airflow/example_dags/example_sensors.py took 0.517 seconds
[2024-11-23T11:23:15.820+0000] {processor.py:186} INFO - Started process (PID=147) to work on /home/airflow/.local/lib/python3.12/site-packages/airflow/example_dags/example_sensors.py
[2024-11-23T11:23:15.821+0000] {processor.py:914} INFO - Processing file /home/airflow/.local/lib/python3.12/site-packages/airflow/example_dags/example_sensors.py for tasks to queue
[2024-11-23T11:23:15.823+0000] {logging_mixin.py:190} INFO - [2024-11-23T11:23:15.823+0000] {dagbag.py:588} INFO - Filling up the DagBag from /home/airflow/.local/lib/python3.12/site-packages/airflow/example_dags/example_sensors.py
[2024-11-23T11:23:15.834+0000] {processor.py:925} INFO - DAG(s) 'example_sensors' retrieved from /home/airflow/.local/lib/python3.12/site-packages/airflow/example_dags/example_sensors.py
[2024-11-23T11:23:15.862+0000] {logging_mixin.py:190} INFO - [2024-11-23T11:23:15.862+0000] {dag.py:3239} INFO - Sync 1 DAGs
[2024-11-23T11:23:15.876+0000] {logging_mixin.py:190} INFO - [2024-11-23T11:23:15.876+0000] {dag.py:4180} INFO - Setting next_dagrun for example_sensors to None, run_after=None
[2024-11-23T11:23:15.902+0000] {processor.py:208} INFO - Processing /home/airflow/.local/lib/python3.12/site-packages/airflow/example_dags/example_sensors.py took 0.089 seconds
