[2024-11-23T11:22:40.120+0000] {processor.py:186} INFO - Started process (PID=67) to work on /home/airflow/.local/lib/python3.12/site-packages/airflow/example_dags/example_subdag_operator.py
[2024-11-23T11:22:40.120+0000] {processor.py:914} INFO - Processing file /home/airflow/.local/lib/python3.12/site-packages/airflow/example_dags/example_subdag_operator.py for tasks to queue
[2024-11-23T11:22:40.122+0000] {logging_mixin.py:190} INFO - [2024-11-23T11:22:40.122+0000] {dagbag.py:588} INFO - Filling up the DagBag from /home/airflow/.local/lib/python3.12/site-packages/airflow/example_dags/example_subdag_operator.py
[2024-11-23T11:22:40.152+0000] {processor.py:925} INFO - DAG(s) 'example_subdag_operator.section-1', 'example_subdag_operator.section-2', 'example_subdag_operator' retrieved from /home/airflow/.local/lib/python3.12/site-packages/airflow/example_dags/example_subdag_operator.py
[2024-11-23T11:22:40.282+0000] {logging_mixin.py:190} INFO - [2024-11-23T11:22:40.281+0000] {override.py:1911} INFO - Created Permission View: can edit on DAG:example_subdag_operator
[2024-11-23T11:22:40.300+0000] {logging_mixin.py:190} INFO - [2024-11-23T11:22:40.300+0000] {override.py:1911} INFO - Created Permission View: can delete on DAG:example_subdag_operator
[2024-11-23T11:22:40.312+0000] {logging_mixin.py:190} INFO - [2024-11-23T11:22:40.312+0000] {override.py:1911} INFO - Created Permission View: can read on DAG:example_subdag_operator
[2024-11-23T11:22:40.328+0000] {logging_mixin.py:190} INFO - [2024-11-23T11:22:40.327+0000] {override.py:1911} INFO - Created Permission View: can delete on DAG Run:example_subdag_operator
[2024-11-23T11:22:40.339+0000] {logging_mixin.py:190} INFO - [2024-11-23T11:22:40.339+0000] {override.py:1911} INFO - Created Permission View: can create on DAG Run:example_subdag_operator
[2024-11-23T11:22:40.352+0000] {logging_mixin.py:190} INFO - [2024-11-23T11:22:40.351+0000] {override.py:1911} INFO - Created Permission View: can read on DAG Run:example_subdag_operator
[2024-11-23T11:22:40.362+0000] {logging_mixin.py:190} INFO - [2024-11-23T11:22:40.361+0000] {override.py:1911} INFO - Created Permission View: menu access on DAG Run:example_subdag_operator
[2024-11-23T11:22:40.363+0000] {logging_mixin.py:190} INFO - [2024-11-23T11:22:40.362+0000] {dag.py:3239} INFO - Sync 3 DAGs
[2024-11-23T11:22:40.376+0000] {logging_mixin.py:190} INFO - [2024-11-23T11:22:40.375+0000] {dag.py:3262} INFO - Creating ORM DAG for example_subdag_operator.section-2
[2024-11-23T11:22:40.376+0000] {logging_mixin.py:190} INFO - [2024-11-23T11:22:40.376+0000] {dag.py:3262} INFO - Creating ORM DAG for example_subdag_operator
[2024-11-23T11:22:40.377+0000] {logging_mixin.py:190} INFO - [2024-11-23T11:22:40.377+0000] {dag.py:3262} INFO - Creating ORM DAG for example_subdag_operator.section-1
[2024-11-23T11:22:40.389+0000] {logging_mixin.py:190} INFO - [2024-11-23T11:22:40.389+0000] {dag.py:4180} INFO - Setting next_dagrun for example_subdag_operator to 2022-01-01 00:00:00+00:00, run_after=2022-01-01 00:00:00+00:00
[2024-11-23T11:22:40.390+0000] {logging_mixin.py:190} INFO - [2024-11-23T11:22:40.390+0000] {dag.py:4180} INFO - Setting next_dagrun for example_subdag_operator.section-1 to None, run_after=None
[2024-11-23T11:22:40.390+0000] {logging_mixin.py:190} INFO - [2024-11-23T11:22:40.390+0000] {dag.py:4180} INFO - Setting next_dagrun for example_subdag_operator.section-2 to None, run_after=None
[2024-11-23T11:22:40.401+0000] {logging_mixin.py:190} INFO - [2024-11-23T11:22:40.400+0000] {dag.py:3239} INFO - Sync 2 DAGs
[2024-11-23T11:22:40.409+0000] {logging_mixin.py:190} INFO - [2024-11-23T11:22:40.408+0000] {dag.py:4180} INFO - Setting next_dagrun for example_subdag_operator.section-1 to None, run_after=None
[2024-11-23T11:22:40.412+0000] {logging_mixin.py:190} INFO - [2024-11-23T11:22:40.412+0000] {dag.py:4180} INFO - Setting next_dagrun for example_subdag_operator.section-2 to None, run_after=None
[2024-11-23T11:22:40.431+0000] {processor.py:208} INFO - Processing /home/airflow/.local/lib/python3.12/site-packages/airflow/example_dags/example_subdag_operator.py took 0.317 seconds
[2024-11-23T11:23:11.446+0000] {processor.py:186} INFO - Started process (PID=130) to work on /home/airflow/.local/lib/python3.12/site-packages/airflow/example_dags/example_subdag_operator.py
[2024-11-23T11:23:11.496+0000] {processor.py:914} INFO - Processing file /home/airflow/.local/lib/python3.12/site-packages/airflow/example_dags/example_subdag_operator.py for tasks to queue
[2024-11-23T11:23:11.500+0000] {logging_mixin.py:190} INFO - [2024-11-23T11:23:11.499+0000] {dagbag.py:588} INFO - Filling up the DagBag from /home/airflow/.local/lib/python3.12/site-packages/airflow/example_dags/example_subdag_operator.py
[2024-11-23T11:23:11.529+0000] {processor.py:925} INFO - DAG(s) 'example_subdag_operator.section-1', 'example_subdag_operator.section-2', 'example_subdag_operator' retrieved from /home/airflow/.local/lib/python3.12/site-packages/airflow/example_dags/example_subdag_operator.py
[2024-11-23T11:23:11.545+0000] {logging_mixin.py:190} INFO - [2024-11-23T11:23:11.544+0000] {dag.py:3239} INFO - Sync 3 DAGs
[2024-11-23T11:23:11.570+0000] {logging_mixin.py:190} INFO - [2024-11-23T11:23:11.570+0000] {dag.py:4180} INFO - Setting next_dagrun for example_subdag_operator to 2022-01-01 00:00:00+00:00, run_after=2022-01-01 00:00:00+00:00
[2024-11-23T11:23:11.574+0000] {logging_mixin.py:190} INFO - [2024-11-23T11:23:11.574+0000] {dag.py:4180} INFO - Setting next_dagrun for example_subdag_operator.section-1 to None, run_after=None
[2024-11-23T11:23:11.576+0000] {logging_mixin.py:190} INFO - [2024-11-23T11:23:11.576+0000] {dag.py:4180} INFO - Setting next_dagrun for example_subdag_operator.section-2 to None, run_after=None
[2024-11-23T11:23:11.585+0000] {logging_mixin.py:190} INFO - [2024-11-23T11:23:11.584+0000] {dag.py:3239} INFO - Sync 2 DAGs
[2024-11-23T11:23:11.590+0000] {logging_mixin.py:190} INFO - [2024-11-23T11:23:11.590+0000] {dag.py:4180} INFO - Setting next_dagrun for example_subdag_operator.section-1 to None, run_after=None
[2024-11-23T11:23:11.590+0000] {logging_mixin.py:190} INFO - [2024-11-23T11:23:11.590+0000] {dag.py:4180} INFO - Setting next_dagrun for example_subdag_operator.section-2 to None, run_after=None
[2024-11-23T11:23:11.689+0000] {processor.py:208} INFO - Processing /home/airflow/.local/lib/python3.12/site-packages/airflow/example_dags/example_subdag_operator.py took 0.250 seconds
