[2024-11-23T11:22:46.673+0000] {processor.py:186} INFO - Started process (PID=90) to work on /home/airflow/.local/lib/python3.12/site-packages/airflow/example_dags/example_setup_teardown_taskflow.py
[2024-11-23T11:22:46.674+0000] {processor.py:914} INFO - Processing file /home/airflow/.local/lib/python3.12/site-packages/airflow/example_dags/example_setup_teardown_taskflow.py for tasks to queue
[2024-11-23T11:22:46.676+0000] {logging_mixin.py:190} INFO - [2024-11-23T11:22:46.676+0000] {dagbag.py:588} INFO - Filling up the DagBag from /home/airflow/.local/lib/python3.12/site-packages/airflow/example_dags/example_setup_teardown_taskflow.py
[2024-11-23T11:22:46.687+0000] {processor.py:925} INFO - DAG(s) 'example_setup_teardown_taskflow' retrieved from /home/airflow/.local/lib/python3.12/site-packages/airflow/example_dags/example_setup_teardown_taskflow.py
[2024-11-23T11:22:46.802+0000] {logging_mixin.py:190} INFO - [2024-11-23T11:22:46.802+0000] {override.py:1911} INFO - Created Permission View: can edit on DAG:example_setup_teardown_taskflow
[2024-11-23T11:22:46.818+0000] {logging_mixin.py:190} INFO - [2024-11-23T11:22:46.818+0000] {override.py:1911} INFO - Created Permission View: can delete on DAG:example_setup_teardown_taskflow
[2024-11-23T11:22:46.829+0000] {logging_mixin.py:190} INFO - [2024-11-23T11:22:46.829+0000] {override.py:1911} INFO - Created Permission View: can read on DAG:example_setup_teardown_taskflow
[2024-11-23T11:22:46.846+0000] {logging_mixin.py:190} INFO - [2024-11-23T11:22:46.845+0000] {override.py:1911} INFO - Created Permission View: can delete on DAG Run:example_setup_teardown_taskflow
[2024-11-23T11:22:46.859+0000] {logging_mixin.py:190} INFO - [2024-11-23T11:22:46.858+0000] {override.py:1911} INFO - Created Permission View: can create on DAG Run:example_setup_teardown_taskflow
[2024-11-23T11:22:46.876+0000] {logging_mixin.py:190} INFO - [2024-11-23T11:22:46.876+0000] {override.py:1911} INFO - Created Permission View: can read on DAG Run:example_setup_teardown_taskflow
[2024-11-23T11:22:46.890+0000] {logging_mixin.py:190} INFO - [2024-11-23T11:22:46.889+0000] {override.py:1911} INFO - Created Permission View: menu access on DAG Run:example_setup_teardown_taskflow
[2024-11-23T11:22:46.890+0000] {logging_mixin.py:190} INFO - [2024-11-23T11:22:46.890+0000] {dag.py:3239} INFO - Sync 1 DAGs
[2024-11-23T11:22:46.906+0000] {logging_mixin.py:190} INFO - [2024-11-23T11:22:46.906+0000] {dag.py:3262} INFO - Creating ORM DAG for example_setup_teardown_taskflow
[2024-11-23T11:22:46.907+0000] {logging_mixin.py:190} INFO - [2024-11-23T11:22:46.907+0000] {dag.py:4180} INFO - Setting next_dagrun for example_setup_teardown_taskflow to None, run_after=None
[2024-11-23T11:22:46.935+0000] {processor.py:208} INFO - Processing /home/airflow/.local/lib/python3.12/site-packages/airflow/example_dags/example_setup_teardown_taskflow.py took 0.268 seconds
[2024-11-23T11:23:17.393+0000] {processor.py:186} INFO - Started process (PID=152) to work on /home/airflow/.local/lib/python3.12/site-packages/airflow/example_dags/example_setup_teardown_taskflow.py
[2024-11-23T11:23:17.394+0000] {processor.py:914} INFO - Processing file /home/airflow/.local/lib/python3.12/site-packages/airflow/example_dags/example_setup_teardown_taskflow.py for tasks to queue
[2024-11-23T11:23:17.396+0000] {logging_mixin.py:190} INFO - [2024-11-23T11:23:17.396+0000] {dagbag.py:588} INFO - Filling up the DagBag from /home/airflow/.local/lib/python3.12/site-packages/airflow/example_dags/example_setup_teardown_taskflow.py
[2024-11-23T11:23:17.410+0000] {processor.py:925} INFO - DAG(s) 'example_setup_teardown_taskflow' retrieved from /home/airflow/.local/lib/python3.12/site-packages/airflow/example_dags/example_setup_teardown_taskflow.py
[2024-11-23T11:23:17.439+0000] {logging_mixin.py:190} INFO - [2024-11-23T11:23:17.438+0000] {dag.py:3239} INFO - Sync 1 DAGs
[2024-11-23T11:23:17.460+0000] {logging_mixin.py:190} INFO - [2024-11-23T11:23:17.459+0000] {dag.py:4180} INFO - Setting next_dagrun for example_setup_teardown_taskflow to None, run_after=None
[2024-11-23T11:23:17.487+0000] {processor.py:208} INFO - Processing /home/airflow/.local/lib/python3.12/site-packages/airflow/example_dags/example_setup_teardown_taskflow.py took 0.100 seconds
