[2024-11-23T11:22:53.059+0000] {processor.py:186} INFO - Started process (PID=112) to work on /home/airflow/.local/lib/python3.12/site-packages/airflow/example_dags/example_nested_branch_dag.py
[2024-11-23T11:22:53.060+0000] {processor.py:914} INFO - Processing file /home/airflow/.local/lib/python3.12/site-packages/airflow/example_dags/example_nested_branch_dag.py for tasks to queue
[2024-11-23T11:22:53.062+0000] {logging_mixin.py:190} INFO - [2024-11-23T11:22:53.061+0000] {dagbag.py:588} INFO - Filling up the DagBag from /home/airflow/.local/lib/python3.12/site-packages/airflow/example_dags/example_nested_branch_dag.py
[2024-11-23T11:22:53.075+0000] {processor.py:925} INFO - DAG(s) 'example_nested_branch_dag' retrieved from /home/airflow/.local/lib/python3.12/site-packages/airflow/example_dags/example_nested_branch_dag.py
[2024-11-23T11:22:53.197+0000] {logging_mixin.py:190} INFO - [2024-11-23T11:22:53.196+0000] {override.py:1911} INFO - Created Permission View: can edit on DAG:example_nested_branch_dag
[2024-11-23T11:22:53.212+0000] {logging_mixin.py:190} INFO - [2024-11-23T11:22:53.212+0000] {override.py:1911} INFO - Created Permission View: can delete on DAG:example_nested_branch_dag
[2024-11-23T11:22:53.224+0000] {logging_mixin.py:190} INFO - [2024-11-23T11:22:53.224+0000] {override.py:1911} INFO - Created Permission View: can read on DAG:example_nested_branch_dag
[2024-11-23T11:22:53.241+0000] {logging_mixin.py:190} INFO - [2024-11-23T11:22:53.240+0000] {override.py:1911} INFO - Created Permission View: can delete on DAG Run:example_nested_branch_dag
[2024-11-23T11:22:53.253+0000] {logging_mixin.py:190} INFO - [2024-11-23T11:22:53.252+0000] {override.py:1911} INFO - Created Permission View: can create on DAG Run:example_nested_branch_dag
[2024-11-23T11:22:53.266+0000] {logging_mixin.py:190} INFO - [2024-11-23T11:22:53.265+0000] {override.py:1911} INFO - Created Permission View: can read on DAG Run:example_nested_branch_dag
[2024-11-23T11:22:53.279+0000] {logging_mixin.py:190} INFO - [2024-11-23T11:22:53.278+0000] {override.py:1911} INFO - Created Permission View: menu access on DAG Run:example_nested_branch_dag
[2024-11-23T11:22:53.280+0000] {logging_mixin.py:190} INFO - [2024-11-23T11:22:53.279+0000] {dag.py:3239} INFO - Sync 1 DAGs
[2024-11-23T11:22:53.295+0000] {logging_mixin.py:190} INFO - [2024-11-23T11:22:53.295+0000] {dag.py:3262} INFO - Creating ORM DAG for example_nested_branch_dag
[2024-11-23T11:22:53.307+0000] {logging_mixin.py:190} INFO - [2024-11-23T11:22:53.306+0000] {dag.py:4180} INFO - Setting next_dagrun for example_nested_branch_dag to 2024-11-22 00:00:00+00:00, run_after=2024-11-23 00:00:00+00:00
[2024-11-23T11:22:53.326+0000] {processor.py:208} INFO - Processing /home/airflow/.local/lib/python3.12/site-packages/airflow/example_dags/example_nested_branch_dag.py took 0.274 seconds
[2024-11-23T11:23:23.618+0000] {processor.py:186} INFO - Started process (PID=175) to work on /home/airflow/.local/lib/python3.12/site-packages/airflow/example_dags/example_nested_branch_dag.py
[2024-11-23T11:23:23.620+0000] {processor.py:914} INFO - Processing file /home/airflow/.local/lib/python3.12/site-packages/airflow/example_dags/example_nested_branch_dag.py for tasks to queue
[2024-11-23T11:23:23.623+0000] {logging_mixin.py:190} INFO - [2024-11-23T11:23:23.622+0000] {dagbag.py:588} INFO - Filling up the DagBag from /home/airflow/.local/lib/python3.12/site-packages/airflow/example_dags/example_nested_branch_dag.py
[2024-11-23T11:23:23.639+0000] {processor.py:925} INFO - DAG(s) 'example_nested_branch_dag' retrieved from /home/airflow/.local/lib/python3.12/site-packages/airflow/example_dags/example_nested_branch_dag.py
[2024-11-23T11:23:23.669+0000] {logging_mixin.py:190} INFO - [2024-11-23T11:23:23.669+0000] {dag.py:3239} INFO - Sync 1 DAGs
[2024-11-23T11:23:23.713+0000] {logging_mixin.py:190} INFO - [2024-11-23T11:23:23.712+0000] {dag.py:4180} INFO - Setting next_dagrun for example_nested_branch_dag to 2024-11-22 00:00:00+00:00, run_after=2024-11-23 00:00:00+00:00
[2024-11-23T11:23:23.747+0000] {processor.py:208} INFO - Processing /home/airflow/.local/lib/python3.12/site-packages/airflow/example_dags/example_nested_branch_dag.py took 0.137 seconds
