[2024-11-23T11:22:44.812+0000] {processor.py:186} INFO - Started process (PID=83) to work on /home/airflow/.local/lib/python3.12/site-packages/airflow/example_dags/example_xcom.py
[2024-11-23T11:22:44.812+0000] {processor.py:914} INFO - Processing file /home/airflow/.local/lib/python3.12/site-packages/airflow/example_dags/example_xcom.py for tasks to queue
[2024-11-23T11:22:44.818+0000] {logging_mixin.py:190} INFO - [2024-11-23T11:22:44.818+0000] {dagbag.py:588} INFO - Filling up the DagBag from /home/airflow/.local/lib/python3.12/site-packages/airflow/example_dags/example_xcom.py
[2024-11-23T11:22:44.826+0000] {processor.py:925} INFO - DAG(s) 'example_xcom' retrieved from /home/airflow/.local/lib/python3.12/site-packages/airflow/example_dags/example_xcom.py
[2024-11-23T11:22:44.946+0000] {logging_mixin.py:190} INFO - [2024-11-23T11:22:44.946+0000] {override.py:1911} INFO - Created Permission View: can edit on DAG:example_xcom
[2024-11-23T11:22:44.961+0000] {logging_mixin.py:190} INFO - [2024-11-23T11:22:44.960+0000] {override.py:1911} INFO - Created Permission View: can delete on DAG:example_xcom
[2024-11-23T11:22:44.984+0000] {logging_mixin.py:190} INFO - [2024-11-23T11:22:44.984+0000] {override.py:1911} INFO - Created Permission View: can read on DAG:example_xcom
[2024-11-23T11:22:45.008+0000] {logging_mixin.py:190} INFO - [2024-11-23T11:22:45.007+0000] {override.py:1911} INFO - Created Permission View: can delete on DAG Run:example_xcom
[2024-11-23T11:22:45.019+0000] {logging_mixin.py:190} INFO - [2024-11-23T11:22:45.019+0000] {override.py:1911} INFO - Created Permission View: can create on DAG Run:example_xcom
[2024-11-23T11:22:45.032+0000] {logging_mixin.py:190} INFO - [2024-11-23T11:22:45.031+0000] {override.py:1911} INFO - Created Permission View: can read on DAG Run:example_xcom
[2024-11-23T11:22:45.044+0000] {logging_mixin.py:190} INFO - [2024-11-23T11:22:45.044+0000] {override.py:1911} INFO - Created Permission View: menu access on DAG Run:example_xcom
[2024-11-23T11:22:45.045+0000] {logging_mixin.py:190} INFO - [2024-11-23T11:22:45.045+0000] {dag.py:3239} INFO - Sync 1 DAGs
[2024-11-23T11:22:45.061+0000] {logging_mixin.py:190} INFO - [2024-11-23T11:22:45.061+0000] {dag.py:3262} INFO - Creating ORM DAG for example_xcom
[2024-11-23T11:22:45.073+0000] {logging_mixin.py:190} INFO - [2024-11-23T11:22:45.072+0000] {dag.py:4180} INFO - Setting next_dagrun for example_xcom to 2021-01-01 00:00:00+00:00, run_after=2021-01-01 00:00:00+00:00
[2024-11-23T11:22:45.096+0000] {processor.py:208} INFO - Processing /home/airflow/.local/lib/python3.12/site-packages/airflow/example_dags/example_xcom.py took 0.290 seconds
[2024-11-23T11:23:15.674+0000] {processor.py:186} INFO - Started process (PID=146) to work on /home/airflow/.local/lib/python3.12/site-packages/airflow/example_dags/example_xcom.py
[2024-11-23T11:23:15.676+0000] {processor.py:914} INFO - Processing file /home/airflow/.local/lib/python3.12/site-packages/airflow/example_dags/example_xcom.py for tasks to queue
[2024-11-23T11:23:15.679+0000] {logging_mixin.py:190} INFO - [2024-11-23T11:23:15.678+0000] {dagbag.py:588} INFO - Filling up the DagBag from /home/airflow/.local/lib/python3.12/site-packages/airflow/example_dags/example_xcom.py
[2024-11-23T11:23:15.688+0000] {processor.py:925} INFO - DAG(s) 'example_xcom' retrieved from /home/airflow/.local/lib/python3.12/site-packages/airflow/example_dags/example_xcom.py
[2024-11-23T11:23:15.716+0000] {logging_mixin.py:190} INFO - [2024-11-23T11:23:15.716+0000] {dag.py:3239} INFO - Sync 1 DAGs
[2024-11-23T11:23:15.765+0000] {logging_mixin.py:190} INFO - [2024-11-23T11:23:15.764+0000] {dag.py:4180} INFO - Setting next_dagrun for example_xcom to 2021-01-01 00:00:00+00:00, run_after=2021-01-01 00:00:00+00:00
[2024-11-23T11:23:15.792+0000] {processor.py:208} INFO - Processing /home/airflow/.local/lib/python3.12/site-packages/airflow/example_dags/example_xcom.py took 0.126 seconds
