[2024-11-23T11:22:41.428+0000] {processor.py:186} INFO - Started process (PID=75) to work on /home/airflow/.local/lib/python3.12/site-packages/airflow/example_dags/example_xcomargs.py
[2024-11-23T11:22:41.429+0000] {processor.py:914} INFO - Processing file /home/airflow/.local/lib/python3.12/site-packages/airflow/example_dags/example_xcomargs.py for tasks to queue
[2024-11-23T11:22:41.432+0000] {logging_mixin.py:190} INFO - [2024-11-23T11:22:41.431+0000] {dagbag.py:588} INFO - Filling up the DagBag from /home/airflow/.local/lib/python3.12/site-packages/airflow/example_dags/example_xcomargs.py
[2024-11-23T11:22:41.444+0000] {processor.py:925} INFO - DAG(s) 'example_xcom_args_with_operators', 'example_xcom_args' retrieved from /home/airflow/.local/lib/python3.12/site-packages/airflow/example_dags/example_xcomargs.py
[2024-11-23T11:22:41.580+0000] {logging_mixin.py:190} INFO - [2024-11-23T11:22:41.579+0000] {override.py:1911} INFO - Created Permission View: can edit on DAG:example_xcom_args_with_operators
[2024-11-23T11:22:41.596+0000] {logging_mixin.py:190} INFO - [2024-11-23T11:22:41.595+0000] {override.py:1911} INFO - Created Permission View: can delete on DAG:example_xcom_args_with_operators
[2024-11-23T11:22:41.610+0000] {logging_mixin.py:190} INFO - [2024-11-23T11:22:41.610+0000] {override.py:1911} INFO - Created Permission View: can read on DAG:example_xcom_args_with_operators
[2024-11-23T11:22:41.627+0000] {logging_mixin.py:190} INFO - [2024-11-23T11:22:41.627+0000] {override.py:1911} INFO - Created Permission View: can delete on DAG Run:example_xcom_args_with_operators
[2024-11-23T11:22:41.642+0000] {logging_mixin.py:190} INFO - [2024-11-23T11:22:41.641+0000] {override.py:1911} INFO - Created Permission View: can create on DAG Run:example_xcom_args_with_operators
[2024-11-23T11:22:41.660+0000] {logging_mixin.py:190} INFO - [2024-11-23T11:22:41.659+0000] {override.py:1911} INFO - Created Permission View: can read on DAG Run:example_xcom_args_with_operators
[2024-11-23T11:22:41.676+0000] {logging_mixin.py:190} INFO - [2024-11-23T11:22:41.675+0000] {override.py:1911} INFO - Created Permission View: menu access on DAG Run:example_xcom_args_with_operators
[2024-11-23T11:22:41.697+0000] {logging_mixin.py:190} INFO - [2024-11-23T11:22:41.697+0000] {override.py:1911} INFO - Created Permission View: can edit on DAG:example_xcom_args
[2024-11-23T11:22:41.708+0000] {logging_mixin.py:190} INFO - [2024-11-23T11:22:41.707+0000] {override.py:1911} INFO - Created Permission View: can delete on DAG:example_xcom_args
[2024-11-23T11:22:41.722+0000] {logging_mixin.py:190} INFO - [2024-11-23T11:22:41.722+0000] {override.py:1911} INFO - Created Permission View: can read on DAG:example_xcom_args
[2024-11-23T11:22:41.737+0000] {logging_mixin.py:190} INFO - [2024-11-23T11:22:41.737+0000] {override.py:1911} INFO - Created Permission View: can delete on DAG Run:example_xcom_args
[2024-11-23T11:22:41.762+0000] {logging_mixin.py:190} INFO - [2024-11-23T11:22:41.761+0000] {override.py:1911} INFO - Created Permission View: can create on DAG Run:example_xcom_args
[2024-11-23T11:22:41.773+0000] {logging_mixin.py:190} INFO - [2024-11-23T11:22:41.772+0000] {override.py:1911} INFO - Created Permission View: can read on DAG Run:example_xcom_args
[2024-11-23T11:22:41.786+0000] {logging_mixin.py:190} INFO - [2024-11-23T11:22:41.785+0000] {override.py:1911} INFO - Created Permission View: menu access on DAG Run:example_xcom_args
[2024-11-23T11:22:41.786+0000] {logging_mixin.py:190} INFO - [2024-11-23T11:22:41.786+0000] {dag.py:3239} INFO - Sync 2 DAGs
[2024-11-23T11:22:41.800+0000] {logging_mixin.py:190} INFO - [2024-11-23T11:22:41.799+0000] {dag.py:3262} INFO - Creating ORM DAG for example_xcom_args_with_operators
[2024-11-23T11:22:41.800+0000] {logging_mixin.py:190} INFO - [2024-11-23T11:22:41.800+0000] {dag.py:3262} INFO - Creating ORM DAG for example_xcom_args
[2024-11-23T11:22:41.801+0000] {logging_mixin.py:190} INFO - [2024-11-23T11:22:41.800+0000] {dag.py:4180} INFO - Setting next_dagrun for example_xcom_args to None, run_after=None
[2024-11-23T11:22:41.801+0000] {logging_mixin.py:190} INFO - [2024-11-23T11:22:41.801+0000] {dag.py:4180} INFO - Setting next_dagrun for example_xcom_args_with_operators to None, run_after=None
[2024-11-23T11:22:41.827+0000] {processor.py:208} INFO - Processing /home/airflow/.local/lib/python3.12/site-packages/airflow/example_dags/example_xcomargs.py took 0.406 seconds
[2024-11-23T11:23:12.311+0000] {processor.py:186} INFO - Started process (PID=138) to work on /home/airflow/.local/lib/python3.12/site-packages/airflow/example_dags/example_xcomargs.py
[2024-11-23T11:23:12.313+0000] {processor.py:914} INFO - Processing file /home/airflow/.local/lib/python3.12/site-packages/airflow/example_dags/example_xcomargs.py for tasks to queue
[2024-11-23T11:23:12.315+0000] {logging_mixin.py:190} INFO - [2024-11-23T11:23:12.314+0000] {dagbag.py:588} INFO - Filling up the DagBag from /home/airflow/.local/lib/python3.12/site-packages/airflow/example_dags/example_xcomargs.py
[2024-11-23T11:23:12.327+0000] {processor.py:925} INFO - DAG(s) 'example_xcom_args', 'example_xcom_args_with_operators' retrieved from /home/airflow/.local/lib/python3.12/site-packages/airflow/example_dags/example_xcomargs.py
[2024-11-23T11:23:12.356+0000] {logging_mixin.py:190} INFO - [2024-11-23T11:23:12.356+0000] {dag.py:3239} INFO - Sync 2 DAGs
[2024-11-23T11:23:12.375+0000] {logging_mixin.py:190} INFO - [2024-11-23T11:23:12.375+0000] {dag.py:4180} INFO - Setting next_dagrun for example_xcom_args to None, run_after=None
[2024-11-23T11:23:12.380+0000] {logging_mixin.py:190} INFO - [2024-11-23T11:23:12.379+0000] {dag.py:4180} INFO - Setting next_dagrun for example_xcom_args_with_operators to None, run_after=None
[2024-11-23T11:23:12.402+0000] {processor.py:208} INFO - Processing /home/airflow/.local/lib/python3.12/site-packages/airflow/example_dags/example_xcomargs.py took 0.097 seconds
