[2024-11-23T11:22:47.290+0000] {processor.py:186} INFO - Started process (PID=92) to work on /home/airflow/.local/lib/python3.12/site-packages/airflow/example_dags/example_trigger_controller_dag.py
[2024-11-23T11:22:47.291+0000] {processor.py:914} INFO - Processing file /home/airflow/.local/lib/python3.12/site-packages/airflow/example_dags/example_trigger_controller_dag.py for tasks to queue
[2024-11-23T11:22:47.293+0000] {logging_mixin.py:190} INFO - [2024-11-23T11:22:47.293+0000] {dagbag.py:588} INFO - Filling up the DagBag from /home/airflow/.local/lib/python3.12/site-packages/airflow/example_dags/example_trigger_controller_dag.py
[2024-11-23T11:22:47.302+0000] {processor.py:925} INFO - DAG(s) 'example_trigger_controller_dag' retrieved from /home/airflow/.local/lib/python3.12/site-packages/airflow/example_dags/example_trigger_controller_dag.py
[2024-11-23T11:22:47.422+0000] {logging_mixin.py:190} INFO - [2024-11-23T11:22:47.422+0000] {override.py:1911} INFO - Created Permission View: can edit on DAG:example_trigger_controller_dag
[2024-11-23T11:22:47.437+0000] {logging_mixin.py:190} INFO - [2024-11-23T11:22:47.436+0000] {override.py:1911} INFO - Created Permission View: can delete on DAG:example_trigger_controller_dag
[2024-11-23T11:22:47.448+0000] {logging_mixin.py:190} INFO - [2024-11-23T11:22:47.447+0000] {override.py:1911} INFO - Created Permission View: can read on DAG:example_trigger_controller_dag
[2024-11-23T11:22:47.469+0000] {logging_mixin.py:190} INFO - [2024-11-23T11:22:47.468+0000] {override.py:1911} INFO - Created Permission View: can delete on DAG Run:example_trigger_controller_dag
[2024-11-23T11:22:47.482+0000] {logging_mixin.py:190} INFO - [2024-11-23T11:22:47.481+0000] {override.py:1911} INFO - Created Permission View: can create on DAG Run:example_trigger_controller_dag
[2024-11-23T11:22:47.492+0000] {logging_mixin.py:190} INFO - [2024-11-23T11:22:47.492+0000] {override.py:1911} INFO - Created Permission View: can read on DAG Run:example_trigger_controller_dag
[2024-11-23T11:22:47.506+0000] {logging_mixin.py:190} INFO - [2024-11-23T11:22:47.506+0000] {override.py:1911} INFO - Created Permission View: menu access on DAG Run:example_trigger_controller_dag
[2024-11-23T11:22:47.507+0000] {logging_mixin.py:190} INFO - [2024-11-23T11:22:47.506+0000] {dag.py:3239} INFO - Sync 1 DAGs
[2024-11-23T11:22:47.520+0000] {logging_mixin.py:190} INFO - [2024-11-23T11:22:47.520+0000] {dag.py:3262} INFO - Creating ORM DAG for example_trigger_controller_dag
[2024-11-23T11:22:47.530+0000] {logging_mixin.py:190} INFO - [2024-11-23T11:22:47.530+0000] {dag.py:4180} INFO - Setting next_dagrun for example_trigger_controller_dag to 2021-01-01 00:00:00+00:00, run_after=2021-01-01 00:00:00+00:00
[2024-11-23T11:22:47.556+0000] {processor.py:208} INFO - Processing /home/airflow/.local/lib/python3.12/site-packages/airflow/example_dags/example_trigger_controller_dag.py took 0.274 seconds
[2024-11-23T11:23:18.535+0000] {processor.py:186} INFO - Started process (PID=155) to work on /home/airflow/.local/lib/python3.12/site-packages/airflow/example_dags/example_trigger_controller_dag.py
[2024-11-23T11:23:18.536+0000] {processor.py:914} INFO - Processing file /home/airflow/.local/lib/python3.12/site-packages/airflow/example_dags/example_trigger_controller_dag.py for tasks to queue
[2024-11-23T11:23:18.538+0000] {logging_mixin.py:190} INFO - [2024-11-23T11:23:18.538+0000] {dagbag.py:588} INFO - Filling up the DagBag from /home/airflow/.local/lib/python3.12/site-packages/airflow/example_dags/example_trigger_controller_dag.py
[2024-11-23T11:23:18.544+0000] {processor.py:925} INFO - DAG(s) 'example_trigger_controller_dag' retrieved from /home/airflow/.local/lib/python3.12/site-packages/airflow/example_dags/example_trigger_controller_dag.py
[2024-11-23T11:23:18.566+0000] {logging_mixin.py:190} INFO - [2024-11-23T11:23:18.566+0000] {dag.py:3239} INFO - Sync 1 DAGs
[2024-11-23T11:23:18.590+0000] {logging_mixin.py:190} INFO - [2024-11-23T11:23:18.590+0000] {dag.py:4180} INFO - Setting next_dagrun for example_trigger_controller_dag to 2021-01-01 00:00:00+00:00, run_after=2021-01-01 00:00:00+00:00
[2024-11-23T11:23:18.613+0000] {processor.py:208} INFO - Processing /home/airflow/.local/lib/python3.12/site-packages/airflow/example_dags/example_trigger_controller_dag.py took 0.084 seconds
