[2024-11-23T11:22:39.644+0000] {processor.py:186} INFO - Started process (PID=65) to work on /home/airflow/.local/lib/python3.12/site-packages/airflow/example_dags/example_workday_timetable.py
[2024-11-23T11:22:39.645+0000] {processor.py:914} INFO - Processing file /home/airflow/.local/lib/python3.12/site-packages/airflow/example_dags/example_workday_timetable.py for tasks to queue
[2024-11-23T11:22:39.648+0000] {logging_mixin.py:190} INFO - [2024-11-23T11:22:39.647+0000] {dagbag.py:588} INFO - Filling up the DagBag from /home/airflow/.local/lib/python3.12/site-packages/airflow/example_dags/example_workday_timetable.py
[2024-11-23T11:22:39.665+0000] {processor.py:925} INFO - DAG(s) 'example_workday_timetable' retrieved from /home/airflow/.local/lib/python3.12/site-packages/airflow/example_dags/example_workday_timetable.py
[2024-11-23T11:22:39.965+0000] {logging_mixin.py:190} INFO - [2024-11-23T11:22:39.965+0000] {override.py:1911} INFO - Created Permission View: can edit on DAG:example_workday_timetable
[2024-11-23T11:22:39.980+0000] {logging_mixin.py:190} INFO - [2024-11-23T11:22:39.979+0000] {override.py:1911} INFO - Created Permission View: can delete on DAG:example_workday_timetable
[2024-11-23T11:22:39.991+0000] {logging_mixin.py:190} INFO - [2024-11-23T11:22:39.990+0000] {override.py:1911} INFO - Created Permission View: can read on DAG:example_workday_timetable
[2024-11-23T11:22:40.006+0000] {logging_mixin.py:190} INFO - [2024-11-23T11:22:40.006+0000] {override.py:1911} INFO - Created Permission View: can delete on DAG Run:example_workday_timetable
[2024-11-23T11:22:40.016+0000] {logging_mixin.py:190} INFO - [2024-11-23T11:22:40.016+0000] {override.py:1911} INFO - Created Permission View: can create on DAG Run:example_workday_timetable
[2024-11-23T11:22:40.026+0000] {logging_mixin.py:190} INFO - [2024-11-23T11:22:40.026+0000] {override.py:1911} INFO - Created Permission View: can read on DAG Run:example_workday_timetable
[2024-11-23T11:22:40.038+0000] {logging_mixin.py:190} INFO - [2024-11-23T11:22:40.037+0000] {override.py:1911} INFO - Created Permission View: menu access on DAG Run:example_workday_timetable
[2024-11-23T11:22:40.038+0000] {logging_mixin.py:190} INFO - [2024-11-23T11:22:40.038+0000] {dag.py:3239} INFO - Sync 1 DAGs
[2024-11-23T11:22:40.067+0000] {logging_mixin.py:190} INFO - [2024-11-23T11:22:40.064+0000] {dag.py:3262} INFO - Creating ORM DAG for example_workday_timetable
[2024-11-23T11:22:40.135+0000] {logging_mixin.py:190} INFO - [2024-11-23T11:22:40.135+0000] {dag.py:4180} INFO - Setting next_dagrun for example_workday_timetable to 2021-01-04 00:00:00+00:00, run_after=2021-01-05 00:00:00+00:00
[2024-11-23T11:22:40.161+0000] {processor.py:208} INFO - Processing /home/airflow/.local/lib/python3.12/site-packages/airflow/example_dags/example_workday_timetable.py took 0.524 seconds
[2024-11-23T11:23:11.028+0000] {processor.py:186} INFO - Started process (PID=128) to work on /home/airflow/.local/lib/python3.12/site-packages/airflow/example_dags/example_workday_timetable.py
[2024-11-23T11:23:11.105+0000] {processor.py:914} INFO - Processing file /home/airflow/.local/lib/python3.12/site-packages/airflow/example_dags/example_workday_timetable.py for tasks to queue
[2024-11-23T11:23:11.107+0000] {logging_mixin.py:190} INFO - [2024-11-23T11:23:11.107+0000] {dagbag.py:588} INFO - Filling up the DagBag from /home/airflow/.local/lib/python3.12/site-packages/airflow/example_dags/example_workday_timetable.py
[2024-11-23T11:23:11.113+0000] {processor.py:925} INFO - DAG(s) 'example_workday_timetable' retrieved from /home/airflow/.local/lib/python3.12/site-packages/airflow/example_dags/example_workday_timetable.py
[2024-11-23T11:23:11.136+0000] {logging_mixin.py:190} INFO - [2024-11-23T11:23:11.136+0000] {dag.py:3239} INFO - Sync 1 DAGs
[2024-11-23T11:23:11.199+0000] {logging_mixin.py:190} INFO - [2024-11-23T11:23:11.199+0000] {dag.py:4180} INFO - Setting next_dagrun for example_workday_timetable to 2021-01-04 00:00:00+00:00, run_after=2021-01-05 00:00:00+00:00
[2024-11-23T11:23:11.418+0000] {processor.py:208} INFO - Processing /home/airflow/.local/lib/python3.12/site-packages/airflow/example_dags/example_workday_timetable.py took 0.397 seconds
