[2024-11-23T11:22:44.703+0000] {processor.py:186} INFO - Started process (PID=82) to work on /home/airflow/.local/lib/python3.12/site-packages/airflow/example_dags/example_local_kubernetes_executor.py
[2024-11-23T11:22:44.704+0000] {processor.py:914} INFO - Processing file /home/airflow/.local/lib/python3.12/site-packages/airflow/example_dags/example_local_kubernetes_executor.py for tasks to queue
[2024-11-23T11:22:44.706+0000] {logging_mixin.py:190} INFO - [2024-11-23T11:22:44.706+0000] {dagbag.py:588} INFO - Filling up the DagBag from /home/airflow/.local/lib/python3.12/site-packages/airflow/example_dags/example_local_kubernetes_executor.py
[2024-11-23T11:22:44.722+0000] {processor.py:925} INFO - DAG(s) 'example_local_kubernetes_executor' retrieved from /home/airflow/.local/lib/python3.12/site-packages/airflow/example_dags/example_local_kubernetes_executor.py
[2024-11-23T11:22:44.873+0000] {logging_mixin.py:190} INFO - [2024-11-23T11:22:44.872+0000] {override.py:1911} INFO - Created Permission View: can edit on DAG:example_local_kubernetes_executor
[2024-11-23T11:22:44.888+0000] {logging_mixin.py:190} INFO - [2024-11-23T11:22:44.888+0000] {override.py:1911} INFO - Created Permission View: can delete on DAG:example_local_kubernetes_executor
[2024-11-23T11:22:44.899+0000] {logging_mixin.py:190} INFO - [2024-11-23T11:22:44.899+0000] {override.py:1911} INFO - Created Permission View: can read on DAG:example_local_kubernetes_executor
[2024-11-23T11:22:44.916+0000] {logging_mixin.py:190} INFO - [2024-11-23T11:22:44.916+0000] {override.py:1911} INFO - Created Permission View: can delete on DAG Run:example_local_kubernetes_executor
[2024-11-23T11:22:44.930+0000] {logging_mixin.py:190} INFO - [2024-11-23T11:22:44.930+0000] {override.py:1911} INFO - Created Permission View: can create on DAG Run:example_local_kubernetes_executor
[2024-11-23T11:22:44.942+0000] {logging_mixin.py:190} INFO - [2024-11-23T11:22:44.942+0000] {override.py:1911} INFO - Created Permission View: can read on DAG Run:example_local_kubernetes_executor
[2024-11-23T11:22:44.954+0000] {logging_mixin.py:190} INFO - [2024-11-23T11:22:44.954+0000] {override.py:1911} INFO - Created Permission View: menu access on DAG Run:example_local_kubernetes_executor
[2024-11-23T11:22:44.955+0000] {logging_mixin.py:190} INFO - [2024-11-23T11:22:44.955+0000] {dag.py:3239} INFO - Sync 1 DAGs
[2024-11-23T11:22:44.980+0000] {logging_mixin.py:190} INFO - [2024-11-23T11:22:44.980+0000] {dag.py:3262} INFO - Creating ORM DAG for example_local_kubernetes_executor
[2024-11-23T11:22:44.981+0000] {logging_mixin.py:190} INFO - [2024-11-23T11:22:44.981+0000] {dag.py:4180} INFO - Setting next_dagrun for example_local_kubernetes_executor to None, run_after=None
[2024-11-23T11:22:45.013+0000] {processor.py:208} INFO - Processing /home/airflow/.local/lib/python3.12/site-packages/airflow/example_dags/example_local_kubernetes_executor.py took 0.318 seconds
[2024-11-23T11:23:15.548+0000] {processor.py:186} INFO - Started process (PID=145) to work on /home/airflow/.local/lib/python3.12/site-packages/airflow/example_dags/example_local_kubernetes_executor.py
[2024-11-23T11:23:15.549+0000] {processor.py:914} INFO - Processing file /home/airflow/.local/lib/python3.12/site-packages/airflow/example_dags/example_local_kubernetes_executor.py for tasks to queue
[2024-11-23T11:23:15.553+0000] {logging_mixin.py:190} INFO - [2024-11-23T11:23:15.552+0000] {dagbag.py:588} INFO - Filling up the DagBag from /home/airflow/.local/lib/python3.12/site-packages/airflow/example_dags/example_local_kubernetes_executor.py
[2024-11-23T11:23:15.565+0000] {processor.py:925} INFO - DAG(s) 'example_local_kubernetes_executor' retrieved from /home/airflow/.local/lib/python3.12/site-packages/airflow/example_dags/example_local_kubernetes_executor.py
[2024-11-23T11:23:15.600+0000] {logging_mixin.py:190} INFO - [2024-11-23T11:23:15.600+0000] {dag.py:3239} INFO - Sync 1 DAGs
[2024-11-23T11:23:15.615+0000] {logging_mixin.py:190} INFO - [2024-11-23T11:23:15.615+0000] {dag.py:4180} INFO - Setting next_dagrun for example_local_kubernetes_executor to None, run_after=None
[2024-11-23T11:23:15.642+0000] {processor.py:208} INFO - Processing /home/airflow/.local/lib/python3.12/site-packages/airflow/example_dags/example_local_kubernetes_executor.py took 0.102 seconds
