[2024-11-23T11:22:53.356+0000] {processor.py:186} INFO - Started process (PID=114) to work on /home/airflow/.local/lib/python3.12/site-packages/airflow/example_dags/example_branch_datetime_operator.py
[2024-11-23T11:22:53.357+0000] {processor.py:914} INFO - Processing file /home/airflow/.local/lib/python3.12/site-packages/airflow/example_dags/example_branch_datetime_operator.py for tasks to queue
[2024-11-23T11:22:53.359+0000] {logging_mixin.py:190} INFO - [2024-11-23T11:22:53.359+0000] {dagbag.py:588} INFO - Filling up the DagBag from /home/airflow/.local/lib/python3.12/site-packages/airflow/example_dags/example_branch_datetime_operator.py
[2024-11-23T11:22:53.375+0000] {processor.py:925} INFO - DAG(s) 'example_branch_datetime_operator', 'example_branch_datetime_operator_3', 'example_branch_datetime_operator_2' retrieved from /home/airflow/.local/lib/python3.12/site-packages/airflow/example_dags/example_branch_datetime_operator.py
[2024-11-23T11:22:53.481+0000] {logging_mixin.py:190} INFO - [2024-11-23T11:22:53.480+0000] {override.py:1911} INFO - Created Permission View: can edit on DAG:example_branch_datetime_operator
[2024-11-23T11:22:53.493+0000] {logging_mixin.py:190} INFO - [2024-11-23T11:22:53.493+0000] {override.py:1911} INFO - Created Permission View: can delete on DAG:example_branch_datetime_operator
[2024-11-23T11:22:53.502+0000] {logging_mixin.py:190} INFO - [2024-11-23T11:22:53.501+0000] {override.py:1911} INFO - Created Permission View: can read on DAG:example_branch_datetime_operator
[2024-11-23T11:22:53.516+0000] {logging_mixin.py:190} INFO - [2024-11-23T11:22:53.516+0000] {override.py:1911} INFO - Created Permission View: can delete on DAG Run:example_branch_datetime_operator
[2024-11-23T11:22:53.526+0000] {logging_mixin.py:190} INFO - [2024-11-23T11:22:53.526+0000] {override.py:1911} INFO - Created Permission View: can create on DAG Run:example_branch_datetime_operator
[2024-11-23T11:22:53.538+0000] {logging_mixin.py:190} INFO - [2024-11-23T11:22:53.538+0000] {override.py:1911} INFO - Created Permission View: can read on DAG Run:example_branch_datetime_operator
[2024-11-23T11:22:53.548+0000] {logging_mixin.py:190} INFO - [2024-11-23T11:22:53.548+0000] {override.py:1911} INFO - Created Permission View: menu access on DAG Run:example_branch_datetime_operator
[2024-11-23T11:22:53.571+0000] {logging_mixin.py:190} INFO - [2024-11-23T11:22:53.571+0000] {override.py:1911} INFO - Created Permission View: can edit on DAG:example_branch_datetime_operator_3
[2024-11-23T11:22:53.582+0000] {logging_mixin.py:190} INFO - [2024-11-23T11:22:53.581+0000] {override.py:1911} INFO - Created Permission View: can delete on DAG:example_branch_datetime_operator_3
[2024-11-23T11:22:53.593+0000] {logging_mixin.py:190} INFO - [2024-11-23T11:22:53.592+0000] {override.py:1911} INFO - Created Permission View: can read on DAG:example_branch_datetime_operator_3
[2024-11-23T11:22:53.612+0000] {logging_mixin.py:190} INFO - [2024-11-23T11:22:53.612+0000] {override.py:1911} INFO - Created Permission View: can delete on DAG Run:example_branch_datetime_operator_3
[2024-11-23T11:22:53.625+0000] {logging_mixin.py:190} INFO - [2024-11-23T11:22:53.624+0000] {override.py:1911} INFO - Created Permission View: can create on DAG Run:example_branch_datetime_operator_3
[2024-11-23T11:22:53.639+0000] {logging_mixin.py:190} INFO - [2024-11-23T11:22:53.639+0000] {override.py:1911} INFO - Created Permission View: can read on DAG Run:example_branch_datetime_operator_3
[2024-11-23T11:22:53.652+0000] {logging_mixin.py:190} INFO - [2024-11-23T11:22:53.651+0000] {override.py:1911} INFO - Created Permission View: menu access on DAG Run:example_branch_datetime_operator_3
[2024-11-23T11:22:53.676+0000] {logging_mixin.py:190} INFO - [2024-11-23T11:22:53.675+0000] {override.py:1911} INFO - Created Permission View: can edit on DAG:example_branch_datetime_operator_2
[2024-11-23T11:22:53.689+0000] {logging_mixin.py:190} INFO - [2024-11-23T11:22:53.689+0000] {override.py:1911} INFO - Created Permission View: can delete on DAG:example_branch_datetime_operator_2
[2024-11-23T11:22:53.704+0000] {logging_mixin.py:190} INFO - [2024-11-23T11:22:53.703+0000] {override.py:1911} INFO - Created Permission View: can read on DAG:example_branch_datetime_operator_2
[2024-11-23T11:22:53.723+0000] {logging_mixin.py:190} INFO - [2024-11-23T11:22:53.722+0000] {override.py:1911} INFO - Created Permission View: can delete on DAG Run:example_branch_datetime_operator_2
[2024-11-23T11:22:53.734+0000] {logging_mixin.py:190} INFO - [2024-11-23T11:22:53.733+0000] {override.py:1911} INFO - Created Permission View: can create on DAG Run:example_branch_datetime_operator_2
[2024-11-23T11:22:53.745+0000] {logging_mixin.py:190} INFO - [2024-11-23T11:22:53.745+0000] {override.py:1911} INFO - Created Permission View: can read on DAG Run:example_branch_datetime_operator_2
[2024-11-23T11:22:53.759+0000] {logging_mixin.py:190} INFO - [2024-11-23T11:22:53.758+0000] {override.py:1911} INFO - Created Permission View: menu access on DAG Run:example_branch_datetime_operator_2
[2024-11-23T11:22:53.759+0000] {logging_mixin.py:190} INFO - [2024-11-23T11:22:53.759+0000] {dag.py:3239} INFO - Sync 3 DAGs
[2024-11-23T11:22:53.773+0000] {logging_mixin.py:190} INFO - [2024-11-23T11:22:53.773+0000] {dag.py:3262} INFO - Creating ORM DAG for example_branch_datetime_operator
[2024-11-23T11:22:53.774+0000] {logging_mixin.py:190} INFO - [2024-11-23T11:22:53.774+0000] {dag.py:3262} INFO - Creating ORM DAG for example_branch_datetime_operator_2
[2024-11-23T11:22:53.774+0000] {logging_mixin.py:190} INFO - [2024-11-23T11:22:53.774+0000] {dag.py:3262} INFO - Creating ORM DAG for example_branch_datetime_operator_3
[2024-11-23T11:22:53.785+0000] {logging_mixin.py:190} INFO - [2024-11-23T11:22:53.785+0000] {dag.py:4180} INFO - Setting next_dagrun for example_branch_datetime_operator to 2024-11-22 00:00:00+00:00, run_after=2024-11-23 00:00:00+00:00
[2024-11-23T11:22:53.787+0000] {logging_mixin.py:190} INFO - [2024-11-23T11:22:53.786+0000] {dag.py:4180} INFO - Setting next_dagrun for example_branch_datetime_operator_2 to 2024-11-22 00:00:00+00:00, run_after=2024-11-23 00:00:00+00:00
[2024-11-23T11:22:53.788+0000] {logging_mixin.py:190} INFO - [2024-11-23T11:22:53.788+0000] {dag.py:4180} INFO - Setting next_dagrun for example_branch_datetime_operator_3 to 2024-11-22 00:00:00+00:00, run_after=2024-11-23 00:00:00+00:00
[2024-11-23T11:22:53.815+0000] {processor.py:208} INFO - Processing /home/airflow/.local/lib/python3.12/site-packages/airflow/example_dags/example_branch_datetime_operator.py took 0.466 seconds
