[2024-11-23T11:22:48.371+0000] {processor.py:186} INFO - Started process (PID=95) to work on /home/airflow/.local/lib/python3.12/site-packages/airflow/example_dags/example_task_group.py
[2024-11-23T11:22:48.372+0000] {processor.py:914} INFO - Processing file /home/airflow/.local/lib/python3.12/site-packages/airflow/example_dags/example_task_group.py for tasks to queue
[2024-11-23T11:22:48.375+0000] {logging_mixin.py:190} INFO - [2024-11-23T11:22:48.374+0000] {dagbag.py:588} INFO - Filling up the DagBag from /home/airflow/.local/lib/python3.12/site-packages/airflow/example_dags/example_task_group.py
[2024-11-23T11:22:48.385+0000] {processor.py:925} INFO - DAG(s) 'example_task_group' retrieved from /home/airflow/.local/lib/python3.12/site-packages/airflow/example_dags/example_task_group.py
[2024-11-23T11:22:50.262+0000] {logging_mixin.py:190} INFO - [2024-11-23T11:22:50.260+0000] {override.py:1911} INFO - Created Permission View: can edit on DAG:example_task_group
[2024-11-23T11:22:50.284+0000] {logging_mixin.py:190} INFO - [2024-11-23T11:22:50.284+0000] {override.py:1911} INFO - Created Permission View: can delete on DAG:example_task_group
[2024-11-23T11:22:50.297+0000] {logging_mixin.py:190} INFO - [2024-11-23T11:22:50.297+0000] {override.py:1911} INFO - Created Permission View: can read on DAG:example_task_group
[2024-11-23T11:22:50.322+0000] {logging_mixin.py:190} INFO - [2024-11-23T11:22:50.321+0000] {override.py:1911} INFO - Created Permission View: can delete on DAG Run:example_task_group
[2024-11-23T11:22:50.338+0000] {logging_mixin.py:190} INFO - [2024-11-23T11:22:50.337+0000] {override.py:1911} INFO - Created Permission View: can create on DAG Run:example_task_group
[2024-11-23T11:22:50.351+0000] {logging_mixin.py:190} INFO - [2024-11-23T11:22:50.351+0000] {override.py:1911} INFO - Created Permission View: can read on DAG Run:example_task_group
[2024-11-23T11:22:50.366+0000] {logging_mixin.py:190} INFO - [2024-11-23T11:22:50.366+0000] {override.py:1911} INFO - Created Permission View: menu access on DAG Run:example_task_group
[2024-11-23T11:22:50.367+0000] {logging_mixin.py:190} INFO - [2024-11-23T11:22:50.366+0000] {dag.py:3239} INFO - Sync 1 DAGs
[2024-11-23T11:22:50.382+0000] {logging_mixin.py:190} INFO - [2024-11-23T11:22:50.381+0000] {dag.py:3262} INFO - Creating ORM DAG for example_task_group
[2024-11-23T11:22:50.383+0000] {logging_mixin.py:190} INFO - [2024-11-23T11:22:50.383+0000] {dag.py:4180} INFO - Setting next_dagrun for example_task_group to None, run_after=None
[2024-11-23T11:22:50.416+0000] {processor.py:208} INFO - Processing /home/airflow/.local/lib/python3.12/site-packages/airflow/example_dags/example_task_group.py took 2.051 seconds
[2024-11-23T11:23:20.769+0000] {processor.py:186} INFO - Started process (PID=158) to work on /home/airflow/.local/lib/python3.12/site-packages/airflow/example_dags/example_task_group.py
[2024-11-23T11:23:20.771+0000] {processor.py:914} INFO - Processing file /home/airflow/.local/lib/python3.12/site-packages/airflow/example_dags/example_task_group.py for tasks to queue
[2024-11-23T11:23:20.772+0000] {logging_mixin.py:190} INFO - [2024-11-23T11:23:20.772+0000] {dagbag.py:588} INFO - Filling up the DagBag from /home/airflow/.local/lib/python3.12/site-packages/airflow/example_dags/example_task_group.py
[2024-11-23T11:23:20.784+0000] {processor.py:925} INFO - DAG(s) 'example_task_group' retrieved from /home/airflow/.local/lib/python3.12/site-packages/airflow/example_dags/example_task_group.py
[2024-11-23T11:23:20.810+0000] {logging_mixin.py:190} INFO - [2024-11-23T11:23:20.810+0000] {dag.py:3239} INFO - Sync 1 DAGs
[2024-11-23T11:23:20.825+0000] {logging_mixin.py:190} INFO - [2024-11-23T11:23:20.825+0000] {dag.py:4180} INFO - Setting next_dagrun for example_task_group to None, run_after=None
[2024-11-23T11:23:20.860+0000] {processor.py:208} INFO - Processing /home/airflow/.local/lib/python3.12/site-packages/airflow/example_dags/example_task_group.py took 0.098 seconds
