[2024-11-23T11:22:52.699+0000] {processor.py:186} INFO - Started process (PID=109) to work on /home/airflow/.local/lib/python3.12/site-packages/airflow/example_dags/example_dynamic_task_mapping.py
[2024-11-23T11:22:52.700+0000] {processor.py:914} INFO - Processing file /home/airflow/.local/lib/python3.12/site-packages/airflow/example_dags/example_dynamic_task_mapping.py for tasks to queue
[2024-11-23T11:22:52.702+0000] {logging_mixin.py:190} INFO - [2024-11-23T11:22:52.702+0000] {dagbag.py:588} INFO - Filling up the DagBag from /home/airflow/.local/lib/python3.12/site-packages/airflow/example_dags/example_dynamic_task_mapping.py
[2024-11-23T11:22:52.711+0000] {processor.py:925} INFO - DAG(s) 'example_dynamic_task_mapping' retrieved from /home/airflow/.local/lib/python3.12/site-packages/airflow/example_dags/example_dynamic_task_mapping.py
[2024-11-23T11:22:52.836+0000] {logging_mixin.py:190} INFO - [2024-11-23T11:22:52.835+0000] {override.py:1911} INFO - Created Permission View: can edit on DAG:example_dynamic_task_mapping
[2024-11-23T11:22:52.850+0000] {logging_mixin.py:190} INFO - [2024-11-23T11:22:52.850+0000] {override.py:1911} INFO - Created Permission View: can delete on DAG:example_dynamic_task_mapping
[2024-11-23T11:22:52.862+0000] {logging_mixin.py:190} INFO - [2024-11-23T11:22:52.861+0000] {override.py:1911} INFO - Created Permission View: can read on DAG:example_dynamic_task_mapping
[2024-11-23T11:22:52.882+0000] {logging_mixin.py:190} INFO - [2024-11-23T11:22:52.882+0000] {override.py:1911} INFO - Created Permission View: can delete on DAG Run:example_dynamic_task_mapping
[2024-11-23T11:22:52.901+0000] {logging_mixin.py:190} INFO - [2024-11-23T11:22:52.901+0000] {override.py:1911} INFO - Created Permission View: can create on DAG Run:example_dynamic_task_mapping
[2024-11-23T11:22:52.914+0000] {logging_mixin.py:190} INFO - [2024-11-23T11:22:52.914+0000] {override.py:1911} INFO - Created Permission View: can read on DAG Run:example_dynamic_task_mapping
[2024-11-23T11:22:52.932+0000] {logging_mixin.py:190} INFO - [2024-11-23T11:22:52.932+0000] {override.py:1911} INFO - Created Permission View: menu access on DAG Run:example_dynamic_task_mapping
[2024-11-23T11:22:52.933+0000] {logging_mixin.py:190} INFO - [2024-11-23T11:22:52.933+0000] {dag.py:3239} INFO - Sync 1 DAGs
[2024-11-23T11:22:52.946+0000] {logging_mixin.py:190} INFO - [2024-11-23T11:22:52.946+0000] {dag.py:3262} INFO - Creating ORM DAG for example_dynamic_task_mapping
[2024-11-23T11:22:52.947+0000] {logging_mixin.py:190} INFO - [2024-11-23T11:22:52.947+0000] {dag.py:4180} INFO - Setting next_dagrun for example_dynamic_task_mapping to None, run_after=None
[2024-11-23T11:22:52.969+0000] {processor.py:208} INFO - Processing /home/airflow/.local/lib/python3.12/site-packages/airflow/example_dags/example_dynamic_task_mapping.py took 0.276 seconds
[2024-11-23T11:23:23.413+0000] {processor.py:186} INFO - Started process (PID=172) to work on /home/airflow/.local/lib/python3.12/site-packages/airflow/example_dags/example_dynamic_task_mapping.py
[2024-11-23T11:23:23.414+0000] {processor.py:914} INFO - Processing file /home/airflow/.local/lib/python3.12/site-packages/airflow/example_dags/example_dynamic_task_mapping.py for tasks to queue
[2024-11-23T11:23:23.417+0000] {logging_mixin.py:190} INFO - [2024-11-23T11:23:23.416+0000] {dagbag.py:588} INFO - Filling up the DagBag from /home/airflow/.local/lib/python3.12/site-packages/airflow/example_dags/example_dynamic_task_mapping.py
[2024-11-23T11:23:23.429+0000] {processor.py:925} INFO - DAG(s) 'example_dynamic_task_mapping' retrieved from /home/airflow/.local/lib/python3.12/site-packages/airflow/example_dags/example_dynamic_task_mapping.py
[2024-11-23T11:23:23.462+0000] {logging_mixin.py:190} INFO - [2024-11-23T11:23:23.461+0000] {dag.py:3239} INFO - Sync 1 DAGs
[2024-11-23T11:23:23.489+0000] {logging_mixin.py:190} INFO - [2024-11-23T11:23:23.488+0000] {dag.py:4180} INFO - Setting next_dagrun for example_dynamic_task_mapping to None, run_after=None
[2024-11-23T11:23:23.524+0000] {processor.py:208} INFO - Processing /home/airflow/.local/lib/python3.12/site-packages/airflow/example_dags/example_dynamic_task_mapping.py took 0.118 seconds
