[2024-11-23T11:22:40.778+0000] {processor.py:186} INFO - Started process (PID=72) to work on /home/airflow/.local/lib/python3.12/site-packages/airflow/example_dags/example_sensor_decorator.py
[2024-11-23T11:22:40.779+0000] {processor.py:914} INFO - Processing file /home/airflow/.local/lib/python3.12/site-packages/airflow/example_dags/example_sensor_decorator.py for tasks to queue
[2024-11-23T11:22:40.781+0000] {logging_mixin.py:190} INFO - [2024-11-23T11:22:40.781+0000] {dagbag.py:588} INFO - Filling up the DagBag from /home/airflow/.local/lib/python3.12/site-packages/airflow/example_dags/example_sensor_decorator.py
[2024-11-23T11:22:40.790+0000] {processor.py:925} INFO - DAG(s) 'example_sensor_decorator' retrieved from /home/airflow/.local/lib/python3.12/site-packages/airflow/example_dags/example_sensor_decorator.py
[2024-11-23T11:22:40.925+0000] {logging_mixin.py:190} INFO - [2024-11-23T11:22:40.924+0000] {override.py:1911} INFO - Created Permission View: can edit on DAG:example_sensor_decorator
[2024-11-23T11:22:40.939+0000] {logging_mixin.py:190} INFO - [2024-11-23T11:22:40.939+0000] {override.py:1911} INFO - Created Permission View: can delete on DAG:example_sensor_decorator
[2024-11-23T11:22:40.950+0000] {logging_mixin.py:190} INFO - [2024-11-23T11:22:40.949+0000] {override.py:1911} INFO - Created Permission View: can read on DAG:example_sensor_decorator
[2024-11-23T11:22:40.969+0000] {logging_mixin.py:190} INFO - [2024-11-23T11:22:40.968+0000] {override.py:1911} INFO - Created Permission View: can delete on DAG Run:example_sensor_decorator
[2024-11-23T11:22:40.982+0000] {logging_mixin.py:190} INFO - [2024-11-23T11:22:40.981+0000] {override.py:1911} INFO - Created Permission View: can create on DAG Run:example_sensor_decorator
[2024-11-23T11:22:40.994+0000] {logging_mixin.py:190} INFO - [2024-11-23T11:22:40.994+0000] {override.py:1911} INFO - Created Permission View: can read on DAG Run:example_sensor_decorator
[2024-11-23T11:22:41.007+0000] {logging_mixin.py:190} INFO - [2024-11-23T11:22:41.006+0000] {override.py:1911} INFO - Created Permission View: menu access on DAG Run:example_sensor_decorator
[2024-11-23T11:22:41.007+0000] {logging_mixin.py:190} INFO - [2024-11-23T11:22:41.007+0000] {dag.py:3239} INFO - Sync 1 DAGs
[2024-11-23T11:22:41.024+0000] {logging_mixin.py:190} INFO - [2024-11-23T11:22:41.024+0000] {dag.py:3262} INFO - Creating ORM DAG for example_sensor_decorator
[2024-11-23T11:22:41.046+0000] {logging_mixin.py:190} INFO - [2024-11-23T11:22:41.046+0000] {dag.py:4180} INFO - Setting next_dagrun for example_sensor_decorator to None, run_after=None
[2024-11-23T11:22:41.080+0000] {processor.py:208} INFO - Processing /home/airflow/.local/lib/python3.12/site-packages/airflow/example_dags/example_sensor_decorator.py took 0.308 seconds
[2024-11-23T11:23:12.171+0000] {processor.py:186} INFO - Started process (PID=135) to work on /home/airflow/.local/lib/python3.12/site-packages/airflow/example_dags/example_sensor_decorator.py
[2024-11-23T11:23:12.172+0000] {processor.py:914} INFO - Processing file /home/airflow/.local/lib/python3.12/site-packages/airflow/example_dags/example_sensor_decorator.py for tasks to queue
[2024-11-23T11:23:12.175+0000] {logging_mixin.py:190} INFO - [2024-11-23T11:23:12.174+0000] {dagbag.py:588} INFO - Filling up the DagBag from /home/airflow/.local/lib/python3.12/site-packages/airflow/example_dags/example_sensor_decorator.py
[2024-11-23T11:23:12.186+0000] {processor.py:925} INFO - DAG(s) 'example_sensor_decorator' retrieved from /home/airflow/.local/lib/python3.12/site-packages/airflow/example_dags/example_sensor_decorator.py
[2024-11-23T11:23:12.206+0000] {logging_mixin.py:190} INFO - [2024-11-23T11:23:12.206+0000] {dag.py:3239} INFO - Sync 1 DAGs
[2024-11-23T11:23:12.222+0000] {logging_mixin.py:190} INFO - [2024-11-23T11:23:12.222+0000] {dag.py:4180} INFO - Setting next_dagrun for example_sensor_decorator to None, run_after=None
[2024-11-23T11:23:12.247+0000] {processor.py:208} INFO - Processing /home/airflow/.local/lib/python3.12/site-packages/airflow/example_dags/example_sensor_decorator.py took 0.083 seconds
