[2024-11-23T11:22:40.459+0000] {processor.py:186} INFO - Started process (PID=69) to work on /home/airflow/.local/lib/python3.12/site-packages/airflow/example_dags/example_latest_only.py
[2024-11-23T11:22:40.460+0000] {processor.py:914} INFO - Processing file /home/airflow/.local/lib/python3.12/site-packages/airflow/example_dags/example_latest_only.py for tasks to queue
[2024-11-23T11:22:40.462+0000] {logging_mixin.py:190} INFO - [2024-11-23T11:22:40.462+0000] {dagbag.py:588} INFO - Filling up the DagBag from /home/airflow/.local/lib/python3.12/site-packages/airflow/example_dags/example_latest_only.py
[2024-11-23T11:22:40.472+0000] {processor.py:925} INFO - DAG(s) 'latest_only' retrieved from /home/airflow/.local/lib/python3.12/site-packages/airflow/example_dags/example_latest_only.py
[2024-11-23T11:22:40.594+0000] {logging_mixin.py:190} INFO - [2024-11-23T11:22:40.593+0000] {override.py:1911} INFO - Created Permission View: can edit on DAG:latest_only
[2024-11-23T11:22:40.610+0000] {logging_mixin.py:190} INFO - [2024-11-23T11:22:40.610+0000] {override.py:1911} INFO - Created Permission View: can delete on DAG:latest_only
[2024-11-23T11:22:40.622+0000] {logging_mixin.py:190} INFO - [2024-11-23T11:22:40.622+0000] {override.py:1911} INFO - Created Permission View: can read on DAG:latest_only
[2024-11-23T11:22:40.638+0000] {logging_mixin.py:190} INFO - [2024-11-23T11:22:40.638+0000] {override.py:1911} INFO - Created Permission View: can delete on DAG Run:latest_only
[2024-11-23T11:22:40.647+0000] {logging_mixin.py:190} INFO - [2024-11-23T11:22:40.647+0000] {override.py:1911} INFO - Created Permission View: can create on DAG Run:latest_only
[2024-11-23T11:22:40.659+0000] {logging_mixin.py:190} INFO - [2024-11-23T11:22:40.658+0000] {override.py:1911} INFO - Created Permission View: can read on DAG Run:latest_only
[2024-11-23T11:22:40.668+0000] {logging_mixin.py:190} INFO - [2024-11-23T11:22:40.668+0000] {override.py:1911} INFO - Created Permission View: menu access on DAG Run:latest_only
[2024-11-23T11:22:40.669+0000] {logging_mixin.py:190} INFO - [2024-11-23T11:22:40.669+0000] {dag.py:3239} INFO - Sync 1 DAGs
[2024-11-23T11:22:40.681+0000] {logging_mixin.py:190} INFO - [2024-11-23T11:22:40.681+0000] {dag.py:3262} INFO - Creating ORM DAG for latest_only
[2024-11-23T11:22:40.693+0000] {logging_mixin.py:190} INFO - [2024-11-23T11:22:40.692+0000] {dag.py:4180} INFO - Setting next_dagrun for latest_only to 2024-11-23 04:00:00+00:00, run_after=2024-11-23 08:00:00+00:00
[2024-11-23T11:22:40.715+0000] {processor.py:208} INFO - Processing /home/airflow/.local/lib/python3.12/site-packages/airflow/example_dags/example_latest_only.py took 0.262 seconds
[2024-11-23T11:23:11.720+0000] {processor.py:186} INFO - Started process (PID=132) to work on /home/airflow/.local/lib/python3.12/site-packages/airflow/example_dags/example_latest_only.py
[2024-11-23T11:23:11.753+0000] {processor.py:914} INFO - Processing file /home/airflow/.local/lib/python3.12/site-packages/airflow/example_dags/example_latest_only.py for tasks to queue
[2024-11-23T11:23:11.755+0000] {logging_mixin.py:190} INFO - [2024-11-23T11:23:11.754+0000] {dagbag.py:588} INFO - Filling up the DagBag from /home/airflow/.local/lib/python3.12/site-packages/airflow/example_dags/example_latest_only.py
[2024-11-23T11:23:11.762+0000] {processor.py:925} INFO - DAG(s) 'latest_only' retrieved from /home/airflow/.local/lib/python3.12/site-packages/airflow/example_dags/example_latest_only.py
[2024-11-23T11:23:11.783+0000] {logging_mixin.py:190} INFO - [2024-11-23T11:23:11.782+0000] {dag.py:3239} INFO - Sync 1 DAGs
[2024-11-23T11:23:11.803+0000] {logging_mixin.py:190} INFO - [2024-11-23T11:23:11.803+0000] {dag.py:4180} INFO - Setting next_dagrun for latest_only to 2024-11-23 04:00:00+00:00, run_after=2024-11-23 08:00:00+00:00
[2024-11-23T11:23:12.061+0000] {processor.py:208} INFO - Processing /home/airflow/.local/lib/python3.12/site-packages/airflow/example_dags/example_latest_only.py took 0.347 seconds
