[2024-11-23T11:22:48.074+0000] {processor.py:186} INFO - Started process (PID=94) to work on /home/airflow/.local/lib/python3.12/site-packages/airflow/example_dags/example_python_operator.py
[2024-11-23T11:22:48.076+0000] {processor.py:914} INFO - Processing file /home/airflow/.local/lib/python3.12/site-packages/airflow/example_dags/example_python_operator.py for tasks to queue
[2024-11-23T11:22:48.078+0000] {logging_mixin.py:190} INFO - [2024-11-23T11:22:48.078+0000] {dagbag.py:588} INFO - Filling up the DagBag from /home/airflow/.local/lib/python3.12/site-packages/airflow/example_dags/example_python_operator.py
[2024-11-23T11:22:48.096+0000] {processor.py:925} INFO - DAG(s) 'example_python_operator' retrieved from /home/airflow/.local/lib/python3.12/site-packages/airflow/example_dags/example_python_operator.py
[2024-11-23T11:22:48.232+0000] {logging_mixin.py:190} INFO - [2024-11-23T11:22:48.231+0000] {override.py:1911} INFO - Created Permission View: can edit on DAG:example_python_operator
[2024-11-23T11:22:48.247+0000] {logging_mixin.py:190} INFO - [2024-11-23T11:22:48.246+0000] {override.py:1911} INFO - Created Permission View: can delete on DAG:example_python_operator
[2024-11-23T11:22:48.258+0000] {logging_mixin.py:190} INFO - [2024-11-23T11:22:48.257+0000] {override.py:1911} INFO - Created Permission View: can read on DAG:example_python_operator
[2024-11-23T11:22:48.275+0000] {logging_mixin.py:190} INFO - [2024-11-23T11:22:48.275+0000] {override.py:1911} INFO - Created Permission View: can delete on DAG Run:example_python_operator
[2024-11-23T11:22:48.285+0000] {logging_mixin.py:190} INFO - [2024-11-23T11:22:48.285+0000] {override.py:1911} INFO - Created Permission View: can create on DAG Run:example_python_operator
[2024-11-23T11:22:48.295+0000] {logging_mixin.py:190} INFO - [2024-11-23T11:22:48.295+0000] {override.py:1911} INFO - Created Permission View: can read on DAG Run:example_python_operator
[2024-11-23T11:22:48.306+0000] {logging_mixin.py:190} INFO - [2024-11-23T11:22:48.306+0000] {override.py:1911} INFO - Created Permission View: menu access on DAG Run:example_python_operator
[2024-11-23T11:22:48.306+0000] {logging_mixin.py:190} INFO - [2024-11-23T11:22:48.306+0000] {dag.py:3239} INFO - Sync 1 DAGs
[2024-11-23T11:22:48.319+0000] {logging_mixin.py:190} INFO - [2024-11-23T11:22:48.319+0000] {dag.py:3262} INFO - Creating ORM DAG for example_python_operator
[2024-11-23T11:22:48.320+0000] {logging_mixin.py:190} INFO - [2024-11-23T11:22:48.320+0000] {dag.py:4180} INFO - Setting next_dagrun for example_python_operator to None, run_after=None
[2024-11-23T11:22:48.344+0000] {processor.py:208} INFO - Processing /home/airflow/.local/lib/python3.12/site-packages/airflow/example_dags/example_python_operator.py took 0.278 seconds
[2024-11-23T11:23:18.637+0000] {processor.py:186} INFO - Started process (PID=156) to work on /home/airflow/.local/lib/python3.12/site-packages/airflow/example_dags/example_python_operator.py
[2024-11-23T11:23:18.638+0000] {processor.py:914} INFO - Processing file /home/airflow/.local/lib/python3.12/site-packages/airflow/example_dags/example_python_operator.py for tasks to queue
[2024-11-23T11:23:18.640+0000] {logging_mixin.py:190} INFO - [2024-11-23T11:23:18.640+0000] {dagbag.py:588} INFO - Filling up the DagBag from /home/airflow/.local/lib/python3.12/site-packages/airflow/example_dags/example_python_operator.py
[2024-11-23T11:23:18.652+0000] {processor.py:925} INFO - DAG(s) 'example_python_operator' retrieved from /home/airflow/.local/lib/python3.12/site-packages/airflow/example_dags/example_python_operator.py
[2024-11-23T11:23:18.674+0000] {logging_mixin.py:190} INFO - [2024-11-23T11:23:18.674+0000] {dag.py:3239} INFO - Sync 1 DAGs
[2024-11-23T11:23:18.687+0000] {logging_mixin.py:190} INFO - [2024-11-23T11:23:18.686+0000] {dag.py:4180} INFO - Setting next_dagrun for example_python_operator to None, run_after=None
[2024-11-23T11:23:18.714+0000] {processor.py:208} INFO - Processing /home/airflow/.local/lib/python3.12/site-packages/airflow/example_dags/example_python_operator.py took 0.083 seconds
