[2024-11-23T11:22:51.448+0000] {processor.py:186} INFO - Started process (PID=101) to work on /home/airflow/.local/lib/python3.12/site-packages/airflow/example_dags/example_branch_labels.py
[2024-11-23T11:22:51.449+0000] {processor.py:914} INFO - Processing file /home/airflow/.local/lib/python3.12/site-packages/airflow/example_dags/example_branch_labels.py for tasks to queue
[2024-11-23T11:22:51.452+0000] {logging_mixin.py:190} INFO - [2024-11-23T11:22:51.451+0000] {dagbag.py:588} INFO - Filling up the DagBag from /home/airflow/.local/lib/python3.12/site-packages/airflow/example_dags/example_branch_labels.py
[2024-11-23T11:22:51.466+0000] {processor.py:925} INFO - DAG(s) 'example_branch_labels' retrieved from /home/airflow/.local/lib/python3.12/site-packages/airflow/example_dags/example_branch_labels.py
[2024-11-23T11:22:51.578+0000] {logging_mixin.py:190} INFO - [2024-11-23T11:22:51.578+0000] {override.py:1911} INFO - Created Permission View: can edit on DAG:example_branch_labels
[2024-11-23T11:22:51.591+0000] {logging_mixin.py:190} INFO - [2024-11-23T11:22:51.591+0000] {override.py:1911} INFO - Created Permission View: can delete on DAG:example_branch_labels
[2024-11-23T11:22:51.603+0000] {logging_mixin.py:190} INFO - [2024-11-23T11:22:51.603+0000] {override.py:1911} INFO - Created Permission View: can read on DAG:example_branch_labels
[2024-11-23T11:22:51.624+0000] {logging_mixin.py:190} INFO - [2024-11-23T11:22:51.624+0000] {override.py:1911} INFO - Created Permission View: can delete on DAG Run:example_branch_labels
[2024-11-23T11:22:51.642+0000] {logging_mixin.py:190} INFO - [2024-11-23T11:22:51.641+0000] {override.py:1911} INFO - Created Permission View: can create on DAG Run:example_branch_labels
[2024-11-23T11:22:51.652+0000] {logging_mixin.py:190} INFO - [2024-11-23T11:22:51.651+0000] {override.py:1911} INFO - Created Permission View: can read on DAG Run:example_branch_labels
[2024-11-23T11:22:51.662+0000] {logging_mixin.py:190} INFO - [2024-11-23T11:22:51.661+0000] {override.py:1911} INFO - Created Permission View: menu access on DAG Run:example_branch_labels
[2024-11-23T11:22:51.662+0000] {logging_mixin.py:190} INFO - [2024-11-23T11:22:51.662+0000] {dag.py:3239} INFO - Sync 1 DAGs
[2024-11-23T11:22:51.676+0000] {logging_mixin.py:190} INFO - [2024-11-23T11:22:51.676+0000] {dag.py:3262} INFO - Creating ORM DAG for example_branch_labels
[2024-11-23T11:22:51.688+0000] {logging_mixin.py:190} INFO - [2024-11-23T11:22:51.687+0000] {dag.py:4180} INFO - Setting next_dagrun for example_branch_labels to 2024-11-22 00:00:00+00:00, run_after=2024-11-23 00:00:00+00:00
[2024-11-23T11:22:51.706+0000] {processor.py:208} INFO - Processing /home/airflow/.local/lib/python3.12/site-packages/airflow/example_dags/example_branch_labels.py took 0.267 seconds
[2024-11-23T11:23:21.751+0000] {processor.py:186} INFO - Started process (PID=164) to work on /home/airflow/.local/lib/python3.12/site-packages/airflow/example_dags/example_branch_labels.py
[2024-11-23T11:23:21.753+0000] {processor.py:914} INFO - Processing file /home/airflow/.local/lib/python3.12/site-packages/airflow/example_dags/example_branch_labels.py for tasks to queue
[2024-11-23T11:23:21.755+0000] {logging_mixin.py:190} INFO - [2024-11-23T11:23:21.755+0000] {dagbag.py:588} INFO - Filling up the DagBag from /home/airflow/.local/lib/python3.12/site-packages/airflow/example_dags/example_branch_labels.py
[2024-11-23T11:23:21.768+0000] {processor.py:925} INFO - DAG(s) 'example_branch_labels' retrieved from /home/airflow/.local/lib/python3.12/site-packages/airflow/example_dags/example_branch_labels.py
[2024-11-23T11:23:21.792+0000] {logging_mixin.py:190} INFO - [2024-11-23T11:23:21.792+0000] {dag.py:3239} INFO - Sync 1 DAGs
[2024-11-23T11:23:21.820+0000] {logging_mixin.py:190} INFO - [2024-11-23T11:23:21.819+0000] {dag.py:4180} INFO - Setting next_dagrun for example_branch_labels to 2024-11-22 00:00:00+00:00, run_after=2024-11-23 00:00:00+00:00
[2024-11-23T11:23:21.849+0000] {processor.py:208} INFO - Processing /home/airflow/.local/lib/python3.12/site-packages/airflow/example_dags/example_branch_labels.py took 0.105 seconds
