[2024-11-23T11:22:50.761+0000] {processor.py:186} INFO - Started process (PID=98) to work on /home/airflow/.local/lib/python3.12/site-packages/airflow/example_dags/example_python_decorator.py
[2024-11-23T11:22:50.762+0000] {processor.py:914} INFO - Processing file /home/airflow/.local/lib/python3.12/site-packages/airflow/example_dags/example_python_decorator.py for tasks to queue
[2024-11-23T11:22:50.764+0000] {logging_mixin.py:190} INFO - [2024-11-23T11:22:50.764+0000] {dagbag.py:588} INFO - Filling up the DagBag from /home/airflow/.local/lib/python3.12/site-packages/airflow/example_dags/example_python_decorator.py
[2024-11-23T11:22:50.780+0000] {processor.py:925} INFO - DAG(s) 'example_python_decorator' retrieved from /home/airflow/.local/lib/python3.12/site-packages/airflow/example_dags/example_python_decorator.py
[2024-11-23T11:22:50.916+0000] {logging_mixin.py:190} INFO - [2024-11-23T11:22:50.915+0000] {override.py:1911} INFO - Created Permission View: can edit on DAG:example_python_decorator
[2024-11-23T11:22:50.947+0000] {logging_mixin.py:190} INFO - [2024-11-23T11:22:50.947+0000] {override.py:1911} INFO - Created Permission View: can delete on DAG:example_python_decorator
[2024-11-23T11:22:50.968+0000] {logging_mixin.py:190} INFO - [2024-11-23T11:22:50.967+0000] {override.py:1911} INFO - Created Permission View: can read on DAG:example_python_decorator
[2024-11-23T11:22:50.997+0000] {logging_mixin.py:190} INFO - [2024-11-23T11:22:50.996+0000] {override.py:1911} INFO - Created Permission View: can delete on DAG Run:example_python_decorator
[2024-11-23T11:22:51.012+0000] {logging_mixin.py:190} INFO - [2024-11-23T11:22:51.011+0000] {override.py:1911} INFO - Created Permission View: can create on DAG Run:example_python_decorator
[2024-11-23T11:22:51.089+0000] {logging_mixin.py:190} INFO - [2024-11-23T11:22:51.088+0000] {override.py:1911} INFO - Created Permission View: can read on DAG Run:example_python_decorator
[2024-11-23T11:22:51.108+0000] {logging_mixin.py:190} INFO - [2024-11-23T11:22:51.108+0000] {override.py:1911} INFO - Created Permission View: menu access on DAG Run:example_python_decorator
[2024-11-23T11:22:51.109+0000] {logging_mixin.py:190} INFO - [2024-11-23T11:22:51.109+0000] {dag.py:3239} INFO - Sync 1 DAGs
[2024-11-23T11:22:51.125+0000] {logging_mixin.py:190} INFO - [2024-11-23T11:22:51.125+0000] {dag.py:3262} INFO - Creating ORM DAG for example_python_decorator
[2024-11-23T11:22:51.126+0000] {logging_mixin.py:190} INFO - [2024-11-23T11:22:51.125+0000] {dag.py:4180} INFO - Setting next_dagrun for example_python_decorator to None, run_after=None
[2024-11-23T11:22:51.148+0000] {processor.py:208} INFO - Processing /home/airflow/.local/lib/python3.12/site-packages/airflow/example_dags/example_python_decorator.py took 0.393 seconds
[2024-11-23T11:23:21.526+0000] {processor.py:186} INFO - Started process (PID=161) to work on /home/airflow/.local/lib/python3.12/site-packages/airflow/example_dags/example_python_decorator.py
[2024-11-23T11:23:21.527+0000] {processor.py:914} INFO - Processing file /home/airflow/.local/lib/python3.12/site-packages/airflow/example_dags/example_python_decorator.py for tasks to queue
[2024-11-23T11:23:21.530+0000] {logging_mixin.py:190} INFO - [2024-11-23T11:23:21.530+0000] {dagbag.py:588} INFO - Filling up the DagBag from /home/airflow/.local/lib/python3.12/site-packages/airflow/example_dags/example_python_decorator.py
[2024-11-23T11:23:21.543+0000] {processor.py:925} INFO - DAG(s) 'example_python_decorator' retrieved from /home/airflow/.local/lib/python3.12/site-packages/airflow/example_dags/example_python_decorator.py
[2024-11-23T11:23:21.569+0000] {logging_mixin.py:190} INFO - [2024-11-23T11:23:21.568+0000] {dag.py:3239} INFO - Sync 1 DAGs
[2024-11-23T11:23:21.582+0000] {logging_mixin.py:190} INFO - [2024-11-23T11:23:21.582+0000] {dag.py:4180} INFO - Setting next_dagrun for example_python_decorator to None, run_after=None
[2024-11-23T11:23:21.608+0000] {processor.py:208} INFO - Processing /home/airflow/.local/lib/python3.12/site-packages/airflow/example_dags/example_python_decorator.py took 0.088 seconds
