[2024-11-23T11:22:41.103+0000] {processor.py:186} INFO - Started process (PID=73) to work on /home/airflow/.local/lib/python3.12/site-packages/airflow/example_dags/example_bash_decorator.py
[2024-11-23T11:22:41.104+0000] {processor.py:914} INFO - Processing file /home/airflow/.local/lib/python3.12/site-packages/airflow/example_dags/example_bash_decorator.py for tasks to queue
[2024-11-23T11:22:41.107+0000] {logging_mixin.py:190} INFO - [2024-11-23T11:22:41.107+0000] {dagbag.py:588} INFO - Filling up the DagBag from /home/airflow/.local/lib/python3.12/site-packages/airflow/example_dags/example_bash_decorator.py
[2024-11-23T11:22:41.141+0000] {processor.py:925} INFO - DAG(s) 'example_bash_decorator' retrieved from /home/airflow/.local/lib/python3.12/site-packages/airflow/example_dags/example_bash_decorator.py
[2024-11-23T11:22:41.272+0000] {logging_mixin.py:190} INFO - [2024-11-23T11:22:41.271+0000] {override.py:1911} INFO - Created Permission View: can edit on DAG:example_bash_decorator
[2024-11-23T11:22:41.287+0000] {logging_mixin.py:190} INFO - [2024-11-23T11:22:41.286+0000] {override.py:1911} INFO - Created Permission View: can delete on DAG:example_bash_decorator
[2024-11-23T11:22:41.298+0000] {logging_mixin.py:190} INFO - [2024-11-23T11:22:41.298+0000] {override.py:1911} INFO - Created Permission View: can read on DAG:example_bash_decorator
[2024-11-23T11:22:41.314+0000] {logging_mixin.py:190} INFO - [2024-11-23T11:22:41.314+0000] {override.py:1911} INFO - Created Permission View: can delete on DAG Run:example_bash_decorator
[2024-11-23T11:22:41.326+0000] {logging_mixin.py:190} INFO - [2024-11-23T11:22:41.326+0000] {override.py:1911} INFO - Created Permission View: can create on DAG Run:example_bash_decorator
[2024-11-23T11:22:41.338+0000] {logging_mixin.py:190} INFO - [2024-11-23T11:22:41.338+0000] {override.py:1911} INFO - Created Permission View: can read on DAG Run:example_bash_decorator
[2024-11-23T11:22:41.350+0000] {logging_mixin.py:190} INFO - [2024-11-23T11:22:41.350+0000] {override.py:1911} INFO - Created Permission View: menu access on DAG Run:example_bash_decorator
[2024-11-23T11:22:41.351+0000] {logging_mixin.py:190} INFO - [2024-11-23T11:22:41.351+0000] {dag.py:3239} INFO - Sync 1 DAGs
[2024-11-23T11:22:41.364+0000] {logging_mixin.py:190} INFO - [2024-11-23T11:22:41.364+0000] {dag.py:3262} INFO - Creating ORM DAG for example_bash_decorator
[2024-11-23T11:22:41.365+0000] {logging_mixin.py:190} INFO - [2024-11-23T11:22:41.364+0000] {dag.py:4180} INFO - Setting next_dagrun for example_bash_decorator to None, run_after=None
[2024-11-23T11:22:41.387+0000] {processor.py:208} INFO - Processing /home/airflow/.local/lib/python3.12/site-packages/airflow/example_dags/example_bash_decorator.py took 0.292 seconds
[2024-11-23T11:23:12.206+0000] {processor.py:186} INFO - Started process (PID=136) to work on /home/airflow/.local/lib/python3.12/site-packages/airflow/example_dags/example_bash_decorator.py
[2024-11-23T11:23:12.207+0000] {processor.py:914} INFO - Processing file /home/airflow/.local/lib/python3.12/site-packages/airflow/example_dags/example_bash_decorator.py for tasks to queue
[2024-11-23T11:23:12.210+0000] {logging_mixin.py:190} INFO - [2024-11-23T11:23:12.210+0000] {dagbag.py:588} INFO - Filling up the DagBag from /home/airflow/.local/lib/python3.12/site-packages/airflow/example_dags/example_bash_decorator.py
[2024-11-23T11:23:12.227+0000] {processor.py:925} INFO - DAG(s) 'example_bash_decorator' retrieved from /home/airflow/.local/lib/python3.12/site-packages/airflow/example_dags/example_bash_decorator.py
[2024-11-23T11:23:12.250+0000] {logging_mixin.py:190} INFO - [2024-11-23T11:23:12.250+0000] {dag.py:3239} INFO - Sync 1 DAGs
[2024-11-23T11:23:12.263+0000] {logging_mixin.py:190} INFO - [2024-11-23T11:23:12.263+0000] {dag.py:4180} INFO - Setting next_dagrun for example_bash_decorator to None, run_after=None
[2024-11-23T11:23:12.287+0000] {processor.py:208} INFO - Processing /home/airflow/.local/lib/python3.12/site-packages/airflow/example_dags/example_bash_decorator.py took 0.087 seconds
