[2024-11-23T11:22:41.856+0000] {processor.py:186} INFO - Started process (PID=77) to work on /home/airflow/.local/lib/python3.12/site-packages/airflow/example_dags/example_sla_dag.py
[2024-11-23T11:22:41.857+0000] {processor.py:914} INFO - Processing file /home/airflow/.local/lib/python3.12/site-packages/airflow/example_dags/example_sla_dag.py for tasks to queue
[2024-11-23T11:22:41.859+0000] {logging_mixin.py:190} INFO - [2024-11-23T11:22:41.859+0000] {dagbag.py:588} INFO - Filling up the DagBag from /home/airflow/.local/lib/python3.12/site-packages/airflow/example_dags/example_sla_dag.py
[2024-11-23T11:22:41.870+0000] {processor.py:925} INFO - DAG(s) 'example_sla_dag' retrieved from /home/airflow/.local/lib/python3.12/site-packages/airflow/example_dags/example_sla_dag.py
[2024-11-23T11:22:42.002+0000] {logging_mixin.py:190} INFO - [2024-11-23T11:22:42.001+0000] {override.py:1911} INFO - Created Permission View: can edit on DAG:example_sla_dag
[2024-11-23T11:22:42.017+0000] {logging_mixin.py:190} INFO - [2024-11-23T11:22:42.016+0000] {override.py:1911} INFO - Created Permission View: can delete on DAG:example_sla_dag
[2024-11-23T11:22:42.030+0000] {logging_mixin.py:190} INFO - [2024-11-23T11:22:42.029+0000] {override.py:1911} INFO - Created Permission View: can read on DAG:example_sla_dag
[2024-11-23T11:22:42.045+0000] {logging_mixin.py:190} INFO - [2024-11-23T11:22:42.044+0000] {override.py:1911} INFO - Created Permission View: can delete on DAG Run:example_sla_dag
[2024-11-23T11:22:42.056+0000] {logging_mixin.py:190} INFO - [2024-11-23T11:22:42.055+0000] {override.py:1911} INFO - Created Permission View: can create on DAG Run:example_sla_dag
[2024-11-23T11:22:42.068+0000] {logging_mixin.py:190} INFO - [2024-11-23T11:22:42.068+0000] {override.py:1911} INFO - Created Permission View: can read on DAG Run:example_sla_dag
[2024-11-23T11:22:42.079+0000] {logging_mixin.py:190} INFO - [2024-11-23T11:22:42.078+0000] {override.py:1911} INFO - Created Permission View: menu access on DAG Run:example_sla_dag
[2024-11-23T11:22:42.079+0000] {logging_mixin.py:190} INFO - [2024-11-23T11:22:42.079+0000] {dag.py:3239} INFO - Sync 1 DAGs
[2024-11-23T11:22:42.107+0000] {logging_mixin.py:190} INFO - [2024-11-23T11:22:42.106+0000] {dag.py:3262} INFO - Creating ORM DAG for example_sla_dag
[2024-11-23T11:22:42.120+0000] {logging_mixin.py:190} INFO - [2024-11-23T11:22:42.119+0000] {dag.py:4180} INFO - Setting next_dagrun for example_sla_dag to 2024-11-23 11:20:00+00:00, run_after=2024-11-23 11:22:00+00:00
[2024-11-23T11:22:42.144+0000] {processor.py:208} INFO - Processing /home/airflow/.local/lib/python3.12/site-packages/airflow/example_dags/example_sla_dag.py took 0.294 seconds
[2024-11-23T11:23:12.431+0000] {processor.py:186} INFO - Started process (PID=140) to work on /home/airflow/.local/lib/python3.12/site-packages/airflow/example_dags/example_sla_dag.py
[2024-11-23T11:23:12.432+0000] {processor.py:914} INFO - Processing file /home/airflow/.local/lib/python3.12/site-packages/airflow/example_dags/example_sla_dag.py for tasks to queue
[2024-11-23T11:23:12.436+0000] {logging_mixin.py:190} INFO - [2024-11-23T11:23:12.435+0000] {dagbag.py:588} INFO - Filling up the DagBag from /home/airflow/.local/lib/python3.12/site-packages/airflow/example_dags/example_sla_dag.py
[2024-11-23T11:23:12.446+0000] {processor.py:925} INFO - DAG(s) 'example_sla_dag' retrieved from /home/airflow/.local/lib/python3.12/site-packages/airflow/example_dags/example_sla_dag.py
[2024-11-23T11:23:12.466+0000] {logging_mixin.py:190} INFO - [2024-11-23T11:23:12.466+0000] {dag.py:3239} INFO - Sync 1 DAGs
[2024-11-23T11:23:12.496+0000] {logging_mixin.py:190} INFO - [2024-11-23T11:23:12.496+0000] {dag.py:4180} INFO - Setting next_dagrun for example_sla_dag to 2024-11-23 11:20:00+00:00, run_after=2024-11-23 11:22:00+00:00
[2024-11-23T11:23:12.536+0000] {processor.py:208} INFO - Processing /home/airflow/.local/lib/python3.12/site-packages/airflow/example_dags/example_sla_dag.py took 0.111 seconds
