[2024-11-23T11:22:45.600+0000] {processor.py:186} INFO - Started process (PID=86) to work on /home/airflow/.local/lib/python3.12/site-packages/airflow/example_dags/example_external_task_marker_dag.py
[2024-11-23T11:22:45.601+0000] {processor.py:914} INFO - Processing file /home/airflow/.local/lib/python3.12/site-packages/airflow/example_dags/example_external_task_marker_dag.py for tasks to queue
[2024-11-23T11:22:45.603+0000] {logging_mixin.py:190} INFO - [2024-11-23T11:22:45.603+0000] {dagbag.py:588} INFO - Filling up the DagBag from /home/airflow/.local/lib/python3.12/site-packages/airflow/example_dags/example_external_task_marker_dag.py
[2024-11-23T11:22:45.610+0000] {processor.py:925} INFO - DAG(s) 'example_external_task_marker_parent', 'example_external_task_marker_child' retrieved from /home/airflow/.local/lib/python3.12/site-packages/airflow/example_dags/example_external_task_marker_dag.py
[2024-11-23T11:22:45.745+0000] {logging_mixin.py:190} INFO - [2024-11-23T11:22:45.744+0000] {override.py:1911} INFO - Created Permission View: can edit on DAG:example_external_task_marker_parent
[2024-11-23T11:22:45.762+0000] {logging_mixin.py:190} INFO - [2024-11-23T11:22:45.761+0000] {override.py:1911} INFO - Created Permission View: can delete on DAG:example_external_task_marker_parent
[2024-11-23T11:22:45.776+0000] {logging_mixin.py:190} INFO - [2024-11-23T11:22:45.775+0000] {override.py:1911} INFO - Created Permission View: can read on DAG:example_external_task_marker_parent
[2024-11-23T11:22:45.812+0000] {logging_mixin.py:190} INFO - [2024-11-23T11:22:45.811+0000] {override.py:1911} INFO - Created Permission View: can delete on DAG Run:example_external_task_marker_parent
[2024-11-23T11:22:45.825+0000] {logging_mixin.py:190} INFO - [2024-11-23T11:22:45.824+0000] {override.py:1911} INFO - Created Permission View: can create on DAG Run:example_external_task_marker_parent
[2024-11-23T11:22:45.847+0000] {logging_mixin.py:190} INFO - [2024-11-23T11:22:45.846+0000] {override.py:1911} INFO - Created Permission View: can read on DAG Run:example_external_task_marker_parent
[2024-11-23T11:22:45.892+0000] {logging_mixin.py:190} INFO - [2024-11-23T11:22:45.891+0000] {override.py:1911} INFO - Created Permission View: menu access on DAG Run:example_external_task_marker_parent
[2024-11-23T11:22:45.917+0000] {logging_mixin.py:190} INFO - [2024-11-23T11:22:45.916+0000] {override.py:1911} INFO - Created Permission View: can edit on DAG:example_external_task_marker_child
[2024-11-23T11:22:45.936+0000] {logging_mixin.py:190} INFO - [2024-11-23T11:22:45.936+0000] {override.py:1911} INFO - Created Permission View: can delete on DAG:example_external_task_marker_child
[2024-11-23T11:22:45.947+0000] {logging_mixin.py:190} INFO - [2024-11-23T11:22:45.946+0000] {override.py:1911} INFO - Created Permission View: can read on DAG:example_external_task_marker_child
[2024-11-23T11:22:45.968+0000] {logging_mixin.py:190} INFO - [2024-11-23T11:22:45.968+0000] {override.py:1911} INFO - Created Permission View: can delete on DAG Run:example_external_task_marker_child
[2024-11-23T11:22:45.978+0000] {logging_mixin.py:190} INFO - [2024-11-23T11:22:45.978+0000] {override.py:1911} INFO - Created Permission View: can create on DAG Run:example_external_task_marker_child
[2024-11-23T11:22:46.000+0000] {logging_mixin.py:190} INFO - [2024-11-23T11:22:45.999+0000] {override.py:1911} INFO - Created Permission View: can read on DAG Run:example_external_task_marker_child
[2024-11-23T11:22:46.012+0000] {logging_mixin.py:190} INFO - [2024-11-23T11:22:46.012+0000] {override.py:1911} INFO - Created Permission View: menu access on DAG Run:example_external_task_marker_child
[2024-11-23T11:22:46.013+0000] {logging_mixin.py:190} INFO - [2024-11-23T11:22:46.013+0000] {dag.py:3239} INFO - Sync 2 DAGs
[2024-11-23T11:22:46.026+0000] {logging_mixin.py:190} INFO - [2024-11-23T11:22:46.026+0000] {dag.py:3262} INFO - Creating ORM DAG for example_external_task_marker_child
[2024-11-23T11:22:46.026+0000] {logging_mixin.py:190} INFO - [2024-11-23T11:22:46.026+0000] {dag.py:3262} INFO - Creating ORM DAG for example_external_task_marker_parent
[2024-11-23T11:22:46.027+0000] {logging_mixin.py:190} INFO - [2024-11-23T11:22:46.027+0000] {dag.py:4180} INFO - Setting next_dagrun for example_external_task_marker_child to None, run_after=None
[2024-11-23T11:22:46.027+0000] {logging_mixin.py:190} INFO - [2024-11-23T11:22:46.027+0000] {dag.py:4180} INFO - Setting next_dagrun for example_external_task_marker_parent to None, run_after=None
[2024-11-23T11:22:46.068+0000] {processor.py:208} INFO - Processing /home/airflow/.local/lib/python3.12/site-packages/airflow/example_dags/example_external_task_marker_dag.py took 0.473 seconds
[2024-11-23T11:23:16.271+0000] {processor.py:186} INFO - Started process (PID=149) to work on /home/airflow/.local/lib/python3.12/site-packages/airflow/example_dags/example_external_task_marker_dag.py
[2024-11-23T11:23:16.272+0000] {processor.py:914} INFO - Processing file /home/airflow/.local/lib/python3.12/site-packages/airflow/example_dags/example_external_task_marker_dag.py for tasks to queue
[2024-11-23T11:23:16.275+0000] {logging_mixin.py:190} INFO - [2024-11-23T11:23:16.274+0000] {dagbag.py:588} INFO - Filling up the DagBag from /home/airflow/.local/lib/python3.12/site-packages/airflow/example_dags/example_external_task_marker_dag.py
[2024-11-23T11:23:16.282+0000] {processor.py:925} INFO - DAG(s) 'example_external_task_marker_child', 'example_external_task_marker_parent' retrieved from /home/airflow/.local/lib/python3.12/site-packages/airflow/example_dags/example_external_task_marker_dag.py
[2024-11-23T11:23:16.306+0000] {logging_mixin.py:190} INFO - [2024-11-23T11:23:16.305+0000] {dag.py:3239} INFO - Sync 2 DAGs
[2024-11-23T11:23:16.319+0000] {logging_mixin.py:190} INFO - [2024-11-23T11:23:16.319+0000] {dag.py:4180} INFO - Setting next_dagrun for example_external_task_marker_child to None, run_after=None
[2024-11-23T11:23:16.324+0000] {logging_mixin.py:190} INFO - [2024-11-23T11:23:16.323+0000] {dag.py:4180} INFO - Setting next_dagrun for example_external_task_marker_parent to None, run_after=None
[2024-11-23T11:23:16.349+0000] {processor.py:208} INFO - Processing /home/airflow/.local/lib/python3.12/site-packages/airflow/example_dags/example_external_task_marker_dag.py took 0.085 seconds
