[2024-11-23T11:22:42.481+0000] {processor.py:186} INFO - Started process (PID=81) to work on /home/airflow/.local/lib/python3.12/site-packages/airflow/example_dags/example_inlet_event_extra.py
[2024-11-23T11:22:42.482+0000] {processor.py:914} INFO - Processing file /home/airflow/.local/lib/python3.12/site-packages/airflow/example_dags/example_inlet_event_extra.py for tasks to queue
[2024-11-23T11:22:42.484+0000] {logging_mixin.py:190} INFO - [2024-11-23T11:22:42.484+0000] {dagbag.py:588} INFO - Filling up the DagBag from /home/airflow/.local/lib/python3.12/site-packages/airflow/example_dags/example_inlet_event_extra.py
[2024-11-23T11:22:44.243+0000] {processor.py:925} INFO - DAG(s) 'read_dataset_event_from_classic', 'read_dataset_event' retrieved from /home/airflow/.local/lib/python3.12/site-packages/airflow/example_dags/example_inlet_event_extra.py
[2024-11-23T11:22:44.364+0000] {logging_mixin.py:190} INFO - [2024-11-23T11:22:44.363+0000] {override.py:1911} INFO - Created Permission View: can edit on DAG:read_dataset_event_from_classic
[2024-11-23T11:22:44.382+0000] {logging_mixin.py:190} INFO - [2024-11-23T11:22:44.382+0000] {override.py:1911} INFO - Created Permission View: can delete on DAG:read_dataset_event_from_classic
[2024-11-23T11:22:44.395+0000] {logging_mixin.py:190} INFO - [2024-11-23T11:22:44.394+0000] {override.py:1911} INFO - Created Permission View: can read on DAG:read_dataset_event_from_classic
[2024-11-23T11:22:44.415+0000] {logging_mixin.py:190} INFO - [2024-11-23T11:22:44.414+0000] {override.py:1911} INFO - Created Permission View: can delete on DAG Run:read_dataset_event_from_classic
[2024-11-23T11:22:44.426+0000] {logging_mixin.py:190} INFO - [2024-11-23T11:22:44.426+0000] {override.py:1911} INFO - Created Permission View: can create on DAG Run:read_dataset_event_from_classic
[2024-11-23T11:22:44.438+0000] {logging_mixin.py:190} INFO - [2024-11-23T11:22:44.438+0000] {override.py:1911} INFO - Created Permission View: can read on DAG Run:read_dataset_event_from_classic
[2024-11-23T11:22:44.452+0000] {logging_mixin.py:190} INFO - [2024-11-23T11:22:44.452+0000] {override.py:1911} INFO - Created Permission View: menu access on DAG Run:read_dataset_event_from_classic
[2024-11-23T11:22:44.483+0000] {logging_mixin.py:190} INFO - [2024-11-23T11:22:44.483+0000] {override.py:1911} INFO - Created Permission View: can edit on DAG:read_dataset_event
[2024-11-23T11:22:44.495+0000] {logging_mixin.py:190} INFO - [2024-11-23T11:22:44.495+0000] {override.py:1911} INFO - Created Permission View: can delete on DAG:read_dataset_event
[2024-11-23T11:22:44.509+0000] {logging_mixin.py:190} INFO - [2024-11-23T11:22:44.509+0000] {override.py:1911} INFO - Created Permission View: can read on DAG:read_dataset_event
[2024-11-23T11:22:44.529+0000] {logging_mixin.py:190} INFO - [2024-11-23T11:22:44.529+0000] {override.py:1911} INFO - Created Permission View: can delete on DAG Run:read_dataset_event
[2024-11-23T11:22:44.543+0000] {logging_mixin.py:190} INFO - [2024-11-23T11:22:44.543+0000] {override.py:1911} INFO - Created Permission View: can create on DAG Run:read_dataset_event
[2024-11-23T11:22:44.558+0000] {logging_mixin.py:190} INFO - [2024-11-23T11:22:44.557+0000] {override.py:1911} INFO - Created Permission View: can read on DAG Run:read_dataset_event
[2024-11-23T11:22:44.601+0000] {logging_mixin.py:190} INFO - [2024-11-23T11:22:44.600+0000] {override.py:1911} INFO - Created Permission View: menu access on DAG Run:read_dataset_event
[2024-11-23T11:22:44.601+0000] {logging_mixin.py:190} INFO - [2024-11-23T11:22:44.601+0000] {dag.py:3239} INFO - Sync 2 DAGs
[2024-11-23T11:22:44.618+0000] {logging_mixin.py:190} INFO - [2024-11-23T11:22:44.618+0000] {dag.py:3262} INFO - Creating ORM DAG for read_dataset_event_from_classic
[2024-11-23T11:22:44.619+0000] {logging_mixin.py:190} INFO - [2024-11-23T11:22:44.619+0000] {dag.py:3262} INFO - Creating ORM DAG for read_dataset_event
[2024-11-23T11:22:44.634+0000] {logging_mixin.py:190} INFO - [2024-11-23T11:22:44.634+0000] {dag.py:4180} INFO - Setting next_dagrun for read_dataset_event to 2024-11-22 00:00:00+00:00, run_after=2024-11-23 00:00:00+00:00
[2024-11-23T11:22:44.637+0000] {logging_mixin.py:190} INFO - [2024-11-23T11:22:44.637+0000] {dag.py:4180} INFO - Setting next_dagrun for read_dataset_event_from_classic to 2024-11-22 00:00:00+00:00, run_after=2024-11-23 00:00:00+00:00
[2024-11-23T11:22:44.664+0000] {processor.py:208} INFO - Processing /home/airflow/.local/lib/python3.12/site-packages/airflow/example_dags/example_inlet_event_extra.py took 2.190 seconds
[2024-11-23T11:23:14.750+0000] {processor.py:186} INFO - Started process (PID=143) to work on /home/airflow/.local/lib/python3.12/site-packages/airflow/example_dags/example_inlet_event_extra.py
[2024-11-23T11:23:14.752+0000] {processor.py:914} INFO - Processing file /home/airflow/.local/lib/python3.12/site-packages/airflow/example_dags/example_inlet_event_extra.py for tasks to queue
[2024-11-23T11:23:14.755+0000] {logging_mixin.py:190} INFO - [2024-11-23T11:23:14.754+0000] {dagbag.py:588} INFO - Filling up the DagBag from /home/airflow/.local/lib/python3.12/site-packages/airflow/example_dags/example_inlet_event_extra.py
[2024-11-23T11:23:15.404+0000] {processor.py:925} INFO - DAG(s) 'read_dataset_event', 'read_dataset_event_from_classic' retrieved from /home/airflow/.local/lib/python3.12/site-packages/airflow/example_dags/example_inlet_event_extra.py
[2024-11-23T11:23:15.433+0000] {logging_mixin.py:190} INFO - [2024-11-23T11:23:15.433+0000] {dag.py:3239} INFO - Sync 2 DAGs
[2024-11-23T11:23:15.463+0000] {logging_mixin.py:190} INFO - [2024-11-23T11:23:15.463+0000] {dag.py:4180} INFO - Setting next_dagrun for read_dataset_event to 2024-11-22 00:00:00+00:00, run_after=2024-11-23 00:00:00+00:00
[2024-11-23T11:23:15.469+0000] {logging_mixin.py:190} INFO - [2024-11-23T11:23:15.469+0000] {dag.py:4180} INFO - Setting next_dagrun for read_dataset_event_from_classic to 2024-11-22 00:00:00+00:00, run_after=2024-11-23 00:00:00+00:00
[2024-11-23T11:23:15.498+0000] {processor.py:208} INFO - Processing /home/airflow/.local/lib/python3.12/site-packages/airflow/example_dags/example_inlet_event_extra.py took 0.755 seconds
