[2024-11-23T11:22:51.735+0000] {processor.py:186} INFO - Started process (PID=103) to work on /home/airflow/.local/lib/python3.12/site-packages/airflow/example_dags/example_dynamic_task_mapping_with_no_taskflow_operators.py
[2024-11-23T11:22:51.736+0000] {processor.py:914} INFO - Processing file /home/airflow/.local/lib/python3.12/site-packages/airflow/example_dags/example_dynamic_task_mapping_with_no_taskflow_operators.py for tasks to queue
[2024-11-23T11:22:51.739+0000] {logging_mixin.py:190} INFO - [2024-11-23T11:22:51.738+0000] {dagbag.py:588} INFO - Filling up the DagBag from /home/airflow/.local/lib/python3.12/site-packages/airflow/example_dags/example_dynamic_task_mapping_with_no_taskflow_operators.py
[2024-11-23T11:22:51.748+0000] {processor.py:925} INFO - DAG(s) 'example_dynamic_task_mapping_with_no_taskflow_operators' retrieved from /home/airflow/.local/lib/python3.12/site-packages/airflow/example_dags/example_dynamic_task_mapping_with_no_taskflow_operators.py
[2024-11-23T11:22:51.874+0000] {logging_mixin.py:190} INFO - [2024-11-23T11:22:51.873+0000] {override.py:1911} INFO - Created Permission View: can edit on DAG:example_dynamic_task_mapping_with_no_taskflow_operators
[2024-11-23T11:22:51.892+0000] {logging_mixin.py:190} INFO - [2024-11-23T11:22:51.891+0000] {override.py:1911} INFO - Created Permission View: can delete on DAG:example_dynamic_task_mapping_with_no_taskflow_operators
[2024-11-23T11:22:51.906+0000] {logging_mixin.py:190} INFO - [2024-11-23T11:22:51.905+0000] {override.py:1911} INFO - Created Permission View: can read on DAG:example_dynamic_task_mapping_with_no_taskflow_operators
[2024-11-23T11:22:51.923+0000] {logging_mixin.py:190} INFO - [2024-11-23T11:22:51.922+0000] {override.py:1911} INFO - Created Permission View: can delete on DAG Run:example_dynamic_task_mapping_with_no_taskflow_operators
[2024-11-23T11:22:51.934+0000] {logging_mixin.py:190} INFO - [2024-11-23T11:22:51.934+0000] {override.py:1911} INFO - Created Permission View: can create on DAG Run:example_dynamic_task_mapping_with_no_taskflow_operators
[2024-11-23T11:22:51.950+0000] {logging_mixin.py:190} INFO - [2024-11-23T11:22:51.950+0000] {override.py:1911} INFO - Created Permission View: can read on DAG Run:example_dynamic_task_mapping_with_no_taskflow_operators
[2024-11-23T11:22:51.978+0000] {logging_mixin.py:190} INFO - [2024-11-23T11:22:51.978+0000] {override.py:1911} INFO - Created Permission View: menu access on DAG Run:example_dynamic_task_mapping_with_no_taskflow_operators
[2024-11-23T11:22:51.979+0000] {logging_mixin.py:190} INFO - [2024-11-23T11:22:51.979+0000] {dag.py:3239} INFO - Sync 1 DAGs
[2024-11-23T11:22:52.000+0000] {logging_mixin.py:190} INFO - [2024-11-23T11:22:51.999+0000] {dag.py:3262} INFO - Creating ORM DAG for example_dynamic_task_mapping_with_no_taskflow_operators
[2024-11-23T11:22:52.001+0000] {logging_mixin.py:190} INFO - [2024-11-23T11:22:52.001+0000] {dag.py:4180} INFO - Setting next_dagrun for example_dynamic_task_mapping_with_no_taskflow_operators to None, run_after=None
[2024-11-23T11:22:52.025+0000] {processor.py:208} INFO - Processing /home/airflow/.local/lib/python3.12/site-packages/airflow/example_dags/example_dynamic_task_mapping_with_no_taskflow_operators.py took 0.296 seconds
[2024-11-23T11:23:22.890+0000] {processor.py:186} INFO - Started process (PID=166) to work on /home/airflow/.local/lib/python3.12/site-packages/airflow/example_dags/example_dynamic_task_mapping_with_no_taskflow_operators.py
[2024-11-23T11:23:22.891+0000] {processor.py:914} INFO - Processing file /home/airflow/.local/lib/python3.12/site-packages/airflow/example_dags/example_dynamic_task_mapping_with_no_taskflow_operators.py for tasks to queue
[2024-11-23T11:23:22.895+0000] {logging_mixin.py:190} INFO - [2024-11-23T11:23:22.894+0000] {dagbag.py:588} INFO - Filling up the DagBag from /home/airflow/.local/lib/python3.12/site-packages/airflow/example_dags/example_dynamic_task_mapping_with_no_taskflow_operators.py
[2024-11-23T11:23:22.910+0000] {processor.py:925} INFO - DAG(s) 'example_dynamic_task_mapping_with_no_taskflow_operators' retrieved from /home/airflow/.local/lib/python3.12/site-packages/airflow/example_dags/example_dynamic_task_mapping_with_no_taskflow_operators.py
[2024-11-23T11:23:22.989+0000] {logging_mixin.py:190} INFO - [2024-11-23T11:23:22.989+0000] {dag.py:3239} INFO - Sync 1 DAGs
[2024-11-23T11:23:23.014+0000] {logging_mixin.py:190} INFO - [2024-11-23T11:23:23.013+0000] {dag.py:4180} INFO - Setting next_dagrun for example_dynamic_task_mapping_with_no_taskflow_operators to None, run_after=None
[2024-11-23T11:23:23.064+0000] {processor.py:208} INFO - Processing /home/airflow/.local/lib/python3.12/site-packages/airflow/example_dags/example_dynamic_task_mapping_with_no_taskflow_operators.py took 0.185 seconds
