[2024-11-23T11:22:41.751+0000] {processor.py:186} INFO - Started process (PID=76) to work on /home/airflow/.local/lib/python3.12/site-packages/airflow/example_dags/example_branch_python_dop_operator_3.py
[2024-11-23T11:22:41.753+0000] {processor.py:914} INFO - Processing file /home/airflow/.local/lib/python3.12/site-packages/airflow/example_dags/example_branch_python_dop_operator_3.py for tasks to queue
[2024-11-23T11:22:41.755+0000] {logging_mixin.py:190} INFO - [2024-11-23T11:22:41.754+0000] {dagbag.py:588} INFO - Filling up the DagBag from /home/airflow/.local/lib/python3.12/site-packages/airflow/example_dags/example_branch_python_dop_operator_3.py
[2024-11-23T11:22:41.767+0000] {processor.py:925} INFO - DAG(s) 'example_branch_dop_operator_v3' retrieved from /home/airflow/.local/lib/python3.12/site-packages/airflow/example_dags/example_branch_python_dop_operator_3.py
[2024-11-23T11:22:41.899+0000] {logging_mixin.py:190} INFO - [2024-11-23T11:22:41.898+0000] {override.py:1911} INFO - Created Permission View: can edit on DAG:example_branch_dop_operator_v3
[2024-11-23T11:22:41.913+0000] {logging_mixin.py:190} INFO - [2024-11-23T11:22:41.912+0000] {override.py:1911} INFO - Created Permission View: can delete on DAG:example_branch_dop_operator_v3
[2024-11-23T11:22:41.924+0000] {logging_mixin.py:190} INFO - [2024-11-23T11:22:41.924+0000] {override.py:1911} INFO - Created Permission View: can read on DAG:example_branch_dop_operator_v3
[2024-11-23T11:22:41.943+0000] {logging_mixin.py:190} INFO - [2024-11-23T11:22:41.942+0000] {override.py:1911} INFO - Created Permission View: can delete on DAG Run:example_branch_dop_operator_v3
[2024-11-23T11:22:41.956+0000] {logging_mixin.py:190} INFO - [2024-11-23T11:22:41.955+0000] {override.py:1911} INFO - Created Permission View: can create on DAG Run:example_branch_dop_operator_v3
[2024-11-23T11:22:41.968+0000] {logging_mixin.py:190} INFO - [2024-11-23T11:22:41.967+0000] {override.py:1911} INFO - Created Permission View: can read on DAG Run:example_branch_dop_operator_v3
[2024-11-23T11:22:41.980+0000] {logging_mixin.py:190} INFO - [2024-11-23T11:22:41.979+0000] {override.py:1911} INFO - Created Permission View: menu access on DAG Run:example_branch_dop_operator_v3
[2024-11-23T11:22:41.980+0000] {logging_mixin.py:190} INFO - [2024-11-23T11:22:41.980+0000] {dag.py:3239} INFO - Sync 1 DAGs
[2024-11-23T11:22:41.998+0000] {logging_mixin.py:190} INFO - [2024-11-23T11:22:41.998+0000] {dag.py:3262} INFO - Creating ORM DAG for example_branch_dop_operator_v3
[2024-11-23T11:22:42.016+0000] {logging_mixin.py:190} INFO - [2024-11-23T11:22:42.016+0000] {dag.py:4180} INFO - Setting next_dagrun for example_branch_dop_operator_v3 to 2024-11-23 11:21:00+00:00, run_after=2024-11-23 11:22:00+00:00
[2024-11-23T11:22:42.044+0000] {processor.py:208} INFO - Processing /home/airflow/.local/lib/python3.12/site-packages/airflow/example_dags/example_branch_python_dop_operator_3.py took 0.312 seconds
[2024-11-23T11:23:12.367+0000] {processor.py:186} INFO - Started process (PID=139) to work on /home/airflow/.local/lib/python3.12/site-packages/airflow/example_dags/example_branch_python_dop_operator_3.py
[2024-11-23T11:23:12.368+0000] {processor.py:914} INFO - Processing file /home/airflow/.local/lib/python3.12/site-packages/airflow/example_dags/example_branch_python_dop_operator_3.py for tasks to queue
[2024-11-23T11:23:12.372+0000] {logging_mixin.py:190} INFO - [2024-11-23T11:23:12.372+0000] {dagbag.py:588} INFO - Filling up the DagBag from /home/airflow/.local/lib/python3.12/site-packages/airflow/example_dags/example_branch_python_dop_operator_3.py
[2024-11-23T11:23:12.381+0000] {processor.py:925} INFO - DAG(s) 'example_branch_dop_operator_v3' retrieved from /home/airflow/.local/lib/python3.12/site-packages/airflow/example_dags/example_branch_python_dop_operator_3.py
[2024-11-23T11:23:12.402+0000] {logging_mixin.py:190} INFO - [2024-11-23T11:23:12.402+0000] {dag.py:3239} INFO - Sync 1 DAGs
[2024-11-23T11:23:12.433+0000] {logging_mixin.py:190} INFO - [2024-11-23T11:23:12.433+0000] {dag.py:4180} INFO - Setting next_dagrun for example_branch_dop_operator_v3 to 2024-11-23 11:22:00+00:00, run_after=2024-11-23 11:23:00+00:00
[2024-11-23T11:23:12.457+0000] {processor.py:208} INFO - Processing /home/airflow/.local/lib/python3.12/site-packages/airflow/example_dags/example_branch_python_dop_operator_3.py took 0.098 seconds
