[2024-11-23T11:22:52.107+0000] {processor.py:186} INFO - Started process (PID=106) to work on /home/airflow/.local/lib/python3.12/site-packages/airflow/example_dags/example_kubernetes_executor.py
[2024-11-23T11:22:52.108+0000] {processor.py:914} INFO - Processing file /home/airflow/.local/lib/python3.12/site-packages/airflow/example_dags/example_kubernetes_executor.py for tasks to queue
[2024-11-23T11:22:52.111+0000] {logging_mixin.py:190} INFO - [2024-11-23T11:22:52.110+0000] {dagbag.py:588} INFO - Filling up the DagBag from /home/airflow/.local/lib/python3.12/site-packages/airflow/example_dags/example_kubernetes_executor.py
[2024-11-23T11:22:52.126+0000] {processor.py:925} INFO - DAG(s) 'example_kubernetes_executor' retrieved from /home/airflow/.local/lib/python3.12/site-packages/airflow/example_dags/example_kubernetes_executor.py
[2024-11-23T11:22:52.266+0000] {logging_mixin.py:190} INFO - [2024-11-23T11:22:52.265+0000] {override.py:1911} INFO - Created Permission View: can edit on DAG:example_kubernetes_executor
[2024-11-23T11:22:52.282+0000] {logging_mixin.py:190} INFO - [2024-11-23T11:22:52.282+0000] {override.py:1911} INFO - Created Permission View: can delete on DAG:example_kubernetes_executor
[2024-11-23T11:22:52.297+0000] {logging_mixin.py:190} INFO - [2024-11-23T11:22:52.297+0000] {override.py:1911} INFO - Created Permission View: can read on DAG:example_kubernetes_executor
[2024-11-23T11:22:52.324+0000] {logging_mixin.py:190} INFO - [2024-11-23T11:22:52.324+0000] {override.py:1911} INFO - Created Permission View: can delete on DAG Run:example_kubernetes_executor
[2024-11-23T11:22:52.336+0000] {logging_mixin.py:190} INFO - [2024-11-23T11:22:52.336+0000] {override.py:1911} INFO - Created Permission View: can create on DAG Run:example_kubernetes_executor
[2024-11-23T11:22:52.350+0000] {logging_mixin.py:190} INFO - [2024-11-23T11:22:52.349+0000] {override.py:1911} INFO - Created Permission View: can read on DAG Run:example_kubernetes_executor
[2024-11-23T11:22:52.365+0000] {logging_mixin.py:190} INFO - [2024-11-23T11:22:52.365+0000] {override.py:1911} INFO - Created Permission View: menu access on DAG Run:example_kubernetes_executor
[2024-11-23T11:22:52.366+0000] {logging_mixin.py:190} INFO - [2024-11-23T11:22:52.365+0000] {dag.py:3239} INFO - Sync 1 DAGs
[2024-11-23T11:22:52.380+0000] {logging_mixin.py:190} INFO - [2024-11-23T11:22:52.379+0000] {dag.py:3262} INFO - Creating ORM DAG for example_kubernetes_executor
[2024-11-23T11:22:52.380+0000] {logging_mixin.py:190} INFO - [2024-11-23T11:22:52.380+0000] {dag.py:4180} INFO - Setting next_dagrun for example_kubernetes_executor to None, run_after=None
[2024-11-23T11:22:52.403+0000] {processor.py:208} INFO - Processing /home/airflow/.local/lib/python3.12/site-packages/airflow/example_dags/example_kubernetes_executor.py took 0.303 seconds
[2024-11-23T11:23:23.131+0000] {processor.py:186} INFO - Started process (PID=169) to work on /home/airflow/.local/lib/python3.12/site-packages/airflow/example_dags/example_kubernetes_executor.py
[2024-11-23T11:23:23.133+0000] {processor.py:914} INFO - Processing file /home/airflow/.local/lib/python3.12/site-packages/airflow/example_dags/example_kubernetes_executor.py for tasks to queue
[2024-11-23T11:23:23.136+0000] {logging_mixin.py:190} INFO - [2024-11-23T11:23:23.136+0000] {dagbag.py:588} INFO - Filling up the DagBag from /home/airflow/.local/lib/python3.12/site-packages/airflow/example_dags/example_kubernetes_executor.py
[2024-11-23T11:23:23.154+0000] {processor.py:925} INFO - DAG(s) 'example_kubernetes_executor' retrieved from /home/airflow/.local/lib/python3.12/site-packages/airflow/example_dags/example_kubernetes_executor.py
[2024-11-23T11:23:23.213+0000] {logging_mixin.py:190} INFO - [2024-11-23T11:23:23.212+0000] {dag.py:3239} INFO - Sync 1 DAGs
[2024-11-23T11:23:23.236+0000] {logging_mixin.py:190} INFO - [2024-11-23T11:23:23.236+0000] {dag.py:4180} INFO - Setting next_dagrun for example_kubernetes_executor to None, run_after=None
[2024-11-23T11:23:23.264+0000] {processor.py:208} INFO - Processing /home/airflow/.local/lib/python3.12/site-packages/airflow/example_dags/example_kubernetes_executor.py took 0.141 seconds
