[2024-11-23T11:22:52.401+0000] {processor.py:186} INFO - Started process (PID=107) to work on /home/airflow/.local/lib/python3.12/site-packages/airflow/example_dags/tutorial_taskflow_templates.py
[2024-11-23T11:22:52.402+0000] {processor.py:914} INFO - Processing file /home/airflow/.local/lib/python3.12/site-packages/airflow/example_dags/tutorial_taskflow_templates.py for tasks to queue
[2024-11-23T11:22:52.404+0000] {logging_mixin.py:190} INFO - [2024-11-23T11:22:52.404+0000] {dagbag.py:588} INFO - Filling up the DagBag from /home/airflow/.local/lib/python3.12/site-packages/airflow/example_dags/tutorial_taskflow_templates.py
[2024-11-23T11:22:52.420+0000] {processor.py:925} INFO - DAG(s) 'tutorial_taskflow_templates' retrieved from /home/airflow/.local/lib/python3.12/site-packages/airflow/example_dags/tutorial_taskflow_templates.py
[2024-11-23T11:22:52.538+0000] {logging_mixin.py:190} INFO - [2024-11-23T11:22:52.537+0000] {override.py:1911} INFO - Created Permission View: can edit on DAG:tutorial_taskflow_templates
[2024-11-23T11:22:52.551+0000] {logging_mixin.py:190} INFO - [2024-11-23T11:22:52.551+0000] {override.py:1911} INFO - Created Permission View: can delete on DAG:tutorial_taskflow_templates
[2024-11-23T11:22:52.561+0000] {logging_mixin.py:190} INFO - [2024-11-23T11:22:52.560+0000] {override.py:1911} INFO - Created Permission View: can read on DAG:tutorial_taskflow_templates
[2024-11-23T11:22:52.582+0000] {logging_mixin.py:190} INFO - [2024-11-23T11:22:52.582+0000] {override.py:1911} INFO - Created Permission View: can delete on DAG Run:tutorial_taskflow_templates
[2024-11-23T11:22:52.596+0000] {logging_mixin.py:190} INFO - [2024-11-23T11:22:52.596+0000] {override.py:1911} INFO - Created Permission View: can create on DAG Run:tutorial_taskflow_templates
[2024-11-23T11:22:52.608+0000] {logging_mixin.py:190} INFO - [2024-11-23T11:22:52.608+0000] {override.py:1911} INFO - Created Permission View: can read on DAG Run:tutorial_taskflow_templates
[2024-11-23T11:22:52.619+0000] {logging_mixin.py:190} INFO - [2024-11-23T11:22:52.619+0000] {override.py:1911} INFO - Created Permission View: menu access on DAG Run:tutorial_taskflow_templates
[2024-11-23T11:22:52.620+0000] {logging_mixin.py:190} INFO - [2024-11-23T11:22:52.619+0000] {dag.py:3239} INFO - Sync 1 DAGs
[2024-11-23T11:22:52.634+0000] {logging_mixin.py:190} INFO - [2024-11-23T11:22:52.634+0000] {dag.py:3262} INFO - Creating ORM DAG for tutorial_taskflow_templates
[2024-11-23T11:22:52.645+0000] {logging_mixin.py:190} INFO - [2024-11-23T11:22:52.645+0000] {dag.py:4180} INFO - Setting next_dagrun for tutorial_taskflow_templates to 2024-11-22 00:00:00+00:00, run_after=2024-11-23 00:00:00+00:00
[2024-11-23T11:22:52.668+0000] {processor.py:208} INFO - Processing /home/airflow/.local/lib/python3.12/site-packages/airflow/example_dags/tutorial_taskflow_templates.py took 0.274 seconds
[2024-11-23T11:23:23.281+0000] {processor.py:186} INFO - Started process (PID=170) to work on /home/airflow/.local/lib/python3.12/site-packages/airflow/example_dags/tutorial_taskflow_templates.py
[2024-11-23T11:23:23.282+0000] {processor.py:914} INFO - Processing file /home/airflow/.local/lib/python3.12/site-packages/airflow/example_dags/tutorial_taskflow_templates.py for tasks to queue
[2024-11-23T11:23:23.286+0000] {logging_mixin.py:190} INFO - [2024-11-23T11:23:23.285+0000] {dagbag.py:588} INFO - Filling up the DagBag from /home/airflow/.local/lib/python3.12/site-packages/airflow/example_dags/tutorial_taskflow_templates.py
[2024-11-23T11:23:23.305+0000] {processor.py:925} INFO - DAG(s) 'tutorial_taskflow_templates' retrieved from /home/airflow/.local/lib/python3.12/site-packages/airflow/example_dags/tutorial_taskflow_templates.py
[2024-11-23T11:23:23.327+0000] {logging_mixin.py:190} INFO - [2024-11-23T11:23:23.327+0000] {dag.py:3239} INFO - Sync 1 DAGs
[2024-11-23T11:23:23.361+0000] {logging_mixin.py:190} INFO - [2024-11-23T11:23:23.361+0000] {dag.py:4180} INFO - Setting next_dagrun for tutorial_taskflow_templates to 2024-11-22 00:00:00+00:00, run_after=2024-11-23 00:00:00+00:00
[2024-11-23T11:23:23.386+0000] {processor.py:208} INFO - Processing /home/airflow/.local/lib/python3.12/site-packages/airflow/example_dags/tutorial_taskflow_templates.py took 0.115 seconds
