[2024-11-23T11:22:45.126+0000] {processor.py:186} INFO - Started process (PID=85) to work on /home/airflow/.local/lib/python3.12/site-packages/airflow/example_dags/tutorial_taskflow_api_virtualenv.py
[2024-11-23T11:22:45.127+0000] {processor.py:914} INFO - Processing file /home/airflow/.local/lib/python3.12/site-packages/airflow/example_dags/tutorial_taskflow_api_virtualenv.py for tasks to queue
[2024-11-23T11:22:45.130+0000] {logging_mixin.py:190} INFO - [2024-11-23T11:22:45.130+0000] {dagbag.py:588} INFO - Filling up the DagBag from /home/airflow/.local/lib/python3.12/site-packages/airflow/example_dags/tutorial_taskflow_api_virtualenv.py
[2024-11-23T11:22:45.161+0000] {processor.py:925} INFO - DAG(s) 'tutorial_taskflow_api_virtualenv' retrieved from /home/airflow/.local/lib/python3.12/site-packages/airflow/example_dags/tutorial_taskflow_api_virtualenv.py
[2024-11-23T11:22:45.372+0000] {logging_mixin.py:190} INFO - [2024-11-23T11:22:45.371+0000] {override.py:1911} INFO - Created Permission View: can edit on DAG:tutorial_taskflow_api_virtualenv
[2024-11-23T11:22:45.410+0000] {logging_mixin.py:190} INFO - [2024-11-23T11:22:45.410+0000] {override.py:1911} INFO - Created Permission View: can delete on DAG:tutorial_taskflow_api_virtualenv
[2024-11-23T11:22:45.424+0000] {logging_mixin.py:190} INFO - [2024-11-23T11:22:45.423+0000] {override.py:1911} INFO - Created Permission View: can read on DAG:tutorial_taskflow_api_virtualenv
[2024-11-23T11:22:45.442+0000] {logging_mixin.py:190} INFO - [2024-11-23T11:22:45.441+0000] {override.py:1911} INFO - Created Permission View: can delete on DAG Run:tutorial_taskflow_api_virtualenv
[2024-11-23T11:22:45.456+0000] {logging_mixin.py:190} INFO - [2024-11-23T11:22:45.455+0000] {override.py:1911} INFO - Created Permission View: can create on DAG Run:tutorial_taskflow_api_virtualenv
[2024-11-23T11:22:45.468+0000] {logging_mixin.py:190} INFO - [2024-11-23T11:22:45.467+0000] {override.py:1911} INFO - Created Permission View: can read on DAG Run:tutorial_taskflow_api_virtualenv
[2024-11-23T11:22:45.532+0000] {logging_mixin.py:190} INFO - [2024-11-23T11:22:45.532+0000] {override.py:1911} INFO - Created Permission View: menu access on DAG Run:tutorial_taskflow_api_virtualenv
[2024-11-23T11:22:45.533+0000] {logging_mixin.py:190} INFO - [2024-11-23T11:22:45.533+0000] {dag.py:3239} INFO - Sync 1 DAGs
[2024-11-23T11:22:45.546+0000] {logging_mixin.py:190} INFO - [2024-11-23T11:22:45.546+0000] {dag.py:3262} INFO - Creating ORM DAG for tutorial_taskflow_api_virtualenv
[2024-11-23T11:22:45.547+0000] {logging_mixin.py:190} INFO - [2024-11-23T11:22:45.547+0000] {dag.py:4180} INFO - Setting next_dagrun for tutorial_taskflow_api_virtualenv to None, run_after=None
[2024-11-23T11:22:45.575+0000] {processor.py:208} INFO - Processing /home/airflow/.local/lib/python3.12/site-packages/airflow/example_dags/tutorial_taskflow_api_virtualenv.py took 0.458 seconds
[2024-11-23T11:23:15.930+0000] {processor.py:186} INFO - Started process (PID=148) to work on /home/airflow/.local/lib/python3.12/site-packages/airflow/example_dags/tutorial_taskflow_api_virtualenv.py
[2024-11-23T11:23:15.932+0000] {processor.py:914} INFO - Processing file /home/airflow/.local/lib/python3.12/site-packages/airflow/example_dags/tutorial_taskflow_api_virtualenv.py for tasks to queue
[2024-11-23T11:23:15.934+0000] {logging_mixin.py:190} INFO - [2024-11-23T11:23:15.934+0000] {dagbag.py:588} INFO - Filling up the DagBag from /home/airflow/.local/lib/python3.12/site-packages/airflow/example_dags/tutorial_taskflow_api_virtualenv.py
[2024-11-23T11:23:15.952+0000] {processor.py:925} INFO - DAG(s) 'tutorial_taskflow_api_virtualenv' retrieved from /home/airflow/.local/lib/python3.12/site-packages/airflow/example_dags/tutorial_taskflow_api_virtualenv.py
[2024-11-23T11:23:15.980+0000] {logging_mixin.py:190} INFO - [2024-11-23T11:23:15.980+0000] {dag.py:3239} INFO - Sync 1 DAGs
[2024-11-23T11:23:16.005+0000] {logging_mixin.py:190} INFO - [2024-11-23T11:23:16.005+0000] {dag.py:4180} INFO - Setting next_dagrun for tutorial_taskflow_api_virtualenv to None, run_after=None
[2024-11-23T11:23:16.039+0000] {processor.py:208} INFO - Processing /home/airflow/.local/lib/python3.12/site-packages/airflow/example_dags/tutorial_taskflow_api_virtualenv.py took 0.116 seconds
