[2024-11-23T11:22:46.415+0000] {processor.py:186} INFO - Started process (PID=89) to work on /home/airflow/.local/lib/python3.12/site-packages/airflow/example_dags/tutorial_taskflow_api.py
[2024-11-23T11:22:46.416+0000] {processor.py:914} INFO - Processing file /home/airflow/.local/lib/python3.12/site-packages/airflow/example_dags/tutorial_taskflow_api.py for tasks to queue
[2024-11-23T11:22:46.418+0000] {logging_mixin.py:190} INFO - [2024-11-23T11:22:46.417+0000] {dagbag.py:588} INFO - Filling up the DagBag from /home/airflow/.local/lib/python3.12/site-packages/airflow/example_dags/tutorial_taskflow_api.py
[2024-11-23T11:22:46.426+0000] {processor.py:925} INFO - DAG(s) 'tutorial_taskflow_api' retrieved from /home/airflow/.local/lib/python3.12/site-packages/airflow/example_dags/tutorial_taskflow_api.py
[2024-11-23T11:22:46.527+0000] {logging_mixin.py:190} INFO - [2024-11-23T11:22:46.526+0000] {override.py:1911} INFO - Created Permission View: can edit on DAG:tutorial_taskflow_api
[2024-11-23T11:22:46.543+0000] {logging_mixin.py:190} INFO - [2024-11-23T11:22:46.543+0000] {override.py:1911} INFO - Created Permission View: can delete on DAG:tutorial_taskflow_api
[2024-11-23T11:22:46.556+0000] {logging_mixin.py:190} INFO - [2024-11-23T11:22:46.555+0000] {override.py:1911} INFO - Created Permission View: can read on DAG:tutorial_taskflow_api
[2024-11-23T11:22:46.574+0000] {logging_mixin.py:190} INFO - [2024-11-23T11:22:46.573+0000] {override.py:1911} INFO - Created Permission View: can delete on DAG Run:tutorial_taskflow_api
[2024-11-23T11:22:46.584+0000] {logging_mixin.py:190} INFO - [2024-11-23T11:22:46.584+0000] {override.py:1911} INFO - Created Permission View: can create on DAG Run:tutorial_taskflow_api
[2024-11-23T11:22:46.598+0000] {logging_mixin.py:190} INFO - [2024-11-23T11:22:46.598+0000] {override.py:1911} INFO - Created Permission View: can read on DAG Run:tutorial_taskflow_api
[2024-11-23T11:22:46.609+0000] {logging_mixin.py:190} INFO - [2024-11-23T11:22:46.609+0000] {override.py:1911} INFO - Created Permission View: menu access on DAG Run:tutorial_taskflow_api
[2024-11-23T11:22:46.609+0000] {logging_mixin.py:190} INFO - [2024-11-23T11:22:46.609+0000] {dag.py:3239} INFO - Sync 1 DAGs
[2024-11-23T11:22:46.623+0000] {logging_mixin.py:190} INFO - [2024-11-23T11:22:46.622+0000] {dag.py:3262} INFO - Creating ORM DAG for tutorial_taskflow_api
[2024-11-23T11:22:46.623+0000] {logging_mixin.py:190} INFO - [2024-11-23T11:22:46.623+0000] {dag.py:4180} INFO - Setting next_dagrun for tutorial_taskflow_api to None, run_after=None
[2024-11-23T11:22:46.646+0000] {processor.py:208} INFO - Processing /home/airflow/.local/lib/python3.12/site-packages/airflow/example_dags/tutorial_taskflow_api.py took 0.236 seconds
[2024-11-23T11:23:17.294+0000] {processor.py:186} INFO - Started process (PID=151) to work on /home/airflow/.local/lib/python3.12/site-packages/airflow/example_dags/tutorial_taskflow_api.py
[2024-11-23T11:23:17.295+0000] {processor.py:914} INFO - Processing file /home/airflow/.local/lib/python3.12/site-packages/airflow/example_dags/tutorial_taskflow_api.py for tasks to queue
[2024-11-23T11:23:17.298+0000] {logging_mixin.py:190} INFO - [2024-11-23T11:23:17.298+0000] {dagbag.py:588} INFO - Filling up the DagBag from /home/airflow/.local/lib/python3.12/site-packages/airflow/example_dags/tutorial_taskflow_api.py
[2024-11-23T11:23:17.305+0000] {processor.py:925} INFO - DAG(s) 'tutorial_taskflow_api' retrieved from /home/airflow/.local/lib/python3.12/site-packages/airflow/example_dags/tutorial_taskflow_api.py
[2024-11-23T11:23:17.327+0000] {logging_mixin.py:190} INFO - [2024-11-23T11:23:17.327+0000] {dag.py:3239} INFO - Sync 1 DAGs
[2024-11-23T11:23:17.341+0000] {logging_mixin.py:190} INFO - [2024-11-23T11:23:17.341+0000] {dag.py:4180} INFO - Setting next_dagrun for tutorial_taskflow_api to None, run_after=None
[2024-11-23T11:23:17.368+0000] {processor.py:208} INFO - Processing /home/airflow/.local/lib/python3.12/site-packages/airflow/example_dags/tutorial_taskflow_api.py took 0.080 seconds
