[2024-11-23T11:22:40.744+0000] {processor.py:186} INFO - Started process (PID=71) to work on /home/airflow/.local/lib/python3.12/site-packages/airflow/example_dags/tutorial_dag.py
[2024-11-23T11:22:40.745+0000] {processor.py:914} INFO - Processing file /home/airflow/.local/lib/python3.12/site-packages/airflow/example_dags/tutorial_dag.py for tasks to queue
[2024-11-23T11:22:40.748+0000] {logging_mixin.py:190} INFO - [2024-11-23T11:22:40.747+0000] {dagbag.py:588} INFO - Filling up the DagBag from /home/airflow/.local/lib/python3.12/site-packages/airflow/example_dags/tutorial_dag.py
[2024-11-23T11:22:40.758+0000] {processor.py:925} INFO - DAG(s) 'tutorial_dag' retrieved from /home/airflow/.local/lib/python3.12/site-packages/airflow/example_dags/tutorial_dag.py
[2024-11-23T11:22:40.919+0000] {logging_mixin.py:190} INFO - [2024-11-23T11:22:40.918+0000] {override.py:1911} INFO - Created Permission View: can edit on DAG:tutorial_dag
[2024-11-23T11:22:40.933+0000] {logging_mixin.py:190} INFO - [2024-11-23T11:22:40.933+0000] {override.py:1911} INFO - Created Permission View: can delete on DAG:tutorial_dag
[2024-11-23T11:22:40.943+0000] {logging_mixin.py:190} INFO - [2024-11-23T11:22:40.942+0000] {override.py:1911} INFO - Created Permission View: can read on DAG:tutorial_dag
[2024-11-23T11:22:40.964+0000] {logging_mixin.py:190} INFO - [2024-11-23T11:22:40.964+0000] {override.py:1911} INFO - Created Permission View: can delete on DAG Run:tutorial_dag
[2024-11-23T11:22:40.976+0000] {logging_mixin.py:190} INFO - [2024-11-23T11:22:40.975+0000] {override.py:1911} INFO - Created Permission View: can create on DAG Run:tutorial_dag
[2024-11-23T11:22:40.987+0000] {logging_mixin.py:190} INFO - [2024-11-23T11:22:40.986+0000] {override.py:1911} INFO - Created Permission View: can read on DAG Run:tutorial_dag
[2024-11-23T11:22:40.998+0000] {logging_mixin.py:190} INFO - [2024-11-23T11:22:40.997+0000] {override.py:1911} INFO - Created Permission View: menu access on DAG Run:tutorial_dag
[2024-11-23T11:22:40.998+0000] {logging_mixin.py:190} INFO - [2024-11-23T11:22:40.998+0000] {dag.py:3239} INFO - Sync 1 DAGs
[2024-11-23T11:22:41.014+0000] {logging_mixin.py:190} INFO - [2024-11-23T11:22:41.014+0000] {dag.py:3262} INFO - Creating ORM DAG for tutorial_dag
[2024-11-23T11:22:41.015+0000] {logging_mixin.py:190} INFO - [2024-11-23T11:22:41.015+0000] {dag.py:4180} INFO - Setting next_dagrun for tutorial_dag to None, run_after=None
[2024-11-23T11:22:41.070+0000] {processor.py:208} INFO - Processing /home/airflow/.local/lib/python3.12/site-packages/airflow/example_dags/tutorial_dag.py took 0.332 seconds
[2024-11-23T11:23:12.088+0000] {processor.py:186} INFO - Started process (PID=134) to work on /home/airflow/.local/lib/python3.12/site-packages/airflow/example_dags/tutorial_dag.py
[2024-11-23T11:23:12.089+0000] {processor.py:914} INFO - Processing file /home/airflow/.local/lib/python3.12/site-packages/airflow/example_dags/tutorial_dag.py for tasks to queue
[2024-11-23T11:23:12.092+0000] {logging_mixin.py:190} INFO - [2024-11-23T11:23:12.092+0000] {dagbag.py:588} INFO - Filling up the DagBag from /home/airflow/.local/lib/python3.12/site-packages/airflow/example_dags/tutorial_dag.py
[2024-11-23T11:23:12.099+0000] {processor.py:925} INFO - DAG(s) 'tutorial_dag' retrieved from /home/airflow/.local/lib/python3.12/site-packages/airflow/example_dags/tutorial_dag.py
[2024-11-23T11:23:12.127+0000] {logging_mixin.py:190} INFO - [2024-11-23T11:23:12.126+0000] {dag.py:3239} INFO - Sync 1 DAGs
[2024-11-23T11:23:12.144+0000] {logging_mixin.py:190} INFO - [2024-11-23T11:23:12.144+0000] {dag.py:4180} INFO - Setting next_dagrun for tutorial_dag to None, run_after=None
[2024-11-23T11:23:12.176+0000] {processor.py:208} INFO - Processing /home/airflow/.local/lib/python3.12/site-packages/airflow/example_dags/tutorial_dag.py took 0.094 seconds
