[2024-11-24T05:27:36.600+0000] {local_task_job_runner.py:123} INFO - ::group::Pre task execution logs
[2024-11-24T05:27:36.617+0000] {taskinstance.py:2613} INFO - Dependencies all met for dep_context=non-requeueable deps ti=<TaskInstance: interpark_to_s3.extract scheduled__2024-11-23T00:00:00+00:00 [queued]>
[2024-11-24T05:27:36.625+0000] {taskinstance.py:2613} INFO - Dependencies all met for dep_context=requeueable deps ti=<TaskInstance: interpark_to_s3.extract scheduled__2024-11-23T00:00:00+00:00 [queued]>
[2024-11-24T05:27:36.625+0000] {taskinstance.py:2866} INFO - Starting attempt 7 of 8
[2024-11-24T05:27:36.642+0000] {taskinstance.py:2889} INFO - Executing <Task(PythonVirtualenvOperator): extract> on 2024-11-23 00:00:00+00:00
[2024-11-24T05:27:36.649+0000] {warnings.py:112} WARNING - /home/***/.local/lib/python3.12/site-packages/***/task/task_runner/standard_task_runner.py:70: DeprecationWarning: This process (pid=53) is multi-threaded, use of fork() may lead to deadlocks in the child.
  pid = os.fork()

[2024-11-24T05:27:36.650+0000] {standard_task_runner.py:72} INFO - Started process 54 to run task
[2024-11-24T05:27:36.650+0000] {standard_task_runner.py:104} INFO - Running: ['***', 'tasks', 'run', 'interpark_to_s3', 'extract', 'scheduled__2024-11-23T00:00:00+00:00', '--job-id', '80', '--raw', '--subdir', 'DAGS_FOLDER/test.py', '--cfg-path', '/tmp/tmpitw82yee']
[2024-11-24T05:27:36.651+0000] {standard_task_runner.py:105} INFO - Job 80: Subtask extract
[2024-11-24T05:27:36.697+0000] {task_command.py:467} INFO - Running <TaskInstance: interpark_to_s3.extract scheduled__2024-11-23T00:00:00+00:00 [running]> on host 3e562e64346e
[2024-11-24T05:27:36.776+0000] {taskinstance.py:3132} INFO - Exporting env vars: AIRFLOW_CTX_DAG_OWNER='***' AIRFLOW_CTX_DAG_ID='interpark_to_s3' AIRFLOW_CTX_TASK_ID='extract' AIRFLOW_CTX_EXECUTION_DATE='2024-11-23T00:00:00+00:00' AIRFLOW_CTX_TRY_NUMBER='7' AIRFLOW_CTX_DAG_RUN_ID='scheduled__2024-11-23T00:00:00+00:00'
[2024-11-24T05:27:36.776+0000] {taskinstance.py:731} INFO - ::endgroup::
[2024-11-24T05:27:36.805+0000] {baseoperator.py:416} WARNING - PythonVirtualenvOperator.execute cannot be called outside TaskInstance!
[2024-11-24T05:27:36.806+0000] {process_utils.py:186} INFO - Executing cmd: /home/***/.local/bin/python -m virtualenv /tmp/venvajl8_vo5 --python=python
[2024-11-24T05:27:36.806+0000] {process_utils.py:190} INFO - Output:
[2024-11-24T05:27:37.877+0000] {process_utils.py:194} INFO - created virtual environment CPython3.12.7.final.0-64 in 506ms
[2024-11-24T05:27:37.879+0000] {process_utils.py:194} INFO -   creator CPython3Posix(dest=/tmp/venvajl8_vo5, clear=False, no_vcs_ignore=False, global=False)
[2024-11-24T05:27:37.880+0000] {process_utils.py:194} INFO -   seeder FromAppData(download=False, pip=bundle, via=copy, app_data_dir=/home/***/.local/share/virtualenv)
[2024-11-24T05:27:37.880+0000] {process_utils.py:194} INFO -     added seed packages: pip==24.3.1
[2024-11-24T05:27:37.880+0000] {process_utils.py:194} INFO -   activators BashActivator,CShellActivator,FishActivator,NushellActivator,PowerShellActivator,PythonActivator
[2024-11-24T05:27:37.910+0000] {process_utils.py:186} INFO - Executing cmd: /tmp/venvajl8_vo5/bin/pip install -r /tmp/venvajl8_vo5/requirements.txt
[2024-11-24T05:27:37.912+0000] {process_utils.py:190} INFO - Output:
[2024-11-24T05:27:39.419+0000] {process_utils.py:194} INFO - Collecting git+https://github.com/hahahellooo/interpark.git@0.3/new_crawling (from -r /tmp/venvajl8_vo5/requirements.txt (line 1))
[2024-11-24T05:27:39.420+0000] {process_utils.py:194} INFO -   Cloning https://github.com/hahahellooo/interpark.git (to revision 0.3/new_crawling) to /tmp/pip-req-build-9mcu5v4w
[2024-11-24T05:27:39.422+0000] {process_utils.py:194} INFO -   Running command git clone --filter=blob:none --quiet https://github.com/hahahellooo/interpark.git /tmp/pip-req-build-9mcu5v4w
[2024-11-24T05:27:40.874+0000] {process_utils.py:194} INFO -   Running command git checkout -b 0.3/new_crawling --track origin/0.3/new_crawling
[2024-11-24T05:27:41.374+0000] {process_utils.py:194} INFO -   Switched to a new branch '0.3/new_crawling'
[2024-11-24T05:27:41.374+0000] {process_utils.py:194} INFO -   branch '0.3/new_crawling' set up to track 'origin/0.3/new_crawling'.
[2024-11-24T05:27:41.374+0000] {process_utils.py:194} INFO -   Resolved https://github.com/hahahellooo/interpark.git to commit 379e6cf1ae77a0a5c64830a315ded1cc0586f658
[2024-11-24T05:27:41.380+0000] {process_utils.py:194} INFO -   Installing build dependencies: started
[2024-11-24T05:27:43.474+0000] {process_utils.py:194} INFO -   Installing build dependencies: finished with status 'done'
[2024-11-24T05:27:43.475+0000] {process_utils.py:194} INFO -   Getting requirements to build wheel: started
[2024-11-24T05:27:44.110+0000] {process_utils.py:194} INFO -   Getting requirements to build wheel: finished with status 'done'
[2024-11-24T05:27:44.112+0000] {process_utils.py:194} INFO -   Preparing metadata (pyproject.toml): started
[2024-11-24T05:27:44.757+0000] {process_utils.py:194} INFO -   Preparing metadata (pyproject.toml): finished with status 'done'
[2024-11-24T05:27:44.866+0000] {process_utils.py:194} INFO - Collecting selenium>=4.26.1 (from interpark==0.1.2->-r /tmp/venvajl8_vo5/requirements.txt (line 1))
[2024-11-24T05:27:44.904+0000] {process_utils.py:194} INFO -   Downloading selenium-4.26.1-py3-none-any.whl.metadata (7.1 kB)
[2024-11-24T05:27:44.956+0000] {process_utils.py:194} INFO - Collecting beautifulsoup4>=4.12.3 (from interpark==0.1.2->-r /tmp/venvajl8_vo5/requirements.txt (line 1))
[2024-11-24T05:27:44.963+0000] {process_utils.py:194} INFO -   Downloading beautifulsoup4-4.12.3-py3-none-any.whl.metadata (3.8 kB)
[2024-11-24T05:27:45.017+0000] {process_utils.py:194} INFO - Collecting webdriver-manager>=4.0.2 (from interpark==0.1.2->-r /tmp/venvajl8_vo5/requirements.txt (line 1))
[2024-11-24T05:27:45.023+0000] {process_utils.py:194} INFO -   Downloading webdriver_manager-4.0.2-py2.py3-none-any.whl.metadata (12 kB)
[2024-11-24T05:27:45.080+0000] {process_utils.py:194} INFO - Collecting soupsieve>1.2 (from beautifulsoup4>=4.12.3->interpark==0.1.2->-r /tmp/venvajl8_vo5/requirements.txt (line 1))
[2024-11-24T05:27:45.086+0000] {process_utils.py:194} INFO -   Downloading soupsieve-2.6-py3-none-any.whl.metadata (4.6 kB)
[2024-11-24T05:27:45.170+0000] {process_utils.py:194} INFO - Collecting urllib3<3,>=1.26 (from urllib3[socks]<3,>=1.26->selenium>=4.26.1->interpark==0.1.2->-r /tmp/venvajl8_vo5/requirements.txt (line 1))
[2024-11-24T05:27:45.176+0000] {process_utils.py:194} INFO -   Downloading urllib3-2.2.3-py3-none-any.whl.metadata (6.5 kB)
[2024-11-24T05:27:45.235+0000] {process_utils.py:194} INFO - Collecting trio~=0.17 (from selenium>=4.26.1->interpark==0.1.2->-r /tmp/venvajl8_vo5/requirements.txt (line 1))
[2024-11-24T05:27:45.241+0000] {process_utils.py:194} INFO -   Downloading trio-0.27.0-py3-none-any.whl.metadata (8.6 kB)
[2024-11-24T05:27:45.285+0000] {process_utils.py:194} INFO - Collecting trio-websocket~=0.9 (from selenium>=4.26.1->interpark==0.1.2->-r /tmp/venvajl8_vo5/requirements.txt (line 1))
[2024-11-24T05:27:45.291+0000] {process_utils.py:194} INFO -   Downloading trio_websocket-0.11.1-py3-none-any.whl.metadata (4.7 kB)
[2024-11-24T05:27:45.350+0000] {process_utils.py:194} INFO - Collecting certifi>=2021.10.8 (from selenium>=4.26.1->interpark==0.1.2->-r /tmp/venvajl8_vo5/requirements.txt (line 1))
[2024-11-24T05:27:45.355+0000] {process_utils.py:194} INFO -   Downloading certifi-2024.8.30-py3-none-any.whl.metadata (2.2 kB)
[2024-11-24T05:27:45.410+0000] {process_utils.py:194} INFO - Collecting typing_extensions~=4.9 (from selenium>=4.26.1->interpark==0.1.2->-r /tmp/venvajl8_vo5/requirements.txt (line 1))
[2024-11-24T05:27:45.416+0000] {process_utils.py:194} INFO -   Downloading typing_extensions-4.12.2-py3-none-any.whl.metadata (3.0 kB)
[2024-11-24T05:27:45.475+0000] {process_utils.py:194} INFO - Collecting websocket-client~=1.8 (from selenium>=4.26.1->interpark==0.1.2->-r /tmp/venvajl8_vo5/requirements.txt (line 1))
[2024-11-24T05:27:45.481+0000] {process_utils.py:194} INFO -   Downloading websocket_client-1.8.0-py3-none-any.whl.metadata (8.0 kB)
[2024-11-24T05:27:45.550+0000] {process_utils.py:194} INFO - Collecting requests (from webdriver-manager>=4.0.2->interpark==0.1.2->-r /tmp/venvajl8_vo5/requirements.txt (line 1))
[2024-11-24T05:27:45.555+0000] {process_utils.py:194} INFO -   Downloading requests-2.32.3-py3-none-any.whl.metadata (4.6 kB)
[2024-11-24T05:27:45.605+0000] {process_utils.py:194} INFO - Collecting python-dotenv (from webdriver-manager>=4.0.2->interpark==0.1.2->-r /tmp/venvajl8_vo5/requirements.txt (line 1))
[2024-11-24T05:27:45.611+0000] {process_utils.py:194} INFO -   Downloading python_dotenv-1.0.1-py3-none-any.whl.metadata (23 kB)
[2024-11-24T05:27:45.670+0000] {process_utils.py:194} INFO - Collecting packaging (from webdriver-manager>=4.0.2->interpark==0.1.2->-r /tmp/venvajl8_vo5/requirements.txt (line 1))
[2024-11-24T05:27:45.676+0000] {process_utils.py:194} INFO -   Downloading packaging-24.2-py3-none-any.whl.metadata (3.2 kB)
[2024-11-24T05:27:45.736+0000] {process_utils.py:194} INFO - Collecting attrs>=23.2.0 (from trio~=0.17->selenium>=4.26.1->interpark==0.1.2->-r /tmp/venvajl8_vo5/requirements.txt (line 1))
[2024-11-24T05:27:45.742+0000] {process_utils.py:194} INFO -   Downloading attrs-24.2.0-py3-none-any.whl.metadata (11 kB)
[2024-11-24T05:27:45.800+0000] {process_utils.py:194} INFO - Collecting sortedcontainers (from trio~=0.17->selenium>=4.26.1->interpark==0.1.2->-r /tmp/venvajl8_vo5/requirements.txt (line 1))
[2024-11-24T05:27:45.805+0000] {process_utils.py:194} INFO -   Downloading sortedcontainers-2.4.0-py2.py3-none-any.whl.metadata (10 kB)
[2024-11-24T05:27:45.856+0000] {process_utils.py:194} INFO - Collecting idna (from trio~=0.17->selenium>=4.26.1->interpark==0.1.2->-r /tmp/venvajl8_vo5/requirements.txt (line 1))
[2024-11-24T05:27:45.863+0000] {process_utils.py:194} INFO -   Downloading idna-3.10-py3-none-any.whl.metadata (10 kB)
[2024-11-24T05:27:45.913+0000] {process_utils.py:194} INFO - Collecting outcome (from trio~=0.17->selenium>=4.26.1->interpark==0.1.2->-r /tmp/venvajl8_vo5/requirements.txt (line 1))
[2024-11-24T05:27:45.918+0000] {process_utils.py:194} INFO -   Downloading outcome-1.3.0.post0-py2.py3-none-any.whl.metadata (2.6 kB)
[2024-11-24T05:27:45.966+0000] {process_utils.py:194} INFO - Collecting sniffio>=1.3.0 (from trio~=0.17->selenium>=4.26.1->interpark==0.1.2->-r /tmp/venvajl8_vo5/requirements.txt (line 1))
[2024-11-24T05:27:45.971+0000] {process_utils.py:194} INFO -   Downloading sniffio-1.3.1-py3-none-any.whl.metadata (3.9 kB)
[2024-11-24T05:27:46.025+0000] {process_utils.py:194} INFO - Collecting wsproto>=0.14 (from trio-websocket~=0.9->selenium>=4.26.1->interpark==0.1.2->-r /tmp/venvajl8_vo5/requirements.txt (line 1))
[2024-11-24T05:27:46.030+0000] {process_utils.py:194} INFO -   Downloading wsproto-1.2.0-py3-none-any.whl.metadata (5.6 kB)
[2024-11-24T05:27:46.080+0000] {process_utils.py:194} INFO - Collecting pysocks!=1.5.7,<2.0,>=1.5.6 (from urllib3[socks]<3,>=1.26->selenium>=4.26.1->interpark==0.1.2->-r /tmp/venvajl8_vo5/requirements.txt (line 1))
[2024-11-24T05:27:46.086+0000] {process_utils.py:194} INFO -   Downloading PySocks-1.7.1-py3-none-any.whl.metadata (13 kB)
[2024-11-24T05:27:46.234+0000] {process_utils.py:194} INFO - Collecting charset-normalizer<4,>=2 (from requests->webdriver-manager>=4.0.2->interpark==0.1.2->-r /tmp/venvajl8_vo5/requirements.txt (line 1))
[2024-11-24T05:27:46.239+0000] {process_utils.py:194} INFO -   Downloading charset_normalizer-3.4.0-cp312-cp312-manylinux_2_17_x86_64.manylinux2014_x86_64.whl.metadata (34 kB)
[2024-11-24T05:27:46.307+0000] {process_utils.py:194} INFO - Collecting h11<1,>=0.9.0 (from wsproto>=0.14->trio-websocket~=0.9->selenium>=4.26.1->interpark==0.1.2->-r /tmp/venvajl8_vo5/requirements.txt (line 1))
[2024-11-24T05:27:46.341+0000] {process_utils.py:194} INFO -   Downloading h11-0.14.0-py3-none-any.whl.metadata (8.2 kB)
[2024-11-24T05:27:46.396+0000] {process_utils.py:194} INFO - Downloading beautifulsoup4-4.12.3-py3-none-any.whl (147 kB)
[2024-11-24T05:27:46.435+0000] {process_utils.py:194} INFO - Downloading selenium-4.26.1-py3-none-any.whl (9.7 MB)
[2024-11-24T05:27:46.702+0000] {process_utils.py:194} INFO -    ━━━━━━━━━━━━━━━━━━━━━━━━━━━━━━━━━━━━━━━━ 9.7/9.7 MB 36.4 MB/s eta 0:00:00
[2024-11-24T05:27:46.708+0000] {process_utils.py:194} INFO - Downloading webdriver_manager-4.0.2-py2.py3-none-any.whl (27 kB)
[2024-11-24T05:27:46.730+0000] {process_utils.py:194} INFO - Downloading certifi-2024.8.30-py3-none-any.whl (167 kB)
[2024-11-24T05:27:46.752+0000] {process_utils.py:194} INFO - Downloading soupsieve-2.6-py3-none-any.whl (36 kB)
[2024-11-24T05:27:46.778+0000] {process_utils.py:194} INFO - Downloading trio-0.27.0-py3-none-any.whl (481 kB)
[2024-11-24T05:27:46.814+0000] {process_utils.py:194} INFO - Downloading trio_websocket-0.11.1-py3-none-any.whl (17 kB)
[2024-11-24T05:27:46.835+0000] {process_utils.py:194} INFO - Downloading typing_extensions-4.12.2-py3-none-any.whl (37 kB)
[2024-11-24T05:27:46.856+0000] {process_utils.py:194} INFO - Downloading urllib3-2.2.3-py3-none-any.whl (126 kB)
[2024-11-24T05:27:46.882+0000] {process_utils.py:194} INFO - Downloading websocket_client-1.8.0-py3-none-any.whl (58 kB)
[2024-11-24T05:27:46.909+0000] {process_utils.py:194} INFO - Downloading packaging-24.2-py3-none-any.whl (65 kB)
[2024-11-24T05:27:46.935+0000] {process_utils.py:194} INFO - Downloading python_dotenv-1.0.1-py3-none-any.whl (19 kB)
[2024-11-24T05:27:46.961+0000] {process_utils.py:194} INFO - Downloading requests-2.32.3-py3-none-any.whl (64 kB)
[2024-11-24T05:27:46.988+0000] {process_utils.py:194} INFO - Downloading attrs-24.2.0-py3-none-any.whl (63 kB)
[2024-11-24T05:27:47.020+0000] {process_utils.py:194} INFO - Downloading charset_normalizer-3.4.0-cp312-cp312-manylinux_2_17_x86_64.manylinux2014_x86_64.whl (143 kB)
[2024-11-24T05:27:47.045+0000] {process_utils.py:194} INFO - Downloading idna-3.10-py3-none-any.whl (70 kB)
[2024-11-24T05:27:47.072+0000] {process_utils.py:194} INFO - Downloading PySocks-1.7.1-py3-none-any.whl (16 kB)
[2024-11-24T05:27:47.097+0000] {process_utils.py:194} INFO - Downloading sniffio-1.3.1-py3-none-any.whl (10 kB)
[2024-11-24T05:27:47.123+0000] {process_utils.py:194} INFO - Downloading wsproto-1.2.0-py3-none-any.whl (24 kB)
[2024-11-24T05:27:47.150+0000] {process_utils.py:194} INFO - Downloading outcome-1.3.0.post0-py2.py3-none-any.whl (10 kB)
[2024-11-24T05:27:47.173+0000] {process_utils.py:194} INFO - Downloading sortedcontainers-2.4.0-py2.py3-none-any.whl (29 kB)
[2024-11-24T05:27:47.192+0000] {process_utils.py:194} INFO - Downloading h11-0.14.0-py3-none-any.whl (58 kB)
[2024-11-24T05:27:47.247+0000] {process_utils.py:194} INFO - Building wheels for collected packages: interpark
[2024-11-24T05:27:47.250+0000] {process_utils.py:194} INFO -   Building wheel for interpark (pyproject.toml): started
[2024-11-24T05:27:47.894+0000] {process_utils.py:194} INFO -   Building wheel for interpark (pyproject.toml): finished with status 'done'
[2024-11-24T05:27:47.896+0000] {process_utils.py:194} INFO -   Created wheel for interpark: filename=interpark-0.1.2-py3-none-any.whl size=19163 sha256=1be5de192fda1ddef62ff34208599c7337e3a8a4c792e146d0934b2e788a3ccd
[2024-11-24T05:27:47.896+0000] {process_utils.py:194} INFO -   Stored in directory: /tmp/pip-ephem-wheel-cache-mmi_5i2e/wheels/3b/e3/3f/2198c53e48ab1c477124eda1522aad636d2590cc0e6349feda
[2024-11-24T05:27:47.897+0000] {process_utils.py:194} INFO - Successfully built interpark
[2024-11-24T05:27:47.936+0000] {process_utils.py:194} INFO - Installing collected packages: sortedcontainers, websocket-client, urllib3, typing_extensions, soupsieve, sniffio, python-dotenv, pysocks, packaging, idna, h11, charset-normalizer, certifi, attrs, wsproto, requests, outcome, beautifulsoup4, webdriver-manager, trio, trio-websocket, selenium, interpark
[2024-11-24T05:27:50.239+0000] {process_utils.py:194} INFO - Successfully installed attrs-24.2.0 beautifulsoup4-4.12.3 certifi-2024.8.30 charset-normalizer-3.4.0 h11-0.14.0 idna-3.10 interpark-0.1.2 outcome-1.3.0.post0 packaging-24.2 pysocks-1.7.1 python-dotenv-1.0.1 requests-2.32.3 selenium-4.26.1 sniffio-1.3.1 sortedcontainers-2.4.0 soupsieve-2.6 trio-0.27.0 trio-websocket-0.11.1 typing_extensions-4.12.2 urllib3-2.2.3 webdriver-manager-4.0.2 websocket-client-1.8.0 wsproto-1.2.0
[2024-11-24T05:27:50.524+0000] {process_utils.py:186} INFO - Executing cmd: /tmp/venvajl8_vo5/bin/python /tmp/venv-callvh48lxu_/script.py /tmp/venv-callvh48lxu_/script.in /tmp/venv-callvh48lxu_/script.out /tmp/venv-callvh48lxu_/string_args.txt /tmp/venv-callvh48lxu_/termination.log
[2024-11-24T05:27:50.525+0000] {process_utils.py:190} INFO - Output:
[2024-11-24T05:27:54.265+0000] {process_utils.py:194} INFO - https://tickets.interpark.com/goods/24016386? 접속 중...
[2024-11-24T05:27:54.266+0000] {process_utils.py:194} INFO - container 영역 HTML 추출 완료
[2024-11-24T05:27:54.266+0000] {process_utils.py:194} INFO - <div id="container">
[2024-11-24T05:27:54.266+0000] {process_utils.py:194} INFO -  <div class="leftWingWrapper">
[2024-11-24T05:27:54.266+0000] {process_utils.py:194} INFO -   <ul>
[2024-11-24T05:27:54.266+0000] {process_utils.py:194} INFO -   </ul>
[2024-11-24T05:27:54.266+0000] {process_utils.py:194} INFO -  </div>
[2024-11-24T05:27:54.267+0000] {process_utils.py:194} INFO -  <div class="contents" style="">
[2024-11-24T05:27:54.267+0000] {process_utils.py:194} INFO -  </div>
[2024-11-24T05:27:54.267+0000] {process_utils.py:194} INFO - </div>
[2024-11-24T05:27:54.267+0000] {process_utils.py:194} INFO - 
[2024-11-24T05:27:54.267+0000] {process_utils.py:194} INFO - txt 저장 완료: formatted_container_output.txt
[2024-11-24T05:27:54.267+0000] {process_utils.py:194} INFO - None
[2024-11-24T05:27:54.407+0000] {python.py:240} INFO - Done. Returned value was: None
[2024-11-24T05:27:54.416+0000] {taskinstance.py:340} INFO - ::group::Post task execution logs
[2024-11-24T05:27:54.417+0000] {taskinstance.py:352} INFO - Marking task as SUCCESS. dag_id=interpark_to_s3, task_id=extract, run_id=scheduled__2024-11-23T00:00:00+00:00, execution_date=20241123T000000, start_date=20241124T052736, end_date=20241124T052754
[2024-11-24T05:27:54.453+0000] {local_task_job_runner.py:266} INFO - Task exited with return code 0
[2024-11-24T05:27:54.466+0000] {taskinstance.py:3895} INFO - 0 downstream tasks scheduled from follow-on schedule check
[2024-11-24T05:27:54.472+0000] {local_task_job_runner.py:245} INFO - ::endgroup::
