[2024-11-24T04:12:33.695+0000] {local_task_job_runner.py:123} INFO - ::group::Pre task execution logs
[2024-11-24T04:12:33.710+0000] {taskinstance.py:2613} INFO - Dependencies all met for dep_context=non-requeueable deps ti=<TaskInstance: interpark_to_s3.extract scheduled__2024-11-23T00:00:00+00:00 [queued]>
[2024-11-24T04:12:33.717+0000] {taskinstance.py:2613} INFO - Dependencies all met for dep_context=requeueable deps ti=<TaskInstance: interpark_to_s3.extract scheduled__2024-11-23T00:00:00+00:00 [queued]>
[2024-11-24T04:12:33.717+0000] {taskinstance.py:2866} INFO - Starting attempt 3 of 4
[2024-11-24T04:12:33.736+0000] {taskinstance.py:2889} INFO - Executing <Task(PythonVirtualenvOperator): extract> on 2024-11-23 00:00:00+00:00
[2024-11-24T04:12:33.741+0000] {warnings.py:112} WARNING - /home/***/.local/lib/python3.12/site-packages/***/task/task_runner/standard_task_runner.py:70: DeprecationWarning: This process (pid=92) is multi-threaded, use of fork() may lead to deadlocks in the child.
  pid = os.fork()

[2024-11-24T04:12:33.743+0000] {standard_task_runner.py:72} INFO - Started process 93 to run task
[2024-11-24T04:12:33.743+0000] {standard_task_runner.py:104} INFO - Running: ['***', 'tasks', 'run', 'interpark_to_s3', 'extract', 'scheduled__2024-11-23T00:00:00+00:00', '--job-id', '72', '--raw', '--subdir', 'DAGS_FOLDER/test.py', '--cfg-path', '/tmp/tmprex2dj6x']
[2024-11-24T04:12:33.744+0000] {standard_task_runner.py:105} INFO - Job 72: Subtask extract
[2024-11-24T04:12:33.785+0000] {task_command.py:467} INFO - Running <TaskInstance: interpark_to_s3.extract scheduled__2024-11-23T00:00:00+00:00 [running]> on host 1dbf63a1709a
[2024-11-24T04:12:33.863+0000] {taskinstance.py:3132} INFO - Exporting env vars: AIRFLOW_CTX_DAG_OWNER='***' AIRFLOW_CTX_DAG_ID='interpark_to_s3' AIRFLOW_CTX_TASK_ID='extract' AIRFLOW_CTX_EXECUTION_DATE='2024-11-23T00:00:00+00:00' AIRFLOW_CTX_TRY_NUMBER='3' AIRFLOW_CTX_DAG_RUN_ID='scheduled__2024-11-23T00:00:00+00:00'
[2024-11-24T04:12:33.863+0000] {taskinstance.py:731} INFO - ::endgroup::
[2024-11-24T04:12:33.896+0000] {baseoperator.py:416} WARNING - PythonVirtualenvOperator.execute cannot be called outside TaskInstance!
[2024-11-24T04:12:33.896+0000] {process_utils.py:186} INFO - Executing cmd: /home/***/.local/bin/python -m virtualenv /tmp/venv4zrht0ql --python=python
[2024-11-24T04:12:33.897+0000] {process_utils.py:190} INFO - Output:
[2024-11-24T04:12:35.110+0000] {process_utils.py:194} INFO - created virtual environment CPython3.12.7.final.0-64 in 590ms
[2024-11-24T04:12:35.110+0000] {process_utils.py:194} INFO -   creator CPython3Posix(dest=/tmp/venv4zrht0ql, clear=False, no_vcs_ignore=False, global=False)
[2024-11-24T04:12:35.111+0000] {process_utils.py:194} INFO -   seeder FromAppData(download=False, pip=bundle, via=copy, app_data_dir=/home/***/.local/share/virtualenv)
[2024-11-24T04:12:35.111+0000] {process_utils.py:194} INFO -     added seed packages: pip==24.3.1
[2024-11-24T04:12:35.111+0000] {process_utils.py:194} INFO -   activators BashActivator,CShellActivator,FishActivator,NushellActivator,PowerShellActivator,PythonActivator
[2024-11-24T04:12:35.151+0000] {process_utils.py:186} INFO - Executing cmd: /tmp/venv4zrht0ql/bin/pip install -r /tmp/venv4zrht0ql/requirements.txt
[2024-11-24T04:12:35.151+0000] {process_utils.py:190} INFO - Output:
[2024-11-24T04:12:36.766+0000] {process_utils.py:194} INFO - Collecting git+https://github.com/hahahellooo/interpark.git@0.3/new_crawling (from -r /tmp/venv4zrht0ql/requirements.txt (line 1))
[2024-11-24T04:12:36.767+0000] {process_utils.py:194} INFO -   Cloning https://github.com/hahahellooo/interpark.git (to revision 0.3/new_crawling) to /tmp/pip-req-build-798lkpz1
[2024-11-24T04:12:36.782+0000] {process_utils.py:194} INFO -   Running command git clone --filter=blob:none --quiet https://github.com/hahahellooo/interpark.git /tmp/pip-req-build-798lkpz1
[2024-11-24T04:12:38.079+0000] {process_utils.py:194} INFO -   Running command git checkout -b 0.3/new_crawling --track origin/0.3/new_crawling
[2024-11-24T04:12:38.572+0000] {process_utils.py:194} INFO -   Switched to a new branch '0.3/new_crawling'
[2024-11-24T04:12:38.572+0000] {process_utils.py:194} INFO -   branch '0.3/new_crawling' set up to track 'origin/0.3/new_crawling'.
[2024-11-24T04:12:38.572+0000] {process_utils.py:194} INFO -   Resolved https://github.com/hahahellooo/interpark.git to commit 2a1aa668aab7935d56a058247cd66baf76afcd24
[2024-11-24T04:12:38.577+0000] {process_utils.py:194} INFO -   Installing build dependencies: started
[2024-11-24T04:12:40.744+0000] {process_utils.py:194} INFO -   Installing build dependencies: finished with status 'done'
[2024-11-24T04:12:40.745+0000] {process_utils.py:194} INFO -   Getting requirements to build wheel: started
[2024-11-24T04:12:41.433+0000] {process_utils.py:194} INFO -   Getting requirements to build wheel: finished with status 'done'
[2024-11-24T04:12:41.435+0000] {process_utils.py:194} INFO -   Preparing metadata (pyproject.toml): started
[2024-11-24T04:12:42.094+0000] {process_utils.py:194} INFO -   Preparing metadata (pyproject.toml): finished with status 'done'
[2024-11-24T04:12:42.201+0000] {process_utils.py:194} INFO - Collecting selenium>=4.26.1 (from interpark==0.1.2->-r /tmp/venv4zrht0ql/requirements.txt (line 1))
[2024-11-24T04:12:42.240+0000] {process_utils.py:194} INFO -   Downloading selenium-4.26.1-py3-none-any.whl.metadata (7.1 kB)
[2024-11-24T04:12:42.300+0000] {process_utils.py:194} INFO - Collecting beautifulsoup4>=4.12.3 (from interpark==0.1.2->-r /tmp/venv4zrht0ql/requirements.txt (line 1))
[2024-11-24T04:12:42.306+0000] {process_utils.py:194} INFO -   Downloading beautifulsoup4-4.12.3-py3-none-any.whl.metadata (3.8 kB)
[2024-11-24T04:12:42.371+0000] {process_utils.py:194} INFO - Collecting webdriver-manager>=4.0.2 (from interpark==0.1.2->-r /tmp/venv4zrht0ql/requirements.txt (line 1))
[2024-11-24T04:12:42.377+0000] {process_utils.py:194} INFO -   Downloading webdriver_manager-4.0.2-py2.py3-none-any.whl.metadata (12 kB)
[2024-11-24T04:12:42.440+0000] {process_utils.py:194} INFO - Collecting soupsieve>1.2 (from beautifulsoup4>=4.12.3->interpark==0.1.2->-r /tmp/venv4zrht0ql/requirements.txt (line 1))
[2024-11-24T04:12:42.447+0000] {process_utils.py:194} INFO -   Downloading soupsieve-2.6-py3-none-any.whl.metadata (4.6 kB)
[2024-11-24T04:12:42.531+0000] {process_utils.py:194} INFO - Collecting urllib3<3,>=1.26 (from urllib3[socks]<3,>=1.26->selenium>=4.26.1->interpark==0.1.2->-r /tmp/venv4zrht0ql/requirements.txt (line 1))
[2024-11-24T04:12:42.539+0000] {process_utils.py:194} INFO -   Downloading urllib3-2.2.3-py3-none-any.whl.metadata (6.5 kB)
[2024-11-24T04:12:42.633+0000] {process_utils.py:194} INFO - Collecting trio~=0.17 (from selenium>=4.26.1->interpark==0.1.2->-r /tmp/venv4zrht0ql/requirements.txt (line 1))
[2024-11-24T04:12:42.639+0000] {process_utils.py:194} INFO -   Downloading trio-0.27.0-py3-none-any.whl.metadata (8.6 kB)
[2024-11-24T04:12:42.688+0000] {process_utils.py:194} INFO - Collecting trio-websocket~=0.9 (from selenium>=4.26.1->interpark==0.1.2->-r /tmp/venv4zrht0ql/requirements.txt (line 1))
[2024-11-24T04:12:42.694+0000] {process_utils.py:194} INFO -   Downloading trio_websocket-0.11.1-py3-none-any.whl.metadata (4.7 kB)
[2024-11-24T04:12:42.750+0000] {process_utils.py:194} INFO - Collecting certifi>=2021.10.8 (from selenium>=4.26.1->interpark==0.1.2->-r /tmp/venv4zrht0ql/requirements.txt (line 1))
[2024-11-24T04:12:42.756+0000] {process_utils.py:194} INFO -   Downloading certifi-2024.8.30-py3-none-any.whl.metadata (2.2 kB)
[2024-11-24T04:12:42.810+0000] {process_utils.py:194} INFO - Collecting typing_extensions~=4.9 (from selenium>=4.26.1->interpark==0.1.2->-r /tmp/venv4zrht0ql/requirements.txt (line 1))
[2024-11-24T04:12:42.816+0000] {process_utils.py:194} INFO -   Downloading typing_extensions-4.12.2-py3-none-any.whl.metadata (3.0 kB)
[2024-11-24T04:12:42.878+0000] {process_utils.py:194} INFO - Collecting websocket-client~=1.8 (from selenium>=4.26.1->interpark==0.1.2->-r /tmp/venv4zrht0ql/requirements.txt (line 1))
[2024-11-24T04:12:42.885+0000] {process_utils.py:194} INFO -   Downloading websocket_client-1.8.0-py3-none-any.whl.metadata (8.0 kB)
[2024-11-24T04:12:42.962+0000] {process_utils.py:194} INFO - Collecting requests (from webdriver-manager>=4.0.2->interpark==0.1.2->-r /tmp/venv4zrht0ql/requirements.txt (line 1))
[2024-11-24T04:12:42.968+0000] {process_utils.py:194} INFO -   Downloading requests-2.32.3-py3-none-any.whl.metadata (4.6 kB)
[2024-11-24T04:12:43.025+0000] {process_utils.py:194} INFO - Collecting python-dotenv (from webdriver-manager>=4.0.2->interpark==0.1.2->-r /tmp/venv4zrht0ql/requirements.txt (line 1))
[2024-11-24T04:12:43.032+0000] {process_utils.py:194} INFO -   Downloading python_dotenv-1.0.1-py3-none-any.whl.metadata (23 kB)
[2024-11-24T04:12:43.090+0000] {process_utils.py:194} INFO - Collecting packaging (from webdriver-manager>=4.0.2->interpark==0.1.2->-r /tmp/venv4zrht0ql/requirements.txt (line 1))
[2024-11-24T04:12:43.095+0000] {process_utils.py:194} INFO -   Downloading packaging-24.2-py3-none-any.whl.metadata (3.2 kB)
[2024-11-24T04:12:43.159+0000] {process_utils.py:194} INFO - Collecting attrs>=23.2.0 (from trio~=0.17->selenium>=4.26.1->interpark==0.1.2->-r /tmp/venv4zrht0ql/requirements.txt (line 1))
[2024-11-24T04:12:43.165+0000] {process_utils.py:194} INFO -   Downloading attrs-24.2.0-py3-none-any.whl.metadata (11 kB)
[2024-11-24T04:12:43.226+0000] {process_utils.py:194} INFO - Collecting sortedcontainers (from trio~=0.17->selenium>=4.26.1->interpark==0.1.2->-r /tmp/venv4zrht0ql/requirements.txt (line 1))
[2024-11-24T04:12:43.232+0000] {process_utils.py:194} INFO -   Downloading sortedcontainers-2.4.0-py2.py3-none-any.whl.metadata (10 kB)
[2024-11-24T04:12:43.284+0000] {process_utils.py:194} INFO - Collecting idna (from trio~=0.17->selenium>=4.26.1->interpark==0.1.2->-r /tmp/venv4zrht0ql/requirements.txt (line 1))
[2024-11-24T04:12:43.290+0000] {process_utils.py:194} INFO -   Downloading idna-3.10-py3-none-any.whl.metadata (10 kB)
[2024-11-24T04:12:43.340+0000] {process_utils.py:194} INFO - Collecting outcome (from trio~=0.17->selenium>=4.26.1->interpark==0.1.2->-r /tmp/venv4zrht0ql/requirements.txt (line 1))
[2024-11-24T04:12:43.345+0000] {process_utils.py:194} INFO -   Downloading outcome-1.3.0.post0-py2.py3-none-any.whl.metadata (2.6 kB)
[2024-11-24T04:12:43.391+0000] {process_utils.py:194} INFO - Collecting sniffio>=1.3.0 (from trio~=0.17->selenium>=4.26.1->interpark==0.1.2->-r /tmp/venv4zrht0ql/requirements.txt (line 1))
[2024-11-24T04:12:43.396+0000] {process_utils.py:194} INFO -   Downloading sniffio-1.3.1-py3-none-any.whl.metadata (3.9 kB)
[2024-11-24T04:12:43.450+0000] {process_utils.py:194} INFO - Collecting wsproto>=0.14 (from trio-websocket~=0.9->selenium>=4.26.1->interpark==0.1.2->-r /tmp/venv4zrht0ql/requirements.txt (line 1))
[2024-11-24T04:12:43.456+0000] {process_utils.py:194} INFO -   Downloading wsproto-1.2.0-py3-none-any.whl.metadata (5.6 kB)
[2024-11-24T04:12:43.513+0000] {process_utils.py:194} INFO - Collecting pysocks!=1.5.7,<2.0,>=1.5.6 (from urllib3[socks]<3,>=1.26->selenium>=4.26.1->interpark==0.1.2->-r /tmp/venv4zrht0ql/requirements.txt (line 1))
[2024-11-24T04:12:43.519+0000] {process_utils.py:194} INFO -   Downloading PySocks-1.7.1-py3-none-any.whl.metadata (13 kB)
[2024-11-24T04:12:43.663+0000] {process_utils.py:194} INFO - Collecting charset-normalizer<4,>=2 (from requests->webdriver-manager>=4.0.2->interpark==0.1.2->-r /tmp/venv4zrht0ql/requirements.txt (line 1))
[2024-11-24T04:12:43.669+0000] {process_utils.py:194} INFO -   Downloading charset_normalizer-3.4.0-cp312-cp312-manylinux_2_17_x86_64.manylinux2014_x86_64.whl.metadata (34 kB)
[2024-11-24T04:12:43.742+0000] {process_utils.py:194} INFO - Collecting h11<1,>=0.9.0 (from wsproto>=0.14->trio-websocket~=0.9->selenium>=4.26.1->interpark==0.1.2->-r /tmp/venv4zrht0ql/requirements.txt (line 1))
[2024-11-24T04:12:43.748+0000] {process_utils.py:194} INFO -   Downloading h11-0.14.0-py3-none-any.whl.metadata (8.2 kB)
[2024-11-24T04:12:43.781+0000] {process_utils.py:194} INFO - Downloading beautifulsoup4-4.12.3-py3-none-any.whl (147 kB)
[2024-11-24T04:12:43.828+0000] {process_utils.py:194} INFO - Downloading selenium-4.26.1-py3-none-any.whl (9.7 MB)
[2024-11-24T04:12:44.772+0000] {process_utils.py:194} INFO -    ━━━━━━━━━━━━━━━━━━━━━━━━━━━━━━━━━━━━━━━━ 9.7/9.7 MB 10.1 MB/s eta 0:00:00
[2024-11-24T04:12:44.779+0000] {process_utils.py:194} INFO - Downloading webdriver_manager-4.0.2-py2.py3-none-any.whl (27 kB)
[2024-11-24T04:12:44.802+0000] {process_utils.py:194} INFO - Downloading certifi-2024.8.30-py3-none-any.whl (167 kB)
[2024-11-24T04:12:44.830+0000] {process_utils.py:194} INFO - Downloading soupsieve-2.6-py3-none-any.whl (36 kB)
[2024-11-24T04:12:44.943+0000] {process_utils.py:194} INFO - Downloading trio-0.27.0-py3-none-any.whl (481 kB)
[2024-11-24T04:12:44.972+0000] {process_utils.py:194} INFO - Downloading trio_websocket-0.11.1-py3-none-any.whl (17 kB)
[2024-11-24T04:12:44.994+0000] {process_utils.py:194} INFO - Downloading typing_extensions-4.12.2-py3-none-any.whl (37 kB)
[2024-11-24T04:12:45.021+0000] {process_utils.py:194} INFO - Downloading urllib3-2.2.3-py3-none-any.whl (126 kB)
[2024-11-24T04:12:45.046+0000] {process_utils.py:194} INFO - Downloading websocket_client-1.8.0-py3-none-any.whl (58 kB)
[2024-11-24T04:12:45.070+0000] {process_utils.py:194} INFO - Downloading packaging-24.2-py3-none-any.whl (65 kB)
[2024-11-24T04:12:45.101+0000] {process_utils.py:194} INFO - Downloading python_dotenv-1.0.1-py3-none-any.whl (19 kB)
[2024-11-24T04:12:45.127+0000] {process_utils.py:194} INFO - Downloading requests-2.32.3-py3-none-any.whl (64 kB)
[2024-11-24T04:12:45.152+0000] {process_utils.py:194} INFO - Downloading attrs-24.2.0-py3-none-any.whl (63 kB)
[2024-11-24T04:12:45.224+0000] {process_utils.py:194} INFO - Downloading charset_normalizer-3.4.0-cp312-cp312-manylinux_2_17_x86_64.manylinux2014_x86_64.whl (143 kB)
[2024-11-24T04:12:45.250+0000] {process_utils.py:194} INFO - Downloading idna-3.10-py3-none-any.whl (70 kB)
[2024-11-24T04:12:45.273+0000] {process_utils.py:194} INFO - Downloading PySocks-1.7.1-py3-none-any.whl (16 kB)
[2024-11-24T04:12:45.295+0000] {process_utils.py:194} INFO - Downloading sniffio-1.3.1-py3-none-any.whl (10 kB)
[2024-11-24T04:12:45.325+0000] {process_utils.py:194} INFO - Downloading wsproto-1.2.0-py3-none-any.whl (24 kB)
[2024-11-24T04:12:45.348+0000] {process_utils.py:194} INFO - Downloading outcome-1.3.0.post0-py2.py3-none-any.whl (10 kB)
[2024-11-24T04:12:45.378+0000] {process_utils.py:194} INFO - Downloading sortedcontainers-2.4.0-py2.py3-none-any.whl (29 kB)
[2024-11-24T04:12:45.401+0000] {process_utils.py:194} INFO - Downloading h11-0.14.0-py3-none-any.whl (58 kB)
[2024-11-24T04:12:45.460+0000] {process_utils.py:194} INFO - Building wheels for collected packages: interpark
[2024-11-24T04:12:45.463+0000] {process_utils.py:194} INFO -   Building wheel for interpark (pyproject.toml): started
[2024-11-24T04:12:46.130+0000] {process_utils.py:194} INFO -   Building wheel for interpark (pyproject.toml): finished with status 'done'
[2024-11-24T04:12:46.132+0000] {process_utils.py:194} INFO -   Created wheel for interpark: filename=interpark-0.1.2-py3-none-any.whl size=19079 sha256=7041334c98330da7b13173c4227751fc914ec237e82cb7b67d6ce719aee45ed1
[2024-11-24T04:12:46.132+0000] {process_utils.py:194} INFO -   Stored in directory: /tmp/pip-ephem-wheel-cache-5hj7eq6v/wheels/3b/e3/3f/2198c53e48ab1c477124eda1522aad636d2590cc0e6349feda
[2024-11-24T04:12:46.134+0000] {process_utils.py:194} INFO - Successfully built interpark
[2024-11-24T04:12:46.175+0000] {process_utils.py:194} INFO - Installing collected packages: sortedcontainers, websocket-client, urllib3, typing_extensions, soupsieve, sniffio, python-dotenv, pysocks, packaging, idna, h11, charset-normalizer, certifi, attrs, wsproto, requests, outcome, beautifulsoup4, webdriver-manager, trio, trio-websocket, selenium, interpark
[2024-11-24T04:12:48.572+0000] {process_utils.py:194} INFO - Successfully installed attrs-24.2.0 beautifulsoup4-4.12.3 certifi-2024.8.30 charset-normalizer-3.4.0 h11-0.14.0 idna-3.10 interpark-0.1.2 outcome-1.3.0.post0 packaging-24.2 pysocks-1.7.1 python-dotenv-1.0.1 requests-2.32.3 selenium-4.26.1 sniffio-1.3.1 sortedcontainers-2.4.0 soupsieve-2.6 trio-0.27.0 trio-websocket-0.11.1 typing_extensions-4.12.2 urllib3-2.2.3 webdriver-manager-4.0.2 websocket-client-1.8.0 wsproto-1.2.0
[2024-11-24T04:12:48.866+0000] {process_utils.py:186} INFO - Executing cmd: /tmp/venv4zrht0ql/bin/python /tmp/venv-callqsiotzek/script.py /tmp/venv-callqsiotzek/script.in /tmp/venv-callqsiotzek/script.out /tmp/venv-callqsiotzek/string_args.txt /tmp/venv-callqsiotzek/termination.log
[2024-11-24T04:12:48.867+0000] {process_utils.py:190} INFO - Output:
[2024-11-24T04:12:53.981+0000] {process_utils.py:194} INFO - https://tickets.interpark.com/goods/24016386? 접속 중...
[2024-11-24T04:12:53.981+0000] {process_utils.py:194} INFO - container 영역 HTML 추출 완료
[2024-11-24T04:12:53.981+0000] {process_utils.py:194} INFO - <div id="container">
[2024-11-24T04:12:53.981+0000] {process_utils.py:194} INFO -  <div class="leftWingWrapper">
[2024-11-24T04:12:53.982+0000] {process_utils.py:194} INFO -   <ul>
[2024-11-24T04:12:53.982+0000] {process_utils.py:194} INFO -   </ul>
[2024-11-24T04:12:53.982+0000] {process_utils.py:194} INFO -  </div>
[2024-11-24T04:12:53.982+0000] {process_utils.py:194} INFO -  <div class="contents" style="">
[2024-11-24T04:12:53.982+0000] {process_utils.py:194} INFO -  </div>
[2024-11-24T04:12:53.982+0000] {process_utils.py:194} INFO - </div>
[2024-11-24T04:12:53.982+0000] {process_utils.py:194} INFO - 
[2024-11-24T04:12:53.983+0000] {process_utils.py:194} INFO - txt 저장 완료: formatted_container_output.txt
[2024-11-24T04:12:53.983+0000] {process_utils.py:194} INFO - None
[2024-11-24T04:12:54.080+0000] {python.py:240} INFO - Done. Returned value was: None
[2024-11-24T04:12:54.089+0000] {taskinstance.py:340} INFO - ::group::Post task execution logs
[2024-11-24T04:12:54.090+0000] {taskinstance.py:352} INFO - Marking task as SUCCESS. dag_id=interpark_to_s3, task_id=extract, run_id=scheduled__2024-11-23T00:00:00+00:00, execution_date=20241123T000000, start_date=20241124T041233, end_date=20241124T041254
[2024-11-24T04:12:54.112+0000] {local_task_job_runner.py:266} INFO - Task exited with return code 0
[2024-11-24T04:12:54.126+0000] {taskinstance.py:3895} INFO - 0 downstream tasks scheduled from follow-on schedule check
[2024-11-24T04:12:54.131+0000] {local_task_job_runner.py:245} INFO - ::endgroup::
