[2024-11-24T05:15:23.849+0000] {local_task_job_runner.py:123} INFO - ::group::Pre task execution logs
[2024-11-24T05:15:23.866+0000] {taskinstance.py:2613} INFO - Dependencies all met for dep_context=non-requeueable deps ti=<TaskInstance: interpark_to_s3.extract scheduled__2024-11-23T00:00:00+00:00 [queued]>
[2024-11-24T05:15:23.874+0000] {taskinstance.py:2613} INFO - Dependencies all met for dep_context=requeueable deps ti=<TaskInstance: interpark_to_s3.extract scheduled__2024-11-23T00:00:00+00:00 [queued]>
[2024-11-24T05:15:23.875+0000] {taskinstance.py:2866} INFO - Starting attempt 6 of 7
[2024-11-24T05:15:23.890+0000] {taskinstance.py:2889} INFO - Executing <Task(PythonVirtualenvOperator): extract> on 2024-11-23 00:00:00+00:00
[2024-11-24T05:15:23.895+0000] {warnings.py:112} WARNING - /home/***/.local/lib/python3.12/site-packages/***/task/task_runner/standard_task_runner.py:70: DeprecationWarning: This process (pid=419) is multi-threaded, use of fork() may lead to deadlocks in the child.
  pid = os.fork()

[2024-11-24T05:15:23.897+0000] {standard_task_runner.py:72} INFO - Started process 420 to run task
[2024-11-24T05:15:23.898+0000] {standard_task_runner.py:104} INFO - Running: ['***', 'tasks', 'run', 'interpark_to_s3', 'extract', 'scheduled__2024-11-23T00:00:00+00:00', '--job-id', '77', '--raw', '--subdir', 'DAGS_FOLDER/test.py', '--cfg-path', '/tmp/tmp5erf2nqo']
[2024-11-24T05:15:23.899+0000] {standard_task_runner.py:105} INFO - Job 77: Subtask extract
[2024-11-24T05:15:23.943+0000] {task_command.py:467} INFO - Running <TaskInstance: interpark_to_s3.extract scheduled__2024-11-23T00:00:00+00:00 [running]> on host ef61030ebc7b
[2024-11-24T05:15:24.021+0000] {taskinstance.py:3132} INFO - Exporting env vars: AIRFLOW_CTX_DAG_OWNER='***' AIRFLOW_CTX_DAG_ID='interpark_to_s3' AIRFLOW_CTX_TASK_ID='extract' AIRFLOW_CTX_EXECUTION_DATE='2024-11-23T00:00:00+00:00' AIRFLOW_CTX_TRY_NUMBER='6' AIRFLOW_CTX_DAG_RUN_ID='scheduled__2024-11-23T00:00:00+00:00'
[2024-11-24T05:15:24.022+0000] {taskinstance.py:731} INFO - ::endgroup::
[2024-11-24T05:15:24.041+0000] {baseoperator.py:416} WARNING - PythonVirtualenvOperator.execute cannot be called outside TaskInstance!
[2024-11-24T05:15:24.042+0000] {process_utils.py:186} INFO - Executing cmd: /home/***/.local/bin/python -m virtualenv /tmp/venvdgqopl9y --python=python
[2024-11-24T05:15:24.043+0000] {process_utils.py:190} INFO - Output:
[2024-11-24T05:15:24.842+0000] {process_utils.py:194} INFO - created virtual environment CPython3.12.7.final.0-64 in 211ms
[2024-11-24T05:15:24.842+0000] {process_utils.py:194} INFO -   creator CPython3Posix(dest=/tmp/venvdgqopl9y, clear=False, no_vcs_ignore=False, global=False)
[2024-11-24T05:15:24.843+0000] {process_utils.py:194} INFO -   seeder FromAppData(download=False, pip=bundle, via=copy, app_data_dir=/home/***/.local/share/virtualenv)
[2024-11-24T05:15:24.843+0000] {process_utils.py:194} INFO -     added seed packages: pip==24.3.1
[2024-11-24T05:15:24.843+0000] {process_utils.py:194} INFO -   activators BashActivator,CShellActivator,FishActivator,NushellActivator,PowerShellActivator,PythonActivator
[2024-11-24T05:15:24.878+0000] {process_utils.py:186} INFO - Executing cmd: /tmp/venvdgqopl9y/bin/pip install -r /tmp/venvdgqopl9y/requirements.txt
[2024-11-24T05:15:24.878+0000] {process_utils.py:190} INFO - Output:
[2024-11-24T05:15:26.288+0000] {process_utils.py:194} INFO - Collecting git+https://github.com/hahahellooo/interpark.git@0.3/new_crawling (from -r /tmp/venvdgqopl9y/requirements.txt (line 1))
[2024-11-24T05:15:26.288+0000] {process_utils.py:194} INFO -   Cloning https://github.com/hahahellooo/interpark.git (to revision 0.3/new_crawling) to /tmp/pip-req-build-yqwuw0gr
[2024-11-24T05:15:26.292+0000] {process_utils.py:194} INFO -   Running command git clone --filter=blob:none --quiet https://github.com/hahahellooo/interpark.git /tmp/pip-req-build-yqwuw0gr
[2024-11-24T05:15:27.527+0000] {process_utils.py:194} INFO -   Running command git checkout -b 0.3/new_crawling --track origin/0.3/new_crawling
[2024-11-24T05:15:28.018+0000] {process_utils.py:194} INFO -   Switched to a new branch '0.3/new_crawling'
[2024-11-24T05:15:28.019+0000] {process_utils.py:194} INFO -   branch '0.3/new_crawling' set up to track 'origin/0.3/new_crawling'.
[2024-11-24T05:15:28.019+0000] {process_utils.py:194} INFO -   Resolved https://github.com/hahahellooo/interpark.git to commit 379e6cf1ae77a0a5c64830a315ded1cc0586f658
[2024-11-24T05:15:28.023+0000] {process_utils.py:194} INFO -   Installing build dependencies: started
[2024-11-24T05:15:29.960+0000] {process_utils.py:194} INFO -   Installing build dependencies: finished with status 'done'
[2024-11-24T05:15:29.961+0000] {process_utils.py:194} INFO -   Getting requirements to build wheel: started
[2024-11-24T05:15:30.581+0000] {process_utils.py:194} INFO -   Getting requirements to build wheel: finished with status 'done'
[2024-11-24T05:15:30.582+0000] {process_utils.py:194} INFO -   Preparing metadata (pyproject.toml): started
[2024-11-24T05:15:31.219+0000] {process_utils.py:194} INFO -   Preparing metadata (pyproject.toml): finished with status 'done'
[2024-11-24T05:15:31.315+0000] {process_utils.py:194} INFO - Collecting selenium>=4.26.1 (from interpark==0.1.2->-r /tmp/venvdgqopl9y/requirements.txt (line 1))
[2024-11-24T05:15:31.316+0000] {process_utils.py:194} INFO -   Using cached selenium-4.26.1-py3-none-any.whl.metadata (7.1 kB)
[2024-11-24T05:15:31.344+0000] {process_utils.py:194} INFO - Collecting beautifulsoup4>=4.12.3 (from interpark==0.1.2->-r /tmp/venvdgqopl9y/requirements.txt (line 1))
[2024-11-24T05:15:31.346+0000] {process_utils.py:194} INFO -   Using cached beautifulsoup4-4.12.3-py3-none-any.whl.metadata (3.8 kB)
[2024-11-24T05:15:31.378+0000] {process_utils.py:194} INFO - Collecting webdriver-manager>=4.0.2 (from interpark==0.1.2->-r /tmp/venvdgqopl9y/requirements.txt (line 1))
[2024-11-24T05:15:31.381+0000] {process_utils.py:194} INFO -   Using cached webdriver_manager-4.0.2-py2.py3-none-any.whl.metadata (12 kB)
[2024-11-24T05:15:31.412+0000] {process_utils.py:194} INFO - Collecting soupsieve>1.2 (from beautifulsoup4>=4.12.3->interpark==0.1.2->-r /tmp/venvdgqopl9y/requirements.txt (line 1))
[2024-11-24T05:15:31.415+0000] {process_utils.py:194} INFO -   Using cached soupsieve-2.6-py3-none-any.whl.metadata (4.6 kB)
[2024-11-24T05:15:31.471+0000] {process_utils.py:194} INFO - Collecting urllib3<3,>=1.26 (from urllib3[socks]<3,>=1.26->selenium>=4.26.1->interpark==0.1.2->-r /tmp/venvdgqopl9y/requirements.txt (line 1))
[2024-11-24T05:15:31.472+0000] {process_utils.py:194} INFO -   Using cached urllib3-2.2.3-py3-none-any.whl.metadata (6.5 kB)
[2024-11-24T05:15:31.504+0000] {process_utils.py:194} INFO - Collecting trio~=0.17 (from selenium>=4.26.1->interpark==0.1.2->-r /tmp/venvdgqopl9y/requirements.txt (line 1))
[2024-11-24T05:15:31.505+0000] {process_utils.py:194} INFO -   Using cached trio-0.27.0-py3-none-any.whl.metadata (8.6 kB)
[2024-11-24T05:15:31.531+0000] {process_utils.py:194} INFO - Collecting trio-websocket~=0.9 (from selenium>=4.26.1->interpark==0.1.2->-r /tmp/venvdgqopl9y/requirements.txt (line 1))
[2024-11-24T05:15:31.532+0000] {process_utils.py:194} INFO -   Using cached trio_websocket-0.11.1-py3-none-any.whl.metadata (4.7 kB)
[2024-11-24T05:15:31.562+0000] {process_utils.py:194} INFO - Collecting certifi>=2021.10.8 (from selenium>=4.26.1->interpark==0.1.2->-r /tmp/venvdgqopl9y/requirements.txt (line 1))
[2024-11-24T05:15:31.564+0000] {process_utils.py:194} INFO -   Using cached certifi-2024.8.30-py3-none-any.whl.metadata (2.2 kB)
[2024-11-24T05:15:31.595+0000] {process_utils.py:194} INFO - Collecting typing_extensions~=4.9 (from selenium>=4.26.1->interpark==0.1.2->-r /tmp/venvdgqopl9y/requirements.txt (line 1))
[2024-11-24T05:15:31.598+0000] {process_utils.py:194} INFO -   Using cached typing_extensions-4.12.2-py3-none-any.whl.metadata (3.0 kB)
[2024-11-24T05:15:31.632+0000] {process_utils.py:194} INFO - Collecting websocket-client~=1.8 (from selenium>=4.26.1->interpark==0.1.2->-r /tmp/venvdgqopl9y/requirements.txt (line 1))
[2024-11-24T05:15:31.634+0000] {process_utils.py:194} INFO -   Using cached websocket_client-1.8.0-py3-none-any.whl.metadata (8.0 kB)
[2024-11-24T05:15:31.681+0000] {process_utils.py:194} INFO - Collecting requests (from webdriver-manager>=4.0.2->interpark==0.1.2->-r /tmp/venvdgqopl9y/requirements.txt (line 1))
[2024-11-24T05:15:31.682+0000] {process_utils.py:194} INFO -   Using cached requests-2.32.3-py3-none-any.whl.metadata (4.6 kB)
[2024-11-24T05:15:31.711+0000] {process_utils.py:194} INFO - Collecting python-dotenv (from webdriver-manager>=4.0.2->interpark==0.1.2->-r /tmp/venvdgqopl9y/requirements.txt (line 1))
[2024-11-24T05:15:31.714+0000] {process_utils.py:194} INFO -   Using cached python_dotenv-1.0.1-py3-none-any.whl.metadata (23 kB)
[2024-11-24T05:15:31.750+0000] {process_utils.py:194} INFO - Collecting packaging (from webdriver-manager>=4.0.2->interpark==0.1.2->-r /tmp/venvdgqopl9y/requirements.txt (line 1))
[2024-11-24T05:15:31.751+0000] {process_utils.py:194} INFO -   Using cached packaging-24.2-py3-none-any.whl.metadata (3.2 kB)
[2024-11-24T05:15:31.783+0000] {process_utils.py:194} INFO - Collecting attrs>=23.2.0 (from trio~=0.17->selenium>=4.26.1->interpark==0.1.2->-r /tmp/venvdgqopl9y/requirements.txt (line 1))
[2024-11-24T05:15:31.784+0000] {process_utils.py:194} INFO -   Using cached attrs-24.2.0-py3-none-any.whl.metadata (11 kB)
[2024-11-24T05:15:31.815+0000] {process_utils.py:194} INFO - Collecting sortedcontainers (from trio~=0.17->selenium>=4.26.1->interpark==0.1.2->-r /tmp/venvdgqopl9y/requirements.txt (line 1))
[2024-11-24T05:15:31.816+0000] {process_utils.py:194} INFO -   Using cached sortedcontainers-2.4.0-py2.py3-none-any.whl.metadata (10 kB)
[2024-11-24T05:15:31.842+0000] {process_utils.py:194} INFO - Collecting idna (from trio~=0.17->selenium>=4.26.1->interpark==0.1.2->-r /tmp/venvdgqopl9y/requirements.txt (line 1))
[2024-11-24T05:15:31.844+0000] {process_utils.py:194} INFO -   Using cached idna-3.10-py3-none-any.whl.metadata (10 kB)
[2024-11-24T05:15:31.870+0000] {process_utils.py:194} INFO - Collecting outcome (from trio~=0.17->selenium>=4.26.1->interpark==0.1.2->-r /tmp/venvdgqopl9y/requirements.txt (line 1))
[2024-11-24T05:15:31.872+0000] {process_utils.py:194} INFO -   Using cached outcome-1.3.0.post0-py2.py3-none-any.whl.metadata (2.6 kB)
[2024-11-24T05:15:31.892+0000] {process_utils.py:194} INFO - Collecting sniffio>=1.3.0 (from trio~=0.17->selenium>=4.26.1->interpark==0.1.2->-r /tmp/venvdgqopl9y/requirements.txt (line 1))
[2024-11-24T05:15:31.894+0000] {process_utils.py:194} INFO -   Using cached sniffio-1.3.1-py3-none-any.whl.metadata (3.9 kB)
[2024-11-24T05:15:31.921+0000] {process_utils.py:194} INFO - Collecting wsproto>=0.14 (from trio-websocket~=0.9->selenium>=4.26.1->interpark==0.1.2->-r /tmp/venvdgqopl9y/requirements.txt (line 1))
[2024-11-24T05:15:31.923+0000] {process_utils.py:194} INFO -   Using cached wsproto-1.2.0-py3-none-any.whl.metadata (5.6 kB)
[2024-11-24T05:15:31.948+0000] {process_utils.py:194} INFO - Collecting pysocks!=1.5.7,<2.0,>=1.5.6 (from urllib3[socks]<3,>=1.26->selenium>=4.26.1->interpark==0.1.2->-r /tmp/venvdgqopl9y/requirements.txt (line 1))
[2024-11-24T05:15:31.950+0000] {process_utils.py:194} INFO -   Using cached PySocks-1.7.1-py3-none-any.whl.metadata (13 kB)
[2024-11-24T05:15:32.058+0000] {process_utils.py:194} INFO - Collecting charset-normalizer<4,>=2 (from requests->webdriver-manager>=4.0.2->interpark==0.1.2->-r /tmp/venvdgqopl9y/requirements.txt (line 1))
[2024-11-24T05:15:32.059+0000] {process_utils.py:194} INFO -   Using cached charset_normalizer-3.4.0-cp312-cp312-manylinux_2_17_x86_64.manylinux2014_x86_64.whl.metadata (34 kB)
[2024-11-24T05:15:32.096+0000] {process_utils.py:194} INFO - Collecting h11<1,>=0.9.0 (from wsproto>=0.14->trio-websocket~=0.9->selenium>=4.26.1->interpark==0.1.2->-r /tmp/venvdgqopl9y/requirements.txt (line 1))
[2024-11-24T05:15:32.098+0000] {process_utils.py:194} INFO -   Using cached h11-0.14.0-py3-none-any.whl.metadata (8.2 kB)
[2024-11-24T05:15:32.107+0000] {process_utils.py:194} INFO - Using cached beautifulsoup4-4.12.3-py3-none-any.whl (147 kB)
[2024-11-24T05:15:32.108+0000] {process_utils.py:194} INFO - Using cached selenium-4.26.1-py3-none-any.whl (9.7 MB)
[2024-11-24T05:15:32.116+0000] {process_utils.py:194} INFO - Using cached webdriver_manager-4.0.2-py2.py3-none-any.whl (27 kB)
[2024-11-24T05:15:32.117+0000] {process_utils.py:194} INFO - Using cached certifi-2024.8.30-py3-none-any.whl (167 kB)
[2024-11-24T05:15:32.118+0000] {process_utils.py:194} INFO - Using cached soupsieve-2.6-py3-none-any.whl (36 kB)
[2024-11-24T05:15:32.119+0000] {process_utils.py:194} INFO - Using cached trio-0.27.0-py3-none-any.whl (481 kB)
[2024-11-24T05:15:32.120+0000] {process_utils.py:194} INFO - Using cached trio_websocket-0.11.1-py3-none-any.whl (17 kB)
[2024-11-24T05:15:32.121+0000] {process_utils.py:194} INFO - Using cached typing_extensions-4.12.2-py3-none-any.whl (37 kB)
[2024-11-24T05:15:32.122+0000] {process_utils.py:194} INFO - Using cached urllib3-2.2.3-py3-none-any.whl (126 kB)
[2024-11-24T05:15:32.124+0000] {process_utils.py:194} INFO - Using cached websocket_client-1.8.0-py3-none-any.whl (58 kB)
[2024-11-24T05:15:32.125+0000] {process_utils.py:194} INFO - Using cached packaging-24.2-py3-none-any.whl (65 kB)
[2024-11-24T05:15:32.126+0000] {process_utils.py:194} INFO - Using cached python_dotenv-1.0.1-py3-none-any.whl (19 kB)
[2024-11-24T05:15:32.127+0000] {process_utils.py:194} INFO - Using cached requests-2.32.3-py3-none-any.whl (64 kB)
[2024-11-24T05:15:32.127+0000] {process_utils.py:194} INFO - Using cached attrs-24.2.0-py3-none-any.whl (63 kB)
[2024-11-24T05:15:32.129+0000] {process_utils.py:194} INFO - Using cached charset_normalizer-3.4.0-cp312-cp312-manylinux_2_17_x86_64.manylinux2014_x86_64.whl (143 kB)
[2024-11-24T05:15:32.131+0000] {process_utils.py:194} INFO - Using cached idna-3.10-py3-none-any.whl (70 kB)
[2024-11-24T05:15:32.132+0000] {process_utils.py:194} INFO - Using cached PySocks-1.7.1-py3-none-any.whl (16 kB)
[2024-11-24T05:15:32.133+0000] {process_utils.py:194} INFO - Using cached sniffio-1.3.1-py3-none-any.whl (10 kB)
[2024-11-24T05:15:32.134+0000] {process_utils.py:194} INFO - Using cached wsproto-1.2.0-py3-none-any.whl (24 kB)
[2024-11-24T05:15:32.135+0000] {process_utils.py:194} INFO - Using cached outcome-1.3.0.post0-py2.py3-none-any.whl (10 kB)
[2024-11-24T05:15:32.136+0000] {process_utils.py:194} INFO - Using cached sortedcontainers-2.4.0-py2.py3-none-any.whl (29 kB)
[2024-11-24T05:15:32.137+0000] {process_utils.py:194} INFO - Using cached h11-0.14.0-py3-none-any.whl (58 kB)
[2024-11-24T05:15:32.170+0000] {process_utils.py:194} INFO - Building wheels for collected packages: interpark
[2024-11-24T05:15:32.174+0000] {process_utils.py:194} INFO -   Building wheel for interpark (pyproject.toml): started
[2024-11-24T05:15:32.826+0000] {process_utils.py:194} INFO -   Building wheel for interpark (pyproject.toml): finished with status 'done'
[2024-11-24T05:15:32.826+0000] {process_utils.py:194} INFO -   Created wheel for interpark: filename=interpark-0.1.2-py3-none-any.whl size=19163 sha256=c358e3fc6a700c83102d4d57bb103484245bb18370eaca091f3378a31cb81e77
[2024-11-24T05:15:32.827+0000] {process_utils.py:194} INFO -   Stored in directory: /tmp/pip-ephem-wheel-cache-u6yz6yik/wheels/3b/e3/3f/2198c53e48ab1c477124eda1522aad636d2590cc0e6349feda
[2024-11-24T05:15:32.828+0000] {process_utils.py:194} INFO - Successfully built interpark
[2024-11-24T05:15:32.873+0000] {process_utils.py:194} INFO - Installing collected packages: sortedcontainers, websocket-client, urllib3, typing_extensions, soupsieve, sniffio, python-dotenv, pysocks, packaging, idna, h11, charset-normalizer, certifi, attrs, wsproto, requests, outcome, beautifulsoup4, webdriver-manager, trio, trio-websocket, selenium, interpark
[2024-11-24T05:15:35.158+0000] {process_utils.py:194} INFO - Successfully installed attrs-24.2.0 beautifulsoup4-4.12.3 certifi-2024.8.30 charset-normalizer-3.4.0 h11-0.14.0 idna-3.10 interpark-0.1.2 outcome-1.3.0.post0 packaging-24.2 pysocks-1.7.1 python-dotenv-1.0.1 requests-2.32.3 selenium-4.26.1 sniffio-1.3.1 sortedcontainers-2.4.0 soupsieve-2.6 trio-0.27.0 trio-websocket-0.11.1 typing_extensions-4.12.2 urllib3-2.2.3 webdriver-manager-4.0.2 websocket-client-1.8.0 wsproto-1.2.0
[2024-11-24T05:15:35.450+0000] {process_utils.py:186} INFO - Executing cmd: /tmp/venvdgqopl9y/bin/python /tmp/venv-callygaddqku/script.py /tmp/venv-callygaddqku/script.in /tmp/venv-callygaddqku/script.out /tmp/venv-callygaddqku/string_args.txt /tmp/venv-callygaddqku/termination.log
[2024-11-24T05:15:35.451+0000] {process_utils.py:190} INFO - Output:
[2024-11-24T05:15:37.339+0000] {process_utils.py:194} INFO - https://tickets.interpark.com/goods/24016386? 접속 중...
[2024-11-24T05:15:37.340+0000] {process_utils.py:194} INFO - container 영역 HTML 추출 완료
[2024-11-24T05:15:37.340+0000] {process_utils.py:194} INFO - <div id="container">
[2024-11-24T05:15:37.340+0000] {process_utils.py:194} INFO -  <div class="leftWingWrapper">
[2024-11-24T05:15:37.340+0000] {process_utils.py:194} INFO -   <ul>
[2024-11-24T05:15:37.340+0000] {process_utils.py:194} INFO -   </ul>
[2024-11-24T05:15:37.340+0000] {process_utils.py:194} INFO -  </div>
[2024-11-24T05:15:37.341+0000] {process_utils.py:194} INFO -  <div class="contents" style="">
[2024-11-24T05:15:37.341+0000] {process_utils.py:194} INFO -  </div>
[2024-11-24T05:15:37.341+0000] {process_utils.py:194} INFO - </div>
[2024-11-24T05:15:37.341+0000] {process_utils.py:194} INFO - 
[2024-11-24T05:15:37.341+0000] {process_utils.py:194} INFO - txt 저장 완료: formatted_container_output.txt
[2024-11-24T05:15:37.341+0000] {process_utils.py:194} INFO - None
[2024-11-24T05:15:37.438+0000] {python.py:240} INFO - Done. Returned value was: None
[2024-11-24T05:15:37.448+0000] {taskinstance.py:340} INFO - ::group::Post task execution logs
[2024-11-24T05:15:37.448+0000] {taskinstance.py:352} INFO - Marking task as SUCCESS. dag_id=interpark_to_s3, task_id=extract, run_id=scheduled__2024-11-23T00:00:00+00:00, execution_date=20241123T000000, start_date=20241124T051523, end_date=20241124T051537
[2024-11-24T05:15:37.492+0000] {local_task_job_runner.py:266} INFO - Task exited with return code 0
[2024-11-24T05:15:37.505+0000] {taskinstance.py:3895} INFO - 0 downstream tasks scheduled from follow-on schedule check
[2024-11-24T05:15:37.510+0000] {local_task_job_runner.py:245} INFO - ::endgroup::
