[2024-11-25T07:47:03.685+0000] {local_task_job_runner.py:123} INFO - ::group::Pre task execution logs
[2024-11-25T07:47:03.708+0000] {taskinstance.py:2613} INFO - Dependencies all met for dep_context=non-requeueable deps ti=<TaskInstance: interpark_to_s3.extract scheduled__2024-11-24T00:00:00+00:00 [queued]>
[2024-11-25T07:47:03.722+0000] {taskinstance.py:2613} INFO - Dependencies all met for dep_context=requeueable deps ti=<TaskInstance: interpark_to_s3.extract scheduled__2024-11-24T00:00:00+00:00 [queued]>
[2024-11-25T07:47:03.722+0000] {taskinstance.py:2866} INFO - Starting attempt 11 of 12
[2024-11-25T07:47:03.741+0000] {taskinstance.py:2889} INFO - Executing <Task(PythonVirtualenvOperator): extract> on 2024-11-24 00:00:00+00:00
[2024-11-25T07:47:03.750+0000] {warnings.py:112} WARNING - /home/***/.local/lib/python3.12/site-packages/***/task/task_runner/standard_task_runner.py:70: DeprecationWarning: This process (pid=1241) is multi-threaded, use of fork() may lead to deadlocks in the child.
  pid = os.fork()

[2024-11-25T07:47:03.752+0000] {standard_task_runner.py:72} INFO - Started process 1244 to run task
[2024-11-25T07:47:03.753+0000] {standard_task_runner.py:104} INFO - Running: ['***', 'tasks', 'run', 'interpark_to_s3', 'extract', 'scheduled__2024-11-24T00:00:00+00:00', '--job-id', '199', '--raw', '--subdir', 'DAGS_FOLDER/test.py', '--cfg-path', '/tmp/tmps4nrjfr7']
[2024-11-25T07:47:03.754+0000] {standard_task_runner.py:105} INFO - Job 199: Subtask extract
[2024-11-25T07:47:03.823+0000] {task_command.py:467} INFO - Running <TaskInstance: interpark_to_s3.extract scheduled__2024-11-24T00:00:00+00:00 [running]> on host d6eb7d9e3d92
[2024-11-25T07:47:03.933+0000] {taskinstance.py:3132} INFO - Exporting env vars: AIRFLOW_CTX_DAG_OWNER='***' AIRFLOW_CTX_DAG_ID='interpark_to_s3' AIRFLOW_CTX_TASK_ID='extract' AIRFLOW_CTX_EXECUTION_DATE='2024-11-24T00:00:00+00:00' AIRFLOW_CTX_TRY_NUMBER='11' AIRFLOW_CTX_DAG_RUN_ID='scheduled__2024-11-24T00:00:00+00:00'
[2024-11-25T07:47:03.934+0000] {taskinstance.py:731} INFO - ::endgroup::
[2024-11-25T07:47:03.950+0000] {baseoperator.py:416} WARNING - PythonVirtualenvOperator.execute cannot be called outside TaskInstance!
[2024-11-25T07:47:03.951+0000] {process_utils.py:186} INFO - Executing cmd: /home/***/.local/bin/python -m virtualenv /tmp/venv3n4n5wur --system-site-packages --python=python
[2024-11-25T07:47:03.952+0000] {process_utils.py:190} INFO - Output:
[2024-11-25T07:47:04.857+0000] {process_utils.py:194} INFO - created virtual environment CPython3.12.7.final.0-64 in 222ms
[2024-11-25T07:47:04.858+0000] {process_utils.py:194} INFO -   creator CPython3Posix(dest=/tmp/venv3n4n5wur, clear=False, no_vcs_ignore=False, global=True)
[2024-11-25T07:47:04.858+0000] {process_utils.py:194} INFO -   seeder FromAppData(download=False, pip=bundle, via=copy, app_data_dir=/home/***/.local/share/virtualenv)
[2024-11-25T07:47:04.858+0000] {process_utils.py:194} INFO -     added seed packages: pip==24.3.1
[2024-11-25T07:47:04.858+0000] {process_utils.py:194} INFO -   activators BashActivator,CShellActivator,FishActivator,NushellActivator,PowerShellActivator,PythonActivator
[2024-11-25T07:47:04.893+0000] {process_utils.py:186} INFO - Executing cmd: /tmp/venv3n4n5wur/bin/pip install -r /tmp/venv3n4n5wur/requirements.txt
[2024-11-25T07:47:04.895+0000] {process_utils.py:190} INFO - Output:
[2024-11-25T07:47:06.612+0000] {process_utils.py:194} INFO - Collecting git+https://github.com/hahahellooo/interpark.git@0.3/new_crawling (from -r /tmp/venv3n4n5wur/requirements.txt (line 1))
[2024-11-25T07:47:06.613+0000] {process_utils.py:194} INFO -   Cloning https://github.com/hahahellooo/interpark.git (to revision 0.3/new_crawling) to /tmp/pip-req-build-4u1t5v6r
[2024-11-25T07:47:06.617+0000] {process_utils.py:194} INFO -   Running command git clone --filter=blob:none --quiet https://github.com/hahahellooo/interpark.git /tmp/pip-req-build-4u1t5v6r
[2024-11-25T07:47:08.453+0000] {process_utils.py:194} INFO -   Running command git checkout -b 0.3/new_crawling --track origin/0.3/new_crawling
[2024-11-25T07:47:09.004+0000] {process_utils.py:194} INFO -   Switched to a new branch '0.3/new_crawling'
[2024-11-25T07:47:09.005+0000] {process_utils.py:194} INFO -   branch '0.3/new_crawling' set up to track 'origin/0.3/new_crawling'.
[2024-11-25T07:47:09.005+0000] {process_utils.py:194} INFO -   Resolved https://github.com/hahahellooo/interpark.git to commit aedef633ce1c9b9ec570f31086305c239c0d7f85
[2024-11-25T07:47:09.011+0000] {process_utils.py:194} INFO -   Installing build dependencies: started
[2024-11-25T07:47:12.126+0000] {process_utils.py:194} INFO -   Installing build dependencies: finished with status 'done'
[2024-11-25T07:47:12.127+0000] {process_utils.py:194} INFO -   Getting requirements to build wheel: started
[2024-11-25T07:47:12.950+0000] {process_utils.py:194} INFO -   Getting requirements to build wheel: finished with status 'done'
[2024-11-25T07:47:12.952+0000] {process_utils.py:194} INFO -   Preparing metadata (pyproject.toml): started
[2024-11-25T07:47:13.847+0000] {process_utils.py:194} INFO -   Preparing metadata (pyproject.toml): finished with status 'done'
[2024-11-25T07:47:13.996+0000] {process_utils.py:194} INFO - Collecting selenium>=4.26.1 (from interpark==0.1.5->-r /tmp/venv3n4n5wur/requirements.txt (line 1))
[2024-11-25T07:47:13.998+0000] {process_utils.py:194} INFO -   Using cached selenium-4.26.1-py3-none-any.whl.metadata (7.1 kB)
[2024-11-25T07:47:14.002+0000] {process_utils.py:194} INFO - Requirement already satisfied: beautifulsoup4>=4.12.3 in /home/***/.local/lib/python3.12/site-packages (from interpark==0.1.5->-r /tmp/venv3n4n5wur/requirements.txt (line 1)) (4.12.3)
[2024-11-25T07:47:14.042+0000] {process_utils.py:194} INFO - Collecting webdriver-manager>=4.0.2 (from interpark==0.1.5->-r /tmp/venv3n4n5wur/requirements.txt (line 1))
[2024-11-25T07:47:14.044+0000] {process_utils.py:194} INFO -   Using cached webdriver_manager-4.0.2-py2.py3-none-any.whl.metadata (12 kB)
[2024-11-25T07:47:14.502+0000] {process_utils.py:194} INFO - Collecting pymongo>=4.10.1 (from interpark==0.1.5->-r /tmp/venv3n4n5wur/requirements.txt (line 1))
[2024-11-25T07:47:14.506+0000] {process_utils.py:194} INFO -   Using cached pymongo-4.10.1-cp312-cp312-manylinux_2_17_x86_64.manylinux2014_x86_64.whl.metadata (22 kB)
[2024-11-25T07:47:14.628+0000] {process_utils.py:194} INFO - Collecting apache-***-providers-amazon>=9.1.0 (from interpark==0.1.5->-r /tmp/venv3n4n5wur/requirements.txt (line 1))
[2024-11-25T07:47:14.631+0000] {process_utils.py:194} INFO -   Using cached apache_***_providers_amazon-9.1.0-py3-none-any.whl.metadata (10 kB)
[2024-11-25T07:47:14.646+0000] {process_utils.py:194} INFO - Requirement already satisfied: PyAthena>=3.0.10 in /home/***/.local/lib/python3.12/site-packages (from apache-***-providers-amazon>=9.1.0->interpark==0.1.5->-r /tmp/venv3n4n5wur/requirements.txt (line 1)) (3.9.0)
[2024-11-25T07:47:14.647+0000] {process_utils.py:194} INFO - Requirement already satisfied: apache-***-providers-common-compat>=1.2.1 in /home/***/.local/lib/python3.12/site-packages (from apache-***-providers-amazon>=9.1.0->interpark==0.1.5->-r /tmp/venv3n4n5wur/requirements.txt (line 1)) (1.2.1)
[2024-11-25T07:47:14.705+0000] {process_utils.py:194} INFO - Collecting apache-***-providers-common-sql>=1.20.0 (from apache-***-providers-amazon>=9.1.0->interpark==0.1.5->-r /tmp/venv3n4n5wur/requirements.txt (line 1))
[2024-11-25T07:47:14.708+0000] {process_utils.py:194} INFO -   Using cached apache_***_providers_common_sql-1.20.0-py3-none-any.whl.metadata (6.2 kB)
[2024-11-25T07:47:14.711+0000] {process_utils.py:194} INFO - Requirement already satisfied: apache-***-providers-http in /home/***/.local/lib/python3.12/site-packages (from apache-***-providers-amazon>=9.1.0->interpark==0.1.5->-r /tmp/venv3n4n5wur/requirements.txt (line 1)) (4.13.2)
[2024-11-25T07:47:14.712+0000] {process_utils.py:194} INFO - Requirement already satisfied: apache-***>=2.8.0 in /home/***/.local/lib/python3.12/site-packages (from apache-***-providers-amazon>=9.1.0->interpark==0.1.5->-r /tmp/venv3n4n5wur/requirements.txt (line 1)) (2.10.3)
[2024-11-25T07:47:14.712+0000] {process_utils.py:194} INFO - Requirement already satisfied: asgiref>=2.3.0 in /home/***/.local/lib/python3.12/site-packages (from apache-***-providers-amazon>=9.1.0->interpark==0.1.5->-r /tmp/venv3n4n5wur/requirements.txt (line 1)) (3.8.1)
[2024-11-25T07:47:14.713+0000] {process_utils.py:194} INFO - Requirement already satisfied: boto3>=1.34.90 in /home/***/.local/lib/python3.12/site-packages (from apache-***-providers-amazon>=9.1.0->interpark==0.1.5->-r /tmp/venv3n4n5wur/requirements.txt (line 1)) (1.35.36)
[2024-11-25T07:47:14.713+0000] {process_utils.py:194} INFO - Requirement already satisfied: botocore>=1.34.90 in /home/***/.local/lib/python3.12/site-packages (from apache-***-providers-amazon>=9.1.0->interpark==0.1.5->-r /tmp/venv3n4n5wur/requirements.txt (line 1)) (1.35.36)
[2024-11-25T07:47:14.714+0000] {process_utils.py:194} INFO - Requirement already satisfied: inflection>=0.5.1 in /home/***/.local/lib/python3.12/site-packages (from apache-***-providers-amazon>=9.1.0->interpark==0.1.5->-r /tmp/venv3n4n5wur/requirements.txt (line 1)) (0.5.1)
[2024-11-25T07:47:14.714+0000] {process_utils.py:194} INFO - Requirement already satisfied: jmespath>=0.7.0 in /home/***/.local/lib/python3.12/site-packages (from apache-***-providers-amazon>=9.1.0->interpark==0.1.5->-r /tmp/venv3n4n5wur/requirements.txt (line 1)) (0.10.0)
[2024-11-25T07:47:14.715+0000] {process_utils.py:194} INFO - Requirement already satisfied: jsonpath_ng>=1.5.3 in /home/***/.local/lib/python3.12/site-packages (from apache-***-providers-amazon>=9.1.0->interpark==0.1.5->-r /tmp/venv3n4n5wur/requirements.txt (line 1)) (1.7.0)
[2024-11-25T07:47:14.715+0000] {process_utils.py:194} INFO - Requirement already satisfied: python3-saml>=1.16.0 in /home/***/.local/lib/python3.12/site-packages (from apache-***-providers-amazon>=9.1.0->interpark==0.1.5->-r /tmp/venv3n4n5wur/requirements.txt (line 1)) (1.16.0)
[2024-11-25T07:47:14.715+0000] {process_utils.py:194} INFO - Requirement already satisfied: redshift_connector>=2.0.918 in /home/***/.local/lib/python3.12/site-packages (from apache-***-providers-amazon>=9.1.0->interpark==0.1.5->-r /tmp/venv3n4n5wur/requirements.txt (line 1)) (2.1.3)
[2024-11-25T07:47:14.716+0000] {process_utils.py:194} INFO - Requirement already satisfied: watchtower!=3.3.0,<4,>=3.0.0 in /home/***/.local/lib/python3.12/site-packages (from apache-***-providers-amazon>=9.1.0->interpark==0.1.5->-r /tmp/venv3n4n5wur/requirements.txt (line 1)) (3.3.1)
[2024-11-25T07:47:14.718+0000] {process_utils.py:194} INFO - Requirement already satisfied: soupsieve>1.2 in /home/***/.local/lib/python3.12/site-packages (from beautifulsoup4>=4.12.3->interpark==0.1.5->-r /tmp/venv3n4n5wur/requirements.txt (line 1)) (2.6)
[2024-11-25T07:47:14.721+0000] {process_utils.py:194} INFO - Requirement already satisfied: dnspython<3.0.0,>=1.16.0 in /home/***/.local/lib/python3.12/site-packages (from pymongo>=4.10.1->interpark==0.1.5->-r /tmp/venv3n4n5wur/requirements.txt (line 1)) (2.7.0)
[2024-11-25T07:47:14.723+0000] {process_utils.py:194} INFO - Requirement already satisfied: urllib3<3,>=1.26 in /home/***/.local/lib/python3.12/site-packages (from urllib3[socks]<3,>=1.26->selenium>=4.26.1->interpark==0.1.5->-r /tmp/venv3n4n5wur/requirements.txt (line 1)) (2.2.3)
[2024-11-25T07:47:14.761+0000] {process_utils.py:194} INFO - Collecting trio~=0.17 (from selenium>=4.26.1->interpark==0.1.5->-r /tmp/venv3n4n5wur/requirements.txt (line 1))
[2024-11-25T07:47:14.763+0000] {process_utils.py:194} INFO -   Using cached trio-0.27.0-py3-none-any.whl.metadata (8.6 kB)
[2024-11-25T07:47:14.791+0000] {process_utils.py:194} INFO - Collecting trio-websocket~=0.9 (from selenium>=4.26.1->interpark==0.1.5->-r /tmp/venv3n4n5wur/requirements.txt (line 1))
[2024-11-25T07:47:14.793+0000] {process_utils.py:194} INFO -   Using cached trio_websocket-0.11.1-py3-none-any.whl.metadata (4.7 kB)
[2024-11-25T07:47:14.795+0000] {process_utils.py:194} INFO - Requirement already satisfied: certifi>=2021.10.8 in /home/***/.local/lib/python3.12/site-packages (from selenium>=4.26.1->interpark==0.1.5->-r /tmp/venv3n4n5wur/requirements.txt (line 1)) (2024.8.30)
[2024-11-25T07:47:14.795+0000] {process_utils.py:194} INFO - Requirement already satisfied: typing_extensions~=4.9 in /home/***/.local/lib/python3.12/site-packages (from selenium>=4.26.1->interpark==0.1.5->-r /tmp/venv3n4n5wur/requirements.txt (line 1)) (4.12.2)
[2024-11-25T07:47:14.796+0000] {process_utils.py:194} INFO - Requirement already satisfied: websocket-client~=1.8 in /home/***/.local/lib/python3.12/site-packages (from selenium>=4.26.1->interpark==0.1.5->-r /tmp/venv3n4n5wur/requirements.txt (line 1)) (1.8.0)
[2024-11-25T07:47:14.798+0000] {process_utils.py:194} INFO - Requirement already satisfied: requests in /home/***/.local/lib/python3.12/site-packages (from webdriver-manager>=4.0.2->interpark==0.1.5->-r /tmp/venv3n4n5wur/requirements.txt (line 1)) (2.32.3)
[2024-11-25T07:47:14.798+0000] {process_utils.py:194} INFO - Requirement already satisfied: python-dotenv in /home/***/.local/lib/python3.12/site-packages (from webdriver-manager>=4.0.2->interpark==0.1.5->-r /tmp/venv3n4n5wur/requirements.txt (line 1)) (1.0.1)
[2024-11-25T07:47:14.799+0000] {process_utils.py:194} INFO - Requirement already satisfied: packaging in /home/***/.local/lib/python3.12/site-packages (from webdriver-manager>=4.0.2->interpark==0.1.5->-r /tmp/venv3n4n5wur/requirements.txt (line 1)) (24.1)
[2024-11-25T07:47:14.859+0000] {process_utils.py:194} INFO - Requirement already satisfied: alembic<2.0,>=1.13.1 in /home/***/.local/lib/python3.12/site-packages (from apache-***>=2.8.0->apache-***-providers-amazon>=9.1.0->interpark==0.1.5->-r /tmp/venv3n4n5wur/requirements.txt (line 1)) (1.14.0)
[2024-11-25T07:47:14.860+0000] {process_utils.py:194} INFO - Requirement already satisfied: argcomplete>=1.10 in /home/***/.local/lib/python3.12/site-packages (from apache-***>=2.8.0->apache-***-providers-amazon>=9.1.0->interpark==0.1.5->-r /tmp/venv3n4n5wur/requirements.txt (line 1)) (3.5.1)
[2024-11-25T07:47:14.861+0000] {process_utils.py:194} INFO - Requirement already satisfied: attrs>=22.1.0 in /home/***/.local/lib/python3.12/site-packages (from apache-***>=2.8.0->apache-***-providers-amazon>=9.1.0->interpark==0.1.5->-r /tmp/venv3n4n5wur/requirements.txt (line 1)) (24.2.0)
[2024-11-25T07:47:14.862+0000] {process_utils.py:194} INFO - Requirement already satisfied: blinker>=1.6.2 in /home/***/.local/lib/python3.12/site-packages (from apache-***>=2.8.0->apache-***-providers-amazon>=9.1.0->interpark==0.1.5->-r /tmp/venv3n4n5wur/requirements.txt (line 1)) (1.8.2)
[2024-11-25T07:47:14.862+0000] {process_utils.py:194} INFO - Requirement already satisfied: colorlog>=6.8.2 in /home/***/.local/lib/python3.12/site-packages (from apache-***>=2.8.0->apache-***-providers-amazon>=9.1.0->interpark==0.1.5->-r /tmp/venv3n4n5wur/requirements.txt (line 1)) (6.9.0)
[2024-11-25T07:47:14.862+0000] {process_utils.py:194} INFO - Requirement already satisfied: configupdater>=3.1.1 in /home/***/.local/lib/python3.12/site-packages (from apache-***>=2.8.0->apache-***-providers-amazon>=9.1.0->interpark==0.1.5->-r /tmp/venv3n4n5wur/requirements.txt (line 1)) (3.2)
[2024-11-25T07:47:14.863+0000] {process_utils.py:194} INFO - Requirement already satisfied: connexion<3.0,>=2.14.2 in /home/***/.local/lib/python3.12/site-packages (from connexion[flask]<3.0,>=2.14.2->apache-***>=2.8.0->apache-***-providers-amazon>=9.1.0->interpark==0.1.5->-r /tmp/venv3n4n5wur/requirements.txt (line 1)) (2.14.2)
[2024-11-25T07:47:14.863+0000] {process_utils.py:194} INFO - Requirement already satisfied: cron-descriptor>=1.2.24 in /home/***/.local/lib/python3.12/site-packages (from apache-***>=2.8.0->apache-***-providers-amazon>=9.1.0->interpark==0.1.5->-r /tmp/venv3n4n5wur/requirements.txt (line 1)) (1.4.5)
[2024-11-25T07:47:14.864+0000] {process_utils.py:194} INFO - Requirement already satisfied: croniter>=2.0.2 in /home/***/.local/lib/python3.12/site-packages (from apache-***>=2.8.0->apache-***-providers-amazon>=9.1.0->interpark==0.1.5->-r /tmp/venv3n4n5wur/requirements.txt (line 1)) (5.0.1)
[2024-11-25T07:47:14.864+0000] {process_utils.py:194} INFO - Requirement already satisfied: cryptography>=41.0.0 in /home/***/.local/lib/python3.12/site-packages (from apache-***>=2.8.0->apache-***-providers-amazon>=9.1.0->interpark==0.1.5->-r /tmp/venv3n4n5wur/requirements.txt (line 1)) (42.0.8)
[2024-11-25T07:47:14.865+0000] {process_utils.py:194} INFO - Requirement already satisfied: deprecated>=1.2.13 in /home/***/.local/lib/python3.12/site-packages (from apache-***>=2.8.0->apache-***-providers-amazon>=9.1.0->interpark==0.1.5->-r /tmp/venv3n4n5wur/requirements.txt (line 1)) (1.2.14)
[2024-11-25T07:47:14.865+0000] {process_utils.py:194} INFO - Requirement already satisfied: dill>=0.2.2 in /home/***/.local/lib/python3.12/site-packages (from apache-***>=2.8.0->apache-***-providers-amazon>=9.1.0->interpark==0.1.5->-r /tmp/venv3n4n5wur/requirements.txt (line 1)) (0.3.9)
[2024-11-25T07:47:14.866+0000] {process_utils.py:194} INFO - Requirement already satisfied: flask-caching>=2.0.0 in /home/***/.local/lib/python3.12/site-packages (from apache-***>=2.8.0->apache-***-providers-amazon>=9.1.0->interpark==0.1.5->-r /tmp/venv3n4n5wur/requirements.txt (line 1)) (2.3.0)
[2024-11-25T07:47:14.866+0000] {process_utils.py:194} INFO - Requirement already satisfied: flask-session<0.6,>=0.4.0 in /home/***/.local/lib/python3.12/site-packages (from apache-***>=2.8.0->apache-***-providers-amazon>=9.1.0->interpark==0.1.5->-r /tmp/venv3n4n5wur/requirements.txt (line 1)) (0.5.0)
[2024-11-25T07:47:14.866+0000] {process_utils.py:194} INFO - Requirement already satisfied: flask-wtf>=1.1.0 in /home/***/.local/lib/python3.12/site-packages (from apache-***>=2.8.0->apache-***-providers-amazon>=9.1.0->interpark==0.1.5->-r /tmp/venv3n4n5wur/requirements.txt (line 1)) (1.2.2)
[2024-11-25T07:47:14.867+0000] {process_utils.py:194} INFO - Requirement already satisfied: flask<2.3,>=2.2.1 in /home/***/.local/lib/python3.12/site-packages (from apache-***>=2.8.0->apache-***-providers-amazon>=9.1.0->interpark==0.1.5->-r /tmp/venv3n4n5wur/requirements.txt (line 1)) (2.2.5)
[2024-11-25T07:47:14.867+0000] {process_utils.py:194} INFO - Requirement already satisfied: fsspec>=2023.10.0 in /home/***/.local/lib/python3.12/site-packages (from apache-***>=2.8.0->apache-***-providers-amazon>=9.1.0->interpark==0.1.5->-r /tmp/venv3n4n5wur/requirements.txt (line 1)) (2024.10.0)
[2024-11-25T07:47:14.867+0000] {process_utils.py:194} INFO - Requirement already satisfied: google-re2>=1.1 in /home/***/.local/lib/python3.12/site-packages (from apache-***>=2.8.0->apache-***-providers-amazon>=9.1.0->interpark==0.1.5->-r /tmp/venv3n4n5wur/requirements.txt (line 1)) (1.1.20240702)
[2024-11-25T07:47:14.869+0000] {process_utils.py:194} INFO - Requirement already satisfied: gunicorn>=20.1.0 in /home/***/.local/lib/python3.12/site-packages (from apache-***>=2.8.0->apache-***-providers-amazon>=9.1.0->interpark==0.1.5->-r /tmp/venv3n4n5wur/requirements.txt (line 1)) (23.0.0)
[2024-11-25T07:47:14.870+0000] {process_utils.py:194} INFO - Requirement already satisfied: httpx>=0.25.0 in /home/***/.local/lib/python3.12/site-packages (from apache-***>=2.8.0->apache-***-providers-amazon>=9.1.0->interpark==0.1.5->-r /tmp/venv3n4n5wur/requirements.txt (line 1)) (0.27.0)
[2024-11-25T07:47:14.870+0000] {process_utils.py:194} INFO - Requirement already satisfied: itsdangerous>=2.0 in /home/***/.local/lib/python3.12/site-packages (from apache-***>=2.8.0->apache-***-providers-amazon>=9.1.0->interpark==0.1.5->-r /tmp/venv3n4n5wur/requirements.txt (line 1)) (2.2.0)
[2024-11-25T07:47:14.871+0000] {process_utils.py:194} INFO - Requirement already satisfied: jinja2>=3.0.0 in /home/***/.local/lib/python3.12/site-packages (from apache-***>=2.8.0->apache-***-providers-amazon>=9.1.0->interpark==0.1.5->-r /tmp/venv3n4n5wur/requirements.txt (line 1)) (3.1.4)
[2024-11-25T07:47:14.871+0000] {process_utils.py:194} INFO - Requirement already satisfied: jsonschema>=4.18.0 in /home/***/.local/lib/python3.12/site-packages (from apache-***>=2.8.0->apache-***-providers-amazon>=9.1.0->interpark==0.1.5->-r /tmp/venv3n4n5wur/requirements.txt (line 1)) (4.23.0)
[2024-11-25T07:47:14.872+0000] {process_utils.py:194} INFO - Requirement already satisfied: lazy-object-proxy>=1.2.0 in /home/***/.local/lib/python3.12/site-packages (from apache-***>=2.8.0->apache-***-providers-amazon>=9.1.0->interpark==0.1.5->-r /tmp/venv3n4n5wur/requirements.txt (line 1)) (1.10.0)
[2024-11-25T07:47:14.872+0000] {process_utils.py:194} INFO - Requirement already satisfied: linkify-it-py>=2.0.0 in /home/***/.local/lib/python3.12/site-packages (from apache-***>=2.8.0->apache-***-providers-amazon>=9.1.0->interpark==0.1.5->-r /tmp/venv3n4n5wur/requirements.txt (line 1)) (2.0.3)
[2024-11-25T07:47:14.873+0000] {process_utils.py:194} INFO - Requirement already satisfied: lockfile>=0.12.2 in /home/***/.local/lib/python3.12/site-packages (from apache-***>=2.8.0->apache-***-providers-amazon>=9.1.0->interpark==0.1.5->-r /tmp/venv3n4n5wur/requirements.txt (line 1)) (0.12.2)
[2024-11-25T07:47:14.873+0000] {process_utils.py:194} INFO - Requirement already satisfied: markdown-it-py>=2.1.0 in /home/***/.local/lib/python3.12/site-packages (from apache-***>=2.8.0->apache-***-providers-amazon>=9.1.0->interpark==0.1.5->-r /tmp/venv3n4n5wur/requirements.txt (line 1)) (3.0.0)
[2024-11-25T07:47:14.874+0000] {process_utils.py:194} INFO - Requirement already satisfied: markupsafe>=1.1.1 in /home/***/.local/lib/python3.12/site-packages (from apache-***>=2.8.0->apache-***-providers-amazon>=9.1.0->interpark==0.1.5->-r /tmp/venv3n4n5wur/requirements.txt (line 1)) (3.0.2)
[2024-11-25T07:47:14.874+0000] {process_utils.py:194} INFO - Requirement already satisfied: marshmallow-oneofschema>=2.0.1 in /home/***/.local/lib/python3.12/site-packages (from apache-***>=2.8.0->apache-***-providers-amazon>=9.1.0->interpark==0.1.5->-r /tmp/venv3n4n5wur/requirements.txt (line 1)) (3.1.1)
[2024-11-25T07:47:14.875+0000] {process_utils.py:194} INFO - Requirement already satisfied: mdit-py-plugins>=0.3.0 in /home/***/.local/lib/python3.12/site-packages (from apache-***>=2.8.0->apache-***-providers-amazon>=9.1.0->interpark==0.1.5->-r /tmp/venv3n4n5wur/requirements.txt (line 1)) (0.4.2)
[2024-11-25T07:47:14.875+0000] {process_utils.py:194} INFO - Requirement already satisfied: methodtools>=0.4.7 in /home/***/.local/lib/python3.12/site-packages (from apache-***>=2.8.0->apache-***-providers-amazon>=9.1.0->interpark==0.1.5->-r /tmp/venv3n4n5wur/requirements.txt (line 1)) (0.4.7)
[2024-11-25T07:47:14.876+0000] {process_utils.py:194} INFO - Requirement already satisfied: opentelemetry-api>=1.15.0 in /home/***/.local/lib/python3.12/site-packages (from apache-***>=2.8.0->apache-***-providers-amazon>=9.1.0->interpark==0.1.5->-r /tmp/venv3n4n5wur/requirements.txt (line 1)) (1.27.0)
[2024-11-25T07:47:14.876+0000] {process_utils.py:194} INFO - Requirement already satisfied: opentelemetry-exporter-otlp>=1.15.0 in /home/***/.local/lib/python3.12/site-packages (from apache-***>=2.8.0->apache-***-providers-amazon>=9.1.0->interpark==0.1.5->-r /tmp/venv3n4n5wur/requirements.txt (line 1)) (1.27.0)
[2024-11-25T07:47:14.877+0000] {process_utils.py:194} INFO - Requirement already satisfied: pathspec>=0.9.0 in /home/***/.local/lib/python3.12/site-packages (from apache-***>=2.8.0->apache-***-providers-amazon>=9.1.0->interpark==0.1.5->-r /tmp/venv3n4n5wur/requirements.txt (line 1)) (0.12.1)
[2024-11-25T07:47:14.877+0000] {process_utils.py:194} INFO - Requirement already satisfied: pendulum<4.0,>=3.0.0 in /home/***/.local/lib/python3.12/site-packages (from apache-***>=2.8.0->apache-***-providers-amazon>=9.1.0->interpark==0.1.5->-r /tmp/venv3n4n5wur/requirements.txt (line 1)) (3.0.0)
[2024-11-25T07:47:14.877+0000] {process_utils.py:194} INFO - Requirement already satisfied: pluggy>=1.5.0 in /home/***/.local/lib/python3.12/site-packages (from apache-***>=2.8.0->apache-***-providers-amazon>=9.1.0->interpark==0.1.5->-r /tmp/venv3n4n5wur/requirements.txt (line 1)) (1.5.0)
[2024-11-25T07:47:14.878+0000] {process_utils.py:194} INFO - Requirement already satisfied: psutil>=5.8.0 in /home/***/.local/lib/python3.12/site-packages (from apache-***>=2.8.0->apache-***-providers-amazon>=9.1.0->interpark==0.1.5->-r /tmp/venv3n4n5wur/requirements.txt (line 1)) (6.1.0)
[2024-11-25T07:47:14.878+0000] {process_utils.py:194} INFO - Requirement already satisfied: pygments>=2.0.1 in /home/***/.local/lib/python3.12/site-packages (from apache-***>=2.8.0->apache-***-providers-amazon>=9.1.0->interpark==0.1.5->-r /tmp/venv3n4n5wur/requirements.txt (line 1)) (2.18.0)
[2024-11-25T07:47:14.879+0000] {process_utils.py:194} INFO - Requirement already satisfied: pyjwt>=2.0.0 in /home/***/.local/lib/python3.12/site-packages (from apache-***>=2.8.0->apache-***-providers-amazon>=9.1.0->interpark==0.1.5->-r /tmp/venv3n4n5wur/requirements.txt (line 1)) (2.9.0)
[2024-11-25T07:47:14.879+0000] {process_utils.py:194} INFO - Requirement already satisfied: python-daemon>=3.0.0 in /home/***/.local/lib/python3.12/site-packages (from apache-***>=2.8.0->apache-***-providers-amazon>=9.1.0->interpark==0.1.5->-r /tmp/venv3n4n5wur/requirements.txt (line 1)) (3.1.0)
[2024-11-25T07:47:14.880+0000] {process_utils.py:194} INFO - Requirement already satisfied: python-dateutil>=2.7.0 in /home/***/.local/lib/python3.12/site-packages (from apache-***>=2.8.0->apache-***-providers-amazon>=9.1.0->interpark==0.1.5->-r /tmp/venv3n4n5wur/requirements.txt (line 1)) (2.9.0.post0)
[2024-11-25T07:47:14.880+0000] {process_utils.py:194} INFO - Requirement already satisfied: python-nvd3>=0.15.0 in /home/***/.local/lib/python3.12/site-packages (from apache-***>=2.8.0->apache-***-providers-amazon>=9.1.0->interpark==0.1.5->-r /tmp/venv3n4n5wur/requirements.txt (line 1)) (0.16.0)
[2024-11-25T07:47:14.880+0000] {process_utils.py:194} INFO - Requirement already satisfied: python-slugify>=5.0 in /home/***/.local/lib/python3.12/site-packages (from apache-***>=2.8.0->apache-***-providers-amazon>=9.1.0->interpark==0.1.5->-r /tmp/venv3n4n5wur/requirements.txt (line 1)) (8.0.4)
[2024-11-25T07:47:14.881+0000] {process_utils.py:194} INFO - Requirement already satisfied: requests-toolbelt>=0.4.0 in /home/***/.local/lib/python3.12/site-packages (from apache-***>=2.8.0->apache-***-providers-amazon>=9.1.0->interpark==0.1.5->-r /tmp/venv3n4n5wur/requirements.txt (line 1)) (1.0.0)
[2024-11-25T07:47:14.881+0000] {process_utils.py:194} INFO - Requirement already satisfied: rfc3339-validator>=0.1.4 in /home/***/.local/lib/python3.12/site-packages (from apache-***>=2.8.0->apache-***-providers-amazon>=9.1.0->interpark==0.1.5->-r /tmp/venv3n4n5wur/requirements.txt (line 1)) (0.1.4)
[2024-11-25T07:47:14.882+0000] {process_utils.py:194} INFO - Requirement already satisfied: rich-argparse>=1.0.0 in /home/***/.local/lib/python3.12/site-packages (from apache-***>=2.8.0->apache-***-providers-amazon>=9.1.0->interpark==0.1.5->-r /tmp/venv3n4n5wur/requirements.txt (line 1)) (1.6.0)
[2024-11-25T07:47:14.882+0000] {process_utils.py:194} INFO - Requirement already satisfied: rich>=12.4.4 in /home/***/.local/lib/python3.12/site-packages (from apache-***>=2.8.0->apache-***-providers-amazon>=9.1.0->interpark==0.1.5->-r /tmp/venv3n4n5wur/requirements.txt (line 1)) (13.9.4)
[2024-11-25T07:47:14.882+0000] {process_utils.py:194} INFO - Requirement already satisfied: setproctitle>=1.3.3 in /home/***/.local/lib/python3.12/site-packages (from apache-***>=2.8.0->apache-***-providers-amazon>=9.1.0->interpark==0.1.5->-r /tmp/venv3n4n5wur/requirements.txt (line 1)) (1.3.3)
[2024-11-25T07:47:14.883+0000] {process_utils.py:194} INFO - Requirement already satisfied: sqlalchemy<2.0,>=1.4.36 in /home/***/.local/lib/python3.12/site-packages (from apache-***>=2.8.0->apache-***-providers-amazon>=9.1.0->interpark==0.1.5->-r /tmp/venv3n4n5wur/requirements.txt (line 1)) (1.4.54)
[2024-11-25T07:47:14.883+0000] {process_utils.py:194} INFO - Requirement already satisfied: sqlalchemy-jsonfield>=1.0 in /home/***/.local/lib/python3.12/site-packages (from apache-***>=2.8.0->apache-***-providers-amazon>=9.1.0->interpark==0.1.5->-r /tmp/venv3n4n5wur/requirements.txt (line 1)) (1.0.2)
[2024-11-25T07:47:14.884+0000] {process_utils.py:194} INFO - Requirement already satisfied: tabulate>=0.7.5 in /home/***/.local/lib/python3.12/site-packages (from apache-***>=2.8.0->apache-***-providers-amazon>=9.1.0->interpark==0.1.5->-r /tmp/venv3n4n5wur/requirements.txt (line 1)) (0.9.0)
[2024-11-25T07:47:14.884+0000] {process_utils.py:194} INFO - Requirement already satisfied: tenacity!=8.2.0,>=8.0.0 in /home/***/.local/lib/python3.12/site-packages (from apache-***>=2.8.0->apache-***-providers-amazon>=9.1.0->interpark==0.1.5->-r /tmp/venv3n4n5wur/requirements.txt (line 1)) (8.5.0)
[2024-11-25T07:47:14.884+0000] {process_utils.py:194} INFO - Requirement already satisfied: termcolor>=1.1.0 in /home/***/.local/lib/python3.12/site-packages (from apache-***>=2.8.0->apache-***-providers-amazon>=9.1.0->interpark==0.1.5->-r /tmp/venv3n4n5wur/requirements.txt (line 1)) (2.5.0)
[2024-11-25T07:47:14.886+0000] {process_utils.py:194} INFO - Requirement already satisfied: universal-pathlib!=0.2.4,>=0.2.2 in /home/***/.local/lib/python3.12/site-packages (from apache-***>=2.8.0->apache-***-providers-amazon>=9.1.0->interpark==0.1.5->-r /tmp/venv3n4n5wur/requirements.txt (line 1)) (0.2.5)
[2024-11-25T07:47:14.887+0000] {process_utils.py:194} INFO - Requirement already satisfied: werkzeug<3,>=2.0 in /home/***/.local/lib/python3.12/site-packages (from apache-***>=2.8.0->apache-***-providers-amazon>=9.1.0->interpark==0.1.5->-r /tmp/venv3n4n5wur/requirements.txt (line 1)) (2.2.3)
[2024-11-25T07:47:14.887+0000] {process_utils.py:194} INFO - Requirement already satisfied: apache-***-providers-common-io in /home/***/.local/lib/python3.12/site-packages (from apache-***>=2.8.0->apache-***-providers-amazon>=9.1.0->interpark==0.1.5->-r /tmp/venv3n4n5wur/requirements.txt (line 1)) (1.4.2)
[2024-11-25T07:47:14.888+0000] {process_utils.py:194} INFO - Requirement already satisfied: apache-***-providers-fab>=1.0.2 in /home/***/.local/lib/python3.12/site-packages (from apache-***>=2.8.0->apache-***-providers-amazon>=9.1.0->interpark==0.1.5->-r /tmp/venv3n4n5wur/requirements.txt (line 1)) (1.5.0)
[2024-11-25T07:47:14.888+0000] {process_utils.py:194} INFO - Requirement already satisfied: apache-***-providers-ftp in /home/***/.local/lib/python3.12/site-packages (from apache-***>=2.8.0->apache-***-providers-amazon>=9.1.0->interpark==0.1.5->-r /tmp/venv3n4n5wur/requirements.txt (line 1)) (3.11.1)
[2024-11-25T07:47:14.889+0000] {process_utils.py:194} INFO - Requirement already satisfied: apache-***-providers-imap in /home/***/.local/lib/python3.12/site-packages (from apache-***>=2.8.0->apache-***-providers-amazon>=9.1.0->interpark==0.1.5->-r /tmp/venv3n4n5wur/requirements.txt (line 1)) (3.7.0)
[2024-11-25T07:47:14.889+0000] {process_utils.py:194} INFO - Requirement already satisfied: apache-***-providers-smtp in /home/***/.local/lib/python3.12/site-packages (from apache-***>=2.8.0->apache-***-providers-amazon>=9.1.0->interpark==0.1.5->-r /tmp/venv3n4n5wur/requirements.txt (line 1)) (1.8.0)
[2024-11-25T07:47:14.890+0000] {process_utils.py:194} INFO - Requirement already satisfied: apache-***-providers-sqlite in /home/***/.local/lib/python3.12/site-packages (from apache-***>=2.8.0->apache-***-providers-amazon>=9.1.0->interpark==0.1.5->-r /tmp/venv3n4n5wur/requirements.txt (line 1)) (3.9.0)
[2024-11-25T07:47:14.893+0000] {process_utils.py:194} INFO - Requirement already satisfied: more-itertools>=9.0.0 in /home/***/.local/lib/python3.12/site-packages (from apache-***-providers-common-sql>=1.20.0->apache-***-providers-amazon>=9.1.0->interpark==0.1.5->-r /tmp/venv3n4n5wur/requirements.txt (line 1)) (10.5.0)
[2024-11-25T07:47:14.894+0000] {process_utils.py:194} INFO - Requirement already satisfied: sqlparse>=0.5.1 in /home/***/.local/lib/python3.12/site-packages (from apache-***-providers-common-sql>=1.20.0->apache-***-providers-amazon>=9.1.0->interpark==0.1.5->-r /tmp/venv3n4n5wur/requirements.txt (line 1)) (0.5.1)
[2024-11-25T07:47:14.899+0000] {process_utils.py:194} INFO - Requirement already satisfied: s3transfer<0.11.0,>=0.10.0 in /home/***/.local/lib/python3.12/site-packages (from boto3>=1.34.90->apache-***-providers-amazon>=9.1.0->interpark==0.1.5->-r /tmp/venv3n4n5wur/requirements.txt (line 1)) (0.10.3)
[2024-11-25T07:47:14.919+0000] {process_utils.py:194} INFO - Requirement already satisfied: ply in /home/***/.local/lib/python3.12/site-packages (from jsonpath_ng>=1.5.3->apache-***-providers-amazon>=9.1.0->interpark==0.1.5->-r /tmp/venv3n4n5wur/requirements.txt (line 1)) (3.11)
[2024-11-25T07:47:14.929+0000] {process_utils.py:194} INFO - Requirement already satisfied: lxml!=4.7.0,>=4.6.5 in /home/***/.local/lib/python3.12/site-packages (from python3-saml>=1.16.0->apache-***-providers-amazon>=9.1.0->interpark==0.1.5->-r /tmp/venv3n4n5wur/requirements.txt (line 1)) (5.3.0)
[2024-11-25T07:47:14.930+0000] {process_utils.py:194} INFO - Requirement already satisfied: isodate>=0.6.1 in /home/***/.local/lib/python3.12/site-packages (from python3-saml>=1.16.0->apache-***-providers-amazon>=9.1.0->interpark==0.1.5->-r /tmp/venv3n4n5wur/requirements.txt (line 1)) (0.7.2)
[2024-11-25T07:47:14.930+0000] {process_utils.py:194} INFO - Requirement already satisfied: xmlsec>=1.3.9 in /home/***/.local/lib/python3.12/site-packages (from python3-saml>=1.16.0->apache-***-providers-amazon>=9.1.0->interpark==0.1.5->-r /tmp/venv3n4n5wur/requirements.txt (line 1)) (1.3.14)
[2024-11-25T07:47:14.936+0000] {process_utils.py:194} INFO - Requirement already satisfied: scramp<1.5.0,>=1.2.0 in /home/***/.local/lib/python3.12/site-packages (from redshift_connector>=2.0.918->apache-***-providers-amazon>=9.1.0->interpark==0.1.5->-r /tmp/venv3n4n5wur/requirements.txt (line 1)) (1.4.5)
[2024-11-25T07:47:14.937+0000] {process_utils.py:194} INFO - Requirement already satisfied: pytz>=2020.1 in /home/***/.local/lib/python3.12/site-packages (from redshift_connector>=2.0.918->apache-***-providers-amazon>=9.1.0->interpark==0.1.5->-r /tmp/venv3n4n5wur/requirements.txt (line 1)) (2024.2)
[2024-11-25T07:47:14.939+0000] {process_utils.py:194} INFO - Requirement already satisfied: setuptools in /home/***/.local/lib/python3.12/site-packages (from redshift_connector>=2.0.918->apache-***-providers-amazon>=9.1.0->interpark==0.1.5->-r /tmp/venv3n4n5wur/requirements.txt (line 1)) (75.3.0)
[2024-11-25T07:47:14.943+0000] {process_utils.py:194} INFO - Requirement already satisfied: charset-normalizer<4,>=2 in /home/***/.local/lib/python3.12/site-packages (from requests->webdriver-manager>=4.0.2->interpark==0.1.5->-r /tmp/venv3n4n5wur/requirements.txt (line 1)) (3.4.0)
[2024-11-25T07:47:14.944+0000] {process_utils.py:194} INFO - Requirement already satisfied: idna<4,>=2.5 in /home/***/.local/lib/python3.12/site-packages (from requests->webdriver-manager>=4.0.2->interpark==0.1.5->-r /tmp/venv3n4n5wur/requirements.txt (line 1)) (3.10)
[2024-11-25T07:47:14.949+0000] {process_utils.py:194} INFO - Requirement already satisfied: sortedcontainers in /home/***/.local/lib/python3.12/site-packages (from trio~=0.17->selenium>=4.26.1->interpark==0.1.5->-r /tmp/venv3n4n5wur/requirements.txt (line 1)) (2.4.0)
[2024-11-25T07:47:14.988+0000] {process_utils.py:194} INFO - Collecting outcome (from trio~=0.17->selenium>=4.26.1->interpark==0.1.5->-r /tmp/venv3n4n5wur/requirements.txt (line 1))
[2024-11-25T07:47:14.990+0000] {process_utils.py:194} INFO -   Using cached outcome-1.3.0.post0-py2.py3-none-any.whl.metadata (2.6 kB)
[2024-11-25T07:47:14.994+0000] {process_utils.py:194} INFO - Requirement already satisfied: sniffio>=1.3.0 in /home/***/.local/lib/python3.12/site-packages (from trio~=0.17->selenium>=4.26.1->interpark==0.1.5->-r /tmp/venv3n4n5wur/requirements.txt (line 1)) (1.3.1)
[2024-11-25T07:47:15.043+0000] {process_utils.py:194} INFO - Collecting wsproto>=0.14 (from trio-websocket~=0.9->selenium>=4.26.1->interpark==0.1.5->-r /tmp/venv3n4n5wur/requirements.txt (line 1))
[2024-11-25T07:47:15.046+0000] {process_utils.py:194} INFO -   Using cached wsproto-1.2.0-py3-none-any.whl.metadata (5.6 kB)
[2024-11-25T07:47:15.095+0000] {process_utils.py:194} INFO - Collecting pysocks!=1.5.7,<2.0,>=1.5.6 (from urllib3[socks]<3,>=1.26->selenium>=4.26.1->interpark==0.1.5->-r /tmp/venv3n4n5wur/requirements.txt (line 1))
[2024-11-25T07:47:15.098+0000] {process_utils.py:194} INFO -   Using cached PySocks-1.7.1-py3-none-any.whl.metadata (13 kB)
[2024-11-25T07:47:15.122+0000] {process_utils.py:194} INFO - Requirement already satisfied: aiohttp>=3.9.2 in /home/***/.local/lib/python3.12/site-packages (from apache-***-providers-http->apache-***-providers-amazon>=9.1.0->interpark==0.1.5->-r /tmp/venv3n4n5wur/requirements.txt (line 1)) (3.10.10)
[2024-11-25T07:47:15.137+0000] {process_utils.py:194} INFO - Requirement already satisfied: aiohappyeyeballs>=2.3.0 in /home/***/.local/lib/python3.12/site-packages (from aiohttp>=3.9.2->apache-***-providers-http->apache-***-providers-amazon>=9.1.0->interpark==0.1.5->-r /tmp/venv3n4n5wur/requirements.txt (line 1)) (2.4.3)
[2024-11-25T07:47:15.139+0000] {process_utils.py:194} INFO - Requirement already satisfied: aiosignal>=1.1.2 in /home/***/.local/lib/python3.12/site-packages (from aiohttp>=3.9.2->apache-***-providers-http->apache-***-providers-amazon>=9.1.0->interpark==0.1.5->-r /tmp/venv3n4n5wur/requirements.txt (line 1)) (1.3.1)
[2024-11-25T07:47:15.140+0000] {process_utils.py:194} INFO - Requirement already satisfied: frozenlist>=1.1.1 in /home/***/.local/lib/python3.12/site-packages (from aiohttp>=3.9.2->apache-***-providers-http->apache-***-providers-amazon>=9.1.0->interpark==0.1.5->-r /tmp/venv3n4n5wur/requirements.txt (line 1)) (1.5.0)
[2024-11-25T07:47:15.141+0000] {process_utils.py:194} INFO - Requirement already satisfied: multidict<7.0,>=4.5 in /home/***/.local/lib/python3.12/site-packages (from aiohttp>=3.9.2->apache-***-providers-http->apache-***-providers-amazon>=9.1.0->interpark==0.1.5->-r /tmp/venv3n4n5wur/requirements.txt (line 1)) (6.1.0)
[2024-11-25T07:47:15.142+0000] {process_utils.py:194} INFO - Requirement already satisfied: yarl<2.0,>=1.12.0 in /home/***/.local/lib/python3.12/site-packages (from aiohttp>=3.9.2->apache-***-providers-http->apache-***-providers-amazon>=9.1.0->interpark==0.1.5->-r /tmp/venv3n4n5wur/requirements.txt (line 1)) (1.17.1)
[2024-11-25T07:47:15.148+0000] {process_utils.py:194} INFO - Requirement already satisfied: Mako in /home/***/.local/lib/python3.12/site-packages (from alembic<2.0,>=1.13.1->apache-***>=2.8.0->apache-***-providers-amazon>=9.1.0->interpark==0.1.5->-r /tmp/venv3n4n5wur/requirements.txt (line 1)) (1.3.6)
[2024-11-25T07:47:15.156+0000] {process_utils.py:194} INFO - Requirement already satisfied: flask-appbuilder==4.5.2 in /home/***/.local/lib/python3.12/site-packages (from apache-***-providers-fab>=1.0.2->apache-***>=2.8.0->apache-***-providers-amazon>=9.1.0->interpark==0.1.5->-r /tmp/venv3n4n5wur/requirements.txt (line 1)) (4.5.2)
[2024-11-25T07:47:15.157+0000] {process_utils.py:194} INFO - Requirement already satisfied: flask-login>=0.6.2 in /home/***/.local/lib/python3.12/site-packages (from apache-***-providers-fab>=1.0.2->apache-***>=2.8.0->apache-***-providers-amazon>=9.1.0->interpark==0.1.5->-r /tmp/venv3n4n5wur/requirements.txt (line 1)) (0.6.3)
[2024-11-25T07:47:15.171+0000] {process_utils.py:194} INFO - Requirement already satisfied: apispec<7,>=6.0.0 in /home/***/.local/lib/python3.12/site-packages (from apispec[yaml]<7,>=6.0.0->flask-appbuilder==4.5.2->apache-***-providers-fab>=1.0.2->apache-***>=2.8.0->apache-***-providers-amazon>=9.1.0->interpark==0.1.5->-r /tmp/venv3n4n5wur/requirements.txt (line 1)) (6.7.1)
[2024-11-25T07:47:15.173+0000] {process_utils.py:194} INFO - Requirement already satisfied: colorama<1,>=0.3.9 in /home/***/.local/lib/python3.12/site-packages (from flask-appbuilder==4.5.2->apache-***-providers-fab>=1.0.2->apache-***>=2.8.0->apache-***-providers-amazon>=9.1.0->interpark==0.1.5->-r /tmp/venv3n4n5wur/requirements.txt (line 1)) (0.4.6)
[2024-11-25T07:47:15.174+0000] {process_utils.py:194} INFO - Requirement already satisfied: click<9,>=8 in /home/***/.local/lib/python3.12/site-packages (from flask-appbuilder==4.5.2->apache-***-providers-fab>=1.0.2->apache-***>=2.8.0->apache-***-providers-amazon>=9.1.0->interpark==0.1.5->-r /tmp/venv3n4n5wur/requirements.txt (line 1)) (8.1.7)
[2024-11-25T07:47:15.175+0000] {process_utils.py:194} INFO - Requirement already satisfied: email-validator>=1.0.5 in /home/***/.local/lib/python3.12/site-packages (from flask-appbuilder==4.5.2->apache-***-providers-fab>=1.0.2->apache-***>=2.8.0->apache-***-providers-amazon>=9.1.0->interpark==0.1.5->-r /tmp/venv3n4n5wur/requirements.txt (line 1)) (2.2.0)
[2024-11-25T07:47:15.177+0000] {process_utils.py:194} INFO - Requirement already satisfied: Flask-Babel<3,>=1 in /home/***/.local/lib/python3.12/site-packages (from flask-appbuilder==4.5.2->apache-***-providers-fab>=1.0.2->apache-***>=2.8.0->apache-***-providers-amazon>=9.1.0->interpark==0.1.5->-r /tmp/venv3n4n5wur/requirements.txt (line 1)) (2.0.0)
[2024-11-25T07:47:15.178+0000] {process_utils.py:194} INFO - Requirement already satisfied: Flask-Limiter<4,>3 in /home/***/.local/lib/python3.12/site-packages (from flask-appbuilder==4.5.2->apache-***-providers-fab>=1.0.2->apache-***>=2.8.0->apache-***-providers-amazon>=9.1.0->interpark==0.1.5->-r /tmp/venv3n4n5wur/requirements.txt (line 1)) (3.8.0)
[2024-11-25T07:47:15.179+0000] {process_utils.py:194} INFO - Requirement already satisfied: Flask-SQLAlchemy<3,>=2.4 in /home/***/.local/lib/python3.12/site-packages (from flask-appbuilder==4.5.2->apache-***-providers-fab>=1.0.2->apache-***>=2.8.0->apache-***-providers-amazon>=9.1.0->interpark==0.1.5->-r /tmp/venv3n4n5wur/requirements.txt (line 1)) (2.5.1)
[2024-11-25T07:47:15.181+0000] {process_utils.py:194} INFO - Requirement already satisfied: Flask-JWT-Extended<5.0.0,>=4.0.0 in /home/***/.local/lib/python3.12/site-packages (from flask-appbuilder==4.5.2->apache-***-providers-fab>=1.0.2->apache-***>=2.8.0->apache-***-providers-amazon>=9.1.0->interpark==0.1.5->-r /tmp/venv3n4n5wur/requirements.txt (line 1)) (4.6.0)
[2024-11-25T07:47:15.182+0000] {process_utils.py:194} INFO - Requirement already satisfied: marshmallow<4,>=3.18.0 in /home/***/.local/lib/python3.12/site-packages (from flask-appbuilder==4.5.2->apache-***-providers-fab>=1.0.2->apache-***>=2.8.0->apache-***-providers-amazon>=9.1.0->interpark==0.1.5->-r /tmp/venv3n4n5wur/requirements.txt (line 1)) (3.23.1)
[2024-11-25T07:47:15.183+0000] {process_utils.py:194} INFO - Requirement already satisfied: marshmallow-sqlalchemy<0.29.0,>=0.22.0 in /home/***/.local/lib/python3.12/site-packages (from flask-appbuilder==4.5.2->apache-***-providers-fab>=1.0.2->apache-***>=2.8.0->apache-***-providers-amazon>=9.1.0->interpark==0.1.5->-r /tmp/venv3n4n5wur/requirements.txt (line 1)) (0.28.2)
[2024-11-25T07:47:15.186+0000] {process_utils.py:194} INFO - Requirement already satisfied: prison<1.0.0,>=0.2.1 in /home/***/.local/lib/python3.12/site-packages (from flask-appbuilder==4.5.2->apache-***-providers-fab>=1.0.2->apache-***>=2.8.0->apache-***-providers-amazon>=9.1.0->interpark==0.1.5->-r /tmp/venv3n4n5wur/requirements.txt (line 1)) (0.2.1)
[2024-11-25T07:47:15.188+0000] {process_utils.py:194} INFO - Requirement already satisfied: sqlalchemy-utils<1,>=0.32.21 in /home/***/.local/lib/python3.12/site-packages (from flask-appbuilder==4.5.2->apache-***-providers-fab>=1.0.2->apache-***>=2.8.0->apache-***-providers-amazon>=9.1.0->interpark==0.1.5->-r /tmp/venv3n4n5wur/requirements.txt (line 1)) (0.41.2)
[2024-11-25T07:47:15.188+0000] {process_utils.py:194} INFO - Requirement already satisfied: WTForms<4 in /home/***/.local/lib/python3.12/site-packages (from flask-appbuilder==4.5.2->apache-***-providers-fab>=1.0.2->apache-***>=2.8.0->apache-***-providers-amazon>=9.1.0->interpark==0.1.5->-r /tmp/venv3n4n5wur/requirements.txt (line 1)) (3.2.1)
[2024-11-25T07:47:15.237+0000] {process_utils.py:194} INFO - Requirement already satisfied: clickclick<21,>=1.2 in /home/***/.local/lib/python3.12/site-packages (from connexion<3.0,>=2.14.2->connexion[flask]<3.0,>=2.14.2->apache-***>=2.8.0->apache-***-providers-amazon>=9.1.0->interpark==0.1.5->-r /tmp/venv3n4n5wur/requirements.txt (line 1)) (20.10.2)
[2024-11-25T07:47:15.238+0000] {process_utils.py:194} INFO - Requirement already satisfied: PyYAML<7,>=5.1 in /home/***/.local/lib/python3.12/site-packages (from connexion<3.0,>=2.14.2->connexion[flask]<3.0,>=2.14.2->apache-***>=2.8.0->apache-***-providers-amazon>=9.1.0->interpark==0.1.5->-r /tmp/venv3n4n5wur/requirements.txt (line 1)) (6.0.2)
[2024-11-25T07:47:15.274+0000] {process_utils.py:194} INFO - Requirement already satisfied: cffi>=1.12 in /home/***/.local/lib/python3.12/site-packages (from cryptography>=41.0.0->apache-***>=2.8.0->apache-***-providers-amazon>=9.1.0->interpark==0.1.5->-r /tmp/venv3n4n5wur/requirements.txt (line 1)) (1.17.1)
[2024-11-25T07:47:15.280+0000] {process_utils.py:194} INFO - Requirement already satisfied: wrapt<2,>=1.10 in /home/***/.local/lib/python3.12/site-packages (from deprecated>=1.2.13->apache-***>=2.8.0->apache-***-providers-amazon>=9.1.0->interpark==0.1.5->-r /tmp/venv3n4n5wur/requirements.txt (line 1)) (1.16.0)
[2024-11-25T07:47:15.313+0000] {process_utils.py:194} INFO - Requirement already satisfied: cachelib<0.10.0,>=0.9.0 in /home/***/.local/lib/python3.12/site-packages (from flask-caching>=2.0.0->apache-***>=2.8.0->apache-***-providers-amazon>=9.1.0->interpark==0.1.5->-r /tmp/venv3n4n5wur/requirements.txt (line 1)) (0.9.0)
[2024-11-25T07:47:15.357+0000] {process_utils.py:194} INFO - Requirement already satisfied: anyio in /home/***/.local/lib/python3.12/site-packages (from httpx>=0.25.0->apache-***>=2.8.0->apache-***-providers-amazon>=9.1.0->interpark==0.1.5->-r /tmp/venv3n4n5wur/requirements.txt (line 1)) (4.6.2.post1)
[2024-11-25T07:47:15.357+0000] {process_utils.py:194} INFO - Requirement already satisfied: httpcore==1.* in /home/***/.local/lib/python3.12/site-packages (from httpx>=0.25.0->apache-***>=2.8.0->apache-***-providers-amazon>=9.1.0->interpark==0.1.5->-r /tmp/venv3n4n5wur/requirements.txt (line 1)) (1.0.6)
[2024-11-25T07:47:15.362+0000] {process_utils.py:194} INFO - Requirement already satisfied: h11<0.15,>=0.13 in /home/***/.local/lib/python3.12/site-packages (from httpcore==1.*->httpx>=0.25.0->apache-***>=2.8.0->apache-***-providers-amazon>=9.1.0->interpark==0.1.5->-r /tmp/venv3n4n5wur/requirements.txt (line 1)) (0.14.0)
[2024-11-25T07:47:15.387+0000] {process_utils.py:194} INFO - Requirement already satisfied: jsonschema-specifications>=2023.03.6 in /home/***/.local/lib/python3.12/site-packages (from jsonschema>=4.18.0->apache-***>=2.8.0->apache-***-providers-amazon>=9.1.0->interpark==0.1.5->-r /tmp/venv3n4n5wur/requirements.txt (line 1)) (2023.12.1)
[2024-11-25T07:47:15.387+0000] {process_utils.py:194} INFO - Requirement already satisfied: referencing>=0.28.4 in /home/***/.local/lib/python3.12/site-packages (from jsonschema>=4.18.0->apache-***>=2.8.0->apache-***-providers-amazon>=9.1.0->interpark==0.1.5->-r /tmp/venv3n4n5wur/requirements.txt (line 1)) (0.35.1)
[2024-11-25T07:47:15.388+0000] {process_utils.py:194} INFO - Requirement already satisfied: rpds-py>=0.7.1 in /home/***/.local/lib/python3.12/site-packages (from jsonschema>=4.18.0->apache-***>=2.8.0->apache-***-providers-amazon>=9.1.0->interpark==0.1.5->-r /tmp/venv3n4n5wur/requirements.txt (line 1)) (0.20.1)
[2024-11-25T07:47:15.396+0000] {process_utils.py:194} INFO - Requirement already satisfied: uc-micro-py in /home/***/.local/lib/python3.12/site-packages (from linkify-it-py>=2.0.0->apache-***>=2.8.0->apache-***-providers-amazon>=9.1.0->interpark==0.1.5->-r /tmp/venv3n4n5wur/requirements.txt (line 1)) (1.0.3)
[2024-11-25T07:47:15.411+0000] {process_utils.py:194} INFO - Requirement already satisfied: mdurl~=0.1 in /home/***/.local/lib/python3.12/site-packages (from markdown-it-py>=2.1.0->apache-***>=2.8.0->apache-***-providers-amazon>=9.1.0->interpark==0.1.5->-r /tmp/venv3n4n5wur/requirements.txt (line 1)) (0.1.2)
[2024-11-25T07:47:15.430+0000] {process_utils.py:194} INFO - Requirement already satisfied: wirerope>=0.4.7 in /home/***/.local/lib/python3.12/site-packages (from methodtools>=0.4.7->apache-***>=2.8.0->apache-***-providers-amazon>=9.1.0->interpark==0.1.5->-r /tmp/venv3n4n5wur/requirements.txt (line 1)) (0.4.7)
[2024-11-25T07:47:15.440+0000] {process_utils.py:194} INFO - Requirement already satisfied: importlib-metadata<=8.4.0,>=6.0 in /home/***/.local/lib/python3.12/site-packages (from opentelemetry-api>=1.15.0->apache-***>=2.8.0->apache-***-providers-amazon>=9.1.0->interpark==0.1.5->-r /tmp/venv3n4n5wur/requirements.txt (line 1)) (6.11.0)
[2024-11-25T07:47:15.444+0000] {process_utils.py:194} INFO - Requirement already satisfied: opentelemetry-exporter-otlp-proto-grpc==1.27.0 in /home/***/.local/lib/python3.12/site-packages (from opentelemetry-exporter-otlp>=1.15.0->apache-***>=2.8.0->apache-***-providers-amazon>=9.1.0->interpark==0.1.5->-r /tmp/venv3n4n5wur/requirements.txt (line 1)) (1.27.0)
[2024-11-25T07:47:15.445+0000] {process_utils.py:194} INFO - Requirement already satisfied: opentelemetry-exporter-otlp-proto-http==1.27.0 in /home/***/.local/lib/python3.12/site-packages (from opentelemetry-exporter-otlp>=1.15.0->apache-***>=2.8.0->apache-***-providers-amazon>=9.1.0->interpark==0.1.5->-r /tmp/venv3n4n5wur/requirements.txt (line 1)) (1.27.0)
[2024-11-25T07:47:15.451+0000] {process_utils.py:194} INFO - Requirement already satisfied: googleapis-common-protos~=1.52 in /home/***/.local/lib/python3.12/site-packages (from opentelemetry-exporter-otlp-proto-grpc==1.27.0->opentelemetry-exporter-otlp>=1.15.0->apache-***>=2.8.0->apache-***-providers-amazon>=9.1.0->interpark==0.1.5->-r /tmp/venv3n4n5wur/requirements.txt (line 1)) (1.65.0)
[2024-11-25T07:47:15.452+0000] {process_utils.py:194} INFO - Requirement already satisfied: grpcio<2.0.0,>=1.0.0 in /home/***/.local/lib/python3.12/site-packages (from opentelemetry-exporter-otlp-proto-grpc==1.27.0->opentelemetry-exporter-otlp>=1.15.0->apache-***>=2.8.0->apache-***-providers-amazon>=9.1.0->interpark==0.1.5->-r /tmp/venv3n4n5wur/requirements.txt (line 1)) (1.67.1)
[2024-11-25T07:47:15.453+0000] {process_utils.py:194} INFO - Requirement already satisfied: opentelemetry-exporter-otlp-proto-common==1.27.0 in /home/***/.local/lib/python3.12/site-packages (from opentelemetry-exporter-otlp-proto-grpc==1.27.0->opentelemetry-exporter-otlp>=1.15.0->apache-***>=2.8.0->apache-***-providers-amazon>=9.1.0->interpark==0.1.5->-r /tmp/venv3n4n5wur/requirements.txt (line 1)) (1.27.0)
[2024-11-25T07:47:15.453+0000] {process_utils.py:194} INFO - Requirement already satisfied: opentelemetry-proto==1.27.0 in /home/***/.local/lib/python3.12/site-packages (from opentelemetry-exporter-otlp-proto-grpc==1.27.0->opentelemetry-exporter-otlp>=1.15.0->apache-***>=2.8.0->apache-***-providers-amazon>=9.1.0->interpark==0.1.5->-r /tmp/venv3n4n5wur/requirements.txt (line 1)) (1.27.0)
[2024-11-25T07:47:15.454+0000] {process_utils.py:194} INFO - Requirement already satisfied: opentelemetry-sdk~=1.27.0 in /home/***/.local/lib/python3.12/site-packages (from opentelemetry-exporter-otlp-proto-grpc==1.27.0->opentelemetry-exporter-otlp>=1.15.0->apache-***>=2.8.0->apache-***-providers-amazon>=9.1.0->interpark==0.1.5->-r /tmp/venv3n4n5wur/requirements.txt (line 1)) (1.27.0)
[2024-11-25T07:47:15.468+0000] {process_utils.py:194} INFO - Requirement already satisfied: protobuf<5.0,>=3.19 in /home/***/.local/lib/python3.12/site-packages (from opentelemetry-proto==1.27.0->opentelemetry-exporter-otlp-proto-grpc==1.27.0->opentelemetry-exporter-otlp>=1.15.0->apache-***>=2.8.0->apache-***-providers-amazon>=9.1.0->interpark==0.1.5->-r /tmp/venv3n4n5wur/requirements.txt (line 1)) (4.25.5)
[2024-11-25T07:47:15.479+0000] {process_utils.py:194} INFO - Requirement already satisfied: tzdata>=2020.1 in /home/***/.local/lib/python3.12/site-packages (from pendulum<4.0,>=3.0.0->apache-***>=2.8.0->apache-***-providers-amazon>=9.1.0->interpark==0.1.5->-r /tmp/venv3n4n5wur/requirements.txt (line 1)) (2024.2)
[2024-11-25T07:47:15.479+0000] {process_utils.py:194} INFO - Requirement already satisfied: time-machine>=2.6.0 in /home/***/.local/lib/python3.12/site-packages (from pendulum<4.0,>=3.0.0->apache-***>=2.8.0->apache-***-providers-amazon>=9.1.0->interpark==0.1.5->-r /tmp/venv3n4n5wur/requirements.txt (line 1)) (2.16.0)
[2024-11-25T07:47:15.531+0000] {process_utils.py:194} INFO - Requirement already satisfied: six>=1.5 in /home/***/.local/lib/python3.12/site-packages (from python-dateutil>=2.7.0->apache-***>=2.8.0->apache-***-providers-amazon>=9.1.0->interpark==0.1.5->-r /tmp/venv3n4n5wur/requirements.txt (line 1)) (1.16.0)
[2024-11-25T07:47:15.547+0000] {process_utils.py:194} INFO - Requirement already satisfied: text-unidecode>=1.3 in /home/***/.local/lib/python3.12/site-packages (from python-slugify>=5.0->apache-***>=2.8.0->apache-***-providers-amazon>=9.1.0->interpark==0.1.5->-r /tmp/venv3n4n5wur/requirements.txt (line 1)) (1.3)
[2024-11-25T07:47:15.586+0000] {process_utils.py:194} INFO - Requirement already satisfied: asn1crypto>=1.5.1 in /home/***/.local/lib/python3.12/site-packages (from scramp<1.5.0,>=1.2.0->redshift_connector>=2.0.918->apache-***-providers-amazon>=9.1.0->interpark==0.1.5->-r /tmp/venv3n4n5wur/requirements.txt (line 1)) (1.5.1)
[2024-11-25T07:47:15.632+0000] {process_utils.py:194} INFO - Requirement already satisfied: greenlet!=0.4.17 in /home/***/.local/lib/python3.12/site-packages (from sqlalchemy<2.0,>=1.4.36->apache-***>=2.8.0->apache-***-providers-amazon>=9.1.0->interpark==0.1.5->-r /tmp/venv3n4n5wur/requirements.txt (line 1)) (3.1.1)
[2024-11-25T07:47:15.764+0000] {process_utils.py:194} INFO - Requirement already satisfied: pycparser in /home/***/.local/lib/python3.12/site-packages (from cffi>=1.12->cryptography>=41.0.0->apache-***>=2.8.0->apache-***-providers-amazon>=9.1.0->interpark==0.1.5->-r /tmp/venv3n4n5wur/requirements.txt (line 1)) (2.22)
[2024-11-25T07:47:15.808+0000] {process_utils.py:194} INFO - Requirement already satisfied: zipp>=0.5 in /home/***/.local/lib/python3.12/site-packages (from importlib-metadata<=8.4.0,>=6.0->opentelemetry-api>=1.15.0->apache-***>=2.8.0->apache-***-providers-amazon>=9.1.0->interpark==0.1.5->-r /tmp/venv3n4n5wur/requirements.txt (line 1)) (3.20.2)
[2024-11-25T07:47:15.890+0000] {process_utils.py:194} INFO - Requirement already satisfied: propcache>=0.2.0 in /home/***/.local/lib/python3.12/site-packages (from yarl<2.0,>=1.12.0->aiohttp>=3.9.2->apache-***-providers-http->apache-***-providers-amazon>=9.1.0->interpark==0.1.5->-r /tmp/venv3n4n5wur/requirements.txt (line 1)) (0.2.0)
[2024-11-25T07:47:15.943+0000] {process_utils.py:194} INFO - Requirement already satisfied: Babel>=2.3 in /home/***/.local/lib/python3.12/site-packages (from Flask-Babel<3,>=1->flask-appbuilder==4.5.2->apache-***-providers-fab>=1.0.2->apache-***>=2.8.0->apache-***-providers-amazon>=9.1.0->interpark==0.1.5->-r /tmp/venv3n4n5wur/requirements.txt (line 1)) (2.16.0)
[2024-11-25T07:47:15.959+0000] {process_utils.py:194} INFO - Requirement already satisfied: limits>=3.13 in /home/***/.local/lib/python3.12/site-packages (from Flask-Limiter<4,>3->flask-appbuilder==4.5.2->apache-***-providers-fab>=1.0.2->apache-***>=2.8.0->apache-***-providers-amazon>=9.1.0->interpark==0.1.5->-r /tmp/venv3n4n5wur/requirements.txt (line 1)) (3.13.0)
[2024-11-25T07:47:15.960+0000] {process_utils.py:194} INFO - Requirement already satisfied: ordered-set<5,>4 in /home/***/.local/lib/python3.12/site-packages (from Flask-Limiter<4,>3->flask-appbuilder==4.5.2->apache-***-providers-fab>=1.0.2->apache-***>=2.8.0->apache-***-providers-amazon>=9.1.0->interpark==0.1.5->-r /tmp/venv3n4n5wur/requirements.txt (line 1)) (4.1.0)
[2024-11-25T07:47:15.993+0000] {process_utils.py:194} INFO - Requirement already satisfied: opentelemetry-semantic-conventions==0.48b0 in /home/***/.local/lib/python3.12/site-packages (from opentelemetry-sdk~=1.27.0->opentelemetry-exporter-otlp-proto-grpc==1.27.0->opentelemetry-exporter-otlp>=1.15.0->apache-***>=2.8.0->apache-***-providers-amazon>=9.1.0->interpark==0.1.5->-r /tmp/venv3n4n5wur/requirements.txt (line 1)) (0.48b0)
[2024-11-25T07:47:16.051+0000] {process_utils.py:194} INFO - Requirement already satisfied: importlib-resources>=1.3 in /home/***/.local/lib/python3.12/site-packages (from limits>=3.13->Flask-Limiter<4,>3->flask-appbuilder==4.5.2->apache-***-providers-fab>=1.0.2->apache-***>=2.8.0->apache-***-providers-amazon>=9.1.0->interpark==0.1.5->-r /tmp/venv3n4n5wur/requirements.txt (line 1)) (6.4.5)
[2024-11-25T07:47:16.079+0000] {process_utils.py:194} INFO - Using cached apache_***_providers_amazon-9.1.0-py3-none-any.whl (596 kB)
[2024-11-25T07:47:16.083+0000] {process_utils.py:194} INFO - Using cached pymongo-4.10.1-cp312-cp312-manylinux_2_17_x86_64.manylinux2014_x86_64.whl (1.9 MB)
[2024-11-25T07:47:16.086+0000] {process_utils.py:194} INFO - Using cached selenium-4.26.1-py3-none-any.whl (9.7 MB)
[2024-11-25T07:47:16.093+0000] {process_utils.py:194} INFO - Using cached webdriver_manager-4.0.2-py2.py3-none-any.whl (27 kB)
[2024-11-25T07:47:16.095+0000] {process_utils.py:194} INFO - Using cached apache_***_providers_common_sql-1.20.0-py3-none-any.whl (47 kB)
[2024-11-25T07:47:16.096+0000] {process_utils.py:194} INFO - Using cached trio-0.27.0-py3-none-any.whl (481 kB)
[2024-11-25T07:47:16.100+0000] {process_utils.py:194} INFO - Using cached trio_websocket-0.11.1-py3-none-any.whl (17 kB)
[2024-11-25T07:47:16.112+0000] {process_utils.py:194} INFO - Using cached PySocks-1.7.1-py3-none-any.whl (16 kB)
[2024-11-25T07:47:16.115+0000] {process_utils.py:194} INFO - Using cached wsproto-1.2.0-py3-none-any.whl (24 kB)
[2024-11-25T07:47:16.117+0000] {process_utils.py:194} INFO - Using cached outcome-1.3.0.post0-py2.py3-none-any.whl (10 kB)
[2024-11-25T07:47:16.149+0000] {process_utils.py:194} INFO - Building wheels for collected packages: interpark
[2024-11-25T07:47:16.153+0000] {process_utils.py:194} INFO -   Building wheel for interpark (pyproject.toml): started
[2024-11-25T07:47:17.067+0000] {process_utils.py:194} INFO -   Building wheel for interpark (pyproject.toml): finished with status 'done'
[2024-11-25T07:47:17.067+0000] {process_utils.py:194} INFO -   Created wheel for interpark: filename=interpark-0.1.5-py3-none-any.whl size=25522 sha256=57f994b43ebcc441784e3080154fc22236ab90eb948e49b0e98c25a5b2c82291
[2024-11-25T07:47:17.067+0000] {process_utils.py:194} INFO -   Stored in directory: /tmp/pip-ephem-wheel-cache-4gza_we2/wheels/3b/e3/3f/2198c53e48ab1c477124eda1522aad636d2590cc0e6349feda
[2024-11-25T07:47:17.069+0000] {process_utils.py:194} INFO - Successfully built interpark
[2024-11-25T07:47:17.671+0000] {process_utils.py:194} INFO - Installing collected packages: wsproto, pysocks, pymongo, outcome, webdriver-manager, trio, trio-websocket, selenium, apache-***-providers-common-sql, apache-***-providers-amazon, interpark
[2024-11-25T07:47:20.208+0000] {process_utils.py:194} INFO -   Attempting uninstall: apache-***-providers-common-sql
[2024-11-25T07:47:20.223+0000] {process_utils.py:194} INFO -     Found existing installation: apache-***-providers-common-sql 1.19.0
[2024-11-25T07:47:20.223+0000] {process_utils.py:194} INFO -     Not uninstalling apache-***-providers-common-sql at /home/***/.local/lib/python3.12/site-packages, outside environment /tmp/venv3n4n5wur
[2024-11-25T07:47:20.224+0000] {process_utils.py:194} INFO -     Can't uninstall 'apache-***-providers-common-sql'. No files were found to uninstall.
[2024-11-25T07:47:21.546+0000] {process_utils.py:194} INFO -   Attempting uninstall: apache-***-providers-amazon
[2024-11-25T07:47:21.551+0000] {process_utils.py:194} INFO -     Found existing installation: apache-***-providers-amazon 9.0.0
[2024-11-25T07:47:21.552+0000] {process_utils.py:194} INFO -     Not uninstalling apache-***-providers-amazon at /home/***/.local/lib/python3.12/site-packages, outside environment /tmp/venv3n4n5wur
[2024-11-25T07:47:21.552+0000] {process_utils.py:194} INFO -     Can't uninstall 'apache-***-providers-amazon'. No files were found to uninstall.
[2024-11-25T07:47:22.011+0000] {process_utils.py:194} INFO - Successfully installed apache-***-providers-amazon-9.1.0 apache-***-providers-common-sql-1.20.0 interpark-0.1.5 outcome-1.3.0.post0 pymongo-4.10.1 pysocks-1.7.1 selenium-4.26.1 trio-0.27.0 trio-websocket-0.11.1 webdriver-manager-4.0.2 wsproto-1.2.0
[2024-11-25T07:47:22.564+0000] {process_utils.py:186} INFO - Executing cmd: /tmp/venv3n4n5wur/bin/python /tmp/venv-calltxmdkjcq/script.py /tmp/venv-calltxmdkjcq/script.in /tmp/venv-calltxmdkjcq/script.out /tmp/venv-calltxmdkjcq/string_args.txt /tmp/venv-calltxmdkjcq/termination.log
[2024-11-25T07:47:22.565+0000] {process_utils.py:190} INFO - Output:
[2024-11-25T07:47:24.281+0000] {process_utils.py:194} INFO - /home/***/.local/lib/python3.12/site-packages/***/configuration.py:859 FutureWarning: section/key [core/sql_alchemy_conn] has been deprecated, you should use[database/sql_alchemy_conn] instead. Please update your `conf.get*` call to use the new name
[2024-11-25T07:47:25.946+0000] {process_utils.py:194} INFO - [2024-11-25T07:47:25.945+0000] {logger.py:11} INFO - ====== WebDriver manager ======
[2024-11-25T07:47:26.052+0000] {process_utils.py:194} INFO - [2024-11-25T07:47:26.051+0000] {logger.py:11} INFO - Get LATEST chromedriver version for google-chrome
[2024-11-25T07:47:26.104+0000] {process_utils.py:194} INFO - [2024-11-25T07:47:26.103+0000] {logger.py:11} INFO - Get LATEST chromedriver version for google-chrome
[2024-11-25T07:47:26.201+0000] {process_utils.py:194} INFO - [2024-11-25T07:47:26.200+0000] {logger.py:11} INFO - Driver [/home/***/.wdm/drivers/chromedriver/linux64/131.0.6778.85/chromedriver-linux64/chromedriver] found in cache
[2024-11-25T07:47:31.347+0000] {process_utils.py:194} INFO - https://tickets.interpark.com/goods/24016386?  ...
[2024-11-25T07:47:31.347+0000] {process_utils.py:194} INFO - container  HTML  
[2024-11-25T07:47:31.348+0000] {process_utils.py:194} INFO - <div id="container"><div class="leftWingWrapper"><ul></ul></div><div class="contents" style=""></div></div>
[2024-11-25T07:47:31.348+0000] {process_utils.py:194} INFO - [2024-11-25T07:47:31.346+0000] {base.py:84} INFO - Retrieving connection 'interpark'
[2024-11-25T07:47:31.348+0000] {process_utils.py:194} INFO - [2024-11-25T07:47:31.347+0000] {connection_wrapper.py:325} INFO - AWS Connection (conn_id='interpark', conn_type='aws') credentials retrieved from login and password.
[2024-11-25T07:47:32.284+0000] {process_utils.py:194} INFO - S3  : t1-tu-data/interpark/test.html
[2024-11-25T07:47:33.010+0000] {python.py:240} INFO - Done. Returned value was: None
[2024-11-25T07:47:33.023+0000] {taskinstance.py:340} INFO - ::group::Post task execution logs
[2024-11-25T07:47:33.023+0000] {taskinstance.py:352} INFO - Marking task as SUCCESS. dag_id=interpark_to_s3, task_id=extract, run_id=scheduled__2024-11-24T00:00:00+00:00, execution_date=20241124T000000, start_date=20241125T074703, end_date=20241125T074733
[2024-11-25T07:47:33.062+0000] {local_task_job_runner.py:266} INFO - Task exited with return code 0
[2024-11-25T07:47:33.078+0000] {taskinstance.py:3895} INFO - 0 downstream tasks scheduled from follow-on schedule check
[2024-11-25T07:47:33.085+0000] {local_task_job_runner.py:245} INFO - ::endgroup::
