[2024-11-25T15:29:04.966+0000] {local_task_job_runner.py:123} INFO - ::group::Pre task execution logs
[2024-11-25T15:29:04.982+0000] {taskinstance.py:2613} INFO - Dependencies all met for dep_context=non-requeueable deps ti=<TaskInstance: open_interpark_to_S3.upload_to_s3 scheduled__2024-11-24T00:00:00+00:00 [queued]>
[2024-11-25T15:29:04.991+0000] {taskinstance.py:2613} INFO - Dependencies all met for dep_context=requeueable deps ti=<TaskInstance: open_interpark_to_S3.upload_to_s3 scheduled__2024-11-24T00:00:00+00:00 [queued]>
[2024-11-25T15:29:04.992+0000] {taskinstance.py:2866} INFO - Starting attempt 34 of 36
[2024-11-25T15:29:05.007+0000] {taskinstance.py:2889} INFO - Executing <Task(PythonVirtualenvOperator): upload_to_s3> on 2024-11-24 00:00:00+00:00
[2024-11-25T15:29:05.013+0000] {warnings.py:112} WARNING - /home/***/.local/lib/python3.12/site-packages/***/task/task_runner/standard_task_runner.py:70: DeprecationWarning: This process (pid=52) is multi-threaded, use of fork() may lead to deadlocks in the child.
  pid = os.fork()

[2024-11-25T15:29:05.014+0000] {standard_task_runner.py:72} INFO - Started process 53 to run task
[2024-11-25T15:29:05.014+0000] {standard_task_runner.py:104} INFO - Running: ['***', 'tasks', 'run', 'open_interpark_to_S3', 'upload_to_s3', 'scheduled__2024-11-24T00:00:00+00:00', '--job-id', '222', '--raw', '--subdir', 'DAGS_FOLDER/raw_open_s3.py', '--cfg-path', '/tmp/tmpx5srcne1']
[2024-11-25T15:29:05.015+0000] {standard_task_runner.py:105} INFO - Job 222: Subtask upload_to_s3
[2024-11-25T15:29:05.060+0000] {task_command.py:467} INFO - Running <TaskInstance: open_interpark_to_S3.upload_to_s3 scheduled__2024-11-24T00:00:00+00:00 [running]> on host 427c6b79aed6
[2024-11-25T15:29:05.139+0000] {taskinstance.py:3132} INFO - Exporting env vars: AIRFLOW_CTX_DAG_OWNER='***' AIRFLOW_CTX_DAG_ID='open_interpark_to_S3' AIRFLOW_CTX_TASK_ID='upload_to_s3' AIRFLOW_CTX_EXECUTION_DATE='2024-11-24T00:00:00+00:00' AIRFLOW_CTX_TRY_NUMBER='34' AIRFLOW_CTX_DAG_RUN_ID='scheduled__2024-11-24T00:00:00+00:00'
[2024-11-25T15:29:05.140+0000] {taskinstance.py:731} INFO - ::endgroup::
[2024-11-25T15:29:05.163+0000] {baseoperator.py:416} WARNING - PythonVirtualenvOperator.execute cannot be called outside TaskInstance!
[2024-11-25T15:29:05.165+0000] {process_utils.py:186} INFO - Executing cmd: /home/***/.local/bin/python -m virtualenv /tmp/venvtfgraclj --system-site-packages --python=python
[2024-11-25T15:29:05.165+0000] {process_utils.py:190} INFO - Output:
[2024-11-25T15:29:06.347+0000] {process_utils.py:194} INFO - created virtual environment CPython3.12.7.final.0-64 in 509ms
[2024-11-25T15:29:06.348+0000] {process_utils.py:194} INFO -   creator CPython3Posix(dest=/tmp/venvtfgraclj, clear=False, no_vcs_ignore=False, global=True)
[2024-11-25T15:29:06.348+0000] {process_utils.py:194} INFO -   seeder FromAppData(download=False, pip=bundle, via=copy, app_data_dir=/home/***/.local/share/virtualenv)
[2024-11-25T15:29:06.348+0000] {process_utils.py:194} INFO -     added seed packages: pip==24.3.1
[2024-11-25T15:29:06.348+0000] {process_utils.py:194} INFO -   activators BashActivator,CShellActivator,FishActivator,NushellActivator,PowerShellActivator,PythonActivator
[2024-11-25T15:29:06.379+0000] {process_utils.py:186} INFO - Executing cmd: /tmp/venvtfgraclj/bin/pip install -r /tmp/venvtfgraclj/requirements.txt
[2024-11-25T15:29:06.379+0000] {process_utils.py:190} INFO - Output:
[2024-11-25T15:29:08.180+0000] {process_utils.py:194} INFO - Collecting git+https://github.com/hahahellooo/interpark.git@0.4/s3 (from -r /tmp/venvtfgraclj/requirements.txt (line 1))
[2024-11-25T15:29:08.181+0000] {process_utils.py:194} INFO -   Cloning https://github.com/hahahellooo/interpark.git (to revision 0.4/s3) to /tmp/pip-req-build-oizqlb0h
[2024-11-25T15:29:08.203+0000] {process_utils.py:194} INFO -   Running command git clone --filter=blob:none --quiet https://github.com/hahahellooo/interpark.git /tmp/pip-req-build-oizqlb0h
[2024-11-25T15:29:10.051+0000] {process_utils.py:194} INFO -   Running command git checkout -b 0.4/s3 --track origin/0.4/s3
[2024-11-25T15:29:10.687+0000] {process_utils.py:194} INFO -   Switched to a new branch '0.4/s3'
[2024-11-25T15:29:10.688+0000] {process_utils.py:194} INFO -   branch '0.4/s3' set up to track 'origin/0.4/s3'.
[2024-11-25T15:29:10.688+0000] {process_utils.py:194} INFO -   Resolved https://github.com/hahahellooo/interpark.git to commit 10f591e674cb851664de65ef2fdaa5ce860807fa
[2024-11-25T15:29:10.698+0000] {process_utils.py:194} INFO -   Installing build dependencies: started
[2024-11-25T15:29:14.005+0000] {process_utils.py:194} INFO -   Installing build dependencies: finished with status 'done'
[2024-11-25T15:29:14.006+0000] {process_utils.py:194} INFO -   Getting requirements to build wheel: started
[2024-11-25T15:29:14.817+0000] {process_utils.py:194} INFO -   Getting requirements to build wheel: finished with status 'done'
[2024-11-25T15:29:14.818+0000] {process_utils.py:194} INFO -   Preparing metadata (pyproject.toml): started
[2024-11-25T15:29:15.608+0000] {process_utils.py:194} INFO -   Preparing metadata (pyproject.toml): finished with status 'done'
[2024-11-25T15:29:15.751+0000] {process_utils.py:194} INFO - Collecting selenium>=4.26.1 (from interpark==0.2.0->-r /tmp/venvtfgraclj/requirements.txt (line 1))
[2024-11-25T15:29:15.758+0000] {process_utils.py:194} INFO -   Using cached selenium-4.27.0-py3-none-any.whl.metadata (7.1 kB)
[2024-11-25T15:29:15.761+0000] {process_utils.py:194} INFO - Requirement already satisfied: beautifulsoup4>=4.12.3 in /home/***/.local/lib/python3.12/site-packages (from interpark==0.2.0->-r /tmp/venvtfgraclj/requirements.txt (line 1)) (4.12.3)
[2024-11-25T15:29:15.804+0000] {process_utils.py:194} INFO - Collecting webdriver-manager>=4.0.2 (from interpark==0.2.0->-r /tmp/venvtfgraclj/requirements.txt (line 1))
[2024-11-25T15:29:15.810+0000] {process_utils.py:194} INFO -   Using cached webdriver_manager-4.0.2-py2.py3-none-any.whl.metadata (12 kB)
[2024-11-25T15:29:16.214+0000] {process_utils.py:194} INFO - Collecting pymongo>=4.10.1 (from interpark==0.2.0->-r /tmp/venvtfgraclj/requirements.txt (line 1))
[2024-11-25T15:29:16.230+0000] {process_utils.py:194} INFO -   Using cached pymongo-4.10.1-cp312-cp312-manylinux_2_17_x86_64.manylinux2014_x86_64.whl.metadata (22 kB)
[2024-11-25T15:29:16.335+0000] {process_utils.py:194} INFO - Collecting apache-***-providers-amazon>=9.1.0 (from interpark==0.2.0->-r /tmp/venvtfgraclj/requirements.txt (line 1))
[2024-11-25T15:29:16.341+0000] {process_utils.py:194} INFO -   Using cached apache_***_providers_amazon-9.1.0-py3-none-any.whl.metadata (10 kB)
[2024-11-25T15:29:16.384+0000] {process_utils.py:194} INFO - Collecting chromedriver-autoinstaller>=0.6.4 (from interpark==0.2.0->-r /tmp/venvtfgraclj/requirements.txt (line 1))
[2024-11-25T15:29:16.388+0000] {process_utils.py:194} INFO -   Using cached chromedriver_autoinstaller-0.6.4-py3-none-any.whl.metadata (2.1 kB)
[2024-11-25T15:29:16.395+0000] {process_utils.py:194} INFO - Requirement already satisfied: PyAthena>=3.0.10 in /home/***/.local/lib/python3.12/site-packages (from apache-***-providers-amazon>=9.1.0->interpark==0.2.0->-r /tmp/venvtfgraclj/requirements.txt (line 1)) (3.9.0)
[2024-11-25T15:29:16.396+0000] {process_utils.py:194} INFO - Requirement already satisfied: apache-***-providers-common-compat>=1.2.1 in /home/***/.local/lib/python3.12/site-packages (from apache-***-providers-amazon>=9.1.0->interpark==0.2.0->-r /tmp/venvtfgraclj/requirements.txt (line 1)) (1.2.1)
[2024-11-25T15:29:16.456+0000] {process_utils.py:194} INFO - Collecting apache-***-providers-common-sql>=1.20.0 (from apache-***-providers-amazon>=9.1.0->interpark==0.2.0->-r /tmp/venvtfgraclj/requirements.txt (line 1))
[2024-11-25T15:29:16.463+0000] {process_utils.py:194} INFO -   Using cached apache_***_providers_common_sql-1.20.0-py3-none-any.whl.metadata (6.2 kB)
[2024-11-25T15:29:16.467+0000] {process_utils.py:194} INFO - Requirement already satisfied: apache-***-providers-http in /home/***/.local/lib/python3.12/site-packages (from apache-***-providers-amazon>=9.1.0->interpark==0.2.0->-r /tmp/venvtfgraclj/requirements.txt (line 1)) (4.13.2)
[2024-11-25T15:29:16.467+0000] {process_utils.py:194} INFO - Requirement already satisfied: apache-***>=2.8.0 in /home/***/.local/lib/python3.12/site-packages (from apache-***-providers-amazon>=9.1.0->interpark==0.2.0->-r /tmp/venvtfgraclj/requirements.txt (line 1)) (2.10.3)
[2024-11-25T15:29:16.468+0000] {process_utils.py:194} INFO - Requirement already satisfied: asgiref>=2.3.0 in /home/***/.local/lib/python3.12/site-packages (from apache-***-providers-amazon>=9.1.0->interpark==0.2.0->-r /tmp/venvtfgraclj/requirements.txt (line 1)) (3.8.1)
[2024-11-25T15:29:16.468+0000] {process_utils.py:194} INFO - Requirement already satisfied: boto3>=1.34.90 in /home/***/.local/lib/python3.12/site-packages (from apache-***-providers-amazon>=9.1.0->interpark==0.2.0->-r /tmp/venvtfgraclj/requirements.txt (line 1)) (1.35.36)
[2024-11-25T15:29:16.468+0000] {process_utils.py:194} INFO - Requirement already satisfied: botocore>=1.34.90 in /home/***/.local/lib/python3.12/site-packages (from apache-***-providers-amazon>=9.1.0->interpark==0.2.0->-r /tmp/venvtfgraclj/requirements.txt (line 1)) (1.35.36)
[2024-11-25T15:29:16.469+0000] {process_utils.py:194} INFO - Requirement already satisfied: inflection>=0.5.1 in /home/***/.local/lib/python3.12/site-packages (from apache-***-providers-amazon>=9.1.0->interpark==0.2.0->-r /tmp/venvtfgraclj/requirements.txt (line 1)) (0.5.1)
[2024-11-25T15:29:16.469+0000] {process_utils.py:194} INFO - Requirement already satisfied: jmespath>=0.7.0 in /home/***/.local/lib/python3.12/site-packages (from apache-***-providers-amazon>=9.1.0->interpark==0.2.0->-r /tmp/venvtfgraclj/requirements.txt (line 1)) (0.10.0)
[2024-11-25T15:29:16.470+0000] {process_utils.py:194} INFO - Requirement already satisfied: jsonpath_ng>=1.5.3 in /home/***/.local/lib/python3.12/site-packages (from apache-***-providers-amazon>=9.1.0->interpark==0.2.0->-r /tmp/venvtfgraclj/requirements.txt (line 1)) (1.7.0)
[2024-11-25T15:29:16.470+0000] {process_utils.py:194} INFO - Requirement already satisfied: python3-saml>=1.16.0 in /home/***/.local/lib/python3.12/site-packages (from apache-***-providers-amazon>=9.1.0->interpark==0.2.0->-r /tmp/venvtfgraclj/requirements.txt (line 1)) (1.16.0)
[2024-11-25T15:29:16.470+0000] {process_utils.py:194} INFO - Requirement already satisfied: redshift_connector>=2.0.918 in /home/***/.local/lib/python3.12/site-packages (from apache-***-providers-amazon>=9.1.0->interpark==0.2.0->-r /tmp/venvtfgraclj/requirements.txt (line 1)) (2.1.3)
[2024-11-25T15:29:16.471+0000] {process_utils.py:194} INFO - Requirement already satisfied: watchtower!=3.3.0,<4,>=3.0.0 in /home/***/.local/lib/python3.12/site-packages (from apache-***-providers-amazon>=9.1.0->interpark==0.2.0->-r /tmp/venvtfgraclj/requirements.txt (line 1)) (3.3.1)
[2024-11-25T15:29:16.474+0000] {process_utils.py:194} INFO - Requirement already satisfied: soupsieve>1.2 in /home/***/.local/lib/python3.12/site-packages (from beautifulsoup4>=4.12.3->interpark==0.2.0->-r /tmp/venvtfgraclj/requirements.txt (line 1)) (2.6)
[2024-11-25T15:29:16.476+0000] {process_utils.py:194} INFO - Requirement already satisfied: packaging>=23.1 in /home/***/.local/lib/python3.12/site-packages (from chromedriver-autoinstaller>=0.6.4->interpark==0.2.0->-r /tmp/venvtfgraclj/requirements.txt (line 1)) (24.1)
[2024-11-25T15:29:16.478+0000] {process_utils.py:194} INFO - Requirement already satisfied: dnspython<3.0.0,>=1.16.0 in /home/***/.local/lib/python3.12/site-packages (from pymongo>=4.10.1->interpark==0.2.0->-r /tmp/venvtfgraclj/requirements.txt (line 1)) (2.7.0)
[2024-11-25T15:29:16.480+0000] {process_utils.py:194} INFO - Requirement already satisfied: urllib3<3,>=1.26 in /home/***/.local/lib/python3.12/site-packages (from urllib3[socks]<3,>=1.26->selenium>=4.26.1->interpark==0.2.0->-r /tmp/venvtfgraclj/requirements.txt (line 1)) (2.2.3)
[2024-11-25T15:29:16.520+0000] {process_utils.py:194} INFO - Collecting trio~=0.17 (from selenium>=4.26.1->interpark==0.2.0->-r /tmp/venvtfgraclj/requirements.txt (line 1))
[2024-11-25T15:29:16.526+0000] {process_utils.py:194} INFO -   Using cached trio-0.27.0-py3-none-any.whl.metadata (8.6 kB)
[2024-11-25T15:29:16.671+0000] {process_utils.py:194} INFO - Collecting trio-websocket~=0.9 (from selenium>=4.26.1->interpark==0.2.0->-r /tmp/venvtfgraclj/requirements.txt (line 1))
[2024-11-25T15:29:16.677+0000] {process_utils.py:194} INFO -   Using cached trio_websocket-0.11.1-py3-none-any.whl.metadata (4.7 kB)
[2024-11-25T15:29:16.681+0000] {process_utils.py:194} INFO - Requirement already satisfied: certifi>=2021.10.8 in /home/***/.local/lib/python3.12/site-packages (from selenium>=4.26.1->interpark==0.2.0->-r /tmp/venvtfgraclj/requirements.txt (line 1)) (2024.8.30)
[2024-11-25T15:29:16.682+0000] {process_utils.py:194} INFO - Requirement already satisfied: typing_extensions~=4.9 in /home/***/.local/lib/python3.12/site-packages (from selenium>=4.26.1->interpark==0.2.0->-r /tmp/venvtfgraclj/requirements.txt (line 1)) (4.12.2)
[2024-11-25T15:29:16.683+0000] {process_utils.py:194} INFO - Requirement already satisfied: websocket-client~=1.8 in /home/***/.local/lib/python3.12/site-packages (from selenium>=4.26.1->interpark==0.2.0->-r /tmp/venvtfgraclj/requirements.txt (line 1)) (1.8.0)
[2024-11-25T15:29:16.684+0000] {process_utils.py:194} INFO - Requirement already satisfied: requests in /home/***/.local/lib/python3.12/site-packages (from webdriver-manager>=4.0.2->interpark==0.2.0->-r /tmp/venvtfgraclj/requirements.txt (line 1)) (2.32.3)
[2024-11-25T15:29:16.685+0000] {process_utils.py:194} INFO - Requirement already satisfied: python-dotenv in /home/***/.local/lib/python3.12/site-packages (from webdriver-manager>=4.0.2->interpark==0.2.0->-r /tmp/venvtfgraclj/requirements.txt (line 1)) (1.0.1)
[2024-11-25T15:29:16.734+0000] {process_utils.py:194} INFO - Requirement already satisfied: alembic<2.0,>=1.13.1 in /home/***/.local/lib/python3.12/site-packages (from apache-***>=2.8.0->apache-***-providers-amazon>=9.1.0->interpark==0.2.0->-r /tmp/venvtfgraclj/requirements.txt (line 1)) (1.14.0)
[2024-11-25T15:29:16.735+0000] {process_utils.py:194} INFO - Requirement already satisfied: argcomplete>=1.10 in /home/***/.local/lib/python3.12/site-packages (from apache-***>=2.8.0->apache-***-providers-amazon>=9.1.0->interpark==0.2.0->-r /tmp/venvtfgraclj/requirements.txt (line 1)) (3.5.1)
[2024-11-25T15:29:16.736+0000] {process_utils.py:194} INFO - Requirement already satisfied: attrs>=22.1.0 in /home/***/.local/lib/python3.12/site-packages (from apache-***>=2.8.0->apache-***-providers-amazon>=9.1.0->interpark==0.2.0->-r /tmp/venvtfgraclj/requirements.txt (line 1)) (24.2.0)
[2024-11-25T15:29:16.736+0000] {process_utils.py:194} INFO - Requirement already satisfied: blinker>=1.6.2 in /home/***/.local/lib/python3.12/site-packages (from apache-***>=2.8.0->apache-***-providers-amazon>=9.1.0->interpark==0.2.0->-r /tmp/venvtfgraclj/requirements.txt (line 1)) (1.8.2)
[2024-11-25T15:29:16.736+0000] {process_utils.py:194} INFO - Requirement already satisfied: colorlog>=6.8.2 in /home/***/.local/lib/python3.12/site-packages (from apache-***>=2.8.0->apache-***-providers-amazon>=9.1.0->interpark==0.2.0->-r /tmp/venvtfgraclj/requirements.txt (line 1)) (6.9.0)
[2024-11-25T15:29:16.737+0000] {process_utils.py:194} INFO - Requirement already satisfied: configupdater>=3.1.1 in /home/***/.local/lib/python3.12/site-packages (from apache-***>=2.8.0->apache-***-providers-amazon>=9.1.0->interpark==0.2.0->-r /tmp/venvtfgraclj/requirements.txt (line 1)) (3.2)
[2024-11-25T15:29:16.737+0000] {process_utils.py:194} INFO - Requirement already satisfied: connexion<3.0,>=2.14.2 in /home/***/.local/lib/python3.12/site-packages (from connexion[flask]<3.0,>=2.14.2->apache-***>=2.8.0->apache-***-providers-amazon>=9.1.0->interpark==0.2.0->-r /tmp/venvtfgraclj/requirements.txt (line 1)) (2.14.2)
[2024-11-25T15:29:16.738+0000] {process_utils.py:194} INFO - Requirement already satisfied: cron-descriptor>=1.2.24 in /home/***/.local/lib/python3.12/site-packages (from apache-***>=2.8.0->apache-***-providers-amazon>=9.1.0->interpark==0.2.0->-r /tmp/venvtfgraclj/requirements.txt (line 1)) (1.4.5)
[2024-11-25T15:29:16.738+0000] {process_utils.py:194} INFO - Requirement already satisfied: croniter>=2.0.2 in /home/***/.local/lib/python3.12/site-packages (from apache-***>=2.8.0->apache-***-providers-amazon>=9.1.0->interpark==0.2.0->-r /tmp/venvtfgraclj/requirements.txt (line 1)) (5.0.1)
[2024-11-25T15:29:16.739+0000] {process_utils.py:194} INFO - Requirement already satisfied: cryptography>=41.0.0 in /home/***/.local/lib/python3.12/site-packages (from apache-***>=2.8.0->apache-***-providers-amazon>=9.1.0->interpark==0.2.0->-r /tmp/venvtfgraclj/requirements.txt (line 1)) (42.0.8)
[2024-11-25T15:29:16.739+0000] {process_utils.py:194} INFO - Requirement already satisfied: deprecated>=1.2.13 in /home/***/.local/lib/python3.12/site-packages (from apache-***>=2.8.0->apache-***-providers-amazon>=9.1.0->interpark==0.2.0->-r /tmp/venvtfgraclj/requirements.txt (line 1)) (1.2.14)
[2024-11-25T15:29:16.739+0000] {process_utils.py:194} INFO - Requirement already satisfied: dill>=0.2.2 in /home/***/.local/lib/python3.12/site-packages (from apache-***>=2.8.0->apache-***-providers-amazon>=9.1.0->interpark==0.2.0->-r /tmp/venvtfgraclj/requirements.txt (line 1)) (0.3.9)
[2024-11-25T15:29:16.740+0000] {process_utils.py:194} INFO - Requirement already satisfied: flask-caching>=2.0.0 in /home/***/.local/lib/python3.12/site-packages (from apache-***>=2.8.0->apache-***-providers-amazon>=9.1.0->interpark==0.2.0->-r /tmp/venvtfgraclj/requirements.txt (line 1)) (2.3.0)
[2024-11-25T15:29:16.740+0000] {process_utils.py:194} INFO - Requirement already satisfied: flask-session<0.6,>=0.4.0 in /home/***/.local/lib/python3.12/site-packages (from apache-***>=2.8.0->apache-***-providers-amazon>=9.1.0->interpark==0.2.0->-r /tmp/venvtfgraclj/requirements.txt (line 1)) (0.5.0)
[2024-11-25T15:29:16.740+0000] {process_utils.py:194} INFO - Requirement already satisfied: flask-wtf>=1.1.0 in /home/***/.local/lib/python3.12/site-packages (from apache-***>=2.8.0->apache-***-providers-amazon>=9.1.0->interpark==0.2.0->-r /tmp/venvtfgraclj/requirements.txt (line 1)) (1.2.2)
[2024-11-25T15:29:16.740+0000] {process_utils.py:194} INFO - Requirement already satisfied: flask<2.3,>=2.2.1 in /home/***/.local/lib/python3.12/site-packages (from apache-***>=2.8.0->apache-***-providers-amazon>=9.1.0->interpark==0.2.0->-r /tmp/venvtfgraclj/requirements.txt (line 1)) (2.2.5)
[2024-11-25T15:29:16.741+0000] {process_utils.py:194} INFO - Requirement already satisfied: fsspec>=2023.10.0 in /home/***/.local/lib/python3.12/site-packages (from apache-***>=2.8.0->apache-***-providers-amazon>=9.1.0->interpark==0.2.0->-r /tmp/venvtfgraclj/requirements.txt (line 1)) (2024.10.0)
[2024-11-25T15:29:16.742+0000] {process_utils.py:194} INFO - Requirement already satisfied: google-re2>=1.1 in /home/***/.local/lib/python3.12/site-packages (from apache-***>=2.8.0->apache-***-providers-amazon>=9.1.0->interpark==0.2.0->-r /tmp/venvtfgraclj/requirements.txt (line 1)) (1.1.20240702)
[2024-11-25T15:29:16.743+0000] {process_utils.py:194} INFO - Requirement already satisfied: gunicorn>=20.1.0 in /home/***/.local/lib/python3.12/site-packages (from apache-***>=2.8.0->apache-***-providers-amazon>=9.1.0->interpark==0.2.0->-r /tmp/venvtfgraclj/requirements.txt (line 1)) (23.0.0)
[2024-11-25T15:29:16.743+0000] {process_utils.py:194} INFO - Requirement already satisfied: httpx>=0.25.0 in /home/***/.local/lib/python3.12/site-packages (from apache-***>=2.8.0->apache-***-providers-amazon>=9.1.0->interpark==0.2.0->-r /tmp/venvtfgraclj/requirements.txt (line 1)) (0.27.0)
[2024-11-25T15:29:16.744+0000] {process_utils.py:194} INFO - Requirement already satisfied: itsdangerous>=2.0 in /home/***/.local/lib/python3.12/site-packages (from apache-***>=2.8.0->apache-***-providers-amazon>=9.1.0->interpark==0.2.0->-r /tmp/venvtfgraclj/requirements.txt (line 1)) (2.2.0)
[2024-11-25T15:29:16.744+0000] {process_utils.py:194} INFO - Requirement already satisfied: jinja2>=3.0.0 in /home/***/.local/lib/python3.12/site-packages (from apache-***>=2.8.0->apache-***-providers-amazon>=9.1.0->interpark==0.2.0->-r /tmp/venvtfgraclj/requirements.txt (line 1)) (3.1.4)
[2024-11-25T15:29:16.745+0000] {process_utils.py:194} INFO - Requirement already satisfied: jsonschema>=4.18.0 in /home/***/.local/lib/python3.12/site-packages (from apache-***>=2.8.0->apache-***-providers-amazon>=9.1.0->interpark==0.2.0->-r /tmp/venvtfgraclj/requirements.txt (line 1)) (4.23.0)
[2024-11-25T15:29:16.745+0000] {process_utils.py:194} INFO - Requirement already satisfied: lazy-object-proxy>=1.2.0 in /home/***/.local/lib/python3.12/site-packages (from apache-***>=2.8.0->apache-***-providers-amazon>=9.1.0->interpark==0.2.0->-r /tmp/venvtfgraclj/requirements.txt (line 1)) (1.10.0)
[2024-11-25T15:29:16.746+0000] {process_utils.py:194} INFO - Requirement already satisfied: linkify-it-py>=2.0.0 in /home/***/.local/lib/python3.12/site-packages (from apache-***>=2.8.0->apache-***-providers-amazon>=9.1.0->interpark==0.2.0->-r /tmp/venvtfgraclj/requirements.txt (line 1)) (2.0.3)
[2024-11-25T15:29:16.746+0000] {process_utils.py:194} INFO - Requirement already satisfied: lockfile>=0.12.2 in /home/***/.local/lib/python3.12/site-packages (from apache-***>=2.8.0->apache-***-providers-amazon>=9.1.0->interpark==0.2.0->-r /tmp/venvtfgraclj/requirements.txt (line 1)) (0.12.2)
[2024-11-25T15:29:16.746+0000] {process_utils.py:194} INFO - Requirement already satisfied: markdown-it-py>=2.1.0 in /home/***/.local/lib/python3.12/site-packages (from apache-***>=2.8.0->apache-***-providers-amazon>=9.1.0->interpark==0.2.0->-r /tmp/venvtfgraclj/requirements.txt (line 1)) (3.0.0)
[2024-11-25T15:29:16.747+0000] {process_utils.py:194} INFO - Requirement already satisfied: markupsafe>=1.1.1 in /home/***/.local/lib/python3.12/site-packages (from apache-***>=2.8.0->apache-***-providers-amazon>=9.1.0->interpark==0.2.0->-r /tmp/venvtfgraclj/requirements.txt (line 1)) (3.0.2)
[2024-11-25T15:29:16.747+0000] {process_utils.py:194} INFO - Requirement already satisfied: marshmallow-oneofschema>=2.0.1 in /home/***/.local/lib/python3.12/site-packages (from apache-***>=2.8.0->apache-***-providers-amazon>=9.1.0->interpark==0.2.0->-r /tmp/venvtfgraclj/requirements.txt (line 1)) (3.1.1)
[2024-11-25T15:29:16.747+0000] {process_utils.py:194} INFO - Requirement already satisfied: mdit-py-plugins>=0.3.0 in /home/***/.local/lib/python3.12/site-packages (from apache-***>=2.8.0->apache-***-providers-amazon>=9.1.0->interpark==0.2.0->-r /tmp/venvtfgraclj/requirements.txt (line 1)) (0.4.2)
[2024-11-25T15:29:16.748+0000] {process_utils.py:194} INFO - Requirement already satisfied: methodtools>=0.4.7 in /home/***/.local/lib/python3.12/site-packages (from apache-***>=2.8.0->apache-***-providers-amazon>=9.1.0->interpark==0.2.0->-r /tmp/venvtfgraclj/requirements.txt (line 1)) (0.4.7)
[2024-11-25T15:29:16.748+0000] {process_utils.py:194} INFO - Requirement already satisfied: opentelemetry-api>=1.15.0 in /home/***/.local/lib/python3.12/site-packages (from apache-***>=2.8.0->apache-***-providers-amazon>=9.1.0->interpark==0.2.0->-r /tmp/venvtfgraclj/requirements.txt (line 1)) (1.27.0)
[2024-11-25T15:29:16.749+0000] {process_utils.py:194} INFO - Requirement already satisfied: opentelemetry-exporter-otlp>=1.15.0 in /home/***/.local/lib/python3.12/site-packages (from apache-***>=2.8.0->apache-***-providers-amazon>=9.1.0->interpark==0.2.0->-r /tmp/venvtfgraclj/requirements.txt (line 1)) (1.27.0)
[2024-11-25T15:29:16.749+0000] {process_utils.py:194} INFO - Requirement already satisfied: pathspec>=0.9.0 in /home/***/.local/lib/python3.12/site-packages (from apache-***>=2.8.0->apache-***-providers-amazon>=9.1.0->interpark==0.2.0->-r /tmp/venvtfgraclj/requirements.txt (line 1)) (0.12.1)
[2024-11-25T15:29:16.750+0000] {process_utils.py:194} INFO - Requirement already satisfied: pendulum<4.0,>=3.0.0 in /home/***/.local/lib/python3.12/site-packages (from apache-***>=2.8.0->apache-***-providers-amazon>=9.1.0->interpark==0.2.0->-r /tmp/venvtfgraclj/requirements.txt (line 1)) (3.0.0)
[2024-11-25T15:29:16.750+0000] {process_utils.py:194} INFO - Requirement already satisfied: pluggy>=1.5.0 in /home/***/.local/lib/python3.12/site-packages (from apache-***>=2.8.0->apache-***-providers-amazon>=9.1.0->interpark==0.2.0->-r /tmp/venvtfgraclj/requirements.txt (line 1)) (1.5.0)
[2024-11-25T15:29:16.751+0000] {process_utils.py:194} INFO - Requirement already satisfied: psutil>=5.8.0 in /home/***/.local/lib/python3.12/site-packages (from apache-***>=2.8.0->apache-***-providers-amazon>=9.1.0->interpark==0.2.0->-r /tmp/venvtfgraclj/requirements.txt (line 1)) (6.1.0)
[2024-11-25T15:29:16.751+0000] {process_utils.py:194} INFO - Requirement already satisfied: pygments>=2.0.1 in /home/***/.local/lib/python3.12/site-packages (from apache-***>=2.8.0->apache-***-providers-amazon>=9.1.0->interpark==0.2.0->-r /tmp/venvtfgraclj/requirements.txt (line 1)) (2.18.0)
[2024-11-25T15:29:16.752+0000] {process_utils.py:194} INFO - Requirement already satisfied: pyjwt>=2.0.0 in /home/***/.local/lib/python3.12/site-packages (from apache-***>=2.8.0->apache-***-providers-amazon>=9.1.0->interpark==0.2.0->-r /tmp/venvtfgraclj/requirements.txt (line 1)) (2.9.0)
[2024-11-25T15:29:16.752+0000] {process_utils.py:194} INFO - Requirement already satisfied: python-daemon>=3.0.0 in /home/***/.local/lib/python3.12/site-packages (from apache-***>=2.8.0->apache-***-providers-amazon>=9.1.0->interpark==0.2.0->-r /tmp/venvtfgraclj/requirements.txt (line 1)) (3.1.0)
[2024-11-25T15:29:16.752+0000] {process_utils.py:194} INFO - Requirement already satisfied: python-dateutil>=2.7.0 in /home/***/.local/lib/python3.12/site-packages (from apache-***>=2.8.0->apache-***-providers-amazon>=9.1.0->interpark==0.2.0->-r /tmp/venvtfgraclj/requirements.txt (line 1)) (2.9.0.post0)
[2024-11-25T15:29:16.753+0000] {process_utils.py:194} INFO - Requirement already satisfied: python-nvd3>=0.15.0 in /home/***/.local/lib/python3.12/site-packages (from apache-***>=2.8.0->apache-***-providers-amazon>=9.1.0->interpark==0.2.0->-r /tmp/venvtfgraclj/requirements.txt (line 1)) (0.16.0)
[2024-11-25T15:29:16.753+0000] {process_utils.py:194} INFO - Requirement already satisfied: python-slugify>=5.0 in /home/***/.local/lib/python3.12/site-packages (from apache-***>=2.8.0->apache-***-providers-amazon>=9.1.0->interpark==0.2.0->-r /tmp/venvtfgraclj/requirements.txt (line 1)) (8.0.4)
[2024-11-25T15:29:16.754+0000] {process_utils.py:194} INFO - Requirement already satisfied: requests-toolbelt>=0.4.0 in /home/***/.local/lib/python3.12/site-packages (from apache-***>=2.8.0->apache-***-providers-amazon>=9.1.0->interpark==0.2.0->-r /tmp/venvtfgraclj/requirements.txt (line 1)) (1.0.0)
[2024-11-25T15:29:16.754+0000] {process_utils.py:194} INFO - Requirement already satisfied: rfc3339-validator>=0.1.4 in /home/***/.local/lib/python3.12/site-packages (from apache-***>=2.8.0->apache-***-providers-amazon>=9.1.0->interpark==0.2.0->-r /tmp/venvtfgraclj/requirements.txt (line 1)) (0.1.4)
[2024-11-25T15:29:16.754+0000] {process_utils.py:194} INFO - Requirement already satisfied: rich-argparse>=1.0.0 in /home/***/.local/lib/python3.12/site-packages (from apache-***>=2.8.0->apache-***-providers-amazon>=9.1.0->interpark==0.2.0->-r /tmp/venvtfgraclj/requirements.txt (line 1)) (1.6.0)
[2024-11-25T15:29:16.755+0000] {process_utils.py:194} INFO - Requirement already satisfied: rich>=12.4.4 in /home/***/.local/lib/python3.12/site-packages (from apache-***>=2.8.0->apache-***-providers-amazon>=9.1.0->interpark==0.2.0->-r /tmp/venvtfgraclj/requirements.txt (line 1)) (13.9.4)
[2024-11-25T15:29:16.755+0000] {process_utils.py:194} INFO - Requirement already satisfied: setproctitle>=1.3.3 in /home/***/.local/lib/python3.12/site-packages (from apache-***>=2.8.0->apache-***-providers-amazon>=9.1.0->interpark==0.2.0->-r /tmp/venvtfgraclj/requirements.txt (line 1)) (1.3.3)
[2024-11-25T15:29:16.756+0000] {process_utils.py:194} INFO - Requirement already satisfied: sqlalchemy<2.0,>=1.4.36 in /home/***/.local/lib/python3.12/site-packages (from apache-***>=2.8.0->apache-***-providers-amazon>=9.1.0->interpark==0.2.0->-r /tmp/venvtfgraclj/requirements.txt (line 1)) (1.4.54)
[2024-11-25T15:29:16.756+0000] {process_utils.py:194} INFO - Requirement already satisfied: sqlalchemy-jsonfield>=1.0 in /home/***/.local/lib/python3.12/site-packages (from apache-***>=2.8.0->apache-***-providers-amazon>=9.1.0->interpark==0.2.0->-r /tmp/venvtfgraclj/requirements.txt (line 1)) (1.0.2)
[2024-11-25T15:29:16.756+0000] {process_utils.py:194} INFO - Requirement already satisfied: tabulate>=0.7.5 in /home/***/.local/lib/python3.12/site-packages (from apache-***>=2.8.0->apache-***-providers-amazon>=9.1.0->interpark==0.2.0->-r /tmp/venvtfgraclj/requirements.txt (line 1)) (0.9.0)
[2024-11-25T15:29:16.757+0000] {process_utils.py:194} INFO - Requirement already satisfied: tenacity!=8.2.0,>=8.0.0 in /home/***/.local/lib/python3.12/site-packages (from apache-***>=2.8.0->apache-***-providers-amazon>=9.1.0->interpark==0.2.0->-r /tmp/venvtfgraclj/requirements.txt (line 1)) (8.5.0)
[2024-11-25T15:29:16.757+0000] {process_utils.py:194} INFO - Requirement already satisfied: termcolor>=1.1.0 in /home/***/.local/lib/python3.12/site-packages (from apache-***>=2.8.0->apache-***-providers-amazon>=9.1.0->interpark==0.2.0->-r /tmp/venvtfgraclj/requirements.txt (line 1)) (2.5.0)
[2024-11-25T15:29:16.758+0000] {process_utils.py:194} INFO - Requirement already satisfied: universal-pathlib!=0.2.4,>=0.2.2 in /home/***/.local/lib/python3.12/site-packages (from apache-***>=2.8.0->apache-***-providers-amazon>=9.1.0->interpark==0.2.0->-r /tmp/venvtfgraclj/requirements.txt (line 1)) (0.2.5)
[2024-11-25T15:29:16.759+0000] {process_utils.py:194} INFO - Requirement already satisfied: werkzeug<3,>=2.0 in /home/***/.local/lib/python3.12/site-packages (from apache-***>=2.8.0->apache-***-providers-amazon>=9.1.0->interpark==0.2.0->-r /tmp/venvtfgraclj/requirements.txt (line 1)) (2.2.3)
[2024-11-25T15:29:16.760+0000] {process_utils.py:194} INFO - Requirement already satisfied: apache-***-providers-common-io in /home/***/.local/lib/python3.12/site-packages (from apache-***>=2.8.0->apache-***-providers-amazon>=9.1.0->interpark==0.2.0->-r /tmp/venvtfgraclj/requirements.txt (line 1)) (1.4.2)
[2024-11-25T15:29:16.761+0000] {process_utils.py:194} INFO - Requirement already satisfied: apache-***-providers-fab>=1.0.2 in /home/***/.local/lib/python3.12/site-packages (from apache-***>=2.8.0->apache-***-providers-amazon>=9.1.0->interpark==0.2.0->-r /tmp/venvtfgraclj/requirements.txt (line 1)) (1.5.0)
[2024-11-25T15:29:16.761+0000] {process_utils.py:194} INFO - Requirement already satisfied: apache-***-providers-ftp in /home/***/.local/lib/python3.12/site-packages (from apache-***>=2.8.0->apache-***-providers-amazon>=9.1.0->interpark==0.2.0->-r /tmp/venvtfgraclj/requirements.txt (line 1)) (3.11.1)
[2024-11-25T15:29:16.762+0000] {process_utils.py:194} INFO - Requirement already satisfied: apache-***-providers-imap in /home/***/.local/lib/python3.12/site-packages (from apache-***>=2.8.0->apache-***-providers-amazon>=9.1.0->interpark==0.2.0->-r /tmp/venvtfgraclj/requirements.txt (line 1)) (3.7.0)
[2024-11-25T15:29:16.762+0000] {process_utils.py:194} INFO - Requirement already satisfied: apache-***-providers-smtp in /home/***/.local/lib/python3.12/site-packages (from apache-***>=2.8.0->apache-***-providers-amazon>=9.1.0->interpark==0.2.0->-r /tmp/venvtfgraclj/requirements.txt (line 1)) (1.8.0)
[2024-11-25T15:29:16.763+0000] {process_utils.py:194} INFO - Requirement already satisfied: apache-***-providers-sqlite in /home/***/.local/lib/python3.12/site-packages (from apache-***>=2.8.0->apache-***-providers-amazon>=9.1.0->interpark==0.2.0->-r /tmp/venvtfgraclj/requirements.txt (line 1)) (3.9.0)
[2024-11-25T15:29:16.767+0000] {process_utils.py:194} INFO - Requirement already satisfied: more-itertools>=9.0.0 in /home/***/.local/lib/python3.12/site-packages (from apache-***-providers-common-sql>=1.20.0->apache-***-providers-amazon>=9.1.0->interpark==0.2.0->-r /tmp/venvtfgraclj/requirements.txt (line 1)) (10.5.0)
[2024-11-25T15:29:16.767+0000] {process_utils.py:194} INFO - Requirement already satisfied: sqlparse>=0.5.1 in /home/***/.local/lib/python3.12/site-packages (from apache-***-providers-common-sql>=1.20.0->apache-***-providers-amazon>=9.1.0->interpark==0.2.0->-r /tmp/venvtfgraclj/requirements.txt (line 1)) (0.5.1)
[2024-11-25T15:29:16.773+0000] {process_utils.py:194} INFO - Requirement already satisfied: s3transfer<0.11.0,>=0.10.0 in /home/***/.local/lib/python3.12/site-packages (from boto3>=1.34.90->apache-***-providers-amazon>=9.1.0->interpark==0.2.0->-r /tmp/venvtfgraclj/requirements.txt (line 1)) (0.10.3)
[2024-11-25T15:29:16.788+0000] {process_utils.py:194} INFO - Requirement already satisfied: ply in /home/***/.local/lib/python3.12/site-packages (from jsonpath_ng>=1.5.3->apache-***-providers-amazon>=9.1.0->interpark==0.2.0->-r /tmp/venvtfgraclj/requirements.txt (line 1)) (3.11)
[2024-11-25T15:29:16.798+0000] {process_utils.py:194} INFO - Requirement already satisfied: lxml!=4.7.0,>=4.6.5 in /home/***/.local/lib/python3.12/site-packages (from python3-saml>=1.16.0->apache-***-providers-amazon>=9.1.0->interpark==0.2.0->-r /tmp/venvtfgraclj/requirements.txt (line 1)) (5.3.0)
[2024-11-25T15:29:16.798+0000] {process_utils.py:194} INFO - Requirement already satisfied: isodate>=0.6.1 in /home/***/.local/lib/python3.12/site-packages (from python3-saml>=1.16.0->apache-***-providers-amazon>=9.1.0->interpark==0.2.0->-r /tmp/venvtfgraclj/requirements.txt (line 1)) (0.7.2)
[2024-11-25T15:29:16.799+0000] {process_utils.py:194} INFO - Requirement already satisfied: xmlsec>=1.3.9 in /home/***/.local/lib/python3.12/site-packages (from python3-saml>=1.16.0->apache-***-providers-amazon>=9.1.0->interpark==0.2.0->-r /tmp/venvtfgraclj/requirements.txt (line 1)) (1.3.14)
[2024-11-25T15:29:16.804+0000] {process_utils.py:194} INFO - Requirement already satisfied: scramp<1.5.0,>=1.2.0 in /home/***/.local/lib/python3.12/site-packages (from redshift_connector>=2.0.918->apache-***-providers-amazon>=9.1.0->interpark==0.2.0->-r /tmp/venvtfgraclj/requirements.txt (line 1)) (1.4.5)
[2024-11-25T15:29:16.804+0000] {process_utils.py:194} INFO - Requirement already satisfied: pytz>=2020.1 in /home/***/.local/lib/python3.12/site-packages (from redshift_connector>=2.0.918->apache-***-providers-amazon>=9.1.0->interpark==0.2.0->-r /tmp/venvtfgraclj/requirements.txt (line 1)) (2024.2)
[2024-11-25T15:29:16.805+0000] {process_utils.py:194} INFO - Requirement already satisfied: setuptools in /home/***/.local/lib/python3.12/site-packages (from redshift_connector>=2.0.918->apache-***-providers-amazon>=9.1.0->interpark==0.2.0->-r /tmp/venvtfgraclj/requirements.txt (line 1)) (75.3.0)
[2024-11-25T15:29:16.810+0000] {process_utils.py:194} INFO - Requirement already satisfied: charset-normalizer<4,>=2 in /home/***/.local/lib/python3.12/site-packages (from requests->webdriver-manager>=4.0.2->interpark==0.2.0->-r /tmp/venvtfgraclj/requirements.txt (line 1)) (3.4.0)
[2024-11-25T15:29:16.811+0000] {process_utils.py:194} INFO - Requirement already satisfied: idna<4,>=2.5 in /home/***/.local/lib/python3.12/site-packages (from requests->webdriver-manager>=4.0.2->interpark==0.2.0->-r /tmp/venvtfgraclj/requirements.txt (line 1)) (3.10)
[2024-11-25T15:29:16.817+0000] {process_utils.py:194} INFO - Requirement already satisfied: sortedcontainers in /home/***/.local/lib/python3.12/site-packages (from trio~=0.17->selenium>=4.26.1->interpark==0.2.0->-r /tmp/venvtfgraclj/requirements.txt (line 1)) (2.4.0)
[2024-11-25T15:29:16.848+0000] {process_utils.py:194} INFO - Collecting outcome (from trio~=0.17->selenium>=4.26.1->interpark==0.2.0->-r /tmp/venvtfgraclj/requirements.txt (line 1))
[2024-11-25T15:29:16.851+0000] {process_utils.py:194} INFO -   Using cached outcome-1.3.0.post0-py2.py3-none-any.whl.metadata (2.6 kB)
[2024-11-25T15:29:16.854+0000] {process_utils.py:194} INFO - Requirement already satisfied: sniffio>=1.3.0 in /home/***/.local/lib/python3.12/site-packages (from trio~=0.17->selenium>=4.26.1->interpark==0.2.0->-r /tmp/venvtfgraclj/requirements.txt (line 1)) (1.3.1)
[2024-11-25T15:29:16.904+0000] {process_utils.py:194} INFO - Collecting wsproto>=0.14 (from trio-websocket~=0.9->selenium>=4.26.1->interpark==0.2.0->-r /tmp/venvtfgraclj/requirements.txt (line 1))
[2024-11-25T15:29:16.911+0000] {process_utils.py:194} INFO -   Using cached wsproto-1.2.0-py3-none-any.whl.metadata (5.6 kB)
[2024-11-25T15:29:16.966+0000] {process_utils.py:194} INFO - Collecting pysocks!=1.5.7,<2.0,>=1.5.6 (from urllib3[socks]<3,>=1.26->selenium>=4.26.1->interpark==0.2.0->-r /tmp/venvtfgraclj/requirements.txt (line 1))
[2024-11-25T15:29:16.971+0000] {process_utils.py:194} INFO -   Using cached PySocks-1.7.1-py3-none-any.whl.metadata (13 kB)
[2024-11-25T15:29:16.988+0000] {process_utils.py:194} INFO - Requirement already satisfied: aiohttp>=3.9.2 in /home/***/.local/lib/python3.12/site-packages (from apache-***-providers-http->apache-***-providers-amazon>=9.1.0->interpark==0.2.0->-r /tmp/venvtfgraclj/requirements.txt (line 1)) (3.10.10)
[2024-11-25T15:29:16.998+0000] {process_utils.py:194} INFO - Requirement already satisfied: aiohappyeyeballs>=2.3.0 in /home/***/.local/lib/python3.12/site-packages (from aiohttp>=3.9.2->apache-***-providers-http->apache-***-providers-amazon>=9.1.0->interpark==0.2.0->-r /tmp/venvtfgraclj/requirements.txt (line 1)) (2.4.3)
[2024-11-25T15:29:16.999+0000] {process_utils.py:194} INFO - Requirement already satisfied: aiosignal>=1.1.2 in /home/***/.local/lib/python3.12/site-packages (from aiohttp>=3.9.2->apache-***-providers-http->apache-***-providers-amazon>=9.1.0->interpark==0.2.0->-r /tmp/venvtfgraclj/requirements.txt (line 1)) (1.3.1)
[2024-11-25T15:29:16.999+0000] {process_utils.py:194} INFO - Requirement already satisfied: frozenlist>=1.1.1 in /home/***/.local/lib/python3.12/site-packages (from aiohttp>=3.9.2->apache-***-providers-http->apache-***-providers-amazon>=9.1.0->interpark==0.2.0->-r /tmp/venvtfgraclj/requirements.txt (line 1)) (1.5.0)
[2024-11-25T15:29:17.000+0000] {process_utils.py:194} INFO - Requirement already satisfied: multidict<7.0,>=4.5 in /home/***/.local/lib/python3.12/site-packages (from aiohttp>=3.9.2->apache-***-providers-http->apache-***-providers-amazon>=9.1.0->interpark==0.2.0->-r /tmp/venvtfgraclj/requirements.txt (line 1)) (6.1.0)
[2024-11-25T15:29:17.001+0000] {process_utils.py:194} INFO - Requirement already satisfied: yarl<2.0,>=1.12.0 in /home/***/.local/lib/python3.12/site-packages (from aiohttp>=3.9.2->apache-***-providers-http->apache-***-providers-amazon>=9.1.0->interpark==0.2.0->-r /tmp/venvtfgraclj/requirements.txt (line 1)) (1.17.1)
[2024-11-25T15:29:17.005+0000] {process_utils.py:194} INFO - Requirement already satisfied: Mako in /home/***/.local/lib/python3.12/site-packages (from alembic<2.0,>=1.13.1->apache-***>=2.8.0->apache-***-providers-amazon>=9.1.0->interpark==0.2.0->-r /tmp/venvtfgraclj/requirements.txt (line 1)) (1.3.6)
[2024-11-25T15:29:17.012+0000] {process_utils.py:194} INFO - Requirement already satisfied: flask-appbuilder==4.5.2 in /home/***/.local/lib/python3.12/site-packages (from apache-***-providers-fab>=1.0.2->apache-***>=2.8.0->apache-***-providers-amazon>=9.1.0->interpark==0.2.0->-r /tmp/venvtfgraclj/requirements.txt (line 1)) (4.5.2)
[2024-11-25T15:29:17.013+0000] {process_utils.py:194} INFO - Requirement already satisfied: flask-login>=0.6.2 in /home/***/.local/lib/python3.12/site-packages (from apache-***-providers-fab>=1.0.2->apache-***>=2.8.0->apache-***-providers-amazon>=9.1.0->interpark==0.2.0->-r /tmp/venvtfgraclj/requirements.txt (line 1)) (0.6.3)
[2024-11-25T15:29:17.024+0000] {process_utils.py:194} INFO - Requirement already satisfied: apispec<7,>=6.0.0 in /home/***/.local/lib/python3.12/site-packages (from apispec[yaml]<7,>=6.0.0->flask-appbuilder==4.5.2->apache-***-providers-fab>=1.0.2->apache-***>=2.8.0->apache-***-providers-amazon>=9.1.0->interpark==0.2.0->-r /tmp/venvtfgraclj/requirements.txt (line 1)) (6.7.1)
[2024-11-25T15:29:17.025+0000] {process_utils.py:194} INFO - Requirement already satisfied: colorama<1,>=0.3.9 in /home/***/.local/lib/python3.12/site-packages (from flask-appbuilder==4.5.2->apache-***-providers-fab>=1.0.2->apache-***>=2.8.0->apache-***-providers-amazon>=9.1.0->interpark==0.2.0->-r /tmp/venvtfgraclj/requirements.txt (line 1)) (0.4.6)
[2024-11-25T15:29:17.026+0000] {process_utils.py:194} INFO - Requirement already satisfied: click<9,>=8 in /home/***/.local/lib/python3.12/site-packages (from flask-appbuilder==4.5.2->apache-***-providers-fab>=1.0.2->apache-***>=2.8.0->apache-***-providers-amazon>=9.1.0->interpark==0.2.0->-r /tmp/venvtfgraclj/requirements.txt (line 1)) (8.1.7)
[2024-11-25T15:29:17.028+0000] {process_utils.py:194} INFO - Requirement already satisfied: email-validator>=1.0.5 in /home/***/.local/lib/python3.12/site-packages (from flask-appbuilder==4.5.2->apache-***-providers-fab>=1.0.2->apache-***>=2.8.0->apache-***-providers-amazon>=9.1.0->interpark==0.2.0->-r /tmp/venvtfgraclj/requirements.txt (line 1)) (2.2.0)
[2024-11-25T15:29:17.029+0000] {process_utils.py:194} INFO - Requirement already satisfied: Flask-Babel<3,>=1 in /home/***/.local/lib/python3.12/site-packages (from flask-appbuilder==4.5.2->apache-***-providers-fab>=1.0.2->apache-***>=2.8.0->apache-***-providers-amazon>=9.1.0->interpark==0.2.0->-r /tmp/venvtfgraclj/requirements.txt (line 1)) (2.0.0)
[2024-11-25T15:29:17.030+0000] {process_utils.py:194} INFO - Requirement already satisfied: Flask-Limiter<4,>3 in /home/***/.local/lib/python3.12/site-packages (from flask-appbuilder==4.5.2->apache-***-providers-fab>=1.0.2->apache-***>=2.8.0->apache-***-providers-amazon>=9.1.0->interpark==0.2.0->-r /tmp/venvtfgraclj/requirements.txt (line 1)) (3.8.0)
[2024-11-25T15:29:17.030+0000] {process_utils.py:194} INFO - Requirement already satisfied: Flask-SQLAlchemy<3,>=2.4 in /home/***/.local/lib/python3.12/site-packages (from flask-appbuilder==4.5.2->apache-***-providers-fab>=1.0.2->apache-***>=2.8.0->apache-***-providers-amazon>=9.1.0->interpark==0.2.0->-r /tmp/venvtfgraclj/requirements.txt (line 1)) (2.5.1)
[2024-11-25T15:29:17.031+0000] {process_utils.py:194} INFO - Requirement already satisfied: Flask-JWT-Extended<5.0.0,>=4.0.0 in /home/***/.local/lib/python3.12/site-packages (from flask-appbuilder==4.5.2->apache-***-providers-fab>=1.0.2->apache-***>=2.8.0->apache-***-providers-amazon>=9.1.0->interpark==0.2.0->-r /tmp/venvtfgraclj/requirements.txt (line 1)) (4.6.0)
[2024-11-25T15:29:17.032+0000] {process_utils.py:194} INFO - Requirement already satisfied: marshmallow<4,>=3.18.0 in /home/***/.local/lib/python3.12/site-packages (from flask-appbuilder==4.5.2->apache-***-providers-fab>=1.0.2->apache-***>=2.8.0->apache-***-providers-amazon>=9.1.0->interpark==0.2.0->-r /tmp/venvtfgraclj/requirements.txt (line 1)) (3.23.1)
[2024-11-25T15:29:17.032+0000] {process_utils.py:194} INFO - Requirement already satisfied: marshmallow-sqlalchemy<0.29.0,>=0.22.0 in /home/***/.local/lib/python3.12/site-packages (from flask-appbuilder==4.5.2->apache-***-providers-fab>=1.0.2->apache-***>=2.8.0->apache-***-providers-amazon>=9.1.0->interpark==0.2.0->-r /tmp/venvtfgraclj/requirements.txt (line 1)) (0.28.2)
[2024-11-25T15:29:17.033+0000] {process_utils.py:194} INFO - Requirement already satisfied: prison<1.0.0,>=0.2.1 in /home/***/.local/lib/python3.12/site-packages (from flask-appbuilder==4.5.2->apache-***-providers-fab>=1.0.2->apache-***>=2.8.0->apache-***-providers-amazon>=9.1.0->interpark==0.2.0->-r /tmp/venvtfgraclj/requirements.txt (line 1)) (0.2.1)
[2024-11-25T15:29:17.034+0000] {process_utils.py:194} INFO - Requirement already satisfied: sqlalchemy-utils<1,>=0.32.21 in /home/***/.local/lib/python3.12/site-packages (from flask-appbuilder==4.5.2->apache-***-providers-fab>=1.0.2->apache-***>=2.8.0->apache-***-providers-amazon>=9.1.0->interpark==0.2.0->-r /tmp/venvtfgraclj/requirements.txt (line 1)) (0.41.2)
[2024-11-25T15:29:17.034+0000] {process_utils.py:194} INFO - Requirement already satisfied: WTForms<4 in /home/***/.local/lib/python3.12/site-packages (from flask-appbuilder==4.5.2->apache-***-providers-fab>=1.0.2->apache-***>=2.8.0->apache-***-providers-amazon>=9.1.0->interpark==0.2.0->-r /tmp/venvtfgraclj/requirements.txt (line 1)) (3.2.1)
[2024-11-25T15:29:17.067+0000] {process_utils.py:194} INFO - Requirement already satisfied: clickclick<21,>=1.2 in /home/***/.local/lib/python3.12/site-packages (from connexion<3.0,>=2.14.2->connexion[flask]<3.0,>=2.14.2->apache-***>=2.8.0->apache-***-providers-amazon>=9.1.0->interpark==0.2.0->-r /tmp/venvtfgraclj/requirements.txt (line 1)) (20.10.2)
[2024-11-25T15:29:17.068+0000] {process_utils.py:194} INFO - Requirement already satisfied: PyYAML<7,>=5.1 in /home/***/.local/lib/python3.12/site-packages (from connexion<3.0,>=2.14.2->connexion[flask]<3.0,>=2.14.2->apache-***>=2.8.0->apache-***-providers-amazon>=9.1.0->interpark==0.2.0->-r /tmp/venvtfgraclj/requirements.txt (line 1)) (6.0.2)
[2024-11-25T15:29:17.087+0000] {process_utils.py:194} INFO - Requirement already satisfied: cffi>=1.12 in /home/***/.local/lib/python3.12/site-packages (from cryptography>=41.0.0->apache-***>=2.8.0->apache-***-providers-amazon>=9.1.0->interpark==0.2.0->-r /tmp/venvtfgraclj/requirements.txt (line 1)) (1.17.1)
[2024-11-25T15:29:17.091+0000] {process_utils.py:194} INFO - Requirement already satisfied: wrapt<2,>=1.10 in /home/***/.local/lib/python3.12/site-packages (from deprecated>=1.2.13->apache-***>=2.8.0->apache-***-providers-amazon>=9.1.0->interpark==0.2.0->-r /tmp/venvtfgraclj/requirements.txt (line 1)) (1.16.0)
[2024-11-25T15:29:17.104+0000] {process_utils.py:194} INFO - Requirement already satisfied: cachelib<0.10.0,>=0.9.0 in /home/***/.local/lib/python3.12/site-packages (from flask-caching>=2.0.0->apache-***>=2.8.0->apache-***-providers-amazon>=9.1.0->interpark==0.2.0->-r /tmp/venvtfgraclj/requirements.txt (line 1)) (0.9.0)
[2024-11-25T15:29:17.141+0000] {process_utils.py:194} INFO - Requirement already satisfied: anyio in /home/***/.local/lib/python3.12/site-packages (from httpx>=0.25.0->apache-***>=2.8.0->apache-***-providers-amazon>=9.1.0->interpark==0.2.0->-r /tmp/venvtfgraclj/requirements.txt (line 1)) (4.6.2.post1)
[2024-11-25T15:29:17.142+0000] {process_utils.py:194} INFO - Requirement already satisfied: httpcore==1.* in /home/***/.local/lib/python3.12/site-packages (from httpx>=0.25.0->apache-***>=2.8.0->apache-***-providers-amazon>=9.1.0->interpark==0.2.0->-r /tmp/venvtfgraclj/requirements.txt (line 1)) (1.0.6)
[2024-11-25T15:29:17.148+0000] {process_utils.py:194} INFO - Requirement already satisfied: h11<0.15,>=0.13 in /home/***/.local/lib/python3.12/site-packages (from httpcore==1.*->httpx>=0.25.0->apache-***>=2.8.0->apache-***-providers-amazon>=9.1.0->interpark==0.2.0->-r /tmp/venvtfgraclj/requirements.txt (line 1)) (0.14.0)
[2024-11-25T15:29:17.169+0000] {process_utils.py:194} INFO - Requirement already satisfied: jsonschema-specifications>=2023.03.6 in /home/***/.local/lib/python3.12/site-packages (from jsonschema>=4.18.0->apache-***>=2.8.0->apache-***-providers-amazon>=9.1.0->interpark==0.2.0->-r /tmp/venvtfgraclj/requirements.txt (line 1)) (2023.12.1)
[2024-11-25T15:29:17.170+0000] {process_utils.py:194} INFO - Requirement already satisfied: referencing>=0.28.4 in /home/***/.local/lib/python3.12/site-packages (from jsonschema>=4.18.0->apache-***>=2.8.0->apache-***-providers-amazon>=9.1.0->interpark==0.2.0->-r /tmp/venvtfgraclj/requirements.txt (line 1)) (0.35.1)
[2024-11-25T15:29:17.170+0000] {process_utils.py:194} INFO - Requirement already satisfied: rpds-py>=0.7.1 in /home/***/.local/lib/python3.12/site-packages (from jsonschema>=4.18.0->apache-***>=2.8.0->apache-***-providers-amazon>=9.1.0->interpark==0.2.0->-r /tmp/venvtfgraclj/requirements.txt (line 1)) (0.20.1)
[2024-11-25T15:29:17.181+0000] {process_utils.py:194} INFO - Requirement already satisfied: uc-micro-py in /home/***/.local/lib/python3.12/site-packages (from linkify-it-py>=2.0.0->apache-***>=2.8.0->apache-***-providers-amazon>=9.1.0->interpark==0.2.0->-r /tmp/venvtfgraclj/requirements.txt (line 1)) (1.0.3)
[2024-11-25T15:29:17.194+0000] {process_utils.py:194} INFO - Requirement already satisfied: mdurl~=0.1 in /home/***/.local/lib/python3.12/site-packages (from markdown-it-py>=2.1.0->apache-***>=2.8.0->apache-***-providers-amazon>=9.1.0->interpark==0.2.0->-r /tmp/venvtfgraclj/requirements.txt (line 1)) (0.1.2)
[2024-11-25T15:29:17.211+0000] {process_utils.py:194} INFO - Requirement already satisfied: wirerope>=0.4.7 in /home/***/.local/lib/python3.12/site-packages (from methodtools>=0.4.7->apache-***>=2.8.0->apache-***-providers-amazon>=9.1.0->interpark==0.2.0->-r /tmp/venvtfgraclj/requirements.txt (line 1)) (0.4.7)
[2024-11-25T15:29:17.219+0000] {process_utils.py:194} INFO - Requirement already satisfied: importlib-metadata<=8.4.0,>=6.0 in /home/***/.local/lib/python3.12/site-packages (from opentelemetry-api>=1.15.0->apache-***>=2.8.0->apache-***-providers-amazon>=9.1.0->interpark==0.2.0->-r /tmp/venvtfgraclj/requirements.txt (line 1)) (6.11.0)
[2024-11-25T15:29:17.223+0000] {process_utils.py:194} INFO - Requirement already satisfied: opentelemetry-exporter-otlp-proto-grpc==1.27.0 in /home/***/.local/lib/python3.12/site-packages (from opentelemetry-exporter-otlp>=1.15.0->apache-***>=2.8.0->apache-***-providers-amazon>=9.1.0->interpark==0.2.0->-r /tmp/venvtfgraclj/requirements.txt (line 1)) (1.27.0)
[2024-11-25T15:29:17.224+0000] {process_utils.py:194} INFO - Requirement already satisfied: opentelemetry-exporter-otlp-proto-http==1.27.0 in /home/***/.local/lib/python3.12/site-packages (from opentelemetry-exporter-otlp>=1.15.0->apache-***>=2.8.0->apache-***-providers-amazon>=9.1.0->interpark==0.2.0->-r /tmp/venvtfgraclj/requirements.txt (line 1)) (1.27.0)
[2024-11-25T15:29:17.228+0000] {process_utils.py:194} INFO - Requirement already satisfied: googleapis-common-protos~=1.52 in /home/***/.local/lib/python3.12/site-packages (from opentelemetry-exporter-otlp-proto-grpc==1.27.0->opentelemetry-exporter-otlp>=1.15.0->apache-***>=2.8.0->apache-***-providers-amazon>=9.1.0->interpark==0.2.0->-r /tmp/venvtfgraclj/requirements.txt (line 1)) (1.65.0)
[2024-11-25T15:29:17.229+0000] {process_utils.py:194} INFO - Requirement already satisfied: grpcio<2.0.0,>=1.0.0 in /home/***/.local/lib/python3.12/site-packages (from opentelemetry-exporter-otlp-proto-grpc==1.27.0->opentelemetry-exporter-otlp>=1.15.0->apache-***>=2.8.0->apache-***-providers-amazon>=9.1.0->interpark==0.2.0->-r /tmp/venvtfgraclj/requirements.txt (line 1)) (1.67.1)
[2024-11-25T15:29:17.230+0000] {process_utils.py:194} INFO - Requirement already satisfied: opentelemetry-exporter-otlp-proto-common==1.27.0 in /home/***/.local/lib/python3.12/site-packages (from opentelemetry-exporter-otlp-proto-grpc==1.27.0->opentelemetry-exporter-otlp>=1.15.0->apache-***>=2.8.0->apache-***-providers-amazon>=9.1.0->interpark==0.2.0->-r /tmp/venvtfgraclj/requirements.txt (line 1)) (1.27.0)
[2024-11-25T15:29:17.230+0000] {process_utils.py:194} INFO - Requirement already satisfied: opentelemetry-proto==1.27.0 in /home/***/.local/lib/python3.12/site-packages (from opentelemetry-exporter-otlp-proto-grpc==1.27.0->opentelemetry-exporter-otlp>=1.15.0->apache-***>=2.8.0->apache-***-providers-amazon>=9.1.0->interpark==0.2.0->-r /tmp/venvtfgraclj/requirements.txt (line 1)) (1.27.0)
[2024-11-25T15:29:17.231+0000] {process_utils.py:194} INFO - Requirement already satisfied: opentelemetry-sdk~=1.27.0 in /home/***/.local/lib/python3.12/site-packages (from opentelemetry-exporter-otlp-proto-grpc==1.27.0->opentelemetry-exporter-otlp>=1.15.0->apache-***>=2.8.0->apache-***-providers-amazon>=9.1.0->interpark==0.2.0->-r /tmp/venvtfgraclj/requirements.txt (line 1)) (1.27.0)
[2024-11-25T15:29:17.245+0000] {process_utils.py:194} INFO - Requirement already satisfied: protobuf<5.0,>=3.19 in /home/***/.local/lib/python3.12/site-packages (from opentelemetry-proto==1.27.0->opentelemetry-exporter-otlp-proto-grpc==1.27.0->opentelemetry-exporter-otlp>=1.15.0->apache-***>=2.8.0->apache-***-providers-amazon>=9.1.0->interpark==0.2.0->-r /tmp/venvtfgraclj/requirements.txt (line 1)) (4.25.5)
[2024-11-25T15:29:17.255+0000] {process_utils.py:194} INFO - Requirement already satisfied: tzdata>=2020.1 in /home/***/.local/lib/python3.12/site-packages (from pendulum<4.0,>=3.0.0->apache-***>=2.8.0->apache-***-providers-amazon>=9.1.0->interpark==0.2.0->-r /tmp/venvtfgraclj/requirements.txt (line 1)) (2024.2)
[2024-11-25T15:29:17.255+0000] {process_utils.py:194} INFO - Requirement already satisfied: time-machine>=2.6.0 in /home/***/.local/lib/python3.12/site-packages (from pendulum<4.0,>=3.0.0->apache-***>=2.8.0->apache-***-providers-amazon>=9.1.0->interpark==0.2.0->-r /tmp/venvtfgraclj/requirements.txt (line 1)) (2.16.0)
[2024-11-25T15:29:17.290+0000] {process_utils.py:194} INFO - Requirement already satisfied: six>=1.5 in /home/***/.local/lib/python3.12/site-packages (from python-dateutil>=2.7.0->apache-***>=2.8.0->apache-***-providers-amazon>=9.1.0->interpark==0.2.0->-r /tmp/venvtfgraclj/requirements.txt (line 1)) (1.16.0)
[2024-11-25T15:29:17.301+0000] {process_utils.py:194} INFO - Requirement already satisfied: text-unidecode>=1.3 in /home/***/.local/lib/python3.12/site-packages (from python-slugify>=5.0->apache-***>=2.8.0->apache-***-providers-amazon>=9.1.0->interpark==0.2.0->-r /tmp/venvtfgraclj/requirements.txt (line 1)) (1.3)
[2024-11-25T15:29:17.332+0000] {process_utils.py:194} INFO - Requirement already satisfied: asn1crypto>=1.5.1 in /home/***/.local/lib/python3.12/site-packages (from scramp<1.5.0,>=1.2.0->redshift_connector>=2.0.918->apache-***-providers-amazon>=9.1.0->interpark==0.2.0->-r /tmp/venvtfgraclj/requirements.txt (line 1)) (1.5.1)
[2024-11-25T15:29:17.361+0000] {process_utils.py:194} INFO - Requirement already satisfied: greenlet!=0.4.17 in /home/***/.local/lib/python3.12/site-packages (from sqlalchemy<2.0,>=1.4.36->apache-***>=2.8.0->apache-***-providers-amazon>=9.1.0->interpark==0.2.0->-r /tmp/venvtfgraclj/requirements.txt (line 1)) (3.1.1)
[2024-11-25T15:29:17.464+0000] {process_utils.py:194} INFO - Requirement already satisfied: pycparser in /home/***/.local/lib/python3.12/site-packages (from cffi>=1.12->cryptography>=41.0.0->apache-***>=2.8.0->apache-***-providers-amazon>=9.1.0->interpark==0.2.0->-r /tmp/venvtfgraclj/requirements.txt (line 1)) (2.22)
[2024-11-25T15:29:17.500+0000] {process_utils.py:194} INFO - Requirement already satisfied: zipp>=0.5 in /home/***/.local/lib/python3.12/site-packages (from importlib-metadata<=8.4.0,>=6.0->opentelemetry-api>=1.15.0->apache-***>=2.8.0->apache-***-providers-amazon>=9.1.0->interpark==0.2.0->-r /tmp/venvtfgraclj/requirements.txt (line 1)) (3.20.2)
[2024-11-25T15:29:17.571+0000] {process_utils.py:194} INFO - Requirement already satisfied: propcache>=0.2.0 in /home/***/.local/lib/python3.12/site-packages (from yarl<2.0,>=1.12.0->aiohttp>=3.9.2->apache-***-providers-http->apache-***-providers-amazon>=9.1.0->interpark==0.2.0->-r /tmp/venvtfgraclj/requirements.txt (line 1)) (0.2.0)
[2024-11-25T15:29:17.620+0000] {process_utils.py:194} INFO - Requirement already satisfied: Babel>=2.3 in /home/***/.local/lib/python3.12/site-packages (from Flask-Babel<3,>=1->flask-appbuilder==4.5.2->apache-***-providers-fab>=1.0.2->apache-***>=2.8.0->apache-***-providers-amazon>=9.1.0->interpark==0.2.0->-r /tmp/venvtfgraclj/requirements.txt (line 1)) (2.16.0)
[2024-11-25T15:29:17.633+0000] {process_utils.py:194} INFO - Requirement already satisfied: limits>=3.13 in /home/***/.local/lib/python3.12/site-packages (from Flask-Limiter<4,>3->flask-appbuilder==4.5.2->apache-***-providers-fab>=1.0.2->apache-***>=2.8.0->apache-***-providers-amazon>=9.1.0->interpark==0.2.0->-r /tmp/venvtfgraclj/requirements.txt (line 1)) (3.13.0)
[2024-11-25T15:29:17.634+0000] {process_utils.py:194} INFO - Requirement already satisfied: ordered-set<5,>4 in /home/***/.local/lib/python3.12/site-packages (from Flask-Limiter<4,>3->flask-appbuilder==4.5.2->apache-***-providers-fab>=1.0.2->apache-***>=2.8.0->apache-***-providers-amazon>=9.1.0->interpark==0.2.0->-r /tmp/venvtfgraclj/requirements.txt (line 1)) (4.1.0)
[2024-11-25T15:29:17.661+0000] {process_utils.py:194} INFO - Requirement already satisfied: opentelemetry-semantic-conventions==0.48b0 in /home/***/.local/lib/python3.12/site-packages (from opentelemetry-sdk~=1.27.0->opentelemetry-exporter-otlp-proto-grpc==1.27.0->opentelemetry-exporter-otlp>=1.15.0->apache-***>=2.8.0->apache-***-providers-amazon>=9.1.0->interpark==0.2.0->-r /tmp/venvtfgraclj/requirements.txt (line 1)) (0.48b0)
[2024-11-25T15:29:17.716+0000] {process_utils.py:194} INFO - Requirement already satisfied: importlib-resources>=1.3 in /home/***/.local/lib/python3.12/site-packages (from limits>=3.13->Flask-Limiter<4,>3->flask-appbuilder==4.5.2->apache-***-providers-fab>=1.0.2->apache-***>=2.8.0->apache-***-providers-amazon>=9.1.0->interpark==0.2.0->-r /tmp/venvtfgraclj/requirements.txt (line 1)) (6.4.5)
[2024-11-25T15:29:17.754+0000] {process_utils.py:194} INFO - Using cached apache_***_providers_amazon-9.1.0-py3-none-any.whl (596 kB)
[2024-11-25T15:29:17.760+0000] {process_utils.py:194} INFO - Using cached chromedriver_autoinstaller-0.6.4-py3-none-any.whl (7.6 kB)
[2024-11-25T15:29:17.763+0000] {process_utils.py:194} INFO - Using cached pymongo-4.10.1-cp312-cp312-manylinux_2_17_x86_64.manylinux2014_x86_64.whl (1.9 MB)
[2024-11-25T15:29:17.776+0000] {process_utils.py:194} INFO - Using cached selenium-4.27.0-py3-none-any.whl (9.7 MB)
[2024-11-25T15:29:17.818+0000] {process_utils.py:194} INFO - Using cached webdriver_manager-4.0.2-py2.py3-none-any.whl (27 kB)
[2024-11-25T15:29:17.822+0000] {process_utils.py:194} INFO - Using cached apache_***_providers_common_sql-1.20.0-py3-none-any.whl (47 kB)
[2024-11-25T15:29:17.829+0000] {process_utils.py:194} INFO - Using cached trio-0.27.0-py3-none-any.whl (481 kB)
[2024-11-25T15:29:17.838+0000] {process_utils.py:194} INFO - Using cached trio_websocket-0.11.1-py3-none-any.whl (17 kB)
[2024-11-25T15:29:17.844+0000] {process_utils.py:194} INFO - Using cached PySocks-1.7.1-py3-none-any.whl (16 kB)
[2024-11-25T15:29:17.851+0000] {process_utils.py:194} INFO - Using cached wsproto-1.2.0-py3-none-any.whl (24 kB)
[2024-11-25T15:29:17.857+0000] {process_utils.py:194} INFO - Using cached outcome-1.3.0.post0-py2.py3-none-any.whl (10 kB)
[2024-11-25T15:29:17.891+0000] {process_utils.py:194} INFO - Building wheels for collected packages: interpark
[2024-11-25T15:29:17.896+0000] {process_utils.py:194} INFO -   Building wheel for interpark (pyproject.toml): started
[2024-11-25T15:29:18.707+0000] {process_utils.py:194} INFO -   Building wheel for interpark (pyproject.toml): finished with status 'done'
[2024-11-25T15:29:18.708+0000] {process_utils.py:194} INFO -   Created wheel for interpark: filename=interpark-0.2.0-py3-none-any.whl size=25791 sha256=06579de594e754b36b7546e6964c3e19b4f83fb9701e5a2a46590970e72a3967
[2024-11-25T15:29:18.708+0000] {process_utils.py:194} INFO -   Stored in directory: /tmp/pip-ephem-wheel-cache-vbydr27n/wheels/cd/d9/e1/487dd50e7b3f7b92ef0f7fc86ee30217b85dc2a9ff960a353d
[2024-11-25T15:29:18.709+0000] {process_utils.py:194} INFO - Successfully built interpark
[2024-11-25T15:29:19.283+0000] {process_utils.py:194} INFO - Installing collected packages: wsproto, pysocks, pymongo, outcome, chromedriver-autoinstaller, webdriver-manager, trio, trio-websocket, selenium, apache-***-providers-common-sql, apache-***-providers-amazon, interpark
[2024-11-25T15:29:21.677+0000] {process_utils.py:194} INFO -   Attempting uninstall: apache-***-providers-common-sql
[2024-11-25T15:29:21.687+0000] {process_utils.py:194} INFO -     Found existing installation: apache-***-providers-common-sql 1.19.0
[2024-11-25T15:29:21.687+0000] {process_utils.py:194} INFO -     Not uninstalling apache-***-providers-common-sql at /home/***/.local/lib/python3.12/site-packages, outside environment /tmp/venvtfgraclj
[2024-11-25T15:29:21.687+0000] {process_utils.py:194} INFO -     Can't uninstall 'apache-***-providers-common-sql'. No files were found to uninstall.
[2024-11-25T15:29:21.734+0000] {process_utils.py:194} INFO -   Attempting uninstall: apache-***-providers-amazon
[2024-11-25T15:29:21.740+0000] {process_utils.py:194} INFO -     Found existing installation: apache-***-providers-amazon 9.0.0
[2024-11-25T15:29:21.740+0000] {process_utils.py:194} INFO -     Not uninstalling apache-***-providers-amazon at /home/***/.local/lib/python3.12/site-packages, outside environment /tmp/venvtfgraclj
[2024-11-25T15:29:21.741+0000] {process_utils.py:194} INFO -     Can't uninstall 'apache-***-providers-amazon'. No files were found to uninstall.
[2024-11-25T15:29:22.155+0000] {process_utils.py:194} INFO - Successfully installed apache-***-providers-amazon-9.1.0 apache-***-providers-common-sql-1.20.0 chromedriver-autoinstaller-0.6.4 interpark-0.2.0 outcome-1.3.0.post0 pymongo-4.10.1 pysocks-1.7.1 selenium-4.27.0 trio-0.27.0 trio-websocket-0.11.1 webdriver-manager-4.0.2 wsproto-1.2.0
[2024-11-25T15:29:22.660+0000] {process_utils.py:186} INFO - Executing cmd: /tmp/venvtfgraclj/bin/python /tmp/venv-callujrn_b20/script.py /tmp/venv-callujrn_b20/script.in /tmp/venv-callujrn_b20/script.out /tmp/venv-callujrn_b20/string_args.txt /tmp/venv-callujrn_b20/termination.log
[2024-11-25T15:29:22.660+0000] {process_utils.py:190} INFO - Output:
[2024-11-25T15:29:24.509+0000] {process_utils.py:194} INFO - /home/***/.local/lib/python3.12/site-packages/***/configuration.py:859 FutureWarning: section/key [core/sql_alchemy_conn] has been deprecated, you should use[database/sql_alchemy_conn] instead. Please update your `conf.get*` call to use the new name
[2024-11-25T15:29:25.905+0000] {process_utils.py:194} INFO - [2024-11-25T15:29:25.903+0000] {logger.py:11} INFO - ====== WebDriver manager ======
[2024-11-25T15:29:26.273+0000] {process_utils.py:194} INFO - [2024-11-25T15:29:26.272+0000] {logger.py:11} INFO - Get LATEST chromedriver version for google-chrome
[2024-11-25T15:29:26.427+0000] {process_utils.py:194} INFO - [2024-11-25T15:29:26.427+0000] {logger.py:11} INFO - Get LATEST chromedriver version for google-chrome
[2024-11-25T15:29:26.566+0000] {process_utils.py:194} INFO - [2024-11-25T15:29:26.566+0000] {logger.py:11} INFO - Driver [/home/***/.wdm/drivers/chromedriver/linux64/131.0.6778.85/chromedriver-linux64/chromedriver] found in cache
[2024-11-25T15:29:29.288+0000] {process_utils.py:194} INFO - [2024-11-25T15:29:29.287+0000] {logger.py:11} INFO - ====== WebDriver manager ======
[2024-11-25T15:29:29.479+0000] {process_utils.py:194} INFO - [2024-11-25T15:29:29.478+0000] {logger.py:11} INFO - Get LATEST chromedriver version for google-chrome
[2024-11-25T15:29:29.621+0000] {process_utils.py:194} INFO - [2024-11-25T15:29:29.619+0000] {logger.py:11} INFO - Get LATEST chromedriver version for google-chrome
[2024-11-25T15:29:29.744+0000] {process_utils.py:194} INFO - [2024-11-25T15:29:29.743+0000] {logger.py:11} INFO - Driver [/home/***/.wdm/drivers/chromedriver/linux64/131.0.6778.85/chromedriver-linux64/chromedriver] found in cache
[2024-11-25T15:29:30.210+0000] {local_task_job_runner.py:346} WARNING - State of this instance has been externally set to failed. Terminating instance.
[2024-11-25T15:29:30.210+0000] {local_task_job_runner.py:245} INFO - ::endgroup::
[2024-11-25T15:29:30.212+0000] {process_utils.py:132} INFO - Sending 15 to group 53. PIDs of all processes in the group: [129, 162, 289, 295, 303, 304, 326, 327, 369, 383, 392, 325, 168, 177, 178, 199, 208, 227, 240, 198, 53]
[2024-11-25T15:29:30.212+0000] {process_utils.py:87} INFO - Sending the signal 15 to group 53
[2024-11-25T15:29:30.213+0000] {taskinstance.py:3093} ERROR - Received SIGTERM. Terminating subprocesses.
[2024-11-25T15:29:30.221+0000] {process_utils.py:80} INFO - Process psutil.Process(pid=369, status='terminated', started='15:29:29') (369) terminated with exit code None
[2024-11-25T15:29:30.277+0000] {process_utils.py:80} INFO - Process psutil.Process(pid=289, status='terminated', started='15:29:28') (289) terminated with exit code None
[2024-11-25T15:29:30.278+0000] {process_utils.py:80} INFO - Process psutil.Process(pid=383, status='terminated', started='15:29:29') (383) terminated with exit code None
[2024-11-25T15:29:30.278+0000] {process_utils.py:80} INFO - Process psutil.Process(pid=199, status='terminated', started='15:29:26') (199) terminated with exit code None
[2024-11-25T15:29:30.278+0000] {process_utils.py:80} INFO - Process psutil.Process(pid=178, status='terminated', started='15:29:26') (178) terminated with exit code None
[2024-11-25T15:29:30.279+0000] {process_utils.py:80} INFO - Process psutil.Process(pid=168, status='terminated', started='15:29:26') (168) terminated with exit code None
[2024-11-25T15:29:30.279+0000] {process_utils.py:80} INFO - Process psutil.Process(pid=162, status='terminated', started='15:29:25') (162) terminated with exit code None
[2024-11-25T15:29:30.279+0000] {process_utils.py:80} INFO - Process psutil.Process(pid=240, status='terminated', started='15:29:28') (240) terminated with exit code None
[2024-11-25T15:29:30.331+0000] {process_utils.py:80} INFO - Process psutil.Process(pid=303, status='terminated', started='15:29:29') (303) terminated with exit code None
[2024-11-25T15:29:30.331+0000] {process_utils.py:80} INFO - Process psutil.Process(pid=325, status='terminated', started='15:29:29') (325) terminated with exit code None
[2024-11-25T15:29:30.332+0000] {process_utils.py:80} INFO - Process psutil.Process(pid=327, status='terminated', started='15:29:29') (327) terminated with exit code None
[2024-11-25T15:29:30.332+0000] {process_utils.py:80} INFO - Process psutil.Process(pid=392, status='terminated', started='15:29:29') (392) terminated with exit code None
[2024-11-25T15:29:30.332+0000] {process_utils.py:80} INFO - Process psutil.Process(pid=129, status='terminated', started='15:29:21') (129) terminated with exit code None
[2024-11-25T15:29:30.333+0000] {process_utils.py:80} INFO - Process psutil.Process(pid=326, status='terminated', started='15:29:29') (326) terminated with exit code None
[2024-11-25T15:29:30.333+0000] {process_utils.py:80} INFO - Process psutil.Process(pid=227, status='terminated', started='15:29:27') (227) terminated with exit code None
[2024-11-25T15:29:30.333+0000] {process_utils.py:80} INFO - Process psutil.Process(pid=208, status='terminated', started='15:29:26') (208) terminated with exit code None
[2024-11-25T15:29:30.334+0000] {process_utils.py:80} INFO - Process psutil.Process(pid=198, status='terminated', started='15:29:26') (198) terminated with exit code None
[2024-11-25T15:29:30.334+0000] {process_utils.py:80} INFO - Process psutil.Process(pid=295, status='terminated', started='15:29:29') (295) terminated with exit code None
[2024-11-25T15:29:30.334+0000] {process_utils.py:80} INFO - Process psutil.Process(pid=177, status='terminated', started='15:29:26') (177) terminated with exit code None
[2024-11-25T15:29:30.341+0000] {taskinstance.py:340} INFO - ::group::Post task execution logs
[2024-11-25T15:29:30.361+0000] {process_utils.py:80} INFO - Process psutil.Process(pid=53, status='terminated', exitcode=0, started='15:29:04') (53) terminated with exit code 0
[2024-11-25T15:29:30.362+0000] {process_utils.py:80} INFO - Process psutil.Process(pid=304, status='terminated', started='15:29:29') (304) terminated with exit code None
