[2024-11-26T00:07:36.866+0000] {local_task_job_runner.py:123} INFO - ::group::Pre task execution logs
[2024-11-26T00:07:36.887+0000] {taskinstance.py:2613} INFO - Dependencies all met for dep_context=non-requeueable deps ti=<TaskInstance: open_interpark_to_S3.upload_to_s3 scheduled__2024-11-25T00:00:00+00:00 [queued]>
[2024-11-26T00:07:36.902+0000] {taskinstance.py:2613} INFO - Dependencies all met for dep_context=requeueable deps ti=<TaskInstance: open_interpark_to_S3.upload_to_s3 scheduled__2024-11-25T00:00:00+00:00 [queued]>
[2024-11-26T00:07:36.902+0000] {taskinstance.py:2866} INFO - Starting attempt 3 of 6
[2024-11-26T00:07:36.925+0000] {taskinstance.py:2889} INFO - Executing <Task(PythonVirtualenvOperator): upload_to_s3> on 2024-11-25 00:00:00+00:00
[2024-11-26T00:07:36.931+0000] {warnings.py:112} WARNING - /home/***/.local/lib/python3.12/site-packages/***/task/task_runner/standard_task_runner.py:70: DeprecationWarning: This process (pid=12048) is multi-threaded, use of fork() may lead to deadlocks in the child.
  pid = os.fork()

[2024-11-26T00:07:36.933+0000] {standard_task_runner.py:72} INFO - Started process 12049 to run task
[2024-11-26T00:07:36.934+0000] {standard_task_runner.py:104} INFO - Running: ['***', 'tasks', 'run', 'open_interpark_to_S3', 'upload_to_s3', 'scheduled__2024-11-25T00:00:00+00:00', '--job-id', '231', '--raw', '--subdir', 'DAGS_FOLDER/raw_open_s3.py', '--cfg-path', '/tmp/tmpn9aanyy4']
[2024-11-26T00:07:36.935+0000] {standard_task_runner.py:105} INFO - Job 231: Subtask upload_to_s3
[2024-11-26T00:07:37.008+0000] {task_command.py:467} INFO - Running <TaskInstance: open_interpark_to_S3.upload_to_s3 scheduled__2024-11-25T00:00:00+00:00 [running]> on host 55a330cfd6d6
[2024-11-26T00:07:37.116+0000] {taskinstance.py:3132} INFO - Exporting env vars: AIRFLOW_CTX_DAG_OWNER='***' AIRFLOW_CTX_DAG_ID='open_interpark_to_S3' AIRFLOW_CTX_TASK_ID='upload_to_s3' AIRFLOW_CTX_EXECUTION_DATE='2024-11-25T00:00:00+00:00' AIRFLOW_CTX_TRY_NUMBER='3' AIRFLOW_CTX_DAG_RUN_ID='scheduled__2024-11-25T00:00:00+00:00'
[2024-11-26T00:07:37.117+0000] {taskinstance.py:731} INFO - ::endgroup::
[2024-11-26T00:07:37.136+0000] {baseoperator.py:416} WARNING - PythonVirtualenvOperator.execute cannot be called outside TaskInstance!
[2024-11-26T00:07:37.138+0000] {process_utils.py:186} INFO - Executing cmd: /home/***/.local/bin/python -m virtualenv /tmp/venvwi7wh6f4 --system-site-packages --python=python
[2024-11-26T00:07:37.139+0000] {process_utils.py:190} INFO - Output:
[2024-11-26T00:07:38.061+0000] {process_utils.py:194} INFO - created virtual environment CPython3.12.7.final.0-64 in 240ms
[2024-11-26T00:07:38.061+0000] {process_utils.py:194} INFO -   creator CPython3Posix(dest=/tmp/venvwi7wh6f4, clear=False, no_vcs_ignore=False, global=True)
[2024-11-26T00:07:38.062+0000] {process_utils.py:194} INFO -   seeder FromAppData(download=False, pip=bundle, via=copy, app_data_dir=/home/***/.local/share/virtualenv)
[2024-11-26T00:07:38.062+0000] {process_utils.py:194} INFO -     added seed packages: pip==24.3.1
[2024-11-26T00:07:38.062+0000] {process_utils.py:194} INFO -   activators BashActivator,CShellActivator,FishActivator,NushellActivator,PowerShellActivator,PythonActivator
[2024-11-26T00:07:38.109+0000] {process_utils.py:186} INFO - Executing cmd: /tmp/venvwi7wh6f4/bin/pip install -r /tmp/venvwi7wh6f4/requirements.txt
[2024-11-26T00:07:38.110+0000] {process_utils.py:190} INFO - Output:
[2024-11-26T00:07:40.057+0000] {process_utils.py:194} INFO - Collecting git+https://github.com/hahahellooo/interpark.git@0.4/s3 (from -r /tmp/venvwi7wh6f4/requirements.txt (line 1))
[2024-11-26T00:07:40.058+0000] {process_utils.py:194} INFO -   Cloning https://github.com/hahahellooo/interpark.git (to revision 0.4/s3) to /tmp/pip-req-build-jvilmayo
[2024-11-26T00:07:40.061+0000] {process_utils.py:194} INFO -   Running command git clone --filter=blob:none --quiet https://github.com/hahahellooo/interpark.git /tmp/pip-req-build-jvilmayo
[2024-11-26T00:07:41.451+0000] {process_utils.py:194} INFO -   Running command git checkout -b 0.4/s3 --track origin/0.4/s3
[2024-11-26T00:07:42.053+0000] {process_utils.py:194} INFO -   Switched to a new branch '0.4/s3'
[2024-11-26T00:07:42.054+0000] {process_utils.py:194} INFO -   branch '0.4/s3' set up to track 'origin/0.4/s3'.
[2024-11-26T00:07:42.054+0000] {process_utils.py:194} INFO -   Resolved https://github.com/hahahellooo/interpark.git to commit 9087526725d9ec572836139cb453433fb1d8d1c5
[2024-11-26T00:07:42.064+0000] {process_utils.py:194} INFO -   Installing build dependencies: started
[2024-11-26T00:07:45.464+0000] {process_utils.py:194} INFO -   Installing build dependencies: finished with status 'done'
[2024-11-26T00:07:45.466+0000] {process_utils.py:194} INFO -   Getting requirements to build wheel: started
[2024-11-26T00:07:45.091+0000] {process_utils.py:194} INFO -   Getting requirements to build wheel: finished with status 'done'
[2024-11-26T00:07:45.093+0000] {process_utils.py:194} INFO -   Preparing metadata (pyproject.toml): started
[2024-11-26T00:07:45.986+0000] {process_utils.py:194} INFO -   Preparing metadata (pyproject.toml): finished with status 'done'
[2024-11-26T00:07:46.132+0000] {process_utils.py:194} INFO - Collecting selenium>=4.26.1 (from interpark==0.2.0->-r /tmp/venvwi7wh6f4/requirements.txt (line 1))
[2024-11-26T00:07:46.134+0000] {process_utils.py:194} INFO -   Using cached selenium-4.27.0-py3-none-any.whl.metadata (7.1 kB)
[2024-11-26T00:07:46.138+0000] {process_utils.py:194} INFO - Requirement already satisfied: beautifulsoup4>=4.12.3 in /home/***/.local/lib/python3.12/site-packages (from interpark==0.2.0->-r /tmp/venvwi7wh6f4/requirements.txt (line 1)) (4.12.3)
[2024-11-26T00:07:46.177+0000] {process_utils.py:194} INFO - Collecting webdriver-manager>=4.0.2 (from interpark==0.2.0->-r /tmp/venvwi7wh6f4/requirements.txt (line 1))
[2024-11-26T00:07:46.179+0000] {process_utils.py:194} INFO -   Using cached webdriver_manager-4.0.2-py2.py3-none-any.whl.metadata (12 kB)
[2024-11-26T00:07:46.624+0000] {process_utils.py:194} INFO - Collecting pymongo>=4.10.1 (from interpark==0.2.0->-r /tmp/venvwi7wh6f4/requirements.txt (line 1))
[2024-11-26T00:07:46.626+0000] {process_utils.py:194} INFO -   Using cached pymongo-4.10.1-cp312-cp312-manylinux_2_17_x86_64.manylinux2014_x86_64.whl.metadata (22 kB)
[2024-11-26T00:07:46.739+0000] {process_utils.py:194} INFO - Collecting apache-***-providers-amazon>=9.1.0 (from interpark==0.2.0->-r /tmp/venvwi7wh6f4/requirements.txt (line 1))
[2024-11-26T00:07:46.741+0000] {process_utils.py:194} INFO -   Using cached apache_***_providers_amazon-9.1.0-py3-none-any.whl.metadata (10 kB)
[2024-11-26T00:07:46.779+0000] {process_utils.py:194} INFO - Collecting chromedriver-autoinstaller>=0.6.4 (from interpark==0.2.0->-r /tmp/venvwi7wh6f4/requirements.txt (line 1))
[2024-11-26T00:07:46.781+0000] {process_utils.py:194} INFO -   Using cached chromedriver_autoinstaller-0.6.4-py3-none-any.whl.metadata (2.1 kB)
[2024-11-26T00:07:46.784+0000] {process_utils.py:194} INFO - Requirement already satisfied: PyAthena>=3.0.10 in /home/***/.local/lib/python3.12/site-packages (from apache-***-providers-amazon>=9.1.0->interpark==0.2.0->-r /tmp/venvwi7wh6f4/requirements.txt (line 1)) (3.9.0)
[2024-11-26T00:07:46.785+0000] {process_utils.py:194} INFO - Requirement already satisfied: apache-***-providers-common-compat>=1.2.1 in /home/***/.local/lib/python3.12/site-packages (from apache-***-providers-amazon>=9.1.0->interpark==0.2.0->-r /tmp/venvwi7wh6f4/requirements.txt (line 1)) (1.2.1)
[2024-11-26T00:07:46.848+0000] {process_utils.py:194} INFO - Collecting apache-***-providers-common-sql>=1.20.0 (from apache-***-providers-amazon>=9.1.0->interpark==0.2.0->-r /tmp/venvwi7wh6f4/requirements.txt (line 1))
[2024-11-26T00:07:46.850+0000] {process_utils.py:194} INFO -   Using cached apache_***_providers_common_sql-1.20.0-py3-none-any.whl.metadata (6.2 kB)
[2024-11-26T00:07:46.853+0000] {process_utils.py:194} INFO - Requirement already satisfied: apache-***-providers-http in /home/***/.local/lib/python3.12/site-packages (from apache-***-providers-amazon>=9.1.0->interpark==0.2.0->-r /tmp/venvwi7wh6f4/requirements.txt (line 1)) (4.13.2)
[2024-11-26T00:07:46.854+0000] {process_utils.py:194} INFO - Requirement already satisfied: apache-***>=2.8.0 in /home/***/.local/lib/python3.12/site-packages (from apache-***-providers-amazon>=9.1.0->interpark==0.2.0->-r /tmp/venvwi7wh6f4/requirements.txt (line 1)) (2.10.3)
[2024-11-26T00:07:46.854+0000] {process_utils.py:194} INFO - Requirement already satisfied: asgiref>=2.3.0 in /home/***/.local/lib/python3.12/site-packages (from apache-***-providers-amazon>=9.1.0->interpark==0.2.0->-r /tmp/venvwi7wh6f4/requirements.txt (line 1)) (3.8.1)
[2024-11-26T00:07:46.855+0000] {process_utils.py:194} INFO - Requirement already satisfied: boto3>=1.34.90 in /home/***/.local/lib/python3.12/site-packages (from apache-***-providers-amazon>=9.1.0->interpark==0.2.0->-r /tmp/venvwi7wh6f4/requirements.txt (line 1)) (1.35.36)
[2024-11-26T00:07:46.856+0000] {process_utils.py:194} INFO - Requirement already satisfied: botocore>=1.34.90 in /home/***/.local/lib/python3.12/site-packages (from apache-***-providers-amazon>=9.1.0->interpark==0.2.0->-r /tmp/venvwi7wh6f4/requirements.txt (line 1)) (1.35.36)
[2024-11-26T00:07:46.858+0000] {process_utils.py:194} INFO - Requirement already satisfied: inflection>=0.5.1 in /home/***/.local/lib/python3.12/site-packages (from apache-***-providers-amazon>=9.1.0->interpark==0.2.0->-r /tmp/venvwi7wh6f4/requirements.txt (line 1)) (0.5.1)
[2024-11-26T00:07:46.858+0000] {process_utils.py:194} INFO - Requirement already satisfied: jmespath>=0.7.0 in /home/***/.local/lib/python3.12/site-packages (from apache-***-providers-amazon>=9.1.0->interpark==0.2.0->-r /tmp/venvwi7wh6f4/requirements.txt (line 1)) (0.10.0)
[2024-11-26T00:07:46.859+0000] {process_utils.py:194} INFO - Requirement already satisfied: jsonpath_ng>=1.5.3 in /home/***/.local/lib/python3.12/site-packages (from apache-***-providers-amazon>=9.1.0->interpark==0.2.0->-r /tmp/venvwi7wh6f4/requirements.txt (line 1)) (1.7.0)
[2024-11-26T00:07:46.859+0000] {process_utils.py:194} INFO - Requirement already satisfied: python3-saml>=1.16.0 in /home/***/.local/lib/python3.12/site-packages (from apache-***-providers-amazon>=9.1.0->interpark==0.2.0->-r /tmp/venvwi7wh6f4/requirements.txt (line 1)) (1.16.0)
[2024-11-26T00:07:46.860+0000] {process_utils.py:194} INFO - Requirement already satisfied: redshift_connector>=2.0.918 in /home/***/.local/lib/python3.12/site-packages (from apache-***-providers-amazon>=9.1.0->interpark==0.2.0->-r /tmp/venvwi7wh6f4/requirements.txt (line 1)) (2.1.3)
[2024-11-26T00:07:46.861+0000] {process_utils.py:194} INFO - Requirement already satisfied: watchtower!=3.3.0,<4,>=3.0.0 in /home/***/.local/lib/python3.12/site-packages (from apache-***-providers-amazon>=9.1.0->interpark==0.2.0->-r /tmp/venvwi7wh6f4/requirements.txt (line 1)) (3.3.1)
[2024-11-26T00:07:46.864+0000] {process_utils.py:194} INFO - Requirement already satisfied: soupsieve>1.2 in /home/***/.local/lib/python3.12/site-packages (from beautifulsoup4>=4.12.3->interpark==0.2.0->-r /tmp/venvwi7wh6f4/requirements.txt (line 1)) (2.6)
[2024-11-26T00:07:46.865+0000] {process_utils.py:194} INFO - Requirement already satisfied: packaging>=23.1 in /home/***/.local/lib/python3.12/site-packages (from chromedriver-autoinstaller>=0.6.4->interpark==0.2.0->-r /tmp/venvwi7wh6f4/requirements.txt (line 1)) (24.1)
[2024-11-26T00:07:46.867+0000] {process_utils.py:194} INFO - Requirement already satisfied: dnspython<3.0.0,>=1.16.0 in /home/***/.local/lib/python3.12/site-packages (from pymongo>=4.10.1->interpark==0.2.0->-r /tmp/venvwi7wh6f4/requirements.txt (line 1)) (2.7.0)
[2024-11-26T00:07:46.871+0000] {process_utils.py:194} INFO - Requirement already satisfied: urllib3<3,>=1.26 in /home/***/.local/lib/python3.12/site-packages (from urllib3[socks]<3,>=1.26->selenium>=4.26.1->interpark==0.2.0->-r /tmp/venvwi7wh6f4/requirements.txt (line 1)) (2.2.3)
[2024-11-26T00:07:46.910+0000] {process_utils.py:194} INFO - Collecting trio~=0.17 (from selenium>=4.26.1->interpark==0.2.0->-r /tmp/venvwi7wh6f4/requirements.txt (line 1))
[2024-11-26T00:07:46.912+0000] {process_utils.py:194} INFO -   Using cached trio-0.27.0-py3-none-any.whl.metadata (8.6 kB)
[2024-11-26T00:07:46.944+0000] {process_utils.py:194} INFO - Collecting trio-websocket~=0.9 (from selenium>=4.26.1->interpark==0.2.0->-r /tmp/venvwi7wh6f4/requirements.txt (line 1))
[2024-11-26T00:07:46.946+0000] {process_utils.py:194} INFO -   Using cached trio_websocket-0.11.1-py3-none-any.whl.metadata (4.7 kB)
[2024-11-26T00:07:46.949+0000] {process_utils.py:194} INFO - Requirement already satisfied: certifi>=2021.10.8 in /home/***/.local/lib/python3.12/site-packages (from selenium>=4.26.1->interpark==0.2.0->-r /tmp/venvwi7wh6f4/requirements.txt (line 1)) (2024.8.30)
[2024-11-26T00:07:46.949+0000] {process_utils.py:194} INFO - Requirement already satisfied: typing_extensions~=4.9 in /home/***/.local/lib/python3.12/site-packages (from selenium>=4.26.1->interpark==0.2.0->-r /tmp/venvwi7wh6f4/requirements.txt (line 1)) (4.12.2)
[2024-11-26T00:07:46.950+0000] {process_utils.py:194} INFO - Requirement already satisfied: websocket-client~=1.8 in /home/***/.local/lib/python3.12/site-packages (from selenium>=4.26.1->interpark==0.2.0->-r /tmp/venvwi7wh6f4/requirements.txt (line 1)) (1.8.0)
[2024-11-26T00:07:46.953+0000] {process_utils.py:194} INFO - Requirement already satisfied: requests in /home/***/.local/lib/python3.12/site-packages (from webdriver-manager>=4.0.2->interpark==0.2.0->-r /tmp/venvwi7wh6f4/requirements.txt (line 1)) (2.32.3)
[2024-11-26T00:07:46.954+0000] {process_utils.py:194} INFO - Requirement already satisfied: python-dotenv in /home/***/.local/lib/python3.12/site-packages (from webdriver-manager>=4.0.2->interpark==0.2.0->-r /tmp/venvwi7wh6f4/requirements.txt (line 1)) (1.0.1)
[2024-11-26T00:07:47.016+0000] {process_utils.py:194} INFO - Requirement already satisfied: alembic<2.0,>=1.13.1 in /home/***/.local/lib/python3.12/site-packages (from apache-***>=2.8.0->apache-***-providers-amazon>=9.1.0->interpark==0.2.0->-r /tmp/venvwi7wh6f4/requirements.txt (line 1)) (1.14.0)
[2024-11-26T00:07:47.017+0000] {process_utils.py:194} INFO - Requirement already satisfied: argcomplete>=1.10 in /home/***/.local/lib/python3.12/site-packages (from apache-***>=2.8.0->apache-***-providers-amazon>=9.1.0->interpark==0.2.0->-r /tmp/venvwi7wh6f4/requirements.txt (line 1)) (3.5.1)
[2024-11-26T00:07:47.017+0000] {process_utils.py:194} INFO - Requirement already satisfied: attrs>=22.1.0 in /home/***/.local/lib/python3.12/site-packages (from apache-***>=2.8.0->apache-***-providers-amazon>=9.1.0->interpark==0.2.0->-r /tmp/venvwi7wh6f4/requirements.txt (line 1)) (24.2.0)
[2024-11-26T00:07:47.018+0000] {process_utils.py:194} INFO - Requirement already satisfied: blinker>=1.6.2 in /home/***/.local/lib/python3.12/site-packages (from apache-***>=2.8.0->apache-***-providers-amazon>=9.1.0->interpark==0.2.0->-r /tmp/venvwi7wh6f4/requirements.txt (line 1)) (1.8.2)
[2024-11-26T00:07:47.018+0000] {process_utils.py:194} INFO - Requirement already satisfied: colorlog>=6.8.2 in /home/***/.local/lib/python3.12/site-packages (from apache-***>=2.8.0->apache-***-providers-amazon>=9.1.0->interpark==0.2.0->-r /tmp/venvwi7wh6f4/requirements.txt (line 1)) (6.9.0)
[2024-11-26T00:07:47.018+0000] {process_utils.py:194} INFO - Requirement already satisfied: configupdater>=3.1.1 in /home/***/.local/lib/python3.12/site-packages (from apache-***>=2.8.0->apache-***-providers-amazon>=9.1.0->interpark==0.2.0->-r /tmp/venvwi7wh6f4/requirements.txt (line 1)) (3.2)
[2024-11-26T00:07:47.019+0000] {process_utils.py:194} INFO - Requirement already satisfied: connexion<3.0,>=2.14.2 in /home/***/.local/lib/python3.12/site-packages (from connexion[flask]<3.0,>=2.14.2->apache-***>=2.8.0->apache-***-providers-amazon>=9.1.0->interpark==0.2.0->-r /tmp/venvwi7wh6f4/requirements.txt (line 1)) (2.14.2)
[2024-11-26T00:07:47.020+0000] {process_utils.py:194} INFO - Requirement already satisfied: cron-descriptor>=1.2.24 in /home/***/.local/lib/python3.12/site-packages (from apache-***>=2.8.0->apache-***-providers-amazon>=9.1.0->interpark==0.2.0->-r /tmp/venvwi7wh6f4/requirements.txt (line 1)) (1.4.5)
[2024-11-26T00:07:47.020+0000] {process_utils.py:194} INFO - Requirement already satisfied: croniter>=2.0.2 in /home/***/.local/lib/python3.12/site-packages (from apache-***>=2.8.0->apache-***-providers-amazon>=9.1.0->interpark==0.2.0->-r /tmp/venvwi7wh6f4/requirements.txt (line 1)) (5.0.1)
[2024-11-26T00:07:47.021+0000] {process_utils.py:194} INFO - Requirement already satisfied: cryptography>=41.0.0 in /home/***/.local/lib/python3.12/site-packages (from apache-***>=2.8.0->apache-***-providers-amazon>=9.1.0->interpark==0.2.0->-r /tmp/venvwi7wh6f4/requirements.txt (line 1)) (42.0.8)
[2024-11-26T00:07:47.022+0000] {process_utils.py:194} INFO - Requirement already satisfied: deprecated>=1.2.13 in /home/***/.local/lib/python3.12/site-packages (from apache-***>=2.8.0->apache-***-providers-amazon>=9.1.0->interpark==0.2.0->-r /tmp/venvwi7wh6f4/requirements.txt (line 1)) (1.2.14)
[2024-11-26T00:07:47.022+0000] {process_utils.py:194} INFO - Requirement already satisfied: dill>=0.2.2 in /home/***/.local/lib/python3.12/site-packages (from apache-***>=2.8.0->apache-***-providers-amazon>=9.1.0->interpark==0.2.0->-r /tmp/venvwi7wh6f4/requirements.txt (line 1)) (0.3.9)
[2024-11-26T00:07:47.023+0000] {process_utils.py:194} INFO - Requirement already satisfied: flask-caching>=2.0.0 in /home/***/.local/lib/python3.12/site-packages (from apache-***>=2.8.0->apache-***-providers-amazon>=9.1.0->interpark==0.2.0->-r /tmp/venvwi7wh6f4/requirements.txt (line 1)) (2.3.0)
[2024-11-26T00:07:47.023+0000] {process_utils.py:194} INFO - Requirement already satisfied: flask-session<0.6,>=0.4.0 in /home/***/.local/lib/python3.12/site-packages (from apache-***>=2.8.0->apache-***-providers-amazon>=9.1.0->interpark==0.2.0->-r /tmp/venvwi7wh6f4/requirements.txt (line 1)) (0.5.0)
[2024-11-26T00:07:47.024+0000] {process_utils.py:194} INFO - Requirement already satisfied: flask-wtf>=1.1.0 in /home/***/.local/lib/python3.12/site-packages (from apache-***>=2.8.0->apache-***-providers-amazon>=9.1.0->interpark==0.2.0->-r /tmp/venvwi7wh6f4/requirements.txt (line 1)) (1.2.2)
[2024-11-26T00:07:47.024+0000] {process_utils.py:194} INFO - Requirement already satisfied: flask<2.3,>=2.2.1 in /home/***/.local/lib/python3.12/site-packages (from apache-***>=2.8.0->apache-***-providers-amazon>=9.1.0->interpark==0.2.0->-r /tmp/venvwi7wh6f4/requirements.txt (line 1)) (2.2.5)
[2024-11-26T00:07:47.025+0000] {process_utils.py:194} INFO - Requirement already satisfied: fsspec>=2023.10.0 in /home/***/.local/lib/python3.12/site-packages (from apache-***>=2.8.0->apache-***-providers-amazon>=9.1.0->interpark==0.2.0->-r /tmp/venvwi7wh6f4/requirements.txt (line 1)) (2024.10.0)
[2024-11-26T00:07:47.025+0000] {process_utils.py:194} INFO - Requirement already satisfied: google-re2>=1.1 in /home/***/.local/lib/python3.12/site-packages (from apache-***>=2.8.0->apache-***-providers-amazon>=9.1.0->interpark==0.2.0->-r /tmp/venvwi7wh6f4/requirements.txt (line 1)) (1.1.20240702)
[2024-11-26T00:07:47.026+0000] {process_utils.py:194} INFO - Requirement already satisfied: gunicorn>=20.1.0 in /home/***/.local/lib/python3.12/site-packages (from apache-***>=2.8.0->apache-***-providers-amazon>=9.1.0->interpark==0.2.0->-r /tmp/venvwi7wh6f4/requirements.txt (line 1)) (23.0.0)
[2024-11-26T00:07:47.027+0000] {process_utils.py:194} INFO - Requirement already satisfied: httpx>=0.25.0 in /home/***/.local/lib/python3.12/site-packages (from apache-***>=2.8.0->apache-***-providers-amazon>=9.1.0->interpark==0.2.0->-r /tmp/venvwi7wh6f4/requirements.txt (line 1)) (0.27.0)
[2024-11-26T00:07:47.028+0000] {process_utils.py:194} INFO - Requirement already satisfied: itsdangerous>=2.0 in /home/***/.local/lib/python3.12/site-packages (from apache-***>=2.8.0->apache-***-providers-amazon>=9.1.0->interpark==0.2.0->-r /tmp/venvwi7wh6f4/requirements.txt (line 1)) (2.2.0)
[2024-11-26T00:07:47.032+0000] {process_utils.py:194} INFO - Requirement already satisfied: jinja2>=3.0.0 in /home/***/.local/lib/python3.12/site-packages (from apache-***>=2.8.0->apache-***-providers-amazon>=9.1.0->interpark==0.2.0->-r /tmp/venvwi7wh6f4/requirements.txt (line 1)) (3.1.4)
[2024-11-26T00:07:47.033+0000] {process_utils.py:194} INFO - Requirement already satisfied: jsonschema>=4.18.0 in /home/***/.local/lib/python3.12/site-packages (from apache-***>=2.8.0->apache-***-providers-amazon>=9.1.0->interpark==0.2.0->-r /tmp/venvwi7wh6f4/requirements.txt (line 1)) (4.23.0)
[2024-11-26T00:07:47.034+0000] {process_utils.py:194} INFO - Requirement already satisfied: lazy-object-proxy>=1.2.0 in /home/***/.local/lib/python3.12/site-packages (from apache-***>=2.8.0->apache-***-providers-amazon>=9.1.0->interpark==0.2.0->-r /tmp/venvwi7wh6f4/requirements.txt (line 1)) (1.10.0)
[2024-11-26T00:07:47.035+0000] {process_utils.py:194} INFO - Requirement already satisfied: linkify-it-py>=2.0.0 in /home/***/.local/lib/python3.12/site-packages (from apache-***>=2.8.0->apache-***-providers-amazon>=9.1.0->interpark==0.2.0->-r /tmp/venvwi7wh6f4/requirements.txt (line 1)) (2.0.3)
[2024-11-26T00:07:47.036+0000] {process_utils.py:194} INFO - Requirement already satisfied: lockfile>=0.12.2 in /home/***/.local/lib/python3.12/site-packages (from apache-***>=2.8.0->apache-***-providers-amazon>=9.1.0->interpark==0.2.0->-r /tmp/venvwi7wh6f4/requirements.txt (line 1)) (0.12.2)
[2024-11-26T00:07:47.036+0000] {process_utils.py:194} INFO - Requirement already satisfied: markdown-it-py>=2.1.0 in /home/***/.local/lib/python3.12/site-packages (from apache-***>=2.8.0->apache-***-providers-amazon>=9.1.0->interpark==0.2.0->-r /tmp/venvwi7wh6f4/requirements.txt (line 1)) (3.0.0)
[2024-11-26T00:07:47.037+0000] {process_utils.py:194} INFO - Requirement already satisfied: markupsafe>=1.1.1 in /home/***/.local/lib/python3.12/site-packages (from apache-***>=2.8.0->apache-***-providers-amazon>=9.1.0->interpark==0.2.0->-r /tmp/venvwi7wh6f4/requirements.txt (line 1)) (3.0.2)
[2024-11-26T00:07:47.037+0000] {process_utils.py:194} INFO - Requirement already satisfied: marshmallow-oneofschema>=2.0.1 in /home/***/.local/lib/python3.12/site-packages (from apache-***>=2.8.0->apache-***-providers-amazon>=9.1.0->interpark==0.2.0->-r /tmp/venvwi7wh6f4/requirements.txt (line 1)) (3.1.1)
[2024-11-26T00:07:47.038+0000] {process_utils.py:194} INFO - Requirement already satisfied: mdit-py-plugins>=0.3.0 in /home/***/.local/lib/python3.12/site-packages (from apache-***>=2.8.0->apache-***-providers-amazon>=9.1.0->interpark==0.2.0->-r /tmp/venvwi7wh6f4/requirements.txt (line 1)) (0.4.2)
[2024-11-26T00:07:47.038+0000] {process_utils.py:194} INFO - Requirement already satisfied: methodtools>=0.4.7 in /home/***/.local/lib/python3.12/site-packages (from apache-***>=2.8.0->apache-***-providers-amazon>=9.1.0->interpark==0.2.0->-r /tmp/venvwi7wh6f4/requirements.txt (line 1)) (0.4.7)
[2024-11-26T00:07:47.039+0000] {process_utils.py:194} INFO - Requirement already satisfied: opentelemetry-api>=1.15.0 in /home/***/.local/lib/python3.12/site-packages (from apache-***>=2.8.0->apache-***-providers-amazon>=9.1.0->interpark==0.2.0->-r /tmp/venvwi7wh6f4/requirements.txt (line 1)) (1.27.0)
[2024-11-26T00:07:47.040+0000] {process_utils.py:194} INFO - Requirement already satisfied: opentelemetry-exporter-otlp>=1.15.0 in /home/***/.local/lib/python3.12/site-packages (from apache-***>=2.8.0->apache-***-providers-amazon>=9.1.0->interpark==0.2.0->-r /tmp/venvwi7wh6f4/requirements.txt (line 1)) (1.27.0)
[2024-11-26T00:07:47.040+0000] {process_utils.py:194} INFO - Requirement already satisfied: pathspec>=0.9.0 in /home/***/.local/lib/python3.12/site-packages (from apache-***>=2.8.0->apache-***-providers-amazon>=9.1.0->interpark==0.2.0->-r /tmp/venvwi7wh6f4/requirements.txt (line 1)) (0.12.1)
[2024-11-26T00:07:47.041+0000] {process_utils.py:194} INFO - Requirement already satisfied: pendulum<4.0,>=3.0.0 in /home/***/.local/lib/python3.12/site-packages (from apache-***>=2.8.0->apache-***-providers-amazon>=9.1.0->interpark==0.2.0->-r /tmp/venvwi7wh6f4/requirements.txt (line 1)) (3.0.0)
[2024-11-26T00:07:47.042+0000] {process_utils.py:194} INFO - Requirement already satisfied: pluggy>=1.5.0 in /home/***/.local/lib/python3.12/site-packages (from apache-***>=2.8.0->apache-***-providers-amazon>=9.1.0->interpark==0.2.0->-r /tmp/venvwi7wh6f4/requirements.txt (line 1)) (1.5.0)
[2024-11-26T00:07:47.042+0000] {process_utils.py:194} INFO - Requirement already satisfied: psutil>=5.8.0 in /home/***/.local/lib/python3.12/site-packages (from apache-***>=2.8.0->apache-***-providers-amazon>=9.1.0->interpark==0.2.0->-r /tmp/venvwi7wh6f4/requirements.txt (line 1)) (6.1.0)
[2024-11-26T00:07:47.042+0000] {process_utils.py:194} INFO - Requirement already satisfied: pygments>=2.0.1 in /home/***/.local/lib/python3.12/site-packages (from apache-***>=2.8.0->apache-***-providers-amazon>=9.1.0->interpark==0.2.0->-r /tmp/venvwi7wh6f4/requirements.txt (line 1)) (2.18.0)
[2024-11-26T00:07:47.043+0000] {process_utils.py:194} INFO - Requirement already satisfied: pyjwt>=2.0.0 in /home/***/.local/lib/python3.12/site-packages (from apache-***>=2.8.0->apache-***-providers-amazon>=9.1.0->interpark==0.2.0->-r /tmp/venvwi7wh6f4/requirements.txt (line 1)) (2.9.0)
[2024-11-26T00:07:47.043+0000] {process_utils.py:194} INFO - Requirement already satisfied: python-daemon>=3.0.0 in /home/***/.local/lib/python3.12/site-packages (from apache-***>=2.8.0->apache-***-providers-amazon>=9.1.0->interpark==0.2.0->-r /tmp/venvwi7wh6f4/requirements.txt (line 1)) (3.1.0)
[2024-11-26T00:07:47.044+0000] {process_utils.py:194} INFO - Requirement already satisfied: python-dateutil>=2.7.0 in /home/***/.local/lib/python3.12/site-packages (from apache-***>=2.8.0->apache-***-providers-amazon>=9.1.0->interpark==0.2.0->-r /tmp/venvwi7wh6f4/requirements.txt (line 1)) (2.9.0.post0)
[2024-11-26T00:07:47.044+0000] {process_utils.py:194} INFO - Requirement already satisfied: python-nvd3>=0.15.0 in /home/***/.local/lib/python3.12/site-packages (from apache-***>=2.8.0->apache-***-providers-amazon>=9.1.0->interpark==0.2.0->-r /tmp/venvwi7wh6f4/requirements.txt (line 1)) (0.16.0)
[2024-11-26T00:07:47.044+0000] {process_utils.py:194} INFO - Requirement already satisfied: python-slugify>=5.0 in /home/***/.local/lib/python3.12/site-packages (from apache-***>=2.8.0->apache-***-providers-amazon>=9.1.0->interpark==0.2.0->-r /tmp/venvwi7wh6f4/requirements.txt (line 1)) (8.0.4)
[2024-11-26T00:07:47.045+0000] {process_utils.py:194} INFO - Requirement already satisfied: requests-toolbelt>=0.4.0 in /home/***/.local/lib/python3.12/site-packages (from apache-***>=2.8.0->apache-***-providers-amazon>=9.1.0->interpark==0.2.0->-r /tmp/venvwi7wh6f4/requirements.txt (line 1)) (1.0.0)
[2024-11-26T00:07:47.048+0000] {process_utils.py:194} INFO - Requirement already satisfied: rfc3339-validator>=0.1.4 in /home/***/.local/lib/python3.12/site-packages (from apache-***>=2.8.0->apache-***-providers-amazon>=9.1.0->interpark==0.2.0->-r /tmp/venvwi7wh6f4/requirements.txt (line 1)) (0.1.4)
[2024-11-26T00:07:47.049+0000] {process_utils.py:194} INFO - Requirement already satisfied: rich-argparse>=1.0.0 in /home/***/.local/lib/python3.12/site-packages (from apache-***>=2.8.0->apache-***-providers-amazon>=9.1.0->interpark==0.2.0->-r /tmp/venvwi7wh6f4/requirements.txt (line 1)) (1.6.0)
[2024-11-26T00:07:47.050+0000] {process_utils.py:194} INFO - Requirement already satisfied: rich>=12.4.4 in /home/***/.local/lib/python3.12/site-packages (from apache-***>=2.8.0->apache-***-providers-amazon>=9.1.0->interpark==0.2.0->-r /tmp/venvwi7wh6f4/requirements.txt (line 1)) (13.9.4)
[2024-11-26T00:07:47.051+0000] {process_utils.py:194} INFO - Requirement already satisfied: setproctitle>=1.3.3 in /home/***/.local/lib/python3.12/site-packages (from apache-***>=2.8.0->apache-***-providers-amazon>=9.1.0->interpark==0.2.0->-r /tmp/venvwi7wh6f4/requirements.txt (line 1)) (1.3.3)
[2024-11-26T00:07:47.051+0000] {process_utils.py:194} INFO - Requirement already satisfied: sqlalchemy<2.0,>=1.4.36 in /home/***/.local/lib/python3.12/site-packages (from apache-***>=2.8.0->apache-***-providers-amazon>=9.1.0->interpark==0.2.0->-r /tmp/venvwi7wh6f4/requirements.txt (line 1)) (1.4.54)
[2024-11-26T00:07:47.052+0000] {process_utils.py:194} INFO - Requirement already satisfied: sqlalchemy-jsonfield>=1.0 in /home/***/.local/lib/python3.12/site-packages (from apache-***>=2.8.0->apache-***-providers-amazon>=9.1.0->interpark==0.2.0->-r /tmp/venvwi7wh6f4/requirements.txt (line 1)) (1.0.2)
[2024-11-26T00:07:47.052+0000] {process_utils.py:194} INFO - Requirement already satisfied: tabulate>=0.7.5 in /home/***/.local/lib/python3.12/site-packages (from apache-***>=2.8.0->apache-***-providers-amazon>=9.1.0->interpark==0.2.0->-r /tmp/venvwi7wh6f4/requirements.txt (line 1)) (0.9.0)
[2024-11-26T00:07:47.053+0000] {process_utils.py:194} INFO - Requirement already satisfied: tenacity!=8.2.0,>=8.0.0 in /home/***/.local/lib/python3.12/site-packages (from apache-***>=2.8.0->apache-***-providers-amazon>=9.1.0->interpark==0.2.0->-r /tmp/venvwi7wh6f4/requirements.txt (line 1)) (8.5.0)
[2024-11-26T00:07:47.053+0000] {process_utils.py:194} INFO - Requirement already satisfied: termcolor>=1.1.0 in /home/***/.local/lib/python3.12/site-packages (from apache-***>=2.8.0->apache-***-providers-amazon>=9.1.0->interpark==0.2.0->-r /tmp/venvwi7wh6f4/requirements.txt (line 1)) (2.5.0)
[2024-11-26T00:07:47.053+0000] {process_utils.py:194} INFO - Requirement already satisfied: universal-pathlib!=0.2.4,>=0.2.2 in /home/***/.local/lib/python3.12/site-packages (from apache-***>=2.8.0->apache-***-providers-amazon>=9.1.0->interpark==0.2.0->-r /tmp/venvwi7wh6f4/requirements.txt (line 1)) (0.2.5)
[2024-11-26T00:07:47.054+0000] {process_utils.py:194} INFO - Requirement already satisfied: werkzeug<3,>=2.0 in /home/***/.local/lib/python3.12/site-packages (from apache-***>=2.8.0->apache-***-providers-amazon>=9.1.0->interpark==0.2.0->-r /tmp/venvwi7wh6f4/requirements.txt (line 1)) (2.2.3)
[2024-11-26T00:07:47.054+0000] {process_utils.py:194} INFO - Requirement already satisfied: apache-***-providers-common-io in /home/***/.local/lib/python3.12/site-packages (from apache-***>=2.8.0->apache-***-providers-amazon>=9.1.0->interpark==0.2.0->-r /tmp/venvwi7wh6f4/requirements.txt (line 1)) (1.4.2)
[2024-11-26T00:07:47.055+0000] {process_utils.py:194} INFO - Requirement already satisfied: apache-***-providers-fab>=1.0.2 in /home/***/.local/lib/python3.12/site-packages (from apache-***>=2.8.0->apache-***-providers-amazon>=9.1.0->interpark==0.2.0->-r /tmp/venvwi7wh6f4/requirements.txt (line 1)) (1.5.0)
[2024-11-26T00:07:47.056+0000] {process_utils.py:194} INFO - Requirement already satisfied: apache-***-providers-ftp in /home/***/.local/lib/python3.12/site-packages (from apache-***>=2.8.0->apache-***-providers-amazon>=9.1.0->interpark==0.2.0->-r /tmp/venvwi7wh6f4/requirements.txt (line 1)) (3.11.1)
[2024-11-26T00:07:47.057+0000] {process_utils.py:194} INFO - Requirement already satisfied: apache-***-providers-imap in /home/***/.local/lib/python3.12/site-packages (from apache-***>=2.8.0->apache-***-providers-amazon>=9.1.0->interpark==0.2.0->-r /tmp/venvwi7wh6f4/requirements.txt (line 1)) (3.7.0)
[2024-11-26T00:07:47.057+0000] {process_utils.py:194} INFO - Requirement already satisfied: apache-***-providers-smtp in /home/***/.local/lib/python3.12/site-packages (from apache-***>=2.8.0->apache-***-providers-amazon>=9.1.0->interpark==0.2.0->-r /tmp/venvwi7wh6f4/requirements.txt (line 1)) (1.8.0)
[2024-11-26T00:07:47.058+0000] {process_utils.py:194} INFO - Requirement already satisfied: apache-***-providers-sqlite in /home/***/.local/lib/python3.12/site-packages (from apache-***>=2.8.0->apache-***-providers-amazon>=9.1.0->interpark==0.2.0->-r /tmp/venvwi7wh6f4/requirements.txt (line 1)) (3.9.0)
[2024-11-26T00:07:47.063+0000] {process_utils.py:194} INFO - Requirement already satisfied: more-itertools>=9.0.0 in /home/***/.local/lib/python3.12/site-packages (from apache-***-providers-common-sql>=1.20.0->apache-***-providers-amazon>=9.1.0->interpark==0.2.0->-r /tmp/venvwi7wh6f4/requirements.txt (line 1)) (10.5.0)
[2024-11-26T00:07:47.065+0000] {process_utils.py:194} INFO - Requirement already satisfied: sqlparse>=0.5.1 in /home/***/.local/lib/python3.12/site-packages (from apache-***-providers-common-sql>=1.20.0->apache-***-providers-amazon>=9.1.0->interpark==0.2.0->-r /tmp/venvwi7wh6f4/requirements.txt (line 1)) (0.5.1)
[2024-11-26T00:07:47.072+0000] {process_utils.py:194} INFO - Requirement already satisfied: s3transfer<0.11.0,>=0.10.0 in /home/***/.local/lib/python3.12/site-packages (from boto3>=1.34.90->apache-***-providers-amazon>=9.1.0->interpark==0.2.0->-r /tmp/venvwi7wh6f4/requirements.txt (line 1)) (0.10.3)
[2024-11-26T00:07:47.095+0000] {process_utils.py:194} INFO - Requirement already satisfied: ply in /home/***/.local/lib/python3.12/site-packages (from jsonpath_ng>=1.5.3->apache-***-providers-amazon>=9.1.0->interpark==0.2.0->-r /tmp/venvwi7wh6f4/requirements.txt (line 1)) (3.11)
[2024-11-26T00:07:47.112+0000] {process_utils.py:194} INFO - Requirement already satisfied: lxml!=4.7.0,>=4.6.5 in /home/***/.local/lib/python3.12/site-packages (from python3-saml>=1.16.0->apache-***-providers-amazon>=9.1.0->interpark==0.2.0->-r /tmp/venvwi7wh6f4/requirements.txt (line 1)) (5.3.0)
[2024-11-26T00:07:47.113+0000] {process_utils.py:194} INFO - Requirement already satisfied: isodate>=0.6.1 in /home/***/.local/lib/python3.12/site-packages (from python3-saml>=1.16.0->apache-***-providers-amazon>=9.1.0->interpark==0.2.0->-r /tmp/venvwi7wh6f4/requirements.txt (line 1)) (0.7.2)
[2024-11-26T00:07:47.113+0000] {process_utils.py:194} INFO - Requirement already satisfied: xmlsec>=1.3.9 in /home/***/.local/lib/python3.12/site-packages (from python3-saml>=1.16.0->apache-***-providers-amazon>=9.1.0->interpark==0.2.0->-r /tmp/venvwi7wh6f4/requirements.txt (line 1)) (1.3.14)
[2024-11-26T00:07:47.121+0000] {process_utils.py:194} INFO - Requirement already satisfied: scramp<1.5.0,>=1.2.0 in /home/***/.local/lib/python3.12/site-packages (from redshift_connector>=2.0.918->apache-***-providers-amazon>=9.1.0->interpark==0.2.0->-r /tmp/venvwi7wh6f4/requirements.txt (line 1)) (1.4.5)
[2024-11-26T00:07:47.122+0000] {process_utils.py:194} INFO - Requirement already satisfied: pytz>=2020.1 in /home/***/.local/lib/python3.12/site-packages (from redshift_connector>=2.0.918->apache-***-providers-amazon>=9.1.0->interpark==0.2.0->-r /tmp/venvwi7wh6f4/requirements.txt (line 1)) (2024.2)
[2024-11-26T00:07:47.123+0000] {process_utils.py:194} INFO - Requirement already satisfied: setuptools in /home/***/.local/lib/python3.12/site-packages (from redshift_connector>=2.0.918->apache-***-providers-amazon>=9.1.0->interpark==0.2.0->-r /tmp/venvwi7wh6f4/requirements.txt (line 1)) (75.3.0)
[2024-11-26T00:07:47.128+0000] {process_utils.py:194} INFO - Requirement already satisfied: charset-normalizer<4,>=2 in /home/***/.local/lib/python3.12/site-packages (from requests->webdriver-manager>=4.0.2->interpark==0.2.0->-r /tmp/venvwi7wh6f4/requirements.txt (line 1)) (3.4.0)
[2024-11-26T00:07:47.129+0000] {process_utils.py:194} INFO - Requirement already satisfied: idna<4,>=2.5 in /home/***/.local/lib/python3.12/site-packages (from requests->webdriver-manager>=4.0.2->interpark==0.2.0->-r /tmp/venvwi7wh6f4/requirements.txt (line 1)) (3.10)
[2024-11-26T00:07:47.138+0000] {process_utils.py:194} INFO - Requirement already satisfied: sortedcontainers in /home/***/.local/lib/python3.12/site-packages (from trio~=0.17->selenium>=4.26.1->interpark==0.2.0->-r /tmp/venvwi7wh6f4/requirements.txt (line 1)) (2.4.0)
[2024-11-26T00:07:47.165+0000] {process_utils.py:194} INFO - Collecting outcome (from trio~=0.17->selenium>=4.26.1->interpark==0.2.0->-r /tmp/venvwi7wh6f4/requirements.txt (line 1))
[2024-11-26T00:07:47.169+0000] {process_utils.py:194} INFO -   Using cached outcome-1.3.0.post0-py2.py3-none-any.whl.metadata (2.6 kB)
[2024-11-26T00:07:47.172+0000] {process_utils.py:194} INFO - Requirement already satisfied: sniffio>=1.3.0 in /home/***/.local/lib/python3.12/site-packages (from trio~=0.17->selenium>=4.26.1->interpark==0.2.0->-r /tmp/venvwi7wh6f4/requirements.txt (line 1)) (1.3.1)
[2024-11-26T00:07:47.207+0000] {process_utils.py:194} INFO - Collecting wsproto>=0.14 (from trio-websocket~=0.9->selenium>=4.26.1->interpark==0.2.0->-r /tmp/venvwi7wh6f4/requirements.txt (line 1))
[2024-11-26T00:07:47.209+0000] {process_utils.py:194} INFO -   Using cached wsproto-1.2.0-py3-none-any.whl.metadata (5.6 kB)
[2024-11-26T00:07:47.250+0000] {process_utils.py:194} INFO - Collecting pysocks!=1.5.7,<2.0,>=1.5.6 (from urllib3[socks]<3,>=1.26->selenium>=4.26.1->interpark==0.2.0->-r /tmp/venvwi7wh6f4/requirements.txt (line 1))
[2024-11-26T00:07:47.255+0000] {process_utils.py:194} INFO -   Using cached PySocks-1.7.1-py3-none-any.whl.metadata (13 kB)
[2024-11-26T00:07:47.273+0000] {process_utils.py:194} INFO - Requirement already satisfied: aiohttp>=3.9.2 in /home/***/.local/lib/python3.12/site-packages (from apache-***-providers-http->apache-***-providers-amazon>=9.1.0->interpark==0.2.0->-r /tmp/venvwi7wh6f4/requirements.txt (line 1)) (3.10.10)
[2024-11-26T00:07:47.284+0000] {process_utils.py:194} INFO - Requirement already satisfied: aiohappyeyeballs>=2.3.0 in /home/***/.local/lib/python3.12/site-packages (from aiohttp>=3.9.2->apache-***-providers-http->apache-***-providers-amazon>=9.1.0->interpark==0.2.0->-r /tmp/venvwi7wh6f4/requirements.txt (line 1)) (2.4.3)
[2024-11-26T00:07:47.285+0000] {process_utils.py:194} INFO - Requirement already satisfied: aiosignal>=1.1.2 in /home/***/.local/lib/python3.12/site-packages (from aiohttp>=3.9.2->apache-***-providers-http->apache-***-providers-amazon>=9.1.0->interpark==0.2.0->-r /tmp/venvwi7wh6f4/requirements.txt (line 1)) (1.3.1)
[2024-11-26T00:07:47.286+0000] {process_utils.py:194} INFO - Requirement already satisfied: frozenlist>=1.1.1 in /home/***/.local/lib/python3.12/site-packages (from aiohttp>=3.9.2->apache-***-providers-http->apache-***-providers-amazon>=9.1.0->interpark==0.2.0->-r /tmp/venvwi7wh6f4/requirements.txt (line 1)) (1.5.0)
[2024-11-26T00:07:47.287+0000] {process_utils.py:194} INFO - Requirement already satisfied: multidict<7.0,>=4.5 in /home/***/.local/lib/python3.12/site-packages (from aiohttp>=3.9.2->apache-***-providers-http->apache-***-providers-amazon>=9.1.0->interpark==0.2.0->-r /tmp/venvwi7wh6f4/requirements.txt (line 1)) (6.1.0)
[2024-11-26T00:07:47.289+0000] {process_utils.py:194} INFO - Requirement already satisfied: yarl<2.0,>=1.12.0 in /home/***/.local/lib/python3.12/site-packages (from aiohttp>=3.9.2->apache-***-providers-http->apache-***-providers-amazon>=9.1.0->interpark==0.2.0->-r /tmp/venvwi7wh6f4/requirements.txt (line 1)) (1.17.1)
[2024-11-26T00:07:47.295+0000] {process_utils.py:194} INFO - Requirement already satisfied: Mako in /home/***/.local/lib/python3.12/site-packages (from alembic<2.0,>=1.13.1->apache-***>=2.8.0->apache-***-providers-amazon>=9.1.0->interpark==0.2.0->-r /tmp/venvwi7wh6f4/requirements.txt (line 1)) (1.3.6)
[2024-11-26T00:07:47.300+0000] {process_utils.py:194} INFO - Requirement already satisfied: flask-appbuilder==4.5.2 in /home/***/.local/lib/python3.12/site-packages (from apache-***-providers-fab>=1.0.2->apache-***>=2.8.0->apache-***-providers-amazon>=9.1.0->interpark==0.2.0->-r /tmp/venvwi7wh6f4/requirements.txt (line 1)) (4.5.2)
[2024-11-26T00:07:47.301+0000] {process_utils.py:194} INFO - Requirement already satisfied: flask-login>=0.6.2 in /home/***/.local/lib/python3.12/site-packages (from apache-***-providers-fab>=1.0.2->apache-***>=2.8.0->apache-***-providers-amazon>=9.1.0->interpark==0.2.0->-r /tmp/venvwi7wh6f4/requirements.txt (line 1)) (0.6.3)
[2024-11-26T00:07:47.311+0000] {process_utils.py:194} INFO - Requirement already satisfied: apispec<7,>=6.0.0 in /home/***/.local/lib/python3.12/site-packages (from apispec[yaml]<7,>=6.0.0->flask-appbuilder==4.5.2->apache-***-providers-fab>=1.0.2->apache-***>=2.8.0->apache-***-providers-amazon>=9.1.0->interpark==0.2.0->-r /tmp/venvwi7wh6f4/requirements.txt (line 1)) (6.7.1)
[2024-11-26T00:07:47.313+0000] {process_utils.py:194} INFO - Requirement already satisfied: colorama<1,>=0.3.9 in /home/***/.local/lib/python3.12/site-packages (from flask-appbuilder==4.5.2->apache-***-providers-fab>=1.0.2->apache-***>=2.8.0->apache-***-providers-amazon>=9.1.0->interpark==0.2.0->-r /tmp/venvwi7wh6f4/requirements.txt (line 1)) (0.4.6)
[2024-11-26T00:07:47.314+0000] {process_utils.py:194} INFO - Requirement already satisfied: click<9,>=8 in /home/***/.local/lib/python3.12/site-packages (from flask-appbuilder==4.5.2->apache-***-providers-fab>=1.0.2->apache-***>=2.8.0->apache-***-providers-amazon>=9.1.0->interpark==0.2.0->-r /tmp/venvwi7wh6f4/requirements.txt (line 1)) (8.1.7)
[2024-11-26T00:07:47.314+0000] {process_utils.py:194} INFO - Requirement already satisfied: email-validator>=1.0.5 in /home/***/.local/lib/python3.12/site-packages (from flask-appbuilder==4.5.2->apache-***-providers-fab>=1.0.2->apache-***>=2.8.0->apache-***-providers-amazon>=9.1.0->interpark==0.2.0->-r /tmp/venvwi7wh6f4/requirements.txt (line 1)) (2.2.0)
[2024-11-26T00:07:47.316+0000] {process_utils.py:194} INFO - Requirement already satisfied: Flask-Babel<3,>=1 in /home/***/.local/lib/python3.12/site-packages (from flask-appbuilder==4.5.2->apache-***-providers-fab>=1.0.2->apache-***>=2.8.0->apache-***-providers-amazon>=9.1.0->interpark==0.2.0->-r /tmp/venvwi7wh6f4/requirements.txt (line 1)) (2.0.0)
[2024-11-26T00:07:47.317+0000] {process_utils.py:194} INFO - Requirement already satisfied: Flask-Limiter<4,>3 in /home/***/.local/lib/python3.12/site-packages (from flask-appbuilder==4.5.2->apache-***-providers-fab>=1.0.2->apache-***>=2.8.0->apache-***-providers-amazon>=9.1.0->interpark==0.2.0->-r /tmp/venvwi7wh6f4/requirements.txt (line 1)) (3.8.0)
[2024-11-26T00:07:47.318+0000] {process_utils.py:194} INFO - Requirement already satisfied: Flask-SQLAlchemy<3,>=2.4 in /home/***/.local/lib/python3.12/site-packages (from flask-appbuilder==4.5.2->apache-***-providers-fab>=1.0.2->apache-***>=2.8.0->apache-***-providers-amazon>=9.1.0->interpark==0.2.0->-r /tmp/venvwi7wh6f4/requirements.txt (line 1)) (2.5.1)
[2024-11-26T00:07:47.320+0000] {process_utils.py:194} INFO - Requirement already satisfied: Flask-JWT-Extended<5.0.0,>=4.0.0 in /home/***/.local/lib/python3.12/site-packages (from flask-appbuilder==4.5.2->apache-***-providers-fab>=1.0.2->apache-***>=2.8.0->apache-***-providers-amazon>=9.1.0->interpark==0.2.0->-r /tmp/venvwi7wh6f4/requirements.txt (line 1)) (4.6.0)
[2024-11-26T00:07:47.321+0000] {process_utils.py:194} INFO - Requirement already satisfied: marshmallow<4,>=3.18.0 in /home/***/.local/lib/python3.12/site-packages (from flask-appbuilder==4.5.2->apache-***-providers-fab>=1.0.2->apache-***>=2.8.0->apache-***-providers-amazon>=9.1.0->interpark==0.2.0->-r /tmp/venvwi7wh6f4/requirements.txt (line 1)) (3.23.1)
[2024-11-26T00:07:47.324+0000] {process_utils.py:194} INFO - Requirement already satisfied: marshmallow-sqlalchemy<0.29.0,>=0.22.0 in /home/***/.local/lib/python3.12/site-packages (from flask-appbuilder==4.5.2->apache-***-providers-fab>=1.0.2->apache-***>=2.8.0->apache-***-providers-amazon>=9.1.0->interpark==0.2.0->-r /tmp/venvwi7wh6f4/requirements.txt (line 1)) (0.28.2)
[2024-11-26T00:07:47.326+0000] {process_utils.py:194} INFO - Requirement already satisfied: prison<1.0.0,>=0.2.1 in /home/***/.local/lib/python3.12/site-packages (from flask-appbuilder==4.5.2->apache-***-providers-fab>=1.0.2->apache-***>=2.8.0->apache-***-providers-amazon>=9.1.0->interpark==0.2.0->-r /tmp/venvwi7wh6f4/requirements.txt (line 1)) (0.2.1)
[2024-11-26T00:07:47.327+0000] {process_utils.py:194} INFO - Requirement already satisfied: sqlalchemy-utils<1,>=0.32.21 in /home/***/.local/lib/python3.12/site-packages (from flask-appbuilder==4.5.2->apache-***-providers-fab>=1.0.2->apache-***>=2.8.0->apache-***-providers-amazon>=9.1.0->interpark==0.2.0->-r /tmp/venvwi7wh6f4/requirements.txt (line 1)) (0.41.2)
[2024-11-26T00:07:47.327+0000] {process_utils.py:194} INFO - Requirement already satisfied: WTForms<4 in /home/***/.local/lib/python3.12/site-packages (from flask-appbuilder==4.5.2->apache-***-providers-fab>=1.0.2->apache-***>=2.8.0->apache-***-providers-amazon>=9.1.0->interpark==0.2.0->-r /tmp/venvwi7wh6f4/requirements.txt (line 1)) (3.2.1)
[2024-11-26T00:07:47.407+0000] {process_utils.py:194} INFO - Requirement already satisfied: clickclick<21,>=1.2 in /home/***/.local/lib/python3.12/site-packages (from connexion<3.0,>=2.14.2->connexion[flask]<3.0,>=2.14.2->apache-***>=2.8.0->apache-***-providers-amazon>=9.1.0->interpark==0.2.0->-r /tmp/venvwi7wh6f4/requirements.txt (line 1)) (20.10.2)
[2024-11-26T00:07:47.409+0000] {process_utils.py:194} INFO - Requirement already satisfied: PyYAML<7,>=5.1 in /home/***/.local/lib/python3.12/site-packages (from connexion<3.0,>=2.14.2->connexion[flask]<3.0,>=2.14.2->apache-***>=2.8.0->apache-***-providers-amazon>=9.1.0->interpark==0.2.0->-r /tmp/venvwi7wh6f4/requirements.txt (line 1)) (6.0.2)
[2024-11-26T00:07:47.438+0000] {process_utils.py:194} INFO - Requirement already satisfied: cffi>=1.12 in /home/***/.local/lib/python3.12/site-packages (from cryptography>=41.0.0->apache-***>=2.8.0->apache-***-providers-amazon>=9.1.0->interpark==0.2.0->-r /tmp/venvwi7wh6f4/requirements.txt (line 1)) (1.17.1)
[2024-11-26T00:07:47.445+0000] {process_utils.py:194} INFO - Requirement already satisfied: wrapt<2,>=1.10 in /home/***/.local/lib/python3.12/site-packages (from deprecated>=1.2.13->apache-***>=2.8.0->apache-***-providers-amazon>=9.1.0->interpark==0.2.0->-r /tmp/venvwi7wh6f4/requirements.txt (line 1)) (1.16.0)
[2024-11-26T00:07:47.459+0000] {process_utils.py:194} INFO - Requirement already satisfied: cachelib<0.10.0,>=0.9.0 in /home/***/.local/lib/python3.12/site-packages (from flask-caching>=2.0.0->apache-***>=2.8.0->apache-***-providers-amazon>=9.1.0->interpark==0.2.0->-r /tmp/venvwi7wh6f4/requirements.txt (line 1)) (0.9.0)
[2024-11-26T00:07:47.503+0000] {process_utils.py:194} INFO - Requirement already satisfied: anyio in /home/***/.local/lib/python3.12/site-packages (from httpx>=0.25.0->apache-***>=2.8.0->apache-***-providers-amazon>=9.1.0->interpark==0.2.0->-r /tmp/venvwi7wh6f4/requirements.txt (line 1)) (4.6.2.post1)
[2024-11-26T00:07:47.504+0000] {process_utils.py:194} INFO - Requirement already satisfied: httpcore==1.* in /home/***/.local/lib/python3.12/site-packages (from httpx>=0.25.0->apache-***>=2.8.0->apache-***-providers-amazon>=9.1.0->interpark==0.2.0->-r /tmp/venvwi7wh6f4/requirements.txt (line 1)) (1.0.6)
[2024-11-26T00:07:47.509+0000] {process_utils.py:194} INFO - Requirement already satisfied: h11<0.15,>=0.13 in /home/***/.local/lib/python3.12/site-packages (from httpcore==1.*->httpx>=0.25.0->apache-***>=2.8.0->apache-***-providers-amazon>=9.1.0->interpark==0.2.0->-r /tmp/venvwi7wh6f4/requirements.txt (line 1)) (0.14.0)
[2024-11-26T00:07:47.531+0000] {process_utils.py:194} INFO - Requirement already satisfied: jsonschema-specifications>=2023.03.6 in /home/***/.local/lib/python3.12/site-packages (from jsonschema>=4.18.0->apache-***>=2.8.0->apache-***-providers-amazon>=9.1.0->interpark==0.2.0->-r /tmp/venvwi7wh6f4/requirements.txt (line 1)) (2023.12.1)
[2024-11-26T00:07:47.532+0000] {process_utils.py:194} INFO - Requirement already satisfied: referencing>=0.28.4 in /home/***/.local/lib/python3.12/site-packages (from jsonschema>=4.18.0->apache-***>=2.8.0->apache-***-providers-amazon>=9.1.0->interpark==0.2.0->-r /tmp/venvwi7wh6f4/requirements.txt (line 1)) (0.35.1)
[2024-11-26T00:07:47.532+0000] {process_utils.py:194} INFO - Requirement already satisfied: rpds-py>=0.7.1 in /home/***/.local/lib/python3.12/site-packages (from jsonschema>=4.18.0->apache-***>=2.8.0->apache-***-providers-amazon>=9.1.0->interpark==0.2.0->-r /tmp/venvwi7wh6f4/requirements.txt (line 1)) (0.20.1)
[2024-11-26T00:07:47.541+0000] {process_utils.py:194} INFO - Requirement already satisfied: uc-micro-py in /home/***/.local/lib/python3.12/site-packages (from linkify-it-py>=2.0.0->apache-***>=2.8.0->apache-***-providers-amazon>=9.1.0->interpark==0.2.0->-r /tmp/venvwi7wh6f4/requirements.txt (line 1)) (1.0.3)
[2024-11-26T00:07:47.554+0000] {process_utils.py:194} INFO - Requirement already satisfied: mdurl~=0.1 in /home/***/.local/lib/python3.12/site-packages (from markdown-it-py>=2.1.0->apache-***>=2.8.0->apache-***-providers-amazon>=9.1.0->interpark==0.2.0->-r /tmp/venvwi7wh6f4/requirements.txt (line 1)) (0.1.2)
[2024-11-26T00:07:47.571+0000] {process_utils.py:194} INFO - Requirement already satisfied: wirerope>=0.4.7 in /home/***/.local/lib/python3.12/site-packages (from methodtools>=0.4.7->apache-***>=2.8.0->apache-***-providers-amazon>=9.1.0->interpark==0.2.0->-r /tmp/venvwi7wh6f4/requirements.txt (line 1)) (0.4.7)
[2024-11-26T00:07:47.578+0000] {process_utils.py:194} INFO - Requirement already satisfied: importlib-metadata<=8.4.0,>=6.0 in /home/***/.local/lib/python3.12/site-packages (from opentelemetry-api>=1.15.0->apache-***>=2.8.0->apache-***-providers-amazon>=9.1.0->interpark==0.2.0->-r /tmp/venvwi7wh6f4/requirements.txt (line 1)) (6.11.0)
[2024-11-26T00:07:47.584+0000] {process_utils.py:194} INFO - Requirement already satisfied: opentelemetry-exporter-otlp-proto-grpc==1.27.0 in /home/***/.local/lib/python3.12/site-packages (from opentelemetry-exporter-otlp>=1.15.0->apache-***>=2.8.0->apache-***-providers-amazon>=9.1.0->interpark==0.2.0->-r /tmp/venvwi7wh6f4/requirements.txt (line 1)) (1.27.0)
[2024-11-26T00:07:47.585+0000] {process_utils.py:194} INFO - Requirement already satisfied: opentelemetry-exporter-otlp-proto-http==1.27.0 in /home/***/.local/lib/python3.12/site-packages (from opentelemetry-exporter-otlp>=1.15.0->apache-***>=2.8.0->apache-***-providers-amazon>=9.1.0->interpark==0.2.0->-r /tmp/venvwi7wh6f4/requirements.txt (line 1)) (1.27.0)
[2024-11-26T00:07:47.589+0000] {process_utils.py:194} INFO - Requirement already satisfied: googleapis-common-protos~=1.52 in /home/***/.local/lib/python3.12/site-packages (from opentelemetry-exporter-otlp-proto-grpc==1.27.0->opentelemetry-exporter-otlp>=1.15.0->apache-***>=2.8.0->apache-***-providers-amazon>=9.1.0->interpark==0.2.0->-r /tmp/venvwi7wh6f4/requirements.txt (line 1)) (1.65.0)
[2024-11-26T00:07:47.590+0000] {process_utils.py:194} INFO - Requirement already satisfied: grpcio<2.0.0,>=1.0.0 in /home/***/.local/lib/python3.12/site-packages (from opentelemetry-exporter-otlp-proto-grpc==1.27.0->opentelemetry-exporter-otlp>=1.15.0->apache-***>=2.8.0->apache-***-providers-amazon>=9.1.0->interpark==0.2.0->-r /tmp/venvwi7wh6f4/requirements.txt (line 1)) (1.67.1)
[2024-11-26T00:07:47.591+0000] {process_utils.py:194} INFO - Requirement already satisfied: opentelemetry-exporter-otlp-proto-common==1.27.0 in /home/***/.local/lib/python3.12/site-packages (from opentelemetry-exporter-otlp-proto-grpc==1.27.0->opentelemetry-exporter-otlp>=1.15.0->apache-***>=2.8.0->apache-***-providers-amazon>=9.1.0->interpark==0.2.0->-r /tmp/venvwi7wh6f4/requirements.txt (line 1)) (1.27.0)
[2024-11-26T00:07:47.591+0000] {process_utils.py:194} INFO - Requirement already satisfied: opentelemetry-proto==1.27.0 in /home/***/.local/lib/python3.12/site-packages (from opentelemetry-exporter-otlp-proto-grpc==1.27.0->opentelemetry-exporter-otlp>=1.15.0->apache-***>=2.8.0->apache-***-providers-amazon>=9.1.0->interpark==0.2.0->-r /tmp/venvwi7wh6f4/requirements.txt (line 1)) (1.27.0)
[2024-11-26T00:07:47.592+0000] {process_utils.py:194} INFO - Requirement already satisfied: opentelemetry-sdk~=1.27.0 in /home/***/.local/lib/python3.12/site-packages (from opentelemetry-exporter-otlp-proto-grpc==1.27.0->opentelemetry-exporter-otlp>=1.15.0->apache-***>=2.8.0->apache-***-providers-amazon>=9.1.0->interpark==0.2.0->-r /tmp/venvwi7wh6f4/requirements.txt (line 1)) (1.27.0)
[2024-11-26T00:07:47.608+0000] {process_utils.py:194} INFO - Requirement already satisfied: protobuf<5.0,>=3.19 in /home/***/.local/lib/python3.12/site-packages (from opentelemetry-proto==1.27.0->opentelemetry-exporter-otlp-proto-grpc==1.27.0->opentelemetry-exporter-otlp>=1.15.0->apache-***>=2.8.0->apache-***-providers-amazon>=9.1.0->interpark==0.2.0->-r /tmp/venvwi7wh6f4/requirements.txt (line 1)) (4.25.5)
[2024-11-26T00:07:47.620+0000] {process_utils.py:194} INFO - Requirement already satisfied: tzdata>=2020.1 in /home/***/.local/lib/python3.12/site-packages (from pendulum<4.0,>=3.0.0->apache-***>=2.8.0->apache-***-providers-amazon>=9.1.0->interpark==0.2.0->-r /tmp/venvwi7wh6f4/requirements.txt (line 1)) (2024.2)
[2024-11-26T00:07:47.621+0000] {process_utils.py:194} INFO - Requirement already satisfied: time-machine>=2.6.0 in /home/***/.local/lib/python3.12/site-packages (from pendulum<4.0,>=3.0.0->apache-***>=2.8.0->apache-***-providers-amazon>=9.1.0->interpark==0.2.0->-r /tmp/venvwi7wh6f4/requirements.txt (line 1)) (2.16.0)
[2024-11-26T00:07:47.660+0000] {process_utils.py:194} INFO - Requirement already satisfied: six>=1.5 in /home/***/.local/lib/python3.12/site-packages (from python-dateutil>=2.7.0->apache-***>=2.8.0->apache-***-providers-amazon>=9.1.0->interpark==0.2.0->-r /tmp/venvwi7wh6f4/requirements.txt (line 1)) (1.16.0)
[2024-11-26T00:07:47.672+0000] {process_utils.py:194} INFO - Requirement already satisfied: text-unidecode>=1.3 in /home/***/.local/lib/python3.12/site-packages (from python-slugify>=5.0->apache-***>=2.8.0->apache-***-providers-amazon>=9.1.0->interpark==0.2.0->-r /tmp/venvwi7wh6f4/requirements.txt (line 1)) (1.3)
[2024-11-26T00:07:47.710+0000] {process_utils.py:194} INFO - Requirement already satisfied: asn1crypto>=1.5.1 in /home/***/.local/lib/python3.12/site-packages (from scramp<1.5.0,>=1.2.0->redshift_connector>=2.0.918->apache-***-providers-amazon>=9.1.0->interpark==0.2.0->-r /tmp/venvwi7wh6f4/requirements.txt (line 1)) (1.5.1)
[2024-11-26T00:07:47.743+0000] {process_utils.py:194} INFO - Requirement already satisfied: greenlet!=0.4.17 in /home/***/.local/lib/python3.12/site-packages (from sqlalchemy<2.0,>=1.4.36->apache-***>=2.8.0->apache-***-providers-amazon>=9.1.0->interpark==0.2.0->-r /tmp/venvwi7wh6f4/requirements.txt (line 1)) (3.1.1)
[2024-11-26T00:07:47.860+0000] {process_utils.py:194} INFO - Requirement already satisfied: pycparser in /home/***/.local/lib/python3.12/site-packages (from cffi>=1.12->cryptography>=41.0.0->apache-***>=2.8.0->apache-***-providers-amazon>=9.1.0->interpark==0.2.0->-r /tmp/venvwi7wh6f4/requirements.txt (line 1)) (2.22)
[2024-11-26T00:07:47.899+0000] {process_utils.py:194} INFO - Requirement already satisfied: zipp>=0.5 in /home/***/.local/lib/python3.12/site-packages (from importlib-metadata<=8.4.0,>=6.0->opentelemetry-api>=1.15.0->apache-***>=2.8.0->apache-***-providers-amazon>=9.1.0->interpark==0.2.0->-r /tmp/venvwi7wh6f4/requirements.txt (line 1)) (3.20.2)
[2024-11-26T00:07:48.001+0000] {process_utils.py:194} INFO - Requirement already satisfied: propcache>=0.2.0 in /home/***/.local/lib/python3.12/site-packages (from yarl<2.0,>=1.12.0->aiohttp>=3.9.2->apache-***-providers-http->apache-***-providers-amazon>=9.1.0->interpark==0.2.0->-r /tmp/venvwi7wh6f4/requirements.txt (line 1)) (0.2.0)
[2024-11-26T00:07:48.053+0000] {process_utils.py:194} INFO - Requirement already satisfied: Babel>=2.3 in /home/***/.local/lib/python3.12/site-packages (from Flask-Babel<3,>=1->flask-appbuilder==4.5.2->apache-***-providers-fab>=1.0.2->apache-***>=2.8.0->apache-***-providers-amazon>=9.1.0->interpark==0.2.0->-r /tmp/venvwi7wh6f4/requirements.txt (line 1)) (2.16.0)
[2024-11-26T00:07:48.070+0000] {process_utils.py:194} INFO - Requirement already satisfied: limits>=3.13 in /home/***/.local/lib/python3.12/site-packages (from Flask-Limiter<4,>3->flask-appbuilder==4.5.2->apache-***-providers-fab>=1.0.2->apache-***>=2.8.0->apache-***-providers-amazon>=9.1.0->interpark==0.2.0->-r /tmp/venvwi7wh6f4/requirements.txt (line 1)) (3.13.0)
[2024-11-26T00:07:48.071+0000] {process_utils.py:194} INFO - Requirement already satisfied: ordered-set<5,>4 in /home/***/.local/lib/python3.12/site-packages (from Flask-Limiter<4,>3->flask-appbuilder==4.5.2->apache-***-providers-fab>=1.0.2->apache-***>=2.8.0->apache-***-providers-amazon>=9.1.0->interpark==0.2.0->-r /tmp/venvwi7wh6f4/requirements.txt (line 1)) (4.1.0)
[2024-11-26T00:07:48.105+0000] {process_utils.py:194} INFO - Requirement already satisfied: opentelemetry-semantic-conventions==0.48b0 in /home/***/.local/lib/python3.12/site-packages (from opentelemetry-sdk~=1.27.0->opentelemetry-exporter-otlp-proto-grpc==1.27.0->opentelemetry-exporter-otlp>=1.15.0->apache-***>=2.8.0->apache-***-providers-amazon>=9.1.0->interpark==0.2.0->-r /tmp/venvwi7wh6f4/requirements.txt (line 1)) (0.48b0)
[2024-11-26T00:07:48.184+0000] {process_utils.py:194} INFO - Requirement already satisfied: importlib-resources>=1.3 in /home/***/.local/lib/python3.12/site-packages (from limits>=3.13->Flask-Limiter<4,>3->flask-appbuilder==4.5.2->apache-***-providers-fab>=1.0.2->apache-***>=2.8.0->apache-***-providers-amazon>=9.1.0->interpark==0.2.0->-r /tmp/venvwi7wh6f4/requirements.txt (line 1)) (6.4.5)
[2024-11-26T00:07:48.217+0000] {process_utils.py:194} INFO - Using cached apache_***_providers_amazon-9.1.0-py3-none-any.whl (596 kB)
[2024-11-26T00:07:48.219+0000] {process_utils.py:194} INFO - Using cached chromedriver_autoinstaller-0.6.4-py3-none-any.whl (7.6 kB)
[2024-11-26T00:07:48.220+0000] {process_utils.py:194} INFO - Using cached pymongo-4.10.1-cp312-cp312-manylinux_2_17_x86_64.manylinux2014_x86_64.whl (1.9 MB)
[2024-11-26T00:07:48.226+0000] {process_utils.py:194} INFO - Using cached selenium-4.27.0-py3-none-any.whl (9.7 MB)
[2024-11-26T00:07:48.234+0000] {process_utils.py:194} INFO - Using cached webdriver_manager-4.0.2-py2.py3-none-any.whl (27 kB)
[2024-11-26T00:07:48.235+0000] {process_utils.py:194} INFO - Using cached apache_***_providers_common_sql-1.20.0-py3-none-any.whl (47 kB)
[2024-11-26T00:07:48.236+0000] {process_utils.py:194} INFO - Using cached trio-0.27.0-py3-none-any.whl (481 kB)
[2024-11-26T00:07:48.238+0000] {process_utils.py:194} INFO - Using cached trio_websocket-0.11.1-py3-none-any.whl (17 kB)
[2024-11-26T00:07:48.240+0000] {process_utils.py:194} INFO - Using cached PySocks-1.7.1-py3-none-any.whl (16 kB)
[2024-11-26T00:07:48.242+0000] {process_utils.py:194} INFO - Using cached wsproto-1.2.0-py3-none-any.whl (24 kB)
[2024-11-26T00:07:48.243+0000] {process_utils.py:194} INFO - Using cached outcome-1.3.0.post0-py2.py3-none-any.whl (10 kB)
[2024-11-26T00:07:48.280+0000] {process_utils.py:194} INFO - Building wheels for collected packages: interpark
[2024-11-26T00:07:48.285+0000] {process_utils.py:194} INFO -   Building wheel for interpark (pyproject.toml): started
[2024-11-26T00:07:49.220+0000] {process_utils.py:194} INFO -   Building wheel for interpark (pyproject.toml): finished with status 'done'
[2024-11-26T00:07:49.221+0000] {process_utils.py:194} INFO -   Created wheel for interpark: filename=interpark-0.2.0-py3-none-any.whl size=25771 sha256=567a80e1d66b0e1dd5aa34c77429c431ced3f632019965d3d9224ba3fe0d7374
[2024-11-26T00:07:49.221+0000] {process_utils.py:194} INFO -   Stored in directory: /tmp/pip-ephem-wheel-cache-nskr03eo/wheels/cd/d9/e1/487dd50e7b3f7b92ef0f7fc86ee30217b85dc2a9ff960a353d
[2024-11-26T00:07:49.223+0000] {process_utils.py:194} INFO - Successfully built interpark
[2024-11-26T00:07:49.801+0000] {process_utils.py:194} INFO - Installing collected packages: wsproto, pysocks, pymongo, outcome, chromedriver-autoinstaller, webdriver-manager, trio, trio-websocket, selenium, apache-***-providers-common-sql, apache-***-providers-amazon, interpark
[2024-11-26T00:07:52.258+0000] {process_utils.py:194} INFO -   Attempting uninstall: apache-***-providers-common-sql
[2024-11-26T00:07:52.271+0000] {process_utils.py:194} INFO -     Found existing installation: apache-***-providers-common-sql 1.19.0
[2024-11-26T00:07:52.272+0000] {process_utils.py:194} INFO -     Not uninstalling apache-***-providers-common-sql at /home/***/.local/lib/python3.12/site-packages, outside environment /tmp/venvwi7wh6f4
[2024-11-26T00:07:52.272+0000] {process_utils.py:194} INFO -     Can't uninstall 'apache-***-providers-common-sql'. No files were found to uninstall.
[2024-11-26T00:07:52.315+0000] {process_utils.py:194} INFO -   Attempting uninstall: apache-***-providers-amazon
[2024-11-26T00:07:52.323+0000] {process_utils.py:194} INFO -     Found existing installation: apache-***-providers-amazon 9.0.0
[2024-11-26T00:07:52.324+0000] {process_utils.py:194} INFO -     Not uninstalling apache-***-providers-amazon at /home/***/.local/lib/python3.12/site-packages, outside environment /tmp/venvwi7wh6f4
[2024-11-26T00:07:52.324+0000] {process_utils.py:194} INFO -     Can't uninstall 'apache-***-providers-amazon'. No files were found to uninstall.
[2024-11-26T00:07:52.794+0000] {process_utils.py:194} INFO - Successfully installed apache-***-providers-amazon-9.1.0 apache-***-providers-common-sql-1.20.0 chromedriver-autoinstaller-0.6.4 interpark-0.2.0 outcome-1.3.0.post0 pymongo-4.10.1 pysocks-1.7.1 selenium-4.27.0 trio-0.27.0 trio-websocket-0.11.1 webdriver-manager-4.0.2 wsproto-1.2.0
[2024-11-26T00:07:53.304+0000] {process_utils.py:186} INFO - Executing cmd: /tmp/venvwi7wh6f4/bin/python /tmp/venv-calls0aeycbc/script.py /tmp/venv-calls0aeycbc/script.in /tmp/venv-calls0aeycbc/script.out /tmp/venv-calls0aeycbc/string_args.txt /tmp/venv-calls0aeycbc/termination.log
[2024-11-26T00:07:53.305+0000] {process_utils.py:190} INFO - Output:
[2024-11-26T00:07:55.033+0000] {process_utils.py:194} INFO - /home/***/.local/lib/python3.12/site-packages/***/configuration.py:859 FutureWarning: section/key [core/sql_alchemy_conn] has been deprecated, you should use[database/sql_alchemy_conn] instead. Please update your `conf.get*` call to use the new name
[2024-11-26T00:07:56.176+0000] {process_utils.py:194} INFO - [2024-11-26T00:07:56.176+0000] {logger.py:11} INFO - ====== WebDriver manager ======
[2024-11-26T00:07:56.270+0000] {process_utils.py:194} INFO - [2024-11-26T00:07:56.269+0000] {logger.py:11} INFO - Get LATEST chromedriver version for google-chrome
[2024-11-26T00:07:56.304+0000] {process_utils.py:194} INFO - [2024-11-26T00:07:56.303+0000] {logger.py:11} INFO - Get LATEST chromedriver version for google-chrome
[2024-11-26T00:07:56.338+0000] {process_utils.py:194} INFO - [2024-11-26T00:07:56.337+0000] {logger.py:11} INFO - Driver [/home/***/.wdm/drivers/chromedriver/linux64/131.0.6778.85/chromedriver] found in cache
[2024-11-26T00:07:56.652+0000] {process_utils.py:194} INFO - [2024-11-26T00:07:56.651+0000] {logger.py:11} INFO - ====== WebDriver manager ======
[2024-11-26T00:07:56.752+0000] {process_utils.py:194} INFO - [2024-11-26T00:07:56.751+0000] {logger.py:11} INFO - Get LATEST chromedriver version for google-chrome
[2024-11-26T00:07:56.774+0000] {process_utils.py:194} INFO - [2024-11-26T00:07:56.774+0000] {logger.py:11} INFO - Get LATEST chromedriver version for google-chrome
[2024-11-26T00:07:56.797+0000] {process_utils.py:194} INFO - [2024-11-26T00:07:56.796+0000] {logger.py:11} INFO - Driver [/home/***/.wdm/drivers/chromedriver/linux64/131.0.6778.85/chromedriver] found in cache
[2024-11-26T00:08:35.431+0000] {process_utils.py:194} INFO -  : 2023 12 27()  2
[2024-11-26T00:08:35.432+0000] {process_utils.py:194} INFO -  : 2023 12 21()  2
[2024-11-26T00:08:35.432+0000] {process_utils.py:194} INFO -  : 2023 12 22()  8
[2024-11-26T00:08:35.432+0000] {process_utils.py:194} INFO -  : 2023 12 21()  1
[2024-11-26T00:08:35.432+0000] {process_utils.py:194} INFO -  : 2023 12 22()  2
[2024-11-26T00:08:35.432+0000] {process_utils.py:194} INFO -  : 2023 12 21()  2
[2024-11-26T00:08:35.432+0000] {process_utils.py:194} INFO -  : 2023 12 21()  2
[2024-11-26T00:08:35.433+0000] {process_utils.py:194} INFO -  : 2023 12 22()  10
[2024-11-26T00:08:35.433+0000] {process_utils.py:194} INFO -   49575 
[2024-11-26T00:08:35.433+0000] {process_utils.py:194} INFO -  : 2023 12 22()  9
[2024-11-26T00:08:35.433+0000] {process_utils.py:194} INFO -  : 2023 12 21()  2
[2024-11-26T00:08:35.433+0000] {process_utils.py:194} INFO -  : 2023 12 28()  2
[2024-11-26T00:08:35.433+0000] {process_utils.py:194} INFO -  : 2023 12 22()  2
[2024-11-26T00:08:35.434+0000] {process_utils.py:194} INFO -  : 2023 12 22()  12
[2024-11-26T00:08:35.434+0000] {process_utils.py:194} INFO -  : 2023 12 26()  9
[2024-11-26T00:08:35.434+0000] {process_utils.py:194} INFO -  : 2023 12 29()  2
[2024-11-26T00:08:35.434+0000] {process_utils.py:194} INFO -  : 2023 12 22()  11
[2024-11-26T00:08:35.434+0000] {process_utils.py:194} INFO -  : 2023 12 21()  2
[2024-11-26T00:08:35.434+0000] {process_utils.py:194} INFO -  : 2023 12 22()  1
[2024-11-26T00:08:35.435+0000] {process_utils.py:194} INFO -  : 2023 12 27()  3
[2024-11-26T00:08:35.435+0000] {process_utils.py:194} INFO -  : 2023 12 20()  8
[2024-11-26T00:08:35.435+0000] {process_utils.py:194} INFO -  : 2023 12 22()  9
[2024-11-26T00:08:35.435+0000] {process_utils.py:194} INFO -  : 2023 12 22()  4
[2024-11-26T00:08:35.435+0000] {process_utils.py:194} INFO -  : 2023 12 29()  10
[2024-11-26T00:08:35.435+0000] {process_utils.py:194} INFO -  : 2023 12 22()  2
[2024-11-26T00:08:35.435+0000] {process_utils.py:194} INFO -  : 2023 12 22()  8
[2024-11-26T00:08:35.436+0000] {process_utils.py:194} INFO -  : 2023 12 26()  9
[2024-11-26T00:08:35.436+0000] {process_utils.py:194} INFO -  : 2023 12 21()  9
[2024-11-26T00:08:35.436+0000] {process_utils.py:194} INFO -  : 2023 12 27()  10
[2024-11-26T00:08:35.436+0000] {process_utils.py:194} INFO -  : 2023 12 21()  2
[2024-11-26T00:08:35.436+0000] {process_utils.py:194} INFO -  : 2023 12 27()  2
[2024-11-26T00:08:35.436+0000] {process_utils.py:194} INFO -  : 2023 12 28()  3
[2024-11-26T00:08:35.437+0000] {process_utils.py:194} INFO -  : 2023 12 27()  7
[2024-11-26T00:08:35.437+0000] {process_utils.py:194} INFO -  : 2023 12 27()  4
[2024-11-26T00:08:35.437+0000] {process_utils.py:194} INFO -  : 2023 12 27()  7
[2024-11-26T00:08:35.437+0000] {process_utils.py:194} INFO -  : 2023 12 27()  3
[2024-11-26T00:08:35.437+0000] {process_utils.py:194} INFO -  : 2023 12 27()  11
[2024-11-26T00:08:35.437+0000] {process_utils.py:194} INFO -  : 2023 12 29()  3
[2024-11-26T00:08:35.438+0000] {process_utils.py:194} INFO -  : 2023 12 26()  2
[2024-11-26T00:08:35.438+0000] {process_utils.py:194} INFO -  : 2023 12 28()  11
[2024-11-26T00:08:35.438+0000] {process_utils.py:194} INFO -  : 2023 12 28()  11
[2024-11-26T00:08:35.438+0000] {process_utils.py:194} INFO -  : 2023 12 28()  6
[2024-11-26T00:08:35.438+0000] {process_utils.py:194} INFO -  : 2023 12 27()  7
[2024-11-26T00:08:35.438+0000] {process_utils.py:194} INFO -  : 2024 1 5()  6
[2024-11-26T00:08:35.438+0000] {process_utils.py:194} INFO -  
[2024-11-26T00:08:35.439+0000] {process_utils.py:194} INFO -  : 2023 12 21()  2
[2024-11-26T00:08:35.439+0000] {process_utils.py:194} INFO -  : 2023 12 29()  2
[2024-11-26T00:08:35.439+0000] {process_utils.py:194} INFO -  : 2023 12 28()  2
[2024-11-26T00:08:35.439+0000] {process_utils.py:194} INFO -  : 2023 12 28()  9
[2024-11-26T00:08:35.439+0000] {process_utils.py:194} INFO -  : 2023 12 28()  1
[2024-11-26T00:08:35.439+0000] {process_utils.py:194} INFO -  : 2023 12 27()  9
[2024-11-26T00:08:35.440+0000] {process_utils.py:194} INFO - https://ticket.interpark.com/webzine/paper/TPNoticeView.asp?bbsno=34&pageno=233&stext=&no=49609&groupno=49609&seq=0&KindOfGoods=TICKET&Genre=&sort=WriteDate  ...
[2024-11-26T00:08:35.440+0000] {process_utils.py:194} INFO - 49609  
[2024-11-26T00:08:35.440+0000] {process_utils.py:194} INFO - 49609
[2024-11-26T00:08:35.440+0000] {process_utils.py:194} INFO - [2024-11-26T00:08:35.430+0000] {base.py:84} INFO - Retrieving connection 'interpark'
[2024-11-26T00:08:35.440+0000] {process_utils.py:194} INFO - [2024-11-26T00:08:35.431+0000] {connection_wrapper.py:325} INFO - AWS Connection (conn_id='interpark', conn_type='aws') credentials retrieved from login and password.
[2024-11-26T00:08:36.160+0000] {process_utils.py:194} INFO - S3  : t1-tu-data/interpark/49609.html
[2024-11-26T00:08:36.899+0000] {python.py:240} INFO - Done. Returned value was: None
[2024-11-26T00:08:36.911+0000] {taskinstance.py:340} INFO - ::group::Post task execution logs
[2024-11-26T00:08:36.911+0000] {taskinstance.py:352} INFO - Marking task as SUCCESS. dag_id=open_interpark_to_S3, task_id=upload_to_s3, run_id=scheduled__2024-11-25T00:00:00+00:00, execution_date=20241125T000000, start_date=20241126T000736, end_date=20241126T000836
[2024-11-26T00:08:36.964+0000] {local_task_job_runner.py:266} INFO - Task exited with return code 0
[2024-11-26T00:08:36.983+0000] {taskinstance.py:3895} INFO - 0 downstream tasks scheduled from follow-on schedule check
[2024-11-26T00:08:36.989+0000] {local_task_job_runner.py:245} INFO - ::endgroup::
