[2024-11-26T00:05:37.964+0000] {local_task_job_runner.py:123} INFO - ::group::Pre task execution logs
[2024-11-26T00:05:37.984+0000] {taskinstance.py:2613} INFO - Dependencies all met for dep_context=non-requeueable deps ti=<TaskInstance: open_interpark_to_S3.upload_to_s3 scheduled__2024-11-25T00:00:00+00:00 [queued]>
[2024-11-26T00:05:37.995+0000] {taskinstance.py:2613} INFO - Dependencies all met for dep_context=requeueable deps ti=<TaskInstance: open_interpark_to_S3.upload_to_s3 scheduled__2024-11-25T00:00:00+00:00 [queued]>
[2024-11-26T00:05:37.995+0000] {taskinstance.py:2866} INFO - Starting attempt 2 of 5
[2024-11-26T00:05:38.016+0000] {taskinstance.py:2889} INFO - Executing <Task(PythonVirtualenvOperator): upload_to_s3> on 2024-11-25 00:00:00+00:00
[2024-11-26T00:05:38.023+0000] {warnings.py:112} WARNING - /home/***/.local/lib/python3.12/site-packages/***/task/task_runner/standard_task_runner.py:70: DeprecationWarning: This process (pid=11423) is multi-threaded, use of fork() may lead to deadlocks in the child.
  pid = os.fork()

[2024-11-26T00:05:38.025+0000] {standard_task_runner.py:72} INFO - Started process 11424 to run task
[2024-11-26T00:05:38.025+0000] {standard_task_runner.py:104} INFO - Running: ['***', 'tasks', 'run', 'open_interpark_to_S3', 'upload_to_s3', 'scheduled__2024-11-25T00:00:00+00:00', '--job-id', '230', '--raw', '--subdir', 'DAGS_FOLDER/raw_open_s3.py', '--cfg-path', '/tmp/tmpoirqn3de']
[2024-11-26T00:05:38.026+0000] {standard_task_runner.py:105} INFO - Job 230: Subtask upload_to_s3
[2024-11-26T00:05:38.091+0000] {task_command.py:467} INFO - Running <TaskInstance: open_interpark_to_S3.upload_to_s3 scheduled__2024-11-25T00:00:00+00:00 [running]> on host 55a330cfd6d6
[2024-11-26T00:05:38.196+0000] {taskinstance.py:3132} INFO - Exporting env vars: AIRFLOW_CTX_DAG_OWNER='***' AIRFLOW_CTX_DAG_ID='open_interpark_to_S3' AIRFLOW_CTX_TASK_ID='upload_to_s3' AIRFLOW_CTX_EXECUTION_DATE='2024-11-25T00:00:00+00:00' AIRFLOW_CTX_TRY_NUMBER='2' AIRFLOW_CTX_DAG_RUN_ID='scheduled__2024-11-25T00:00:00+00:00'
[2024-11-26T00:05:38.196+0000] {taskinstance.py:731} INFO - ::endgroup::
[2024-11-26T00:05:38.214+0000] {baseoperator.py:416} WARNING - PythonVirtualenvOperator.execute cannot be called outside TaskInstance!
[2024-11-26T00:05:38.215+0000] {process_utils.py:186} INFO - Executing cmd: /home/***/.local/bin/python -m virtualenv /tmp/venver3km3uw --system-site-packages --python=python
[2024-11-26T00:05:38.217+0000] {process_utils.py:190} INFO - Output:
[2024-11-26T00:05:39.315+0000] {process_utils.py:194} INFO - created virtual environment CPython3.12.7.final.0-64 in 332ms
[2024-11-26T00:05:39.315+0000] {process_utils.py:194} INFO -   creator CPython3Posix(dest=/tmp/venver3km3uw, clear=False, no_vcs_ignore=False, global=True)
[2024-11-26T00:05:39.316+0000] {process_utils.py:194} INFO -   seeder FromAppData(download=False, pip=bundle, via=copy, app_data_dir=/home/***/.local/share/virtualenv)
[2024-11-26T00:05:39.316+0000] {process_utils.py:194} INFO -     added seed packages: pip==24.3.1
[2024-11-26T00:05:39.316+0000] {process_utils.py:194} INFO -   activators BashActivator,CShellActivator,FishActivator,NushellActivator,PowerShellActivator,PythonActivator
[2024-11-26T00:05:39.363+0000] {process_utils.py:186} INFO - Executing cmd: /tmp/venver3km3uw/bin/pip install -r /tmp/venver3km3uw/requirements.txt
[2024-11-26T00:05:39.364+0000] {process_utils.py:190} INFO - Output:
[2024-11-26T00:05:39.862+0000] {process_utils.py:194} INFO - Collecting git+https://github.com/hahahellooo/interpark.git@0.4/s3 (from -r /tmp/venver3km3uw/requirements.txt (line 1))
[2024-11-26T00:05:39.863+0000] {process_utils.py:194} INFO -   Cloning https://github.com/hahahellooo/interpark.git (to revision 0.4/s3) to /tmp/pip-req-build-wt_u4yop
[2024-11-26T00:05:39.870+0000] {process_utils.py:194} INFO -   Running command git clone --filter=blob:none --quiet https://github.com/hahahellooo/interpark.git /tmp/pip-req-build-wt_u4yop
[2024-11-26T00:05:41.384+0000] {process_utils.py:194} INFO -   Running command git checkout -b 0.4/s3 --track origin/0.4/s3
[2024-11-26T00:05:42.011+0000] {process_utils.py:194} INFO -   Switched to a new branch '0.4/s3'
[2024-11-26T00:05:42.011+0000] {process_utils.py:194} INFO -   branch '0.4/s3' set up to track 'origin/0.4/s3'.
[2024-11-26T00:05:42.011+0000] {process_utils.py:194} INFO -   Resolved https://github.com/hahahellooo/interpark.git to commit d53131efdaf0c60e762f8e9d3c50bbac5a9e93d7
[2024-11-26T00:05:42.019+0000] {process_utils.py:194} INFO -   Installing build dependencies: started
[2024-11-26T00:05:45.383+0000] {process_utils.py:194} INFO -   Installing build dependencies: finished with status 'done'
[2024-11-26T00:05:45.384+0000] {process_utils.py:194} INFO -   Getting requirements to build wheel: started
[2024-11-26T00:05:46.236+0000] {process_utils.py:194} INFO -   Getting requirements to build wheel: finished with status 'done'
[2024-11-26T00:05:46.238+0000] {process_utils.py:194} INFO -   Preparing metadata (pyproject.toml): started
[2024-11-26T00:05:47.084+0000] {process_utils.py:194} INFO -   Preparing metadata (pyproject.toml): finished with status 'done'
[2024-11-26T00:05:47.203+0000] {process_utils.py:194} INFO - Collecting selenium>=4.26.1 (from interpark==0.2.0->-r /tmp/venver3km3uw/requirements.txt (line 1))
[2024-11-26T00:05:47.205+0000] {process_utils.py:194} INFO -   Using cached selenium-4.27.0-py3-none-any.whl.metadata (7.1 kB)
[2024-11-26T00:05:47.208+0000] {process_utils.py:194} INFO - Requirement already satisfied: beautifulsoup4>=4.12.3 in /home/***/.local/lib/python3.12/site-packages (from interpark==0.2.0->-r /tmp/venver3km3uw/requirements.txt (line 1)) (4.12.3)
[2024-11-26T00:05:47.281+0000] {process_utils.py:194} INFO - Collecting webdriver-manager>=4.0.2 (from interpark==0.2.0->-r /tmp/venver3km3uw/requirements.txt (line 1))
[2024-11-26T00:05:47.284+0000] {process_utils.py:194} INFO -   Using cached webdriver_manager-4.0.2-py2.py3-none-any.whl.metadata (12 kB)
[2024-11-26T00:05:47.993+0000] {process_utils.py:194} INFO - Collecting pymongo>=4.10.1 (from interpark==0.2.0->-r /tmp/venver3km3uw/requirements.txt (line 1))
[2024-11-26T00:05:47.995+0000] {process_utils.py:194} INFO -   Using cached pymongo-4.10.1-cp312-cp312-manylinux_2_17_x86_64.manylinux2014_x86_64.whl.metadata (22 kB)
[2024-11-26T00:05:48.101+0000] {process_utils.py:194} INFO - Collecting apache-***-providers-amazon>=9.1.0 (from interpark==0.2.0->-r /tmp/venver3km3uw/requirements.txt (line 1))
[2024-11-26T00:05:48.103+0000] {process_utils.py:194} INFO -   Using cached apache_***_providers_amazon-9.1.0-py3-none-any.whl.metadata (10 kB)
[2024-11-26T00:05:48.142+0000] {process_utils.py:194} INFO - Collecting chromedriver-autoinstaller>=0.6.4 (from interpark==0.2.0->-r /tmp/venver3km3uw/requirements.txt (line 1))
[2024-11-26T00:05:48.144+0000] {process_utils.py:194} INFO -   Using cached chromedriver_autoinstaller-0.6.4-py3-none-any.whl.metadata (2.1 kB)
[2024-11-26T00:05:48.147+0000] {process_utils.py:194} INFO - Requirement already satisfied: PyAthena>=3.0.10 in /home/***/.local/lib/python3.12/site-packages (from apache-***-providers-amazon>=9.1.0->interpark==0.2.0->-r /tmp/venver3km3uw/requirements.txt (line 1)) (3.9.0)
[2024-11-26T00:05:48.148+0000] {process_utils.py:194} INFO - Requirement already satisfied: apache-***-providers-common-compat>=1.2.1 in /home/***/.local/lib/python3.12/site-packages (from apache-***-providers-amazon>=9.1.0->interpark==0.2.0->-r /tmp/venver3km3uw/requirements.txt (line 1)) (1.2.1)
[2024-11-26T00:05:48.218+0000] {process_utils.py:194} INFO - Collecting apache-***-providers-common-sql>=1.20.0 (from apache-***-providers-amazon>=9.1.0->interpark==0.2.0->-r /tmp/venver3km3uw/requirements.txt (line 1))
[2024-11-26T00:05:48.219+0000] {process_utils.py:194} INFO -   Using cached apache_***_providers_common_sql-1.20.0-py3-none-any.whl.metadata (6.2 kB)
[2024-11-26T00:05:48.224+0000] {process_utils.py:194} INFO - Requirement already satisfied: apache-***-providers-http in /home/***/.local/lib/python3.12/site-packages (from apache-***-providers-amazon>=9.1.0->interpark==0.2.0->-r /tmp/venver3km3uw/requirements.txt (line 1)) (4.13.2)
[2024-11-26T00:05:48.224+0000] {process_utils.py:194} INFO - Requirement already satisfied: apache-***>=2.8.0 in /home/***/.local/lib/python3.12/site-packages (from apache-***-providers-amazon>=9.1.0->interpark==0.2.0->-r /tmp/venver3km3uw/requirements.txt (line 1)) (2.10.3)
[2024-11-26T00:05:48.225+0000] {process_utils.py:194} INFO - Requirement already satisfied: asgiref>=2.3.0 in /home/***/.local/lib/python3.12/site-packages (from apache-***-providers-amazon>=9.1.0->interpark==0.2.0->-r /tmp/venver3km3uw/requirements.txt (line 1)) (3.8.1)
[2024-11-26T00:05:48.225+0000] {process_utils.py:194} INFO - Requirement already satisfied: boto3>=1.34.90 in /home/***/.local/lib/python3.12/site-packages (from apache-***-providers-amazon>=9.1.0->interpark==0.2.0->-r /tmp/venver3km3uw/requirements.txt (line 1)) (1.35.36)
[2024-11-26T00:05:48.226+0000] {process_utils.py:194} INFO - Requirement already satisfied: botocore>=1.34.90 in /home/***/.local/lib/python3.12/site-packages (from apache-***-providers-amazon>=9.1.0->interpark==0.2.0->-r /tmp/venver3km3uw/requirements.txt (line 1)) (1.35.36)
[2024-11-26T00:05:48.226+0000] {process_utils.py:194} INFO - Requirement already satisfied: inflection>=0.5.1 in /home/***/.local/lib/python3.12/site-packages (from apache-***-providers-amazon>=9.1.0->interpark==0.2.0->-r /tmp/venver3km3uw/requirements.txt (line 1)) (0.5.1)
[2024-11-26T00:05:48.227+0000] {process_utils.py:194} INFO - Requirement already satisfied: jmespath>=0.7.0 in /home/***/.local/lib/python3.12/site-packages (from apache-***-providers-amazon>=9.1.0->interpark==0.2.0->-r /tmp/venver3km3uw/requirements.txt (line 1)) (0.10.0)
[2024-11-26T00:05:48.227+0000] {process_utils.py:194} INFO - Requirement already satisfied: jsonpath_ng>=1.5.3 in /home/***/.local/lib/python3.12/site-packages (from apache-***-providers-amazon>=9.1.0->interpark==0.2.0->-r /tmp/venver3km3uw/requirements.txt (line 1)) (1.7.0)
[2024-11-26T00:05:48.228+0000] {process_utils.py:194} INFO - Requirement already satisfied: python3-saml>=1.16.0 in /home/***/.local/lib/python3.12/site-packages (from apache-***-providers-amazon>=9.1.0->interpark==0.2.0->-r /tmp/venver3km3uw/requirements.txt (line 1)) (1.16.0)
[2024-11-26T00:05:48.228+0000] {process_utils.py:194} INFO - Requirement already satisfied: redshift_connector>=2.0.918 in /home/***/.local/lib/python3.12/site-packages (from apache-***-providers-amazon>=9.1.0->interpark==0.2.0->-r /tmp/venver3km3uw/requirements.txt (line 1)) (2.1.3)
[2024-11-26T00:05:48.228+0000] {process_utils.py:194} INFO - Requirement already satisfied: watchtower!=3.3.0,<4,>=3.0.0 in /home/***/.local/lib/python3.12/site-packages (from apache-***-providers-amazon>=9.1.0->interpark==0.2.0->-r /tmp/venver3km3uw/requirements.txt (line 1)) (3.3.1)
[2024-11-26T00:05:48.231+0000] {process_utils.py:194} INFO - Requirement already satisfied: soupsieve>1.2 in /home/***/.local/lib/python3.12/site-packages (from beautifulsoup4>=4.12.3->interpark==0.2.0->-r /tmp/venver3km3uw/requirements.txt (line 1)) (2.6)
[2024-11-26T00:05:48.232+0000] {process_utils.py:194} INFO - Requirement already satisfied: packaging>=23.1 in /home/***/.local/lib/python3.12/site-packages (from chromedriver-autoinstaller>=0.6.4->interpark==0.2.0->-r /tmp/venver3km3uw/requirements.txt (line 1)) (24.1)
[2024-11-26T00:05:48.233+0000] {process_utils.py:194} INFO - Requirement already satisfied: dnspython<3.0.0,>=1.16.0 in /home/***/.local/lib/python3.12/site-packages (from pymongo>=4.10.1->interpark==0.2.0->-r /tmp/venver3km3uw/requirements.txt (line 1)) (2.7.0)
[2024-11-26T00:05:48.236+0000] {process_utils.py:194} INFO - Requirement already satisfied: urllib3<3,>=1.26 in /home/***/.local/lib/python3.12/site-packages (from urllib3[socks]<3,>=1.26->selenium>=4.26.1->interpark==0.2.0->-r /tmp/venver3km3uw/requirements.txt (line 1)) (2.2.3)
[2024-11-26T00:05:48.271+0000] {process_utils.py:194} INFO - Collecting trio~=0.17 (from selenium>=4.26.1->interpark==0.2.0->-r /tmp/venver3km3uw/requirements.txt (line 1))
[2024-11-26T00:05:48.274+0000] {process_utils.py:194} INFO -   Using cached trio-0.27.0-py3-none-any.whl.metadata (8.6 kB)
[2024-11-26T00:05:48.306+0000] {process_utils.py:194} INFO - Collecting trio-websocket~=0.9 (from selenium>=4.26.1->interpark==0.2.0->-r /tmp/venver3km3uw/requirements.txt (line 1))
[2024-11-26T00:05:48.309+0000] {process_utils.py:194} INFO -   Using cached trio_websocket-0.11.1-py3-none-any.whl.metadata (4.7 kB)
[2024-11-26T00:05:48.312+0000] {process_utils.py:194} INFO - Requirement already satisfied: certifi>=2021.10.8 in /home/***/.local/lib/python3.12/site-packages (from selenium>=4.26.1->interpark==0.2.0->-r /tmp/venver3km3uw/requirements.txt (line 1)) (2024.8.30)
[2024-11-26T00:05:48.312+0000] {process_utils.py:194} INFO - Requirement already satisfied: typing_extensions~=4.9 in /home/***/.local/lib/python3.12/site-packages (from selenium>=4.26.1->interpark==0.2.0->-r /tmp/venver3km3uw/requirements.txt (line 1)) (4.12.2)
[2024-11-26T00:05:48.313+0000] {process_utils.py:194} INFO - Requirement already satisfied: websocket-client~=1.8 in /home/***/.local/lib/python3.12/site-packages (from selenium>=4.26.1->interpark==0.2.0->-r /tmp/venver3km3uw/requirements.txt (line 1)) (1.8.0)
[2024-11-26T00:05:48.314+0000] {process_utils.py:194} INFO - Requirement already satisfied: requests in /home/***/.local/lib/python3.12/site-packages (from webdriver-manager>=4.0.2->interpark==0.2.0->-r /tmp/venver3km3uw/requirements.txt (line 1)) (2.32.3)
[2024-11-26T00:05:48.315+0000] {process_utils.py:194} INFO - Requirement already satisfied: python-dotenv in /home/***/.local/lib/python3.12/site-packages (from webdriver-manager>=4.0.2->interpark==0.2.0->-r /tmp/venver3km3uw/requirements.txt (line 1)) (1.0.1)
[2024-11-26T00:05:48.364+0000] {process_utils.py:194} INFO - Requirement already satisfied: alembic<2.0,>=1.13.1 in /home/***/.local/lib/python3.12/site-packages (from apache-***>=2.8.0->apache-***-providers-amazon>=9.1.0->interpark==0.2.0->-r /tmp/venver3km3uw/requirements.txt (line 1)) (1.14.0)
[2024-11-26T00:05:48.364+0000] {process_utils.py:194} INFO - Requirement already satisfied: argcomplete>=1.10 in /home/***/.local/lib/python3.12/site-packages (from apache-***>=2.8.0->apache-***-providers-amazon>=9.1.0->interpark==0.2.0->-r /tmp/venver3km3uw/requirements.txt (line 1)) (3.5.1)
[2024-11-26T00:05:48.365+0000] {process_utils.py:194} INFO - Requirement already satisfied: attrs>=22.1.0 in /home/***/.local/lib/python3.12/site-packages (from apache-***>=2.8.0->apache-***-providers-amazon>=9.1.0->interpark==0.2.0->-r /tmp/venver3km3uw/requirements.txt (line 1)) (24.2.0)
[2024-11-26T00:05:48.365+0000] {process_utils.py:194} INFO - Requirement already satisfied: blinker>=1.6.2 in /home/***/.local/lib/python3.12/site-packages (from apache-***>=2.8.0->apache-***-providers-amazon>=9.1.0->interpark==0.2.0->-r /tmp/venver3km3uw/requirements.txt (line 1)) (1.8.2)
[2024-11-26T00:05:48.366+0000] {process_utils.py:194} INFO - Requirement already satisfied: colorlog>=6.8.2 in /home/***/.local/lib/python3.12/site-packages (from apache-***>=2.8.0->apache-***-providers-amazon>=9.1.0->interpark==0.2.0->-r /tmp/venver3km3uw/requirements.txt (line 1)) (6.9.0)
[2024-11-26T00:05:48.366+0000] {process_utils.py:194} INFO - Requirement already satisfied: configupdater>=3.1.1 in /home/***/.local/lib/python3.12/site-packages (from apache-***>=2.8.0->apache-***-providers-amazon>=9.1.0->interpark==0.2.0->-r /tmp/venver3km3uw/requirements.txt (line 1)) (3.2)
[2024-11-26T00:05:48.367+0000] {process_utils.py:194} INFO - Requirement already satisfied: connexion<3.0,>=2.14.2 in /home/***/.local/lib/python3.12/site-packages (from connexion[flask]<3.0,>=2.14.2->apache-***>=2.8.0->apache-***-providers-amazon>=9.1.0->interpark==0.2.0->-r /tmp/venver3km3uw/requirements.txt (line 1)) (2.14.2)
[2024-11-26T00:05:48.367+0000] {process_utils.py:194} INFO - Requirement already satisfied: cron-descriptor>=1.2.24 in /home/***/.local/lib/python3.12/site-packages (from apache-***>=2.8.0->apache-***-providers-amazon>=9.1.0->interpark==0.2.0->-r /tmp/venver3km3uw/requirements.txt (line 1)) (1.4.5)
[2024-11-26T00:05:48.368+0000] {process_utils.py:194} INFO - Requirement already satisfied: croniter>=2.0.2 in /home/***/.local/lib/python3.12/site-packages (from apache-***>=2.8.0->apache-***-providers-amazon>=9.1.0->interpark==0.2.0->-r /tmp/venver3km3uw/requirements.txt (line 1)) (5.0.1)
[2024-11-26T00:05:48.368+0000] {process_utils.py:194} INFO - Requirement already satisfied: cryptography>=41.0.0 in /home/***/.local/lib/python3.12/site-packages (from apache-***>=2.8.0->apache-***-providers-amazon>=9.1.0->interpark==0.2.0->-r /tmp/venver3km3uw/requirements.txt (line 1)) (42.0.8)
[2024-11-26T00:05:48.368+0000] {process_utils.py:194} INFO - Requirement already satisfied: deprecated>=1.2.13 in /home/***/.local/lib/python3.12/site-packages (from apache-***>=2.8.0->apache-***-providers-amazon>=9.1.0->interpark==0.2.0->-r /tmp/venver3km3uw/requirements.txt (line 1)) (1.2.14)
[2024-11-26T00:05:48.369+0000] {process_utils.py:194} INFO - Requirement already satisfied: dill>=0.2.2 in /home/***/.local/lib/python3.12/site-packages (from apache-***>=2.8.0->apache-***-providers-amazon>=9.1.0->interpark==0.2.0->-r /tmp/venver3km3uw/requirements.txt (line 1)) (0.3.9)
[2024-11-26T00:05:48.369+0000] {process_utils.py:194} INFO - Requirement already satisfied: flask-caching>=2.0.0 in /home/***/.local/lib/python3.12/site-packages (from apache-***>=2.8.0->apache-***-providers-amazon>=9.1.0->interpark==0.2.0->-r /tmp/venver3km3uw/requirements.txt (line 1)) (2.3.0)
[2024-11-26T00:05:48.370+0000] {process_utils.py:194} INFO - Requirement already satisfied: flask-session<0.6,>=0.4.0 in /home/***/.local/lib/python3.12/site-packages (from apache-***>=2.8.0->apache-***-providers-amazon>=9.1.0->interpark==0.2.0->-r /tmp/venver3km3uw/requirements.txt (line 1)) (0.5.0)
[2024-11-26T00:05:48.370+0000] {process_utils.py:194} INFO - Requirement already satisfied: flask-wtf>=1.1.0 in /home/***/.local/lib/python3.12/site-packages (from apache-***>=2.8.0->apache-***-providers-amazon>=9.1.0->interpark==0.2.0->-r /tmp/venver3km3uw/requirements.txt (line 1)) (1.2.2)
[2024-11-26T00:05:48.370+0000] {process_utils.py:194} INFO - Requirement already satisfied: flask<2.3,>=2.2.1 in /home/***/.local/lib/python3.12/site-packages (from apache-***>=2.8.0->apache-***-providers-amazon>=9.1.0->interpark==0.2.0->-r /tmp/venver3km3uw/requirements.txt (line 1)) (2.2.5)
[2024-11-26T00:05:48.371+0000] {process_utils.py:194} INFO - Requirement already satisfied: fsspec>=2023.10.0 in /home/***/.local/lib/python3.12/site-packages (from apache-***>=2.8.0->apache-***-providers-amazon>=9.1.0->interpark==0.2.0->-r /tmp/venver3km3uw/requirements.txt (line 1)) (2024.10.0)
[2024-11-26T00:05:48.371+0000] {process_utils.py:194} INFO - Requirement already satisfied: google-re2>=1.1 in /home/***/.local/lib/python3.12/site-packages (from apache-***>=2.8.0->apache-***-providers-amazon>=9.1.0->interpark==0.2.0->-r /tmp/venver3km3uw/requirements.txt (line 1)) (1.1.20240702)
[2024-11-26T00:05:48.372+0000] {process_utils.py:194} INFO - Requirement already satisfied: gunicorn>=20.1.0 in /home/***/.local/lib/python3.12/site-packages (from apache-***>=2.8.0->apache-***-providers-amazon>=9.1.0->interpark==0.2.0->-r /tmp/venver3km3uw/requirements.txt (line 1)) (23.0.0)
[2024-11-26T00:05:48.372+0000] {process_utils.py:194} INFO - Requirement already satisfied: httpx>=0.25.0 in /home/***/.local/lib/python3.12/site-packages (from apache-***>=2.8.0->apache-***-providers-amazon>=9.1.0->interpark==0.2.0->-r /tmp/venver3km3uw/requirements.txt (line 1)) (0.27.0)
[2024-11-26T00:05:48.373+0000] {process_utils.py:194} INFO - Requirement already satisfied: itsdangerous>=2.0 in /home/***/.local/lib/python3.12/site-packages (from apache-***>=2.8.0->apache-***-providers-amazon>=9.1.0->interpark==0.2.0->-r /tmp/venver3km3uw/requirements.txt (line 1)) (2.2.0)
[2024-11-26T00:05:48.373+0000] {process_utils.py:194} INFO - Requirement already satisfied: jinja2>=3.0.0 in /home/***/.local/lib/python3.12/site-packages (from apache-***>=2.8.0->apache-***-providers-amazon>=9.1.0->interpark==0.2.0->-r /tmp/venver3km3uw/requirements.txt (line 1)) (3.1.4)
[2024-11-26T00:05:48.373+0000] {process_utils.py:194} INFO - Requirement already satisfied: jsonschema>=4.18.0 in /home/***/.local/lib/python3.12/site-packages (from apache-***>=2.8.0->apache-***-providers-amazon>=9.1.0->interpark==0.2.0->-r /tmp/venver3km3uw/requirements.txt (line 1)) (4.23.0)
[2024-11-26T00:05:48.374+0000] {process_utils.py:194} INFO - Requirement already satisfied: lazy-object-proxy>=1.2.0 in /home/***/.local/lib/python3.12/site-packages (from apache-***>=2.8.0->apache-***-providers-amazon>=9.1.0->interpark==0.2.0->-r /tmp/venver3km3uw/requirements.txt (line 1)) (1.10.0)
[2024-11-26T00:05:48.374+0000] {process_utils.py:194} INFO - Requirement already satisfied: linkify-it-py>=2.0.0 in /home/***/.local/lib/python3.12/site-packages (from apache-***>=2.8.0->apache-***-providers-amazon>=9.1.0->interpark==0.2.0->-r /tmp/venver3km3uw/requirements.txt (line 1)) (2.0.3)
[2024-11-26T00:05:48.374+0000] {process_utils.py:194} INFO - Requirement already satisfied: lockfile>=0.12.2 in /home/***/.local/lib/python3.12/site-packages (from apache-***>=2.8.0->apache-***-providers-amazon>=9.1.0->interpark==0.2.0->-r /tmp/venver3km3uw/requirements.txt (line 1)) (0.12.2)
[2024-11-26T00:05:48.375+0000] {process_utils.py:194} INFO - Requirement already satisfied: markdown-it-py>=2.1.0 in /home/***/.local/lib/python3.12/site-packages (from apache-***>=2.8.0->apache-***-providers-amazon>=9.1.0->interpark==0.2.0->-r /tmp/venver3km3uw/requirements.txt (line 1)) (3.0.0)
[2024-11-26T00:05:48.375+0000] {process_utils.py:194} INFO - Requirement already satisfied: markupsafe>=1.1.1 in /home/***/.local/lib/python3.12/site-packages (from apache-***>=2.8.0->apache-***-providers-amazon>=9.1.0->interpark==0.2.0->-r /tmp/venver3km3uw/requirements.txt (line 1)) (3.0.2)
[2024-11-26T00:05:48.376+0000] {process_utils.py:194} INFO - Requirement already satisfied: marshmallow-oneofschema>=2.0.1 in /home/***/.local/lib/python3.12/site-packages (from apache-***>=2.8.0->apache-***-providers-amazon>=9.1.0->interpark==0.2.0->-r /tmp/venver3km3uw/requirements.txt (line 1)) (3.1.1)
[2024-11-26T00:05:48.377+0000] {process_utils.py:194} INFO - Requirement already satisfied: mdit-py-plugins>=0.3.0 in /home/***/.local/lib/python3.12/site-packages (from apache-***>=2.8.0->apache-***-providers-amazon>=9.1.0->interpark==0.2.0->-r /tmp/venver3km3uw/requirements.txt (line 1)) (0.4.2)
[2024-11-26T00:05:48.378+0000] {process_utils.py:194} INFO - Requirement already satisfied: methodtools>=0.4.7 in /home/***/.local/lib/python3.12/site-packages (from apache-***>=2.8.0->apache-***-providers-amazon>=9.1.0->interpark==0.2.0->-r /tmp/venver3km3uw/requirements.txt (line 1)) (0.4.7)
[2024-11-26T00:05:48.379+0000] {process_utils.py:194} INFO - Requirement already satisfied: opentelemetry-api>=1.15.0 in /home/***/.local/lib/python3.12/site-packages (from apache-***>=2.8.0->apache-***-providers-amazon>=9.1.0->interpark==0.2.0->-r /tmp/venver3km3uw/requirements.txt (line 1)) (1.27.0)
[2024-11-26T00:05:48.379+0000] {process_utils.py:194} INFO - Requirement already satisfied: opentelemetry-exporter-otlp>=1.15.0 in /home/***/.local/lib/python3.12/site-packages (from apache-***>=2.8.0->apache-***-providers-amazon>=9.1.0->interpark==0.2.0->-r /tmp/venver3km3uw/requirements.txt (line 1)) (1.27.0)
[2024-11-26T00:05:48.380+0000] {process_utils.py:194} INFO - Requirement already satisfied: pathspec>=0.9.0 in /home/***/.local/lib/python3.12/site-packages (from apache-***>=2.8.0->apache-***-providers-amazon>=9.1.0->interpark==0.2.0->-r /tmp/venver3km3uw/requirements.txt (line 1)) (0.12.1)
[2024-11-26T00:05:48.381+0000] {process_utils.py:194} INFO - Requirement already satisfied: pendulum<4.0,>=3.0.0 in /home/***/.local/lib/python3.12/site-packages (from apache-***>=2.8.0->apache-***-providers-amazon>=9.1.0->interpark==0.2.0->-r /tmp/venver3km3uw/requirements.txt (line 1)) (3.0.0)
[2024-11-26T00:05:48.381+0000] {process_utils.py:194} INFO - Requirement already satisfied: pluggy>=1.5.0 in /home/***/.local/lib/python3.12/site-packages (from apache-***>=2.8.0->apache-***-providers-amazon>=9.1.0->interpark==0.2.0->-r /tmp/venver3km3uw/requirements.txt (line 1)) (1.5.0)
[2024-11-26T00:05:48.381+0000] {process_utils.py:194} INFO - Requirement already satisfied: psutil>=5.8.0 in /home/***/.local/lib/python3.12/site-packages (from apache-***>=2.8.0->apache-***-providers-amazon>=9.1.0->interpark==0.2.0->-r /tmp/venver3km3uw/requirements.txt (line 1)) (6.1.0)
[2024-11-26T00:05:48.382+0000] {process_utils.py:194} INFO - Requirement already satisfied: pygments>=2.0.1 in /home/***/.local/lib/python3.12/site-packages (from apache-***>=2.8.0->apache-***-providers-amazon>=9.1.0->interpark==0.2.0->-r /tmp/venver3km3uw/requirements.txt (line 1)) (2.18.0)
[2024-11-26T00:05:48.382+0000] {process_utils.py:194} INFO - Requirement already satisfied: pyjwt>=2.0.0 in /home/***/.local/lib/python3.12/site-packages (from apache-***>=2.8.0->apache-***-providers-amazon>=9.1.0->interpark==0.2.0->-r /tmp/venver3km3uw/requirements.txt (line 1)) (2.9.0)
[2024-11-26T00:05:48.382+0000] {process_utils.py:194} INFO - Requirement already satisfied: python-daemon>=3.0.0 in /home/***/.local/lib/python3.12/site-packages (from apache-***>=2.8.0->apache-***-providers-amazon>=9.1.0->interpark==0.2.0->-r /tmp/venver3km3uw/requirements.txt (line 1)) (3.1.0)
[2024-11-26T00:05:48.383+0000] {process_utils.py:194} INFO - Requirement already satisfied: python-dateutil>=2.7.0 in /home/***/.local/lib/python3.12/site-packages (from apache-***>=2.8.0->apache-***-providers-amazon>=9.1.0->interpark==0.2.0->-r /tmp/venver3km3uw/requirements.txt (line 1)) (2.9.0.post0)
[2024-11-26T00:05:48.383+0000] {process_utils.py:194} INFO - Requirement already satisfied: python-nvd3>=0.15.0 in /home/***/.local/lib/python3.12/site-packages (from apache-***>=2.8.0->apache-***-providers-amazon>=9.1.0->interpark==0.2.0->-r /tmp/venver3km3uw/requirements.txt (line 1)) (0.16.0)
[2024-11-26T00:05:48.384+0000] {process_utils.py:194} INFO - Requirement already satisfied: python-slugify>=5.0 in /home/***/.local/lib/python3.12/site-packages (from apache-***>=2.8.0->apache-***-providers-amazon>=9.1.0->interpark==0.2.0->-r /tmp/venver3km3uw/requirements.txt (line 1)) (8.0.4)
[2024-11-26T00:05:48.384+0000] {process_utils.py:194} INFO - Requirement already satisfied: requests-toolbelt>=0.4.0 in /home/***/.local/lib/python3.12/site-packages (from apache-***>=2.8.0->apache-***-providers-amazon>=9.1.0->interpark==0.2.0->-r /tmp/venver3km3uw/requirements.txt (line 1)) (1.0.0)
[2024-11-26T00:05:48.385+0000] {process_utils.py:194} INFO - Requirement already satisfied: rfc3339-validator>=0.1.4 in /home/***/.local/lib/python3.12/site-packages (from apache-***>=2.8.0->apache-***-providers-amazon>=9.1.0->interpark==0.2.0->-r /tmp/venver3km3uw/requirements.txt (line 1)) (0.1.4)
[2024-11-26T00:05:48.385+0000] {process_utils.py:194} INFO - Requirement already satisfied: rich-argparse>=1.0.0 in /home/***/.local/lib/python3.12/site-packages (from apache-***>=2.8.0->apache-***-providers-amazon>=9.1.0->interpark==0.2.0->-r /tmp/venver3km3uw/requirements.txt (line 1)) (1.6.0)
[2024-11-26T00:05:48.386+0000] {process_utils.py:194} INFO - Requirement already satisfied: rich>=12.4.4 in /home/***/.local/lib/python3.12/site-packages (from apache-***>=2.8.0->apache-***-providers-amazon>=9.1.0->interpark==0.2.0->-r /tmp/venver3km3uw/requirements.txt (line 1)) (13.9.4)
[2024-11-26T00:05:48.386+0000] {process_utils.py:194} INFO - Requirement already satisfied: setproctitle>=1.3.3 in /home/***/.local/lib/python3.12/site-packages (from apache-***>=2.8.0->apache-***-providers-amazon>=9.1.0->interpark==0.2.0->-r /tmp/venver3km3uw/requirements.txt (line 1)) (1.3.3)
[2024-11-26T00:05:48.386+0000] {process_utils.py:194} INFO - Requirement already satisfied: sqlalchemy<2.0,>=1.4.36 in /home/***/.local/lib/python3.12/site-packages (from apache-***>=2.8.0->apache-***-providers-amazon>=9.1.0->interpark==0.2.0->-r /tmp/venver3km3uw/requirements.txt (line 1)) (1.4.54)
[2024-11-26T00:05:48.387+0000] {process_utils.py:194} INFO - Requirement already satisfied: sqlalchemy-jsonfield>=1.0 in /home/***/.local/lib/python3.12/site-packages (from apache-***>=2.8.0->apache-***-providers-amazon>=9.1.0->interpark==0.2.0->-r /tmp/venver3km3uw/requirements.txt (line 1)) (1.0.2)
[2024-11-26T00:05:48.387+0000] {process_utils.py:194} INFO - Requirement already satisfied: tabulate>=0.7.5 in /home/***/.local/lib/python3.12/site-packages (from apache-***>=2.8.0->apache-***-providers-amazon>=9.1.0->interpark==0.2.0->-r /tmp/venver3km3uw/requirements.txt (line 1)) (0.9.0)
[2024-11-26T00:05:48.387+0000] {process_utils.py:194} INFO - Requirement already satisfied: tenacity!=8.2.0,>=8.0.0 in /home/***/.local/lib/python3.12/site-packages (from apache-***>=2.8.0->apache-***-providers-amazon>=9.1.0->interpark==0.2.0->-r /tmp/venver3km3uw/requirements.txt (line 1)) (8.5.0)
[2024-11-26T00:05:48.388+0000] {process_utils.py:194} INFO - Requirement already satisfied: termcolor>=1.1.0 in /home/***/.local/lib/python3.12/site-packages (from apache-***>=2.8.0->apache-***-providers-amazon>=9.1.0->interpark==0.2.0->-r /tmp/venver3km3uw/requirements.txt (line 1)) (2.5.0)
[2024-11-26T00:05:48.388+0000] {process_utils.py:194} INFO - Requirement already satisfied: universal-pathlib!=0.2.4,>=0.2.2 in /home/***/.local/lib/python3.12/site-packages (from apache-***>=2.8.0->apache-***-providers-amazon>=9.1.0->interpark==0.2.0->-r /tmp/venver3km3uw/requirements.txt (line 1)) (0.2.5)
[2024-11-26T00:05:48.389+0000] {process_utils.py:194} INFO - Requirement already satisfied: werkzeug<3,>=2.0 in /home/***/.local/lib/python3.12/site-packages (from apache-***>=2.8.0->apache-***-providers-amazon>=9.1.0->interpark==0.2.0->-r /tmp/venver3km3uw/requirements.txt (line 1)) (2.2.3)
[2024-11-26T00:05:48.389+0000] {process_utils.py:194} INFO - Requirement already satisfied: apache-***-providers-common-io in /home/***/.local/lib/python3.12/site-packages (from apache-***>=2.8.0->apache-***-providers-amazon>=9.1.0->interpark==0.2.0->-r /tmp/venver3km3uw/requirements.txt (line 1)) (1.4.2)
[2024-11-26T00:05:48.390+0000] {process_utils.py:194} INFO - Requirement already satisfied: apache-***-providers-fab>=1.0.2 in /home/***/.local/lib/python3.12/site-packages (from apache-***>=2.8.0->apache-***-providers-amazon>=9.1.0->interpark==0.2.0->-r /tmp/venver3km3uw/requirements.txt (line 1)) (1.5.0)
[2024-11-26T00:05:48.390+0000] {process_utils.py:194} INFO - Requirement already satisfied: apache-***-providers-ftp in /home/***/.local/lib/python3.12/site-packages (from apache-***>=2.8.0->apache-***-providers-amazon>=9.1.0->interpark==0.2.0->-r /tmp/venver3km3uw/requirements.txt (line 1)) (3.11.1)
[2024-11-26T00:05:48.391+0000] {process_utils.py:194} INFO - Requirement already satisfied: apache-***-providers-imap in /home/***/.local/lib/python3.12/site-packages (from apache-***>=2.8.0->apache-***-providers-amazon>=9.1.0->interpark==0.2.0->-r /tmp/venver3km3uw/requirements.txt (line 1)) (3.7.0)
[2024-11-26T00:05:48.391+0000] {process_utils.py:194} INFO - Requirement already satisfied: apache-***-providers-smtp in /home/***/.local/lib/python3.12/site-packages (from apache-***>=2.8.0->apache-***-providers-amazon>=9.1.0->interpark==0.2.0->-r /tmp/venver3km3uw/requirements.txt (line 1)) (1.8.0)
[2024-11-26T00:05:48.392+0000] {process_utils.py:194} INFO - Requirement already satisfied: apache-***-providers-sqlite in /home/***/.local/lib/python3.12/site-packages (from apache-***>=2.8.0->apache-***-providers-amazon>=9.1.0->interpark==0.2.0->-r /tmp/venver3km3uw/requirements.txt (line 1)) (3.9.0)
[2024-11-26T00:05:48.399+0000] {process_utils.py:194} INFO - Requirement already satisfied: more-itertools>=9.0.0 in /home/***/.local/lib/python3.12/site-packages (from apache-***-providers-common-sql>=1.20.0->apache-***-providers-amazon>=9.1.0->interpark==0.2.0->-r /tmp/venver3km3uw/requirements.txt (line 1)) (10.5.0)
[2024-11-26T00:05:48.399+0000] {process_utils.py:194} INFO - Requirement already satisfied: sqlparse>=0.5.1 in /home/***/.local/lib/python3.12/site-packages (from apache-***-providers-common-sql>=1.20.0->apache-***-providers-amazon>=9.1.0->interpark==0.2.0->-r /tmp/venver3km3uw/requirements.txt (line 1)) (0.5.1)
[2024-11-26T00:05:48.405+0000] {process_utils.py:194} INFO - Requirement already satisfied: s3transfer<0.11.0,>=0.10.0 in /home/***/.local/lib/python3.12/site-packages (from boto3>=1.34.90->apache-***-providers-amazon>=9.1.0->interpark==0.2.0->-r /tmp/venver3km3uw/requirements.txt (line 1)) (0.10.3)
[2024-11-26T00:05:48.422+0000] {process_utils.py:194} INFO - Requirement already satisfied: ply in /home/***/.local/lib/python3.12/site-packages (from jsonpath_ng>=1.5.3->apache-***-providers-amazon>=9.1.0->interpark==0.2.0->-r /tmp/venver3km3uw/requirements.txt (line 1)) (3.11)
[2024-11-26T00:05:48.431+0000] {process_utils.py:194} INFO - Requirement already satisfied: lxml!=4.7.0,>=4.6.5 in /home/***/.local/lib/python3.12/site-packages (from python3-saml>=1.16.0->apache-***-providers-amazon>=9.1.0->interpark==0.2.0->-r /tmp/venver3km3uw/requirements.txt (line 1)) (5.3.0)
[2024-11-26T00:05:48.432+0000] {process_utils.py:194} INFO - Requirement already satisfied: isodate>=0.6.1 in /home/***/.local/lib/python3.12/site-packages (from python3-saml>=1.16.0->apache-***-providers-amazon>=9.1.0->interpark==0.2.0->-r /tmp/venver3km3uw/requirements.txt (line 1)) (0.7.2)
[2024-11-26T00:05:48.432+0000] {process_utils.py:194} INFO - Requirement already satisfied: xmlsec>=1.3.9 in /home/***/.local/lib/python3.12/site-packages (from python3-saml>=1.16.0->apache-***-providers-amazon>=9.1.0->interpark==0.2.0->-r /tmp/venver3km3uw/requirements.txt (line 1)) (1.3.14)
[2024-11-26T00:05:48.436+0000] {process_utils.py:194} INFO - Requirement already satisfied: scramp<1.5.0,>=1.2.0 in /home/***/.local/lib/python3.12/site-packages (from redshift_connector>=2.0.918->apache-***-providers-amazon>=9.1.0->interpark==0.2.0->-r /tmp/venver3km3uw/requirements.txt (line 1)) (1.4.5)
[2024-11-26T00:05:48.437+0000] {process_utils.py:194} INFO - Requirement already satisfied: pytz>=2020.1 in /home/***/.local/lib/python3.12/site-packages (from redshift_connector>=2.0.918->apache-***-providers-amazon>=9.1.0->interpark==0.2.0->-r /tmp/venver3km3uw/requirements.txt (line 1)) (2024.2)
[2024-11-26T00:05:48.438+0000] {process_utils.py:194} INFO - Requirement already satisfied: setuptools in /home/***/.local/lib/python3.12/site-packages (from redshift_connector>=2.0.918->apache-***-providers-amazon>=9.1.0->interpark==0.2.0->-r /tmp/venver3km3uw/requirements.txt (line 1)) (75.3.0)
[2024-11-26T00:05:48.443+0000] {process_utils.py:194} INFO - Requirement already satisfied: charset-normalizer<4,>=2 in /home/***/.local/lib/python3.12/site-packages (from requests->webdriver-manager>=4.0.2->interpark==0.2.0->-r /tmp/venver3km3uw/requirements.txt (line 1)) (3.4.0)
[2024-11-26T00:05:48.443+0000] {process_utils.py:194} INFO - Requirement already satisfied: idna<4,>=2.5 in /home/***/.local/lib/python3.12/site-packages (from requests->webdriver-manager>=4.0.2->interpark==0.2.0->-r /tmp/venver3km3uw/requirements.txt (line 1)) (3.10)
[2024-11-26T00:05:48.451+0000] {process_utils.py:194} INFO - Requirement already satisfied: sortedcontainers in /home/***/.local/lib/python3.12/site-packages (from trio~=0.17->selenium>=4.26.1->interpark==0.2.0->-r /tmp/venver3km3uw/requirements.txt (line 1)) (2.4.0)
[2024-11-26T00:05:48.476+0000] {process_utils.py:194} INFO - Collecting outcome (from trio~=0.17->selenium>=4.26.1->interpark==0.2.0->-r /tmp/venver3km3uw/requirements.txt (line 1))
[2024-11-26T00:05:48.478+0000] {process_utils.py:194} INFO -   Using cached outcome-1.3.0.post0-py2.py3-none-any.whl.metadata (2.6 kB)
[2024-11-26T00:05:48.483+0000] {process_utils.py:194} INFO - Requirement already satisfied: sniffio>=1.3.0 in /home/***/.local/lib/python3.12/site-packages (from trio~=0.17->selenium>=4.26.1->interpark==0.2.0->-r /tmp/venver3km3uw/requirements.txt (line 1)) (1.3.1)
[2024-11-26T00:05:48.520+0000] {process_utils.py:194} INFO - Collecting wsproto>=0.14 (from trio-websocket~=0.9->selenium>=4.26.1->interpark==0.2.0->-r /tmp/venver3km3uw/requirements.txt (line 1))
[2024-11-26T00:05:48.522+0000] {process_utils.py:194} INFO -   Using cached wsproto-1.2.0-py3-none-any.whl.metadata (5.6 kB)
[2024-11-26T00:05:48.559+0000] {process_utils.py:194} INFO - Collecting pysocks!=1.5.7,<2.0,>=1.5.6 (from urllib3[socks]<3,>=1.26->selenium>=4.26.1->interpark==0.2.0->-r /tmp/venver3km3uw/requirements.txt (line 1))
[2024-11-26T00:05:48.561+0000] {process_utils.py:194} INFO -   Using cached PySocks-1.7.1-py3-none-any.whl.metadata (13 kB)
[2024-11-26T00:05:48.573+0000] {process_utils.py:194} INFO - Requirement already satisfied: aiohttp>=3.9.2 in /home/***/.local/lib/python3.12/site-packages (from apache-***-providers-http->apache-***-providers-amazon>=9.1.0->interpark==0.2.0->-r /tmp/venver3km3uw/requirements.txt (line 1)) (3.10.10)
[2024-11-26T00:05:48.582+0000] {process_utils.py:194} INFO - Requirement already satisfied: aiohappyeyeballs>=2.3.0 in /home/***/.local/lib/python3.12/site-packages (from aiohttp>=3.9.2->apache-***-providers-http->apache-***-providers-amazon>=9.1.0->interpark==0.2.0->-r /tmp/venver3km3uw/requirements.txt (line 1)) (2.4.3)
[2024-11-26T00:05:48.582+0000] {process_utils.py:194} INFO - Requirement already satisfied: aiosignal>=1.1.2 in /home/***/.local/lib/python3.12/site-packages (from aiohttp>=3.9.2->apache-***-providers-http->apache-***-providers-amazon>=9.1.0->interpark==0.2.0->-r /tmp/venver3km3uw/requirements.txt (line 1)) (1.3.1)
[2024-11-26T00:05:48.583+0000] {process_utils.py:194} INFO - Requirement already satisfied: frozenlist>=1.1.1 in /home/***/.local/lib/python3.12/site-packages (from aiohttp>=3.9.2->apache-***-providers-http->apache-***-providers-amazon>=9.1.0->interpark==0.2.0->-r /tmp/venver3km3uw/requirements.txt (line 1)) (1.5.0)
[2024-11-26T00:05:48.583+0000] {process_utils.py:194} INFO - Requirement already satisfied: multidict<7.0,>=4.5 in /home/***/.local/lib/python3.12/site-packages (from aiohttp>=3.9.2->apache-***-providers-http->apache-***-providers-amazon>=9.1.0->interpark==0.2.0->-r /tmp/venver3km3uw/requirements.txt (line 1)) (6.1.0)
[2024-11-26T00:05:48.584+0000] {process_utils.py:194} INFO - Requirement already satisfied: yarl<2.0,>=1.12.0 in /home/***/.local/lib/python3.12/site-packages (from aiohttp>=3.9.2->apache-***-providers-http->apache-***-providers-amazon>=9.1.0->interpark==0.2.0->-r /tmp/venver3km3uw/requirements.txt (line 1)) (1.17.1)
[2024-11-26T00:05:48.590+0000] {process_utils.py:194} INFO - Requirement already satisfied: Mako in /home/***/.local/lib/python3.12/site-packages (from alembic<2.0,>=1.13.1->apache-***>=2.8.0->apache-***-providers-amazon>=9.1.0->interpark==0.2.0->-r /tmp/venver3km3uw/requirements.txt (line 1)) (1.3.6)
[2024-11-26T00:05:48.594+0000] {process_utils.py:194} INFO - Requirement already satisfied: flask-appbuilder==4.5.2 in /home/***/.local/lib/python3.12/site-packages (from apache-***-providers-fab>=1.0.2->apache-***>=2.8.0->apache-***-providers-amazon>=9.1.0->interpark==0.2.0->-r /tmp/venver3km3uw/requirements.txt (line 1)) (4.5.2)
[2024-11-26T00:05:48.594+0000] {process_utils.py:194} INFO - Requirement already satisfied: flask-login>=0.6.2 in /home/***/.local/lib/python3.12/site-packages (from apache-***-providers-fab>=1.0.2->apache-***>=2.8.0->apache-***-providers-amazon>=9.1.0->interpark==0.2.0->-r /tmp/venver3km3uw/requirements.txt (line 1)) (0.6.3)
[2024-11-26T00:05:48.605+0000] {process_utils.py:194} INFO - Requirement already satisfied: apispec<7,>=6.0.0 in /home/***/.local/lib/python3.12/site-packages (from apispec[yaml]<7,>=6.0.0->flask-appbuilder==4.5.2->apache-***-providers-fab>=1.0.2->apache-***>=2.8.0->apache-***-providers-amazon>=9.1.0->interpark==0.2.0->-r /tmp/venver3km3uw/requirements.txt (line 1)) (6.7.1)
[2024-11-26T00:05:48.605+0000] {process_utils.py:194} INFO - Requirement already satisfied: colorama<1,>=0.3.9 in /home/***/.local/lib/python3.12/site-packages (from flask-appbuilder==4.5.2->apache-***-providers-fab>=1.0.2->apache-***>=2.8.0->apache-***-providers-amazon>=9.1.0->interpark==0.2.0->-r /tmp/venver3km3uw/requirements.txt (line 1)) (0.4.6)
[2024-11-26T00:05:48.606+0000] {process_utils.py:194} INFO - Requirement already satisfied: click<9,>=8 in /home/***/.local/lib/python3.12/site-packages (from flask-appbuilder==4.5.2->apache-***-providers-fab>=1.0.2->apache-***>=2.8.0->apache-***-providers-amazon>=9.1.0->interpark==0.2.0->-r /tmp/venver3km3uw/requirements.txt (line 1)) (8.1.7)
[2024-11-26T00:05:48.606+0000] {process_utils.py:194} INFO - Requirement already satisfied: email-validator>=1.0.5 in /home/***/.local/lib/python3.12/site-packages (from flask-appbuilder==4.5.2->apache-***-providers-fab>=1.0.2->apache-***>=2.8.0->apache-***-providers-amazon>=9.1.0->interpark==0.2.0->-r /tmp/venver3km3uw/requirements.txt (line 1)) (2.2.0)
[2024-11-26T00:05:48.607+0000] {process_utils.py:194} INFO - Requirement already satisfied: Flask-Babel<3,>=1 in /home/***/.local/lib/python3.12/site-packages (from flask-appbuilder==4.5.2->apache-***-providers-fab>=1.0.2->apache-***>=2.8.0->apache-***-providers-amazon>=9.1.0->interpark==0.2.0->-r /tmp/venver3km3uw/requirements.txt (line 1)) (2.0.0)
[2024-11-26T00:05:48.607+0000] {process_utils.py:194} INFO - Requirement already satisfied: Flask-Limiter<4,>3 in /home/***/.local/lib/python3.12/site-packages (from flask-appbuilder==4.5.2->apache-***-providers-fab>=1.0.2->apache-***>=2.8.0->apache-***-providers-amazon>=9.1.0->interpark==0.2.0->-r /tmp/venver3km3uw/requirements.txt (line 1)) (3.8.0)
[2024-11-26T00:05:48.608+0000] {process_utils.py:194} INFO - Requirement already satisfied: Flask-SQLAlchemy<3,>=2.4 in /home/***/.local/lib/python3.12/site-packages (from flask-appbuilder==4.5.2->apache-***-providers-fab>=1.0.2->apache-***>=2.8.0->apache-***-providers-amazon>=9.1.0->interpark==0.2.0->-r /tmp/venver3km3uw/requirements.txt (line 1)) (2.5.1)
[2024-11-26T00:05:48.609+0000] {process_utils.py:194} INFO - Requirement already satisfied: Flask-JWT-Extended<5.0.0,>=4.0.0 in /home/***/.local/lib/python3.12/site-packages (from flask-appbuilder==4.5.2->apache-***-providers-fab>=1.0.2->apache-***>=2.8.0->apache-***-providers-amazon>=9.1.0->interpark==0.2.0->-r /tmp/venver3km3uw/requirements.txt (line 1)) (4.6.0)
[2024-11-26T00:05:48.609+0000] {process_utils.py:194} INFO - Requirement already satisfied: marshmallow<4,>=3.18.0 in /home/***/.local/lib/python3.12/site-packages (from flask-appbuilder==4.5.2->apache-***-providers-fab>=1.0.2->apache-***>=2.8.0->apache-***-providers-amazon>=9.1.0->interpark==0.2.0->-r /tmp/venver3km3uw/requirements.txt (line 1)) (3.23.1)
[2024-11-26T00:05:48.610+0000] {process_utils.py:194} INFO - Requirement already satisfied: marshmallow-sqlalchemy<0.29.0,>=0.22.0 in /home/***/.local/lib/python3.12/site-packages (from flask-appbuilder==4.5.2->apache-***-providers-fab>=1.0.2->apache-***>=2.8.0->apache-***-providers-amazon>=9.1.0->interpark==0.2.0->-r /tmp/venver3km3uw/requirements.txt (line 1)) (0.28.2)
[2024-11-26T00:05:48.611+0000] {process_utils.py:194} INFO - Requirement already satisfied: prison<1.0.0,>=0.2.1 in /home/***/.local/lib/python3.12/site-packages (from flask-appbuilder==4.5.2->apache-***-providers-fab>=1.0.2->apache-***>=2.8.0->apache-***-providers-amazon>=9.1.0->interpark==0.2.0->-r /tmp/venver3km3uw/requirements.txt (line 1)) (0.2.1)
[2024-11-26T00:05:48.611+0000] {process_utils.py:194} INFO - Requirement already satisfied: sqlalchemy-utils<1,>=0.32.21 in /home/***/.local/lib/python3.12/site-packages (from flask-appbuilder==4.5.2->apache-***-providers-fab>=1.0.2->apache-***>=2.8.0->apache-***-providers-amazon>=9.1.0->interpark==0.2.0->-r /tmp/venver3km3uw/requirements.txt (line 1)) (0.41.2)
[2024-11-26T00:05:48.612+0000] {process_utils.py:194} INFO - Requirement already satisfied: WTForms<4 in /home/***/.local/lib/python3.12/site-packages (from flask-appbuilder==4.5.2->apache-***-providers-fab>=1.0.2->apache-***>=2.8.0->apache-***-providers-amazon>=9.1.0->interpark==0.2.0->-r /tmp/venver3km3uw/requirements.txt (line 1)) (3.2.1)
[2024-11-26T00:05:48.644+0000] {process_utils.py:194} INFO - Requirement already satisfied: clickclick<21,>=1.2 in /home/***/.local/lib/python3.12/site-packages (from connexion<3.0,>=2.14.2->connexion[flask]<3.0,>=2.14.2->apache-***>=2.8.0->apache-***-providers-amazon>=9.1.0->interpark==0.2.0->-r /tmp/venver3km3uw/requirements.txt (line 1)) (20.10.2)
[2024-11-26T00:05:48.645+0000] {process_utils.py:194} INFO - Requirement already satisfied: PyYAML<7,>=5.1 in /home/***/.local/lib/python3.12/site-packages (from connexion<3.0,>=2.14.2->connexion[flask]<3.0,>=2.14.2->apache-***>=2.8.0->apache-***-providers-amazon>=9.1.0->interpark==0.2.0->-r /tmp/venver3km3uw/requirements.txt (line 1)) (6.0.2)
[2024-11-26T00:05:48.666+0000] {process_utils.py:194} INFO - Requirement already satisfied: cffi>=1.12 in /home/***/.local/lib/python3.12/site-packages (from cryptography>=41.0.0->apache-***>=2.8.0->apache-***-providers-amazon>=9.1.0->interpark==0.2.0->-r /tmp/venver3km3uw/requirements.txt (line 1)) (1.17.1)
[2024-11-26T00:05:48.673+0000] {process_utils.py:194} INFO - Requirement already satisfied: wrapt<2,>=1.10 in /home/***/.local/lib/python3.12/site-packages (from deprecated>=1.2.13->apache-***>=2.8.0->apache-***-providers-amazon>=9.1.0->interpark==0.2.0->-r /tmp/venver3km3uw/requirements.txt (line 1)) (1.16.0)
[2024-11-26T00:05:48.686+0000] {process_utils.py:194} INFO - Requirement already satisfied: cachelib<0.10.0,>=0.9.0 in /home/***/.local/lib/python3.12/site-packages (from flask-caching>=2.0.0->apache-***>=2.8.0->apache-***-providers-amazon>=9.1.0->interpark==0.2.0->-r /tmp/venver3km3uw/requirements.txt (line 1)) (0.9.0)
[2024-11-26T00:05:48.720+0000] {process_utils.py:194} INFO - Requirement already satisfied: anyio in /home/***/.local/lib/python3.12/site-packages (from httpx>=0.25.0->apache-***>=2.8.0->apache-***-providers-amazon>=9.1.0->interpark==0.2.0->-r /tmp/venver3km3uw/requirements.txt (line 1)) (4.6.2.post1)
[2024-11-26T00:05:48.721+0000] {process_utils.py:194} INFO - Requirement already satisfied: httpcore==1.* in /home/***/.local/lib/python3.12/site-packages (from httpx>=0.25.0->apache-***>=2.8.0->apache-***-providers-amazon>=9.1.0->interpark==0.2.0->-r /tmp/venver3km3uw/requirements.txt (line 1)) (1.0.6)
[2024-11-26T00:05:48.727+0000] {process_utils.py:194} INFO - Requirement already satisfied: h11<0.15,>=0.13 in /home/***/.local/lib/python3.12/site-packages (from httpcore==1.*->httpx>=0.25.0->apache-***>=2.8.0->apache-***-providers-amazon>=9.1.0->interpark==0.2.0->-r /tmp/venver3km3uw/requirements.txt (line 1)) (0.14.0)
[2024-11-26T00:05:48.750+0000] {process_utils.py:194} INFO - Requirement already satisfied: jsonschema-specifications>=2023.03.6 in /home/***/.local/lib/python3.12/site-packages (from jsonschema>=4.18.0->apache-***>=2.8.0->apache-***-providers-amazon>=9.1.0->interpark==0.2.0->-r /tmp/venver3km3uw/requirements.txt (line 1)) (2023.12.1)
[2024-11-26T00:05:48.751+0000] {process_utils.py:194} INFO - Requirement already satisfied: referencing>=0.28.4 in /home/***/.local/lib/python3.12/site-packages (from jsonschema>=4.18.0->apache-***>=2.8.0->apache-***-providers-amazon>=9.1.0->interpark==0.2.0->-r /tmp/venver3km3uw/requirements.txt (line 1)) (0.35.1)
[2024-11-26T00:05:48.751+0000] {process_utils.py:194} INFO - Requirement already satisfied: rpds-py>=0.7.1 in /home/***/.local/lib/python3.12/site-packages (from jsonschema>=4.18.0->apache-***>=2.8.0->apache-***-providers-amazon>=9.1.0->interpark==0.2.0->-r /tmp/venver3km3uw/requirements.txt (line 1)) (0.20.1)
[2024-11-26T00:05:48.762+0000] {process_utils.py:194} INFO - Requirement already satisfied: uc-micro-py in /home/***/.local/lib/python3.12/site-packages (from linkify-it-py>=2.0.0->apache-***>=2.8.0->apache-***-providers-amazon>=9.1.0->interpark==0.2.0->-r /tmp/venver3km3uw/requirements.txt (line 1)) (1.0.3)
[2024-11-26T00:05:48.777+0000] {process_utils.py:194} INFO - Requirement already satisfied: mdurl~=0.1 in /home/***/.local/lib/python3.12/site-packages (from markdown-it-py>=2.1.0->apache-***>=2.8.0->apache-***-providers-amazon>=9.1.0->interpark==0.2.0->-r /tmp/venver3km3uw/requirements.txt (line 1)) (0.1.2)
[2024-11-26T00:05:48.792+0000] {process_utils.py:194} INFO - Requirement already satisfied: wirerope>=0.4.7 in /home/***/.local/lib/python3.12/site-packages (from methodtools>=0.4.7->apache-***>=2.8.0->apache-***-providers-amazon>=9.1.0->interpark==0.2.0->-r /tmp/venver3km3uw/requirements.txt (line 1)) (0.4.7)
[2024-11-26T00:05:48.801+0000] {process_utils.py:194} INFO - Requirement already satisfied: importlib-metadata<=8.4.0,>=6.0 in /home/***/.local/lib/python3.12/site-packages (from opentelemetry-api>=1.15.0->apache-***>=2.8.0->apache-***-providers-amazon>=9.1.0->interpark==0.2.0->-r /tmp/venver3km3uw/requirements.txt (line 1)) (6.11.0)
[2024-11-26T00:05:48.805+0000] {process_utils.py:194} INFO - Requirement already satisfied: opentelemetry-exporter-otlp-proto-grpc==1.27.0 in /home/***/.local/lib/python3.12/site-packages (from opentelemetry-exporter-otlp>=1.15.0->apache-***>=2.8.0->apache-***-providers-amazon>=9.1.0->interpark==0.2.0->-r /tmp/venver3km3uw/requirements.txt (line 1)) (1.27.0)
[2024-11-26T00:05:48.806+0000] {process_utils.py:194} INFO - Requirement already satisfied: opentelemetry-exporter-otlp-proto-http==1.27.0 in /home/***/.local/lib/python3.12/site-packages (from opentelemetry-exporter-otlp>=1.15.0->apache-***>=2.8.0->apache-***-providers-amazon>=9.1.0->interpark==0.2.0->-r /tmp/venver3km3uw/requirements.txt (line 1)) (1.27.0)
[2024-11-26T00:05:48.814+0000] {process_utils.py:194} INFO - Requirement already satisfied: googleapis-common-protos~=1.52 in /home/***/.local/lib/python3.12/site-packages (from opentelemetry-exporter-otlp-proto-grpc==1.27.0->opentelemetry-exporter-otlp>=1.15.0->apache-***>=2.8.0->apache-***-providers-amazon>=9.1.0->interpark==0.2.0->-r /tmp/venver3km3uw/requirements.txt (line 1)) (1.65.0)
[2024-11-26T00:05:48.815+0000] {process_utils.py:194} INFO - Requirement already satisfied: grpcio<2.0.0,>=1.0.0 in /home/***/.local/lib/python3.12/site-packages (from opentelemetry-exporter-otlp-proto-grpc==1.27.0->opentelemetry-exporter-otlp>=1.15.0->apache-***>=2.8.0->apache-***-providers-amazon>=9.1.0->interpark==0.2.0->-r /tmp/venver3km3uw/requirements.txt (line 1)) (1.67.1)
[2024-11-26T00:05:48.816+0000] {process_utils.py:194} INFO - Requirement already satisfied: opentelemetry-exporter-otlp-proto-common==1.27.0 in /home/***/.local/lib/python3.12/site-packages (from opentelemetry-exporter-otlp-proto-grpc==1.27.0->opentelemetry-exporter-otlp>=1.15.0->apache-***>=2.8.0->apache-***-providers-amazon>=9.1.0->interpark==0.2.0->-r /tmp/venver3km3uw/requirements.txt (line 1)) (1.27.0)
[2024-11-26T00:05:48.817+0000] {process_utils.py:194} INFO - Requirement already satisfied: opentelemetry-proto==1.27.0 in /home/***/.local/lib/python3.12/site-packages (from opentelemetry-exporter-otlp-proto-grpc==1.27.0->opentelemetry-exporter-otlp>=1.15.0->apache-***>=2.8.0->apache-***-providers-amazon>=9.1.0->interpark==0.2.0->-r /tmp/venver3km3uw/requirements.txt (line 1)) (1.27.0)
[2024-11-26T00:05:48.818+0000] {process_utils.py:194} INFO - Requirement already satisfied: opentelemetry-sdk~=1.27.0 in /home/***/.local/lib/python3.12/site-packages (from opentelemetry-exporter-otlp-proto-grpc==1.27.0->opentelemetry-exporter-otlp>=1.15.0->apache-***>=2.8.0->apache-***-providers-amazon>=9.1.0->interpark==0.2.0->-r /tmp/venver3km3uw/requirements.txt (line 1)) (1.27.0)
[2024-11-26T00:05:48.834+0000] {process_utils.py:194} INFO - Requirement already satisfied: protobuf<5.0,>=3.19 in /home/***/.local/lib/python3.12/site-packages (from opentelemetry-proto==1.27.0->opentelemetry-exporter-otlp-proto-grpc==1.27.0->opentelemetry-exporter-otlp>=1.15.0->apache-***>=2.8.0->apache-***-providers-amazon>=9.1.0->interpark==0.2.0->-r /tmp/venver3km3uw/requirements.txt (line 1)) (4.25.5)
[2024-11-26T00:05:48.844+0000] {process_utils.py:194} INFO - Requirement already satisfied: tzdata>=2020.1 in /home/***/.local/lib/python3.12/site-packages (from pendulum<4.0,>=3.0.0->apache-***>=2.8.0->apache-***-providers-amazon>=9.1.0->interpark==0.2.0->-r /tmp/venver3km3uw/requirements.txt (line 1)) (2024.2)
[2024-11-26T00:05:48.846+0000] {process_utils.py:194} INFO - Requirement already satisfied: time-machine>=2.6.0 in /home/***/.local/lib/python3.12/site-packages (from pendulum<4.0,>=3.0.0->apache-***>=2.8.0->apache-***-providers-amazon>=9.1.0->interpark==0.2.0->-r /tmp/venver3km3uw/requirements.txt (line 1)) (2.16.0)
[2024-11-26T00:05:48.884+0000] {process_utils.py:194} INFO - Requirement already satisfied: six>=1.5 in /home/***/.local/lib/python3.12/site-packages (from python-dateutil>=2.7.0->apache-***>=2.8.0->apache-***-providers-amazon>=9.1.0->interpark==0.2.0->-r /tmp/venver3km3uw/requirements.txt (line 1)) (1.16.0)
[2024-11-26T00:05:48.893+0000] {process_utils.py:194} INFO - Requirement already satisfied: text-unidecode>=1.3 in /home/***/.local/lib/python3.12/site-packages (from python-slugify>=5.0->apache-***>=2.8.0->apache-***-providers-amazon>=9.1.0->interpark==0.2.0->-r /tmp/venver3km3uw/requirements.txt (line 1)) (1.3)
[2024-11-26T00:05:48.930+0000] {process_utils.py:194} INFO - Requirement already satisfied: asn1crypto>=1.5.1 in /home/***/.local/lib/python3.12/site-packages (from scramp<1.5.0,>=1.2.0->redshift_connector>=2.0.918->apache-***-providers-amazon>=9.1.0->interpark==0.2.0->-r /tmp/venver3km3uw/requirements.txt (line 1)) (1.5.1)
[2024-11-26T00:05:48.961+0000] {process_utils.py:194} INFO - Requirement already satisfied: greenlet!=0.4.17 in /home/***/.local/lib/python3.12/site-packages (from sqlalchemy<2.0,>=1.4.36->apache-***>=2.8.0->apache-***-providers-amazon>=9.1.0->interpark==0.2.0->-r /tmp/venver3km3uw/requirements.txt (line 1)) (3.1.1)
[2024-11-26T00:05:49.065+0000] {process_utils.py:194} INFO - Requirement already satisfied: pycparser in /home/***/.local/lib/python3.12/site-packages (from cffi>=1.12->cryptography>=41.0.0->apache-***>=2.8.0->apache-***-providers-amazon>=9.1.0->interpark==0.2.0->-r /tmp/venver3km3uw/requirements.txt (line 1)) (2.22)
[2024-11-26T00:05:49.100+0000] {process_utils.py:194} INFO - Requirement already satisfied: zipp>=0.5 in /home/***/.local/lib/python3.12/site-packages (from importlib-metadata<=8.4.0,>=6.0->opentelemetry-api>=1.15.0->apache-***>=2.8.0->apache-***-providers-amazon>=9.1.0->interpark==0.2.0->-r /tmp/venver3km3uw/requirements.txt (line 1)) (3.20.2)
[2024-11-26T00:05:49.177+0000] {process_utils.py:194} INFO - Requirement already satisfied: propcache>=0.2.0 in /home/***/.local/lib/python3.12/site-packages (from yarl<2.0,>=1.12.0->aiohttp>=3.9.2->apache-***-providers-http->apache-***-providers-amazon>=9.1.0->interpark==0.2.0->-r /tmp/venver3km3uw/requirements.txt (line 1)) (0.2.0)
[2024-11-26T00:05:49.224+0000] {process_utils.py:194} INFO - Requirement already satisfied: Babel>=2.3 in /home/***/.local/lib/python3.12/site-packages (from Flask-Babel<3,>=1->flask-appbuilder==4.5.2->apache-***-providers-fab>=1.0.2->apache-***>=2.8.0->apache-***-providers-amazon>=9.1.0->interpark==0.2.0->-r /tmp/venver3km3uw/requirements.txt (line 1)) (2.16.0)
[2024-11-26T00:05:49.239+0000] {process_utils.py:194} INFO - Requirement already satisfied: limits>=3.13 in /home/***/.local/lib/python3.12/site-packages (from Flask-Limiter<4,>3->flask-appbuilder==4.5.2->apache-***-providers-fab>=1.0.2->apache-***>=2.8.0->apache-***-providers-amazon>=9.1.0->interpark==0.2.0->-r /tmp/venver3km3uw/requirements.txt (line 1)) (3.13.0)
[2024-11-26T00:05:49.240+0000] {process_utils.py:194} INFO - Requirement already satisfied: ordered-set<5,>4 in /home/***/.local/lib/python3.12/site-packages (from Flask-Limiter<4,>3->flask-appbuilder==4.5.2->apache-***-providers-fab>=1.0.2->apache-***>=2.8.0->apache-***-providers-amazon>=9.1.0->interpark==0.2.0->-r /tmp/venver3km3uw/requirements.txt (line 1)) (4.1.0)
[2024-11-26T00:05:49.273+0000] {process_utils.py:194} INFO - Requirement already satisfied: opentelemetry-semantic-conventions==0.48b0 in /home/***/.local/lib/python3.12/site-packages (from opentelemetry-sdk~=1.27.0->opentelemetry-exporter-otlp-proto-grpc==1.27.0->opentelemetry-exporter-otlp>=1.15.0->apache-***>=2.8.0->apache-***-providers-amazon>=9.1.0->interpark==0.2.0->-r /tmp/venver3km3uw/requirements.txt (line 1)) (0.48b0)
[2024-11-26T00:05:49.329+0000] {process_utils.py:194} INFO - Requirement already satisfied: importlib-resources>=1.3 in /home/***/.local/lib/python3.12/site-packages (from limits>=3.13->Flask-Limiter<4,>3->flask-appbuilder==4.5.2->apache-***-providers-fab>=1.0.2->apache-***>=2.8.0->apache-***-providers-amazon>=9.1.0->interpark==0.2.0->-r /tmp/venver3km3uw/requirements.txt (line 1)) (6.4.5)
[2024-11-26T00:05:49.356+0000] {process_utils.py:194} INFO - Using cached apache_***_providers_amazon-9.1.0-py3-none-any.whl (596 kB)
[2024-11-26T00:05:49.370+0000] {process_utils.py:194} INFO - Using cached chromedriver_autoinstaller-0.6.4-py3-none-any.whl (7.6 kB)
[2024-11-26T00:05:49.372+0000] {process_utils.py:194} INFO - Using cached pymongo-4.10.1-cp312-cp312-manylinux_2_17_x86_64.manylinux2014_x86_64.whl (1.9 MB)
[2024-11-26T00:05:49.382+0000] {process_utils.py:194} INFO - Using cached selenium-4.27.0-py3-none-any.whl (9.7 MB)
[2024-11-26T00:05:49.418+0000] {process_utils.py:194} INFO - Using cached webdriver_manager-4.0.2-py2.py3-none-any.whl (27 kB)
[2024-11-26T00:05:49.420+0000] {process_utils.py:194} INFO - Using cached apache_***_providers_common_sql-1.20.0-py3-none-any.whl (47 kB)
[2024-11-26T00:05:49.421+0000] {process_utils.py:194} INFO - Using cached trio-0.27.0-py3-none-any.whl (481 kB)
[2024-11-26T00:05:49.425+0000] {process_utils.py:194} INFO - Using cached trio_websocket-0.11.1-py3-none-any.whl (17 kB)
[2024-11-26T00:05:49.426+0000] {process_utils.py:194} INFO - Using cached PySocks-1.7.1-py3-none-any.whl (16 kB)
[2024-11-26T00:05:49.427+0000] {process_utils.py:194} INFO - Using cached wsproto-1.2.0-py3-none-any.whl (24 kB)
[2024-11-26T00:05:49.429+0000] {process_utils.py:194} INFO - Using cached outcome-1.3.0.post0-py2.py3-none-any.whl (10 kB)
[2024-11-26T00:05:49.464+0000] {process_utils.py:194} INFO - Building wheels for collected packages: interpark
[2024-11-26T00:05:49.471+0000] {process_utils.py:194} INFO -   Building wheel for interpark (pyproject.toml): started
[2024-11-26T00:05:50.290+0000] {process_utils.py:194} INFO -   Building wheel for interpark (pyproject.toml): finished with status 'done'
[2024-11-26T00:05:50.291+0000] {process_utils.py:194} INFO -   Created wheel for interpark: filename=interpark-0.2.0-py3-none-any.whl size=25769 sha256=15990d1b04a950d5e559487fff5571d7d1c5ee3ee5425f14e6108907251640ee
[2024-11-26T00:05:50.291+0000] {process_utils.py:194} INFO -   Stored in directory: /tmp/pip-ephem-wheel-cache-q5ntxff5/wheels/cd/d9/e1/487dd50e7b3f7b92ef0f7fc86ee30217b85dc2a9ff960a353d
[2024-11-26T00:05:50.293+0000] {process_utils.py:194} INFO - Successfully built interpark
[2024-11-26T00:05:50.872+0000] {process_utils.py:194} INFO - Installing collected packages: wsproto, pysocks, pymongo, outcome, chromedriver-autoinstaller, webdriver-manager, trio, trio-websocket, selenium, apache-***-providers-common-sql, apache-***-providers-amazon, interpark
[2024-11-26T00:05:53.303+0000] {process_utils.py:194} INFO -   Attempting uninstall: apache-***-providers-common-sql
[2024-11-26T00:05:53.314+0000] {process_utils.py:194} INFO -     Found existing installation: apache-***-providers-common-sql 1.19.0
[2024-11-26T00:05:53.314+0000] {process_utils.py:194} INFO -     Not uninstalling apache-***-providers-common-sql at /home/***/.local/lib/python3.12/site-packages, outside environment /tmp/venver3km3uw
[2024-11-26T00:05:53.314+0000] {process_utils.py:194} INFO -     Can't uninstall 'apache-***-providers-common-sql'. No files were found to uninstall.
[2024-11-26T00:05:53.361+0000] {process_utils.py:194} INFO -   Attempting uninstall: apache-***-providers-amazon
[2024-11-26T00:05:53.367+0000] {process_utils.py:194} INFO -     Found existing installation: apache-***-providers-amazon 9.0.0
[2024-11-26T00:05:53.367+0000] {process_utils.py:194} INFO -     Not uninstalling apache-***-providers-amazon at /home/***/.local/lib/python3.12/site-packages, outside environment /tmp/venver3km3uw
[2024-11-26T00:05:53.368+0000] {process_utils.py:194} INFO -     Can't uninstall 'apache-***-providers-amazon'. No files were found to uninstall.
[2024-11-26T00:05:53.878+0000] {process_utils.py:194} INFO - Successfully installed apache-***-providers-amazon-9.1.0 apache-***-providers-common-sql-1.20.0 chromedriver-autoinstaller-0.6.4 interpark-0.2.0 outcome-1.3.0.post0 pymongo-4.10.1 pysocks-1.7.1 selenium-4.27.0 trio-0.27.0 trio-websocket-0.11.1 webdriver-manager-4.0.2 wsproto-1.2.0
[2024-11-26T00:05:54.430+0000] {process_utils.py:186} INFO - Executing cmd: /tmp/venver3km3uw/bin/python /tmp/venv-calli9y1v6oz/script.py /tmp/venv-calli9y1v6oz/script.in /tmp/venv-calli9y1v6oz/script.out /tmp/venv-calli9y1v6oz/string_args.txt /tmp/venv-calli9y1v6oz/termination.log
[2024-11-26T00:05:54.431+0000] {process_utils.py:190} INFO - Output:
[2024-11-26T00:05:56.337+0000] {process_utils.py:194} INFO - /home/***/.local/lib/python3.12/site-packages/***/configuration.py:859 FutureWarning: section/key [core/sql_alchemy_conn] has been deprecated, you should use[database/sql_alchemy_conn] instead. Please update your `conf.get*` call to use the new name
[2024-11-26T00:05:57.700+0000] {process_utils.py:194} INFO - [2024-11-26T00:05:57.697+0000] {logger.py:11} INFO - ====== WebDriver manager ======
[2024-11-26T00:05:57.917+0000] {process_utils.py:194} INFO - [2024-11-26T00:05:57.916+0000] {logger.py:11} INFO - Get LATEST chromedriver version for google-chrome
[2024-11-26T00:05:57.960+0000] {process_utils.py:194} INFO - [2024-11-26T00:05:57.959+0000] {logger.py:11} INFO - Get LATEST chromedriver version for google-chrome
[2024-11-26T00:05:57.996+0000] {process_utils.py:194} INFO - [2024-11-26T00:05:57.996+0000] {logger.py:11} INFO - Driver [/home/***/.wdm/drivers/chromedriver/linux64/131.0.6778.85/chromedriver] found in cache
[2024-11-26T00:05:58.433+0000] {process_utils.py:194} INFO - [2024-11-26T00:05:58.433+0000] {logger.py:11} INFO - ====== WebDriver manager ======
[2024-11-26T00:05:58.535+0000] {process_utils.py:194} INFO - [2024-11-26T00:05:58.534+0000] {logger.py:11} INFO - Get LATEST chromedriver version for google-chrome
[2024-11-26T00:05:58.593+0000] {process_utils.py:194} INFO - [2024-11-26T00:05:58.592+0000] {logger.py:11} INFO - Get LATEST chromedriver version for google-chrome
[2024-11-26T00:05:58.641+0000] {process_utils.py:194} INFO - [2024-11-26T00:05:58.640+0000] {logger.py:11} INFO - Driver [/home/***/.wdm/drivers/chromedriver/linux64/131.0.6778.85/chromedriver] found in cache
[2024-11-26T00:06:14.674+0000] {process_utils.py:194} INFO -  : 2023 12 20()  2
[2024-11-26T00:06:14.675+0000] {process_utils.py:194} INFO -  : 2023 12 26()  7
[2024-11-26T00:06:14.675+0000] {process_utils.py:194} INFO -  : 2023 12 27()  6
[2024-11-26T00:06:14.676+0000] {process_utils.py:194} INFO -  : 2023 12 27()  7
[2024-11-26T00:06:14.676+0000] {process_utils.py:194} INFO -  : 2023 12 28()  6
[2024-11-26T00:06:14.677+0000] {process_utils.py:194} INFO -  : 2023 12 28()  7
[2024-11-26T00:06:14.677+0000] {process_utils.py:194} INFO -  : 2023 12 29()  7
[2024-11-26T00:06:14.677+0000] {process_utils.py:194} INFO -  : 2023 12 21()  11
[2024-11-26T00:06:14.677+0000] {process_utils.py:194} INFO -  : 2023 12 18()  3
[2024-11-26T00:06:14.678+0000] {process_utils.py:194} INFO -  : 2023 12 20()  9
[2024-11-26T00:06:14.678+0000] {process_utils.py:194} INFO -  : 2023 12 21()  9
[2024-11-26T00:06:14.678+0000] {process_utils.py:194} INFO -  : 2023 12 21()  2
[2024-11-26T00:06:14.678+0000] {process_utils.py:194} INFO -  : 2023 12 21()  8
[2024-11-26T00:06:14.679+0000] {process_utils.py:194} INFO -  : 2023 12 26()  10
[2024-11-26T00:06:14.679+0000] {process_utils.py:194} INFO -  : 2023 12 20()  2
[2024-11-26T00:06:14.679+0000] {process_utils.py:194} INFO -  : 2023 12 22()  1
[2024-11-26T00:06:14.679+0000] {process_utils.py:194} INFO -  : 2023 12 22()  2
[2024-11-26T00:06:14.680+0000] {process_utils.py:194} INFO -  : 2023 12 20()  2
[2024-11-26T00:06:14.680+0000] {process_utils.py:194} INFO -  : 2023 12 22()  2
[2024-11-26T00:06:14.680+0000] {process_utils.py:194} INFO -   49566 
[2024-11-26T00:06:15.365+0000] {python.py:240} INFO - Done. Returned value was: None
[2024-11-26T00:06:15.378+0000] {taskinstance.py:340} INFO - ::group::Post task execution logs
[2024-11-26T00:06:15.379+0000] {taskinstance.py:352} INFO - Marking task as SUCCESS. dag_id=open_interpark_to_S3, task_id=upload_to_s3, run_id=scheduled__2024-11-25T00:00:00+00:00, execution_date=20241125T000000, start_date=20241126T000537, end_date=20241126T000615
[2024-11-26T00:06:15.416+0000] {local_task_job_runner.py:266} INFO - Task exited with return code 0
[2024-11-26T00:06:15.433+0000] {taskinstance.py:3895} INFO - 0 downstream tasks scheduled from follow-on schedule check
[2024-11-26T00:06:15.439+0000] {local_task_job_runner.py:245} INFO - ::endgroup::
